#
# A fatal error has been detected by the Java Runtime Environment:
#
#  SIGSEGV (0xb) at pc=0x0000000113ac97fc, pid=1397, tid=12547
#
# JRE version: Java(TM) SE Runtime Environment (7.0_45-b18) (build 1.7.0_45-b18)
# Java VM: Java HotSpot(TM) 64-Bit Server VM (24.45-b08 mixed mode bsd-amd64 compressed oops)
# Problematic frame:
# C  [libLeap.dylib+0x287fc]  _ZNK4Leap14InteractionBox8toStringEv+0x4f3c
#
# Failed to write core dump. Core dumps have been disabled. To enable core dumping, try "ulimit -c unlimited" before starting Java again
#
# If you would like to submit a bug report, please visit:
#   http://bugreport.sun.com/bugreport/crash.jsp
# The crash happened outside the Java Virtual Machine in native code.
# See problematic frame for where to report the bug.
#

---------------  T H R E A D  ---------------

Current thread (0x00007f902b840000):  JavaThread "Finalizer" daemon [_thread_in_native, id=12547, stack(0x000000010af41000,0x000000010b041000)]

siginfo:si_signo=SIGSEGV: si_errno=0, si_code=1 (SEGV_MAPERR), si_addr=0x0000000100000029

Registers:
RAX=0x0000000100000001, RBX=0x00007f902b989410, RCX=0x0000000000000000, RDX=0x00007f902a44d908
RSP=0x000000010b0401b0, RBP=0x000000010b0402c0, RSI=0x00000c0000000c00, RDI=0x00007f902a7b3c90
R8 =0x0000000000000040, R9 =0x000000010b040100, R10=0x000000010186566c, R11=0x0000000101270297
R12=0x00007f902b989200, R13=0x00007f902a44c910, R14=0x000000010b040208, R15=0x00007f902a7b3c90
RIP=0x0000000113ac97fc, EFLAGS=0x0000000000010216, ERR=0x0000000000000004
  TRAPNO=0x000000000000000e

Top of Stack: (sp=0x000000010b0401b0)
0x000000010b0401b0:   0000000000009b75 000000010b040290
0x000000010b0401c0:   0000000000000000 00007f902b989408
0x000000010b0401d0:   00009b75e37e7b6a 0000000110a40d35
0x000000010b0401e0:   00007f902b8401e8 00007f902b840000
0x000000010b0401f0:   00007f902a406ce8 0000000110a40782
0x000000010b040200:   00007f902a406cd0 0000000000000000
0x000000010b040210:   00007f902a7b3c90 00007f902a7b3c90
0x000000010b040220:   00007f902a7b3c90 0000000000000001
0x000000010b040230:   00007f902b9897c8 0000000100338e01
0x000000010b040240:   00007f902b989748 00007fff8f7c5101
0x000000010b040250:   00007f902b840000 00007f902a7fc080
0x000000010b040260:   00007f902a7b3c98 0000000000000b41
0x000000010b040270:   00000000000b58a0 0000000000000010
0x000000010b040280:   00007f9000000003 0000000100000002
0x000000010b040290:   00007f902a7b3fe0 00007f902a44c910
0x000000010b0402a0:   0000000000000000 000000077b6e2490
0x000000010b0402b0:   00007f902a44d8b0 00007f902b840000
0x000000010b0402c0:   000000010b0402e0 0000000113aacea4
0x000000010b0402d0:   000000077b6e2490 000000010b040368
0x000000010b0402e0:   000000010b040340 0000000101865698
0x000000010b0402f0:   000000010b0403dc 00007f902a60d244
0x000000010b040300:   000000010b040300 0000000000000000
0x000000010b040310:   000000010b040368 000000077b6e5bd0
0x000000010b040320:   0000000000000000 000000077b6e2490
0x000000010b040330:   0000000000000000 000000010b040360
0x000000010b040340:   000000010b0403c0 0000000101859058
0x000000010b040350:   00000007d7608990 0000000101861cd8
0x000000010b040360:   00007f902a44c910 00000007d787a580
0x000000010b040370:   000000077b053520 00000007d787a580
0x000000010b040380:   000000010b040370 000000077b6cea79
0x000000010b040390:   000000010b0403d0 000000077b6d02a0
0x000000010b0403a0:   0000000000000000 000000077b6cea90 

Instructions: (pc=0x0000000113ac97fc)
0x0000000113ac97dc:   d0 2d fe ff 4c 8d b5 48 ff ff ff 4c 8b bd 58 ff
0x0000000113ac97ec:   ff ff 66 90 4d 39 f7 74 31 49 8b 7f 20 48 8b 07
0x0000000113ac97fc:   48 8b 40 28 4c 89 ee ff d0 eb 0d 48 89 c7 e8 71
0x0000000113ac980c:   3a 09 00 e8 7e 3a 09 00 4c 89 ff e8 04 3a 09 00 

Register to memory mapping:

RAX=0x0000000100000001 is an unknown value
RBX=0x00007f902b989410 is an unknown value
RCX=0x0000000000000000 is an unknown value
RDX=0x00007f902a44d908 is an unknown value
RSP=0x000000010b0401b0 is pointing into the stack for thread: 0x00007f902b840000
RBP=0x000000010b0402c0 is pointing into the stack for thread: 0x00007f902b840000
RSI=0x00000c0000000c00 is an unknown value
RDI=0x00007f902a7b3c90 is an unknown value
R8 =0x0000000000000040 is an unknown value
R9 =0x000000010b040100 is pointing into the stack for thread: 0x00007f902b840000
R10=0x000000010186566c is at code_begin+620 in an Interpreter codelet
method entry point (kind = native)  [0x0000000101865400, 0x0000000101865c40]  2112 bytes
R11=0x0000000101270297: throw_unsatisfied_link_error+0 in /Library/Java/JavaVirtualMachines/jdk1.7.0_45.jdk/Contents/Home/jre/lib/server/libjvm.dylib at 0x0000000100e00000
R12=0x00007f902b989200 is an unknown value
R13=0x00007f902a44c910 is an unknown value
R14=0x000000010b040208 is pointing into the stack for thread: 0x00007f902b840000
R15=0x00007f902a7b3c90 is an unknown value


Stack: [0x000000010af41000,0x000000010b041000],  sp=0x000000010b0401b0,  free space=1020k
Native frames: (J=compiled Java code, j=interpreted, Vv=VM code, C=native code)
C  [libLeap.dylib+0x287fc]  _ZNK4Leap14InteractionBox8toStringEv+0x4f3c
C  [libLeap.dylib+0xbea4]  _ZN4Leap10ControllerD0Ev+0x34
j  com.leapmotion.leap.LeapJNI.delete_Controller(J)V+0
j  com.leapmotion.leap.Controller.delete()V+25
j  com.leapmotion.leap.Controller.finalize()V+1
v  ~StubRoutines::call_stub
V  [libjvm.dylib+0x2d6d90]
V  [libjvm.dylib+0x2d6b60]
V  [libjvm.dylib+0x30a605]
V  [libjvm.dylib+0x2fe176]
C  [libjava.dylib+0x299c]  Java_java_lang_ref_Finalizer_invokeFinalizeMethod+0x58
j  java.lang.ref.Finalizer.invokeFinalizeMethod(Ljava/lang/Object;)V+0
j  java.lang.ref.Finalizer.runFinalizer()V+45
j  java.lang.ref.Finalizer.access$100(Ljava/lang/ref/Finalizer;)V+1
j  java.lang.ref.Finalizer$FinalizerThread.run()V+24
v  ~StubRoutines::call_stub
V  [libjvm.dylib+0x2d6d90]
V  [libjvm.dylib+0x2d72a7]
V  [libjvm.dylib+0x2d73e4]
V  [libjvm.dylib+0x3263ca]
V  [libjvm.dylib+0x4efb47]
V  [libjvm.dylib+0x4f124f]
V  [libjvm.dylib+0x41b1c6]
C  [libsystem_pthread.dylib+0x1899]  _pthread_body+0x8a
C  [libsystem_pthread.dylib+0x172a]  _pthread_struct_init+0x0
C  [libsystem_pthread.dylib+0x5fc9]  thread_start+0xd

Java frames: (J=compiled Java code, j=interpreted, Vv=VM code)
j  com.leapmotion.leap.LeapJNI.delete_Controller(J)V+0
j  com.leapmotion.leap.Controller.delete()V+25
j  com.leapmotion.leap.Controller.finalize()V+1
v  ~StubRoutines::call_stub
j  java.lang.ref.Finalizer.invokeFinalizeMethod(Ljava/lang/Object;)V+0
j  java.lang.ref.Finalizer.runFinalizer()V+45
j  java.lang.ref.Finalizer.access$100(Ljava/lang/ref/Finalizer;)V+1
j  java.lang.ref.Finalizer$FinalizerThread.run()V+24
v  ~StubRoutines::call_stub

---------------  P R O C E S S  ---------------

Java Threads: ( => current thread )
  0x00007f902b202800 JavaThread "AWT-Shutdown" [_thread_blocked, id=27919, stack(0x000000010d14a000,0x000000010d24a000)]
  0x00007f902b18e000 JavaThread "AsynchExecutor-Thread" daemon [_thread_blocked, id=66827, stack(0x0000000111383000,0x0000000111483000)]
  0x00007f902c093000 JavaThread "DestroyJavaVM" [_thread_blocked, id=6403, stack(0x0000000100430000,0x0000000100530000)]
  0x00007f902c05e800 JavaThread "LWJGL Application" [_thread_in_native, id=64515, stack(0x000000010fe5c000,0x000000010ff5c000)]
  0x00007f902c01f000 JavaThread "AppKit Thread" daemon [_thread_in_native, id=1287, stack(0x00007fff5f865000,0x00007fff5f8e5000)]
  0x00007f902b01a800 JavaThread "Service Thread" daemon [_thread_blocked, id=19203, stack(0x000000010b496000,0x000000010b596000)]
  0x00007f902b01a000 JavaThread "C2 CompilerThread1" daemon [_thread_blocked, id=18691, stack(0x000000010b393000,0x000000010b493000)]
  0x00007f902b018800 JavaThread "C2 CompilerThread0" daemon [_thread_blocked, id=18179, stack(0x000000010b290000,0x000000010b390000)]
  0x00007f902b017800 JavaThread "Signal Dispatcher" daemon [_thread_blocked, id=17667, stack(0x000000010b18d000,0x000000010b28d000)]
=>0x00007f902b840000 JavaThread "Finalizer" daemon [_thread_in_native, id=12547, stack(0x000000010af41000,0x000000010b041000)]
  0x00007f902b83d000 JavaThread "Reference Handler" daemon [_thread_blocked, id=12035, stack(0x000000010ae3e000,0x000000010af3e000)]

Other Threads:
  0x00007f902c008800 VMThread [stack: 0x000000010ad3b000,0x000000010ae3b000] [id=11523]
  0x00007f902b015800 WatcherThread [stack: 0x000000010b599000,0x000000010b699000] [id=19715]

VM state:not at safepoint (normal execution)

VM Mutex/Monitor currently owned by a thread: None

Heap
 PSYoungGen      total 38912K, used 5761K [0x00000007d5500000, 0x00000007d8000000, 0x0000000800000000)
  eden space 33792K, 1% used [0x00000007d5500000,0x00000007d55a1db8,0x00000007d7600000)
  from space 5120K, 99% used [0x00000007d7600000,0x00000007d7afe678,0x00000007d7b00000)
  to   space 5120K, 0% used [0x00000007d7b00000,0x00000007d7b00000,0x00000007d8000000)
 ParOldGen       total 87040K, used 485K [0x0000000780000000, 0x0000000785500000, 0x00000007d5500000)
  object space 87040K, 0% used [0x0000000780000000,0x0000000780079690,0x0000000785500000)
 PSPermGen       total 21504K, used 9310K [0x000000077ae00000, 0x000000077c300000, 0x0000000780000000)
  object space 21504K, 43% used [0x000000077ae00000,0x000000077b717a88,0x000000077c300000)

Card table byte_map: [0x0000000104913000,0x0000000104d3d000] byte_map_base: 0x0000000100d3c000

Polling page: 0x000000010056f000

Code Cache  [0x0000000101853000, 0x0000000101ac3000, 0x0000000104853000)
 total_blobs=545 nmethods=157 adapters=342 free_code_cache=48226Kb largest_free_block=49353472

Compilation events (10 events):
Event: 15.521 Thread 0x00007f902b01a000  153 %           com.badlogic.gdx.scenes.scene2d.Stage::act @ 8 (237 bytes)
Event: 15.544 Thread 0x00007f902b01a000 nmethod 153% 0x000000010193d250 code [0x000000010193d520, 0x000000010193e4f8]
Event: 15.554 Thread 0x00007f902b018800  154             com.badlogic.gdx.scenes.scene2d.Stage::act (237 bytes)
Event: 15.576 Thread 0x00007f902b018800 nmethod 154 0x000000010193f850 code [0x000000010193fb20, 0x0000000101940a58]
Event: 15.742 Thread 0x00007f902b018800  156             java.util.ArrayList::rangeCheck (22 bytes)
Event: 15.742 Thread 0x00007f902b018800 nmethod 156 0x000000010192f750 code [0x000000010192f880, 0x000000010192f8f8]
Event: 15.742 Thread 0x00007f902b018800  157             java.util.ArrayList::elementData (7 bytes)
Event: 15.743 Thread 0x00007f902b018800 nmethod 157 0x0000000101929e90 code [0x0000000101929fe0, 0x000000010192a098]
Event: 15.743 Thread 0x00007f902b01a000  155             java.util.ArrayList::get (11 bytes)
Event: 15.744 Thread 0x00007f902b01a000 nmethod 155 0x0000000101939190 code [0x00000001019392e0, 0x0000000101939398]

GC Heap History (6 events):
Event: 1.938 GC heap before
{Heap before GC invocations=1 (full 0):
 PSYoungGen      total 38912K, used 32842K [0x00000007d5500000, 0x00000007d8000000, 0x0000000800000000)
  eden space 33792K, 97% used [0x00000007d5500000,0x00000007d7512828,0x00000007d7600000)
  from space 5120K, 0% used [0x00000007d7b00000,0x00000007d7b00000,0x00000007d8000000)
  to   space 5120K, 0% used [0x00000007d7600000,0x00000007d7600000,0x00000007d7b00000)
 ParOldGen       total 87040K, used 0K [0x0000000780000000, 0x0000000785500000, 0x00000007d5500000)
  object space 87040K, 0% used [0x0000000780000000,0x0000000780000000,0x0000000785500000)
 PSPermGen       total 21504K, used 8583K [0x000000077ae00000, 0x000000077c300000, 0x0000000780000000)
  object space 21504K, 39% used [0x000000077ae00000,0x000000077b661d68,0x000000077c300000)
Event: 1.944 GC heap after
Heap after GC invocations=1 (full 0):
 PSYoungGen      total 38912K, used 5102K [0x00000007d5500000, 0x00000007d8000000, 0x0000000800000000)
  eden space 33792K, 0% used [0x00000007d5500000,0x00000007d5500000,0x00000007d7600000)
  from space 5120K, 99% used [0x00000007d7600000,0x00000007d7afbb38,0x00000007d7b00000)
  to   space 5120K, 0% used [0x00000007d7b00000,0x00000007d7b00000,0x00000007d8000000)
 ParOldGen       total 87040K, used 437K [0x0000000780000000, 0x0000000785500000, 0x00000007d5500000)
  object space 87040K, 0% used [0x0000000780000000,0x000000078006d690,0x0000000785500000)
 PSPermGen       total 21504K, used 8583K [0x000000077ae00000, 0x000000077c300000, 0x0000000780000000)
  object space 21504K, 39% used [0x000000077ae00000,0x000000077b661d68,0x000000077c300000)
}
Event: 2.301 GC heap before
{Heap before GC invocations=2 (full 0):
 PSYoungGen      total 38912K, used 38376K [0x00000007d5500000, 0x00000007d8000000, 0x0000000800000000)
  eden space 33792K, 98% used [0x00000007d5500000,0x00000007d757e5c0,0x00000007d7600000)
  from space 5120K, 99% used [0x00000007d7600000,0x00000007d7afbb38,0x00000007d7b00000)
  to   space 5120K, 0% used [0x00000007d7b00000,0x00000007d7b00000,0x00000007d8000000)
 ParOldGen       total 87040K, used 437K [0x0000000780000000, 0x0000000785500000, 0x00000007d5500000)
  object space 87040K, 0% used [0x0000000780000000,0x000000078006d690,0x0000000785500000)
 PSPermGen       total 21504K, used 8586K [0x000000077ae00000, 0x000000077c300000, 0x0000000780000000)
  object space 21504K, 39% used [0x000000077ae00000,0x000000077b662be8,0x000000077c300000)
Event: 2.304 GC heap after
Heap after GC invocations=2 (full 0):
 PSYoungGen      total 38912K, used 2526K [0x00000007d5500000, 0x00000007d8000000, 0x0000000800000000)
  eden space 33792K, 0% used [0x00000007d5500000,0x00000007d5500000,0x00000007d7600000)
  from space 5120K, 49% used [0x00000007d7b00000,0x00000007d7d778b0,0x00000007d8000000)
  to   space 5120K, 0% used [0x00000007d7600000,0x00000007d7600000,0x00000007d7b00000)
 ParOldGen       total 87040K, used 437K [0x0000000780000000, 0x0000000785500000, 0x00000007d5500000)
  object space 87040K, 0% used [0x0000000780000000,0x000000078006d690,0x0000000785500000)
 PSPermGen       total 21504K, used 8586K [0x000000077ae00000, 0x000000077c300000, 0x0000000780000000)
  object space 21504K, 39% used [0x000000077ae00000,0x000000077b662be8,0x000000077c300000)
}
Event: 15.793 GC heap before
{Heap before GC invocations=3 (full 0):
 PSYoungGen      total 38912K, used 36318K [0x00000007d5500000, 0x00000007d8000000, 0x0000000800000000)
  eden space 33792K, 100% used [0x00000007d5500000,0x00000007d7600000,0x00000007d7600000)
  from space 5120K, 49% used [0x00000007d7b00000,0x00000007d7d778b0,0x00000007d8000000)
  to   space 5120K, 0% used [0x00000007d7600000,0x00000007d7600000,0x00000007d7b00000)
 ParOldGen       total 87040K, used 437K [0x0000000780000000, 0x0000000785500000, 0x00000007d5500000)
  object space 87040K, 0% used [0x0000000780000000,0x000000078006d690,0x0000000785500000)
 PSPermGen       total 21504K, used 9310K [0x000000077ae00000, 0x000000077c300000, 0x0000000780000000)
  object space 21504K, 43% used [0x000000077ae00000,0x000000077b7179a0,0x000000077c300000)
Event: 15.797 GC heap after
Heap after GC invocations=3 (full 0):
 PSYoungGen      total 38912K, used 5113K [0x00000007d5500000, 0x00000007d8000000, 0x0000000800000000)
  eden space 33792K, 0% used [0x00000007d5500000,0x00000007d5500000,0x00000007d7600000)
  from space 5120K, 99% used [0x00000007d7600000,0x00000007d7afe678,0x00000007d7b00000)
  to   space 5120K, 0% used [0x00000007d7b00000,0x00000007d7b00000,0x00000007d8000000)
 ParOldGen       total 87040K, used 485K [0x0000000780000000, 0x0000000785500000, 0x00000007d5500000)
  object space 87040K, 0% used [0x0000000780000000,0x0000000780079690,0x0000000785500000)
 PSPermGen       total 21504K, used 9310K [0x000000077ae00000, 0x000000077c300000, 0x0000000780000000)
  object space 21504K, 43% used [0x000000077ae00000,0x000000077b7179a0,0x000000077c300000)
}

Deoptimization events (5 events):
Event: 11.431 Thread 0x00007f902c05e800 Uncommon trap: reason=unreached action=reinterpret pc=0x0000000101926fd8 method=com.badlogic.gdx.scenes.scene2d.Stage.act(F)V @ 32
Event: 11.431 Thread 0x00007f902c05e800 Uncommon trap: reason=class_check action=maybe_recompile pc=0x000000010191f5f0 method=com.badlogic.gdx.graphics.g2d.BitmapFontCache.addToCache(Ljava/lang/CharSequence;FFII)F @ 54
Event: 14.316 Thread 0x00007f902c05e800 Uncommon trap: reason=class_check action=maybe_recompile pc=0x000000010191f5f0 method=com.badlogic.gdx.graphics.g2d.BitmapFontCache.addToCache(Ljava/lang/CharSequence;FFII)F @ 54
Event: 14.316 Thread 0x00007f902c05e800 Uncommon trap: reason=class_check action=maybe_recompile pc=0x000000010191f5f0 method=com.badlogic.gdx.graphics.g2d.BitmapFontCache.addToCache(Ljava/lang/CharSequence;FFII)F @ 54
Event: 14.316 Thread 0x00007f902c05e800 Uncommon trap: reason=class_check action=maybe_recompile pc=0x000000010191f5f0 method=com.badlogic.gdx.graphics.g2d.BitmapFontCache.addToCache(Ljava/lang/CharSequence;FFII)F @ 54

Internal exceptions (10 events):
Event: 3.573 Thread 0x00007f902c05e800 Threw 0x00000007d5c03458 at /HUDSON/workspace/7u-2-build-macosx-x86_64/jdk7u45/229/hotspot/src/share/vm/prims/jvm.cpp:1244
Event: 3.573 Thread 0x00007f902c05e800 Threw 0x00000007d5c07b68 at /HUDSON/workspace/7u-2-build-macosx-x86_64/jdk7u45/229/hotspot/src/share/vm/prims/jvm.cpp:1244
Event: 3.574 Thread 0x00007f902c05e800 Threw 0x00000007d5c0c060 at /HUDSON/workspace/7u-2-build-macosx-x86_64/jdk7u45/229/hotspot/src/share/vm/prims/jvm.cpp:1244
Event: 3.574 Thread 0x00007f902c05e800 Threw 0x00000007d5c11230 at /HUDSON/workspace/7u-2-build-macosx-x86_64/jdk7u45/229/hotspot/src/share/vm/prims/jvm.cpp:1244
Event: 3.574 Thread 0x00007f902c05e800 Threw 0x00000007d5c16150 at /HUDSON/workspace/7u-2-build-macosx-x86_64/jdk7u45/229/hotspot/src/share/vm/prims/jvm.cpp:1244
Event: 3.576 Thread 0x00007f902c05e800 Threw 0x00000007d5c1cc40 at /HUDSON/workspace/7u-2-build-macosx-x86_64/jdk7u45/229/hotspot/src/share/vm/prims/jvm.cpp:1244
Event: 3.578 Thread 0x00007f902c05e800 Threw 0x00000007d5c239e0 at /HUDSON/workspace/7u-2-build-macosx-x86_64/jdk7u45/229/hotspot/src/share/vm/prims/jvm.cpp:1244
Event: 3.579 Thread 0x00007f902c05e800 Threw 0x00000007d5c2ad70 at /HUDSON/workspace/7u-2-build-macosx-x86_64/jdk7u45/229/hotspot/src/share/vm/prims/jvm.cpp:1244
Event: 3.581 Thread 0x00007f902c05e800 Threw 0x00000007d5c2fe88 at /HUDSON/workspace/7u-2-build-macosx-x86_64/jdk7u45/229/hotspot/src/share/vm/prims/jvm.cpp:1244
Event: 13.267 Thread 0x00007f902c05e800 Threw 0x00000007d5e5fd28 at /HUDSON/workspace/7u-2-build-macosx-x86_64/jdk7u45/229/hotspot/src/share/vm/prims/jvm.cpp:1244

Events (10 events):
Event: 15.801 Executing VM operation: RevokeBias
Event: 15.801 Executing VM operation: RevokeBias done
Event: 15.801 Executing VM operation: RevokeBias
Event: 15.801 Executing VM operation: RevokeBias done
Event: 15.801 Executing VM operation: RevokeBias
Event: 15.801 Executing VM operation: RevokeBias done
Event: 15.801 Executing VM operation: RevokeBias
Event: 15.801 Executing VM operation: RevokeBias done
Event: 15.801 Executing VM operation: BulkRevokeBias
Event: 15.801 Executing VM operation: BulkRevokeBias done


Dynamic libraries:
0x000000000ca94000 	/System/Library/Frameworks/Cocoa.framework/Versions/A/Cocoa
0x000000000ca94000 	/System/Library/Frameworks/Security.framework/Versions/A/Security
0x000000000ca94000 	/System/Library/Frameworks/ApplicationServices.framework/Versions/A/ApplicationServices
0x000000000ca94000 	/usr/lib/libz.1.dylib
0x000000000ca94000 	/usr/lib/libSystem.B.dylib
0x000000000ca94000 	/usr/lib/libobjc.A.dylib
0x000000000ca94000 	/System/Library/Frameworks/CoreFoundation.framework/Versions/A/CoreFoundation
0x000000000ca94000 	/System/Library/Frameworks/Foundation.framework/Versions/C/Foundation
0x000000000ca94000 	/System/Library/Frameworks/AppKit.framework/Versions/C/AppKit
0x000000000ca94000 	/System/Library/Frameworks/CoreData.framework/Versions/A/CoreData
0x000000000ca94000 	/System/Library/PrivateFrameworks/RemoteViewServices.framework/Versions/A/RemoteViewServices
0x000000000ca94000 	/System/Library/Frameworks/AudioToolbox.framework/Versions/A/AudioToolbox
0x000000000ca94000 	/System/Library/Frameworks/AudioUnit.framework/Versions/A/AudioUnit
0x000000000ca94000 	/System/Library/PrivateFrameworks/DataDetectorsCore.framework/Versions/A/DataDetectorsCore
0x000000000ca94000 	/System/Library/PrivateFrameworks/DesktopServicesPriv.framework/Versions/A/DesktopServicesPriv
0x000000000ca94000 	/System/Library/Frameworks/Carbon.framework/Versions/A/Frameworks/HIToolbox.framework/Versions/A/HIToolbox
0x000000000ca94000 	/System/Library/Frameworks/QuartzCore.framework/Versions/A/QuartzCore
0x000000000ca94000 	/System/Library/Frameworks/Carbon.framework/Versions/A/Frameworks/SpeechRecognition.framework/Versions/A/SpeechRecognition
0x000000000ca94000 	/usr/lib/libauto.dylib
0x000000000ca94000 	/usr/lib/libicucore.A.dylib
0x000000000ca94000 	/usr/lib/libxml2.2.dylib
0x000000000ca94000 	/System/Library/PrivateFrameworks/CoreUI.framework/Versions/A/CoreUI
0x000000000ca94000 	/System/Library/Frameworks/CoreAudio.framework/Versions/A/CoreAudio
0x000000000ca94000 	/System/Library/Frameworks/DiskArbitration.framework/Versions/A/DiskArbitration
0x000000000ca94000 	/usr/lib/liblangid.dylib
0x000000000ca94000 	/System/Library/PrivateFrameworks/MultitouchSupport.framework/Versions/A/MultitouchSupport
0x000000000ca94000 	/System/Library/Frameworks/IOKit.framework/Versions/A/IOKit
0x000000000ca94000 	/usr/lib/libDiagnosticMessagesClient.dylib
0x000000000ca94000 	/System/Library/Frameworks/CoreServices.framework/Versions/A/CoreServices
0x000000000ca94000 	/System/Library/PrivateFrameworks/PerformanceAnalysis.framework/Versions/A/PerformanceAnalysis
0x000000000ca94000 	/System/Library/PrivateFrameworks/GenerationalStorage.framework/Versions/A/GenerationalStorage
0x000000000ca94000 	/System/Library/Frameworks/OpenGL.framework/Versions/A/OpenGL
0x000000000ca94000 	/System/Library/PrivateFrameworks/Sharing.framework/Versions/A/Sharing
0x000000000ca94000 	/System/Library/Frameworks/ImageIO.framework/Versions/A/ImageIO
0x000000000ca94000 	/System/Library/Frameworks/CoreText.framework/Versions/A/CoreText
0x000000000ca94000 	/System/Library/Frameworks/CoreGraphics.framework/Versions/A/CoreGraphics
0x000000000ca94000 	/System/Library/PrivateFrameworks/Backup.framework/Versions/A/Backup
0x000000000ca94000 	/System/Library/Frameworks/CFNetwork.framework/Versions/A/CFNetwork
0x000000000ca94000 	/System/Library/Frameworks/SystemConfiguration.framework/Versions/A/SystemConfiguration
0x000000000ca94000 	/usr/lib/libCRFSuite.dylib
0x000000000ca94000 	/usr/lib/libc++.1.dylib
0x000000000ca94000 	/usr/lib/libc++abi.dylib
0x000000000ca94000 	/usr/lib/system/libcache.dylib
0x000000000ca94000 	/usr/lib/system/libcommonCrypto.dylib
0x000000000ca94000 	/usr/lib/system/libcompiler_rt.dylib
0x000000000ca94000 	/usr/lib/system/libcopyfile.dylib
0x000000000ca94000 	/usr/lib/system/libcorecrypto.dylib
0x000000000ca94000 	/usr/lib/system/libdispatch.dylib
0x000000000ca94000 	/usr/lib/system/libdyld.dylib
0x000000000ca94000 	/usr/lib/system/libkeymgr.dylib
0x000000000ca94000 	/usr/lib/system/liblaunch.dylib
0x000000000ca94000 	/usr/lib/system/libmacho.dylib
0x000000000ca94000 	/usr/lib/system/libquarantine.dylib
0x000000000ca94000 	/usr/lib/system/libremovefile.dylib
0x000000000ca94000 	/usr/lib/system/libsystem_asl.dylib
0x000000000ca94000 	/usr/lib/system/libsystem_blocks.dylib
0x000000000ca94000 	/usr/lib/system/libsystem_c.dylib
0x000000000ca94000 	/usr/lib/system/libsystem_configuration.dylib
0x000000000ca94000 	/usr/lib/system/libsystem_dnssd.dylib
0x000000000ca94000 	/usr/lib/system/libsystem_info.dylib
0x000000000ca94000 	/usr/lib/system/libsystem_kernel.dylib
0x000000000ca94000 	/usr/lib/system/libsystem_m.dylib
0x000000000ca94000 	/usr/lib/system/libsystem_malloc.dylib
0x000000000ca94000 	/usr/lib/system/libsystem_network.dylib
0x000000000ca94000 	/usr/lib/system/libsystem_notify.dylib
0x000000000ca94000 	/usr/lib/system/libsystem_platform.dylib
0x000000000ca94000 	/usr/lib/system/libsystem_pthread.dylib
0x000000000ca94000 	/usr/lib/system/libsystem_sandbox.dylib
0x000000000ca94000 	/usr/lib/system/libsystem_stats.dylib
0x000000000ca94000 	/usr/lib/system/libunc.dylib
0x000000000ca94000 	/usr/lib/system/libunwind.dylib
0x000000000ca94000 	/usr/lib/system/libxpc.dylib
0x000000000ca94000 	/usr/lib/libbsm.0.dylib
0x000000000ca94000 	/usr/lib/libsqlite3.dylib
0x000000000ca94000 	/usr/lib/libxar.1.dylib
0x000000000ca94000 	/usr/lib/libpam.2.dylib
0x000000000ca94000 	/usr/lib/libOpenScriptingUtil.dylib
0x000000000ca94000 	/usr/lib/libbz2.1.0.dylib
0x000000000ca94000 	/System/Library/Frameworks/CoreServices.framework/Versions/A/Frameworks/CarbonCore.framework/Versions/A/CarbonCore
0x000000000ca94000 	/System/Library/Frameworks/CoreServices.framework/Versions/A/Frameworks/Metadata.framework/Versions/A/Metadata
0x000000000ca94000 	/System/Library/Frameworks/CoreServices.framework/Versions/A/Frameworks/OSServices.framework/Versions/A/OSServices
0x000000000ca94000 	/System/Library/Frameworks/CoreServices.framework/Versions/A/Frameworks/SearchKit.framework/Versions/A/SearchKit
0x000000000ca94000 	/System/Library/Frameworks/CoreServices.framework/Versions/A/Frameworks/AE.framework/Versions/A/AE
0x000000000ca94000 	/System/Library/Frameworks/CoreServices.framework/Versions/A/Frameworks/LaunchServices.framework/Versions/A/LaunchServices
0x000000000ca94000 	/System/Library/Frameworks/CoreServices.framework/Versions/A/Frameworks/DictionaryServices.framework/Versions/A/DictionaryServices
0x000000000ca94000 	/System/Library/Frameworks/NetFS.framework/Versions/A/NetFS
0x000000000ca94000 	/usr/lib/system/libkxld.dylib
0x000000000ca94000 	/System/Library/PrivateFrameworks/NetAuth.framework/Versions/A/NetAuth
0x000000000ca94000 	/System/Library/PrivateFrameworks/TCC.framework/Versions/A/TCC
0x000000000ca94000 	/System/Library/Frameworks/OpenDirectory.framework/Versions/A/Frameworks/CFOpenDirectory.framework/Versions/A/CFOpenDirectory
0x000000000ca94000 	/System/Library/Frameworks/ServiceManagement.framework/Versions/A/ServiceManagement
0x000000000ca94000 	/usr/lib/libxslt.1.dylib
0x000000000ca94000 	/System/Library/Frameworks/Carbon.framework/Versions/A/Frameworks/Ink.framework/Versions/A/Ink
0x000000000ca94000 	/System/Library/Frameworks/ApplicationServices.framework/Versions/A/Frameworks/ATS.framework/Versions/A/ATS
0x000000000ca94000 	/System/Library/Frameworks/ApplicationServices.framework/Versions/A/Frameworks/ColorSync.framework/Versions/A/ColorSync
0x000000000ca94000 	/System/Library/Frameworks/ApplicationServices.framework/Versions/A/Frameworks/HIServices.framework/Versions/A/HIServices
0x000000000ca94000 	/System/Library/Frameworks/ApplicationServices.framework/Versions/A/Frameworks/LangAnalysis.framework/Versions/A/LangAnalysis
0x000000000ca94000 	/System/Library/Frameworks/ApplicationServices.framework/Versions/A/Frameworks/PrintCore.framework/Versions/A/PrintCore
0x000000000ca94000 	/System/Library/Frameworks/ApplicationServices.framework/Versions/A/Frameworks/QD.framework/Versions/A/QD
0x000000000ca94000 	/System/Library/Frameworks/ApplicationServices.framework/Versions/A/Frameworks/SpeechSynthesis.framework/Versions/A/SpeechSynthesis
0x000000000ca94000 	/System/Library/Frameworks/IOSurface.framework/Versions/A/IOSurface
0x000000000ca94000 	/System/Library/Frameworks/Accelerate.framework/Versions/A/Accelerate
0x000000000ca94000 	/System/Library/Frameworks/Accelerate.framework/Versions/A/Frameworks/vImage.framework/Versions/A/vImage
0x000000000ca94000 	/System/Library/Frameworks/Accelerate.framework/Versions/A/Frameworks/vecLib.framework/Versions/A/vecLib
0x000000000ca94000 	/System/Library/Frameworks/Accelerate.framework/Versions/A/Frameworks/vecLib.framework/Versions/A/libvDSP.dylib
0x000000000ca94000 	/System/Library/Frameworks/Accelerate.framework/Versions/A/Frameworks/vecLib.framework/Versions/A/libvMisc.dylib
0x000000000ca94000 	/System/Library/Frameworks/Accelerate.framework/Versions/A/Frameworks/vecLib.framework/Versions/A/libLAPACK.dylib
0x000000000ca94000 	/System/Library/Frameworks/Accelerate.framework/Versions/A/Frameworks/vecLib.framework/Versions/A/libBLAS.dylib
0x000000000ca94000 	/System/Library/Frameworks/ApplicationServices.framework/Versions/A/Frameworks/ATS.framework/Versions/A/Resources/libFontParser.dylib
0x000000000ca94000 	/System/Library/Frameworks/ApplicationServices.framework/Versions/A/Frameworks/ATS.framework/Versions/A/Resources/libFontRegistry.dylib
0x000000000ca94000 	/System/Library/Frameworks/ImageIO.framework/Versions/A/Resources/libJPEG.dylib
0x000000000ca94000 	/System/Library/Frameworks/ImageIO.framework/Versions/A/Resources/libTIFF.dylib
0x000000000ca94000 	/System/Library/Frameworks/ImageIO.framework/Versions/A/Resources/libPng.dylib
0x000000000ca94000 	/System/Library/Frameworks/ImageIO.framework/Versions/A/Resources/libGIF.dylib
0x000000000ca94000 	/System/Library/Frameworks/ImageIO.framework/Versions/A/Resources/libJP2.dylib
0x000000000ca94000 	/System/Library/Frameworks/ImageIO.framework/Versions/A/Resources/libRadiance.dylib
0x000000000ca94000 	/usr/lib/libcups.2.dylib
0x000000000ca94000 	/System/Library/Frameworks/Kerberos.framework/Versions/A/Kerberos
0x000000000ca94000 	/System/Library/Frameworks/GSS.framework/Versions/A/GSS
0x000000000ca94000 	/usr/lib/libresolv.9.dylib
0x000000000ca94000 	/usr/lib/libiconv.2.dylib
0x000000000ca94000 	/System/Library/PrivateFrameworks/Heimdal.framework/Versions/A/Heimdal
0x000000000ca94000 	/System/Library/PrivateFrameworks/TrustEvaluationAgent.framework/Versions/A/TrustEvaluationAgent
0x000000000ca94000 	/usr/lib/libheimdal-asn1.dylib
0x000000000ca94000 	/System/Library/Frameworks/OpenDirectory.framework/Versions/A/OpenDirectory
0x000000000ca94000 	/System/Library/PrivateFrameworks/CommonAuth.framework/Versions/A/CommonAuth
0x000000000ca94000 	/System/Library/Frameworks/SecurityFoundation.framework/Versions/A/SecurityFoundation
0x000000000ca94000 	/System/Library/PrivateFrameworks/Bom.framework/Versions/A/Bom
0x000000000ca94000 	/System/Library/Frameworks/CoreVideo.framework/Versions/A/CoreVideo
0x000000000ca94000 	/System/Library/Frameworks/QuartzCore.framework/Versions/A/Frameworks/CoreImage.framework/Versions/A/CoreImage
0x000000000ca94000 	/System/Library/Frameworks/QuartzCore.framework/Versions/A/Frameworks/ScalableUserInterface.framework/Versions/A/ScalableUserInterface
0x000000000ca94000 	/System/Library/Frameworks/OpenGL.framework/Versions/A/Libraries/libGLU.dylib
0x000000000ca94000 	/System/Library/Frameworks/OpenGL.framework/Versions/A/Libraries/libGFXShared.dylib
0x000000000ca94000 	/System/Library/Frameworks/OpenGL.framework/Versions/A/Libraries/libGL.dylib
0x000000000ca94000 	/System/Library/Frameworks/OpenGL.framework/Versions/A/Libraries/libGLImage.dylib
0x000000000ca94000 	/System/Library/Frameworks/OpenGL.framework/Versions/A/Libraries/libCVMSPluginSupport.dylib
0x000000000ca94000 	/System/Library/Frameworks/OpenGL.framework/Versions/A/Libraries/libCoreVMClient.dylib
0x000000000ca94000 	/System/Library/PrivateFrameworks/FaceCore.framework/Versions/A/FaceCore
0x000000000ca94000 	/System/Library/PrivateFrameworks/CrashReporterSupport.framework/Versions/A/CrashReporterSupport
0x000000000ca94000 	/System/Library/Frameworks/OpenCL.framework/Versions/A/OpenCL
0x000000000ca94000 	/System/Library/PrivateFrameworks/AppleFSCompression.framework/Versions/A/AppleFSCompression
0x000000000ca94000 	/System/Library/PrivateFrameworks/Ubiquity.framework/Versions/A/Ubiquity
0x000000000ca94000 	/System/Library/PrivateFrameworks/IconServices.framework/Versions/A/IconServices
0x000000000ca94000 	/System/Library/PrivateFrameworks/ChunkingLibrary.framework/Versions/A/ChunkingLibrary
0x000000000ca94000 	/System/Library/PrivateFrameworks/CoreSymbolication.framework/Versions/A/CoreSymbolication
0x000000000ca94000 	/System/Library/PrivateFrameworks/Symbolication.framework/Versions/A/Symbolication
0x000000000ca94000 	/System/Library/PrivateFrameworks/DebugSymbols.framework/Versions/A/DebugSymbols
0x0000000100e00000 	/Library/Java/JavaVirtualMachines/jdk1.7.0_45.jdk/Contents/Home/jre/lib/server/libjvm.dylib
0x000000000ca94000 	/usr/lib/libstdc++.6.dylib
0x0000000100532000 	/Library/Java/JavaVirtualMachines/jdk1.7.0_45.jdk/Contents/Home/jre/lib/libverify.dylib
0x000000010053f000 	/Library/Java/JavaVirtualMachines/jdk1.7.0_45.jdk/Contents/Home/jre/lib/libjava.dylib
0x0000000100579000 	/Library/Java/JavaVirtualMachines/jdk1.7.0_45.jdk/Contents/Home/jre/lib/libzip.dylib
0x000000010b043000 	/System/Library/Frameworks/JavaVM.framework/Frameworks/JavaRuntimeSupport.framework/JavaRuntimeSupport
0x000000010b05b000 	/System/Library/Frameworks/JavaVM.framework/Versions/A/Frameworks/JavaNativeFoundation.framework/Versions/A/JavaNativeFoundation
0x000000010b06f000 	/System/Library/Frameworks/JavaVM.framework/Versions/A/JavaVM
0x000000000ca94000 	/System/Library/Frameworks/Carbon.framework/Versions/A/Carbon
0x000000010b07b000 	/System/Library/PrivateFrameworks/JavaLaunching.framework/Versions/A/JavaLaunching
0x000000000ca94000 	/System/Library/Frameworks/Carbon.framework/Versions/A/Frameworks/CommonPanels.framework/Versions/A/CommonPanels
0x000000000ca94000 	/System/Library/Frameworks/Carbon.framework/Versions/A/Frameworks/Help.framework/Versions/A/Help
0x000000000ca94000 	/System/Library/Frameworks/Carbon.framework/Versions/A/Frameworks/ImageCapture.framework/Versions/A/ImageCapture
0x000000000ca94000 	/System/Library/Frameworks/Carbon.framework/Versions/A/Frameworks/OpenScripting.framework/Versions/A/OpenScripting
0x000000000ca94000 	/System/Library/Frameworks/Carbon.framework/Versions/A/Frameworks/Print.framework/Versions/A/Print
0x000000000ca94000 	/System/Library/Frameworks/Carbon.framework/Versions/A/Frameworks/SecurityHI.framework/Versions/A/SecurityHI
0x000000010b6ef000 	/private/var/folders/rn/7l44jphj0g7gs2jyys0_x7840000gn/T/libgdxPhilo/92bf976d/libgdx.dylib
0x000000010b7bc000 	/Library/Java/JavaVirtualMachines/jdk1.7.0_45.jdk/Contents/Home/jre/lib/libawt.dylib
0x000000010b86b000 	/Library/Java/JavaVirtualMachines/jdk1.7.0_45.jdk/Contents/Home/jre/lib/./libmlib_image.dylib
0x000000010b937000 	/Library/Java/JavaVirtualMachines/jdk1.7.0_45.jdk/Contents/Home/jre/lib/lwawt/liblwawt.dylib
0x000000010b9eb000 	/Library/Java/JavaVirtualMachines/jdk1.7.0_45.jdk/Contents/Home/jre/lib/libosxapp.dylib
0x000000000ca94000 	/System/Library/Frameworks/ExceptionHandling.framework/Versions/A/ExceptionHandling
0x000000000ca94000 	/System/Library/PrivateFrameworks/CoreServicesInternal.framework/Versions/A/CoreServicesInternal
0x000000000ca94000 	/System/Library/PrivateFrameworks/Librarian.framework/Versions/A/Librarian
0x000000000ca94000 	/System/Library/Frameworks/CoreGraphics.framework/Versions/A/Resources/libCGCMS.A.dylib
0x000000000ca94000 	/System/Library/Frameworks/CoreGraphics.framework/Versions/A/Resources/libRIP.A.dylib
0x000000000ca94000 	/System/Library/Frameworks/CoreGraphics.framework/Versions/A/Resources/libCGXType.A.dylib
0x000000000ca94000 	/System/Library/PrivateFrameworks/FamilyControls.framework/Versions/A/FamilyControls
0x000000000ca94000 	/System/Library/PrivateFrameworks/CommerceKit.framework/Versions/A/Frameworks/CommerceCore.framework/Versions/A/CommerceCore
0x000000000ca94000 	/System/Library/PrivateFrameworks/SystemAdministration.framework/Versions/A/SystemAdministration
0x000000000ca94000 	/System/Library/Frameworks/DirectoryService.framework/Versions/A/DirectoryService
0x000000000ca94000 	/System/Library/PrivateFrameworks/DiskImages.framework/Versions/A/DiskImages
0x000000000ca94000 	/System/Library/PrivateFrameworks/LoginUIKit.framework/Versions/A/Frameworks/LoginUICore.framework/Versions/A/LoginUICore
0x000000000ca94000 	/usr/lib/libCoreStorage.dylib
0x000000000ca94000 	/usr/lib/libcsfde.dylib
0x000000000ca94000 	/usr/lib/libodfde.dylib
0x000000000ca94000 	/System/Library/Frameworks/DiscRecording.framework/Versions/A/DiscRecording
0x000000000ca94000 	/usr/lib/libcurl.4.dylib
0x000000000ca94000 	/System/Library/PrivateFrameworks/MediaKit.framework/Versions/A/MediaKit
0x000000000ca94000 	/System/Library/PrivateFrameworks/EFILogin.framework/Versions/A/EFILogin
0x000000000ca94000 	/usr/lib/libutil.dylib
0x000000000ca94000 	/System/Library/PrivateFrameworks/AOSNotification.framework/Versions/A/AOSNotification
0x000000000ca94000 	/System/Library/Frameworks/LDAP.framework/Versions/A/LDAP
0x000000000ca94000 	/usr/lib/libsasl2.2.dylib
0x000000000ca94000 	/usr/lib/libcrypto.0.9.8.dylib
0x000000000ca94000 	/usr/lib/libssl.0.9.8.dylib
0x000000010f9b9000 	/Library/Java/JavaVirtualMachines/jdk1.7.0_45.jdk/Contents/Home/jre/lib/libfontmanager.dylib
0x000000010fa1d000 	/private/var/folders/rn/7l44jphj0g7gs2jyys0_x7840000gn/T/libgdxPhilo/75260a42/liblwjgl.jnilib
0x000000010dfdc000 	/Library/Java/JavaVirtualMachines/jdk1.7.0_45.jdk/Contents/Home/jre/lib/libjawt.dylib
0x000000010fa98000 	/var/folders/rn/7l44jphj0g7gs2jyys0_x7840000gn/T/libgdxPhilo/75260a42/openal.dylib
0x000000010fb07000 	/System/Library/Components/CoreAudio.component/Contents/MacOS/CoreAudio
0x000000010fd82000 	/System/Library/Extensions/AppleHDA.kext/Contents/PlugIns/AppleHDAHALPlugIn.bundle/Contents/MacOS/AppleHDAHALPlugIn
0x000000000ca94000 	/System/Library/Frameworks/OpenGL.framework/Versions/A/Resources/GLEngine.bundle/GLEngine
0x000000000ca94000 	/System/Library/Frameworks/OpenGL.framework/Versions/A/Libraries/libGLProgrammability.dylib
0x0000000000000000 	/System/Library/Extensions/GeForceGLDriver.bundle/Contents/MacOS/GeForceGLDriver
0x000000000ca94000 	/System/Library/PrivateFrameworks/IOAccelerator.framework/Versions/A/IOAccelerator
0x000000000ca94000 	/System/Library/PrivateFrameworks/GPUSupport.framework/Versions/A/Libraries/libGPUSupportMercury.dylib
0x000000000ca94000 	/System/Library/Extensions/GeForceGLDriver.bundle/Contents/MacOS/libclh.dylib
0x000000000ca94000 	/System/Library/Frameworks/OpenGL.framework/Versions/A/Resources/GLRendererFloat.bundle/GLRendererFloat
0x000000000ca94000 	/System/Library/Frameworks/OpenCL.framework/Versions/A/Libraries/libcldcpuengine.dylib
0x0000000110a2e000 	/Users/Philo/Downloads/musical-fingers-master 9/Musical-fingers/lib/x64/libLeapJava.dylib
0x0000000113aa1000 	/Users/Philo/Downloads/musical-fingers-master 9/Musical-fingers/lib/x64/libLeap.dylib

VM Arguments:
jvm_args: -Djava.library.path=/Users/Philo/Downloads/musical-fingers-master 9/Musical-fingers/lib/x64 -Dfile.encoding=US-ASCII 
java_command: ox.musicalfingers.display.Main
Launcher Type: SUN_STANDARD

Environment Variables:
PATH=/usr/bin:/bin:/usr/sbin:/sbin
SHELL=/bin/bash

Signal Handlers:
SIGSEGV: [libjvm.dylib+0x525415], sa_mask[0]=0xfffefeff, sa_flags=0x00000043
SIGBUS: [libjvm.dylib+0x525415], sa_mask[0]=0xfffefeff, sa_flags=0x00000042
SIGFPE: [libjvm.dylib+0x41891a], sa_mask[0]=0xfffefeff, sa_flags=0x00000042
SIGPIPE: [libjvm.dylib+0x41891a], sa_mask[0]=0xfffefeff, sa_flags=0x00000042
SIGXFSZ: [libjvm.dylib+0x41891a], sa_mask[0]=0xfffefeff, sa_flags=0x00000042
SIGILL: [libjvm.dylib+0x41891a], sa_mask[0]=0xfffefeff, sa_flags=0x00000042
SIGUSR1: SIG_DFL, sa_mask[0]=0x00000000, sa_flags=0x00000002
SIGUSR2: [libjvm.dylib+0x41840c], sa_mask[0]=0x00000004, sa_flags=0x00000042
SIGHUP: [libjvm.dylib+0x41669b], sa_mask[0]=0xfffefeff, sa_flags=0x00000042
SIGINT: [libjvm.dylib+0x41669b], sa_mask[0]=0xfffefeff, sa_flags=0x00000042
SIGTERM: [libjvm.dylib+0x41669b], sa_mask[0]=0xfffefeff, sa_flags=0x00000042
SIGQUIT: [libjvm.dylib+0x41669b], sa_mask[0]=0xfffefeff, sa_flags=0x00000042


---------------  S Y S T E M  ---------------

OS:Bsduname:Darwin 13.1.0 Darwin Kernel Version 13.1.0: Thu Jan 16 19:40:37 PST 2014; root:xnu-2422.90.20~2/RELEASE_X86_64 x86_64
rlimit: STACK 8192k, CORE 0k, NPROC 709, NOFILE 10240, AS infinity
load average:1.31 1.39 1.50

CPU:total 4 (4 cores per cpu, 1 threads per core) family 6 model 58 stepping 9, cmov, cx8, fxsr, mmx, sse, sse2, sse3, ssse3, sse4.1, sse4.2, popcnt, avx, aes, erms, tsc, tscinvbit, tscinv

Memory: 4k page, physical 8388608k(2097152k free)

/proc/meminfo:


vm_info: Java HotSpot(TM) 64-Bit Server VM (24.45-b08) for bsd-amd64 JRE (1.7.0_45-b18), built on Oct  8 2013 05:54:16 by "java_re" with gcc 4.2.1 (Based on Apple Inc. build 5658) (LLVM build 2336.11.00)

time: Sun May 11 01:51:44 2014
elapsed time: 15 seconds

