#
# A fatal error has been detected by the Java Runtime Environment:
#
#  SIGSEGV (0xb) at pc=0x00007fff8b6bc097, pid=5119, tid=1287
#
# JRE version: Java(TM) SE Runtime Environment (7.0_45-b18) (build 1.7.0_45-b18)
# Java VM: Java HotSpot(TM) 64-Bit Server VM (24.45-b08 mixed mode bsd-amd64 compressed oops)
# Problematic frame:
# C  [libobjc.A.dylib+0x5097]  objc_msgSend+0x17
#
# Failed to write core dump. Core dumps have been disabled. To enable core dumping, try "ulimit -c unlimited" before starting Java again
#
# If you would like to submit a bug report, please visit:
#   http://bugreport.sun.com/bugreport/crash.jsp
# The crash happened outside the Java Virtual Machine in native code.
# See problematic frame for where to report the bug.
#

---------------  T H R E A D  ---------------

Current thread (0x00007fd4ab018000):  JavaThread "AppKit Thread" daemon [_thread_in_native, id=1287, stack(0x00007fff5688c000,0x00007fff5690c000)]

siginfo:si_signo=SIGSEGV: si_errno=0, si_code=0 (SEGV0), si_addr=0x0000000000000000

Registers:
RAX=0x00007fd4a9459b80, RBX=0x00000000000f42e9, RCX=0x0000000000000000, RDX=0x00007fd4a949cc70
RSP=0x00007fff56907538, RBP=0x00007fff56907540, RSI=0x00007fff8e151b9f, RDI=0x00007fd4a9459b80
R8 =0x0000000000000040, R9 =0x00007fff56907500, R10=0x00007fff8e151b9f, R11=0xf000000000000000
R12=0x00000000000f42e9, R13=0x00007fff56907708, R14=0x00007fd4a9755d40, R15=0x00007fff56907668
RIP=0x00007fff8b6bc097, EFLAGS=0x0000000000010246, ERR=0x0000000000000000
  TRAPNO=0x000000000000000d

Top of Stack: (sp=0x00007fff56907538)
0x00007fff56907538:   00007fff8a258e0c 00007fff569078a0
0x00007fff56907548:   00007fff8a14ca6d 00007fff733ccf10
0x00007fff56907558:   00007fff8411b333 00007fff56907590
0x00007fff56907568:   00007fff8b6d4a02 0000000000000798
0x00007fff56907578:   00000000000f42eb 0000000000000002
0x00007fff56907588:   00007fd4a946bc60 00007fd4a946b5a0
0x00007fff56907598:   00007fd4a94160c0 00007fd4a949cc70
0x00007fff569075a8:   00007fff56907660 0000000000000000
0x00007fff569075b8:   00000000000f42e9 0000000000000051
0x00007fff569075c8:   00007fff569076e0 0000000000000000
0x00007fff569075d8:   0000000000000001 00007fd4a94160b0
0x00007fff569075e8:   000000000000004f 00000000001de464
0x00007fff569075f8:   0000010000000000 00007fff7365da60
0x00007fff56907608:   00002060007226ea 00007fff56907760
0x00007fff56907618:   0000000000000000 00007fff569076f8
0x00007fff56907628:   00007fff569076d8 00007fff7365da48
0x00007fff56907638:   0000000000000000 000000000000000d
0x00007fff56907648:   00007fff867226ea 00007fff73aa1d38
0x00007fff56907658:   0000000000000000 00007fd4a946bce0
0x00007fff56907668:   00007fd4a9755d40 00007fff88861b08
0x00007fff56907678:   0000000000000000 00007fff56907740
0x00007fff56907688:   00007fff8c704dde 00007fff72c4a0d0
0x00007fff56907698:   0000000042000000 00007fff8c70d1d1
0x00007fff569076a8:   00007fff73639b40 00007fff569077a8
0x00007fff569076b8:   00007fff569076d8 00007fff569076f8
0x00007fff569076c8:   0000000000000000 000000010930d001
0x00007fff569076d8:   0000000000000000 000000000000004d
0x00007fff569076e8:   0000000000000000 00000000000f42df
0x00007fff569076f8:   000000000000004f 0000000000000000
0x00007fff56907708:   00000000000f42e9 00000001569077b0
0x00007fff56907718:   00007fff86723261 00007fff733cb748
0x00007fff56907728:   00007fff733cb74c 00000000733c71b8 

Instructions: (pc=0x00007fff8b6bc097)
0x00007fff8b6bc077:   90 90 90 90 90 90 90 90 90 48 85 ff 2e 74 72 40
0x00007fff8b6bc087:   f6 c7 01 2e 0f 85 7e 00 00 00 4c 8b 1f 49 89 f2
0x00007fff8b6bc097:   45 23 53 18 49 c1 e2 04 4d 03 53 10 49 3b 32 75
0x00007fff8b6bc0a7:   04 41 ff 62 08 49 83 3a 00 74 74 4d 3b 53 10 74 

Register to memory mapping:

RAX=0x00007fd4a9459b80 is an unknown value
RBX=0x00000000000f42e9 is an unknown value
RCX=0x0000000000000000 is an unknown value
RDX=0x00007fd4a949cc70 is an unknown value
RSP=0x00007fff56907538 is pointing into the stack for thread: 0x00007fd4ab018000
RBP=0x00007fff56907540 is pointing into the stack for thread: 0x00007fd4ab018000
RSI=0x00007fff8e151b9f: NSAppKitVersionNumber+0x5358f in /System/Library/Frameworks/AppKit.framework/Versions/C/AppKit at 0x00007fff8d6ae000
RDI=0x00007fd4a9459b80 is an unknown value
R8 =0x0000000000000040 is an unknown value
R9 =0x00007fff56907500 is pointing into the stack for thread: 0x00007fd4ab018000
R10=0x00007fff8e151b9f: NSAppKitVersionNumber+0x5358f in /System/Library/Frameworks/AppKit.framework/Versions/C/AppKit at 0x00007fff8d6ae000
R11=0xf000000000000000 is an unknown value
R12=0x00000000000f42e9 is an unknown value
R13=0x00007fff56907708 is pointing into the stack for thread: 0x00007fd4ab018000
R14=0x00007fd4a9755d40 is an unknown value
R15=0x00007fff56907668 is pointing into the stack for thread: 0x00007fd4ab018000


Stack: [0x00007fff5688c000,0x00007fff5690c000],  sp=0x00007fff56907538,  free space=493k
Native frames: (J=compiled Java code, j=interpreted, Vv=VM code, C=native code)
C  [libobjc.A.dylib+0x5097]  objc_msgSend+0x17
C  [CoreFoundation+0x10a6d]  _CFXNotificationPost+0xb4d
C  [Foundation+0x27ba]  -[NSNotificationCenter postNotificationName:object:userInfo:]+0x44
C  [AppKit+0x10f719]  -[NSSurface _disposeSurface]+0x98
C  [AppKit+0x10f1b5]  -[NSSurface setWindow:]+0x46
C  [AppKit+0x3b0b7]  -[NSView _setWindow:]+0x8ea
C  [AppKit+0x3c10a]  -[NSView removeFromSuperview]+0x15e
C  [AppKit+0x98889]  -[NSView removeFromSuperviewWithoutNeedingDisplay]+0x26
C  [liblwjgl.jnilib+0x936e]  +[MacOSXKeyableWindow destroyWindow]+0xde
C  [Foundation+0x6313e]  __NSThreadPerformPerform+0xe5
C  [CoreFoundation+0x7f731]  __CFRUNLOOP_IS_CALLING_OUT_TO_A_SOURCE0_PERFORM_FUNCTION__+0x11
C  [CoreFoundation+0x70ea2]  __CFRunLoopDoSources0+0xf2
C  [CoreFoundation+0x7062f]  __CFRunLoopRun+0x33f
C  [CoreFoundation+0x700b5]  CFRunLoopRunSpecific+0x135
C  [HIToolbox+0x2ea0d]  RunCurrentEventLoopInMode+0xe2
C  [HIToolbox+0x2e7b7]  ReceiveNextEventCommon+0x1df
C  [HIToolbox+0x2e5bc]  _BlockUntilNextEventMatchingListInModeWithFilter+0x41
C  [AppKit+0x243de]  _DPSNextEvent+0x59a
C  [AppKit+0x23a2b]  -[NSApplication nextEventMatchingMask:untilDate:inMode:dequeue:]+0x7a
C  [libosxapp.dylib+0x16f4]  -[NSApplicationAWT nextEventMatchingMask:untilDate:inMode:dequeue:]+0x7c
C  [AppKit+0x17b2c]  -[NSApplication run]+0x229
C  [libosxapp.dylib+0x1557]  +[NSApplicationAWT runAWTLoopWithApp:]+0x9c
C  [liblwawt.dylib+0xdba9]  -[AWTStarter starter:]+0x369
C  [Foundation+0x6313e]  __NSThreadPerformPerform+0xe5
C  [CoreFoundation+0x7f731]  __CFRUNLOOP_IS_CALLING_OUT_TO_A_SOURCE0_PERFORM_FUNCTION__+0x11
C  [CoreFoundation+0x70ea2]  __CFRunLoopDoSources0+0xf2
C  [CoreFoundation+0x7062f]  __CFRunLoopRun+0x33f
C  [CoreFoundation+0x700b5]  CFRunLoopRunSpecific+0x135
C  [java+0x73b0]  CreateExecutionEnvironment+0x367
C  [java+0x1b5c]  JLI_Launch+0x7a0
C  [java+0x770d]  main+0x65
C  [java+0x13b4]  start+0x34


---------------  P R O C E S S  ---------------

Java Threads: ( => current thread )
  0x00007fd4aa942000 JavaThread "AWT-Shutdown" [_thread_blocked, id=28443, stack(0x000000011639d000,0x000000011649d000)]
  0x00007fd4a988d800 JavaThread "DestroyJavaVM" [_thread_blocked, id=4867, stack(0x0000000109e46000,0x0000000109f46000)]
  0x00007fd4aa142000 JavaThread "LWJGL Application" [_thread_in_native, id=64515, stack(0x0000000118e2e000,0x0000000118f2e000)]
=>0x00007fd4ab018000 JavaThread "AppKit Thread" daemon [_thread_in_native, id=1287, stack(0x00007fff5688c000,0x00007fff5690c000)]
  0x00007fd4aa822800 JavaThread "Service Thread" daemon [_thread_blocked, id=19459, stack(0x0000000114474000,0x0000000114574000)]
  0x00007fd4aa821800 JavaThread "C2 CompilerThread1" daemon [_thread_blocked, id=18947, stack(0x0000000114371000,0x0000000114471000)]
  0x00007fd4aa028000 JavaThread "C2 CompilerThread0" daemon [_thread_blocked, id=18435, stack(0x000000011426e000,0x000000011436e000)]
  0x00007fd4aa813000 JavaThread "Signal Dispatcher" daemon [_thread_blocked, id=17923, stack(0x000000011416b000,0x000000011426b000)]
  0x00007fd4a982e000 JavaThread "Finalizer" daemon [_thread_blocked, id=12547, stack(0x0000000113f2b000,0x000000011402b000)]
  0x00007fd4a980a000 JavaThread "Reference Handler" daemon [_thread_blocked, id=12035, stack(0x0000000113e28000,0x0000000113f28000)]

Other Threads:
  0x00007fd4ab006800 VMThread [stack: 0x0000000113d25000,0x0000000113e25000] [id=11523]
  0x00007fd4aa812800 WatcherThread [stack: 0x0000000114577000,0x0000000114677000] [id=19971]

VM state:not at safepoint (normal execution)

VM Mutex/Monitor currently owned by a thread: None

Heap
 PSYoungGen      total 38912K, used 11515K [0x00000007d5500000, 0x00000007d8000000, 0x0000000800000000)
  eden space 33792K, 26% used [0x00000007d5500000,0x00000007d5dc3558,0x00000007d7600000)
  from space 5120K, 49% used [0x00000007d7b00000,0x00000007d7d7b8a0,0x00000007d8000000)
  to   space 5120K, 0% used [0x00000007d7600000,0x00000007d7600000,0x00000007d7b00000)
 ParOldGen       total 87040K, used 409K [0x0000000780000000, 0x0000000785500000, 0x00000007d5500000)
  object space 87040K, 0% used [0x0000000780000000,0x0000000780066700,0x0000000785500000)
 PSPermGen       total 21504K, used 9442K [0x000000077ae00000, 0x000000077c300000, 0x0000000780000000)
  object space 21504K, 43% used [0x000000077ae00000,0x000000077b738ac0,0x000000077c300000)

Card table byte_map: [0x000000010da00000,0x000000010de2a000] byte_map_base: 0x0000000109e29000

Polling page: 0x0000000109f85000

Code Cache  [0x0000000109f98000, 0x000000010a208000, 0x000000010cf98000)
 total_blobs=619 nmethods=227 adapters=346 free_code_cache=48124Kb largest_free_block=49245824

Compilation events (10 events):
Event: 42.400 Thread 0x00007fd4aa028000  223             java.nio.ByteBuffer::put (55 bytes)
Event: 42.404 Thread 0x00007fd4aa028000 nmethod 223 0x000000010a098f50 code [0x000000010a0990a0, 0x000000010a099318]
Event: 43.903 Thread 0x00007fd4aa821800  224             java.nio.Buffer::flip (20 bytes)
Event: 43.904 Thread 0x00007fd4aa821800 nmethod 224 0x000000010a098d50 code [0x000000010a098e80, 0x000000010a098ef8]
Event: 44.254 Thread 0x00007fd4aa028000  225             com.badlogic.gdx.graphics.glutils.VertexArray::setVertices (29 bytes)
Event: 44.256 Thread 0x00007fd4aa028000 nmethod 225 0x000000010a09b690 code [0x000000010a09b7e0, 0x000000010a09b9c8]
Event: 44.671 Thread 0x00007fd4aa821800  226             com.badlogic.gdx.scenes.scene2d.ui.List::draw (333 bytes)
Event: 44.697 Thread 0x00007fd4aa821800 nmethod 226 0x000000010a09db90 code [0x000000010a09dea0, 0x000000010a09f690]
Event: 45.874 Thread 0x00007fd4aa028000  227             com.badlogic.gdx.graphics.g2d.SpriteBatch::setColor (45 bytes)
Event: 45.874 Thread 0x00007fd4aa028000 nmethod 227 0x000000010a098a50 code [0x000000010a098bc0, 0x000000010a098cf8]

GC Heap History (4 events):
Event: 1.840 GC heap before
{Heap before GC invocations=1 (full 0):
 PSYoungGen      total 38912K, used 32843K [0x00000007d5500000, 0x00000007d8000000, 0x0000000800000000)
  eden space 33792K, 97% used [0x00000007d5500000,0x00000007d7512dd0,0x00000007d7600000)
  from space 5120K, 0% used [0x00000007d7b00000,0x00000007d7b00000,0x00000007d8000000)
  to   space 5120K, 0% used [0x00000007d7600000,0x00000007d7600000,0x00000007d7b00000)
 ParOldGen       total 87040K, used 0K [0x0000000780000000, 0x0000000785500000, 0x00000007d5500000)
  object space 87040K, 0% used [0x0000000780000000,0x0000000780000000,0x0000000785500000)
 PSPermGen       total 21504K, used 8566K [0x000000077ae00000, 0x000000077c300000, 0x0000000780000000)
  object space 21504K, 39% used [0x000000077ae00000,0x000000077b65d9d0,0x000000077c300000)
Event: 1.846 GC heap after
Heap after GC invocations=1 (full 0):
 PSYoungGen      total 38912K, used 5112K [0x00000007d5500000, 0x00000007d8000000, 0x0000000800000000)
  eden space 33792K, 0% used [0x00000007d5500000,0x00000007d5500000,0x00000007d7600000)
  from space 5120K, 99% used [0x00000007d7600000,0x00000007d7afe150,0x00000007d7b00000)
  to   space 5120K, 0% used [0x00000007d7b00000,0x00000007d7b00000,0x00000007d8000000)
 ParOldGen       total 87040K, used 409K [0x0000000780000000, 0x0000000785500000, 0x00000007d5500000)
  object space 87040K, 0% used [0x0000000780000000,0x0000000780066700,0x0000000785500000)
 PSPermGen       total 21504K, used 8566K [0x000000077ae00000, 0x000000077c300000, 0x0000000780000000)
  object space 21504K, 39% used [0x000000077ae00000,0x000000077b65d9d0,0x000000077c300000)
}
Event: 2.205 GC heap before
{Heap before GC invocations=2 (full 0):
 PSYoungGen      total 38912K, used 38385K [0x00000007d5500000, 0x00000007d8000000, 0x0000000800000000)
  eden space 33792K, 98% used [0x00000007d5500000,0x00000007d757e5a0,0x00000007d7600000)
  from space 5120K, 99% used [0x00000007d7600000,0x00000007d7afe150,0x00000007d7b00000)
  to   space 5120K, 0% used [0x00000007d7b00000,0x00000007d7b00000,0x00000007d8000000)
 ParOldGen       total 87040K, used 409K [0x0000000780000000, 0x0000000785500000, 0x00000007d5500000)
  object space 87040K, 0% used [0x0000000780000000,0x0000000780066700,0x0000000785500000)
 PSPermGen       total 21504K, used 8570K [0x000000077ae00000, 0x000000077c300000, 0x0000000780000000)
  object space 21504K, 39% used [0x000000077ae00000,0x000000077b65e8f8,0x000000077c300000)
Event: 2.208 GC heap after
Heap after GC invocations=2 (full 0):
 PSYoungGen      total 38912K, used 2542K [0x00000007d5500000, 0x00000007d8000000, 0x0000000800000000)
  eden space 33792K, 0% used [0x00000007d5500000,0x00000007d5500000,0x00000007d7600000)
  from space 5120K, 49% used [0x00000007d7b00000,0x00000007d7d7b8a0,0x00000007d8000000)
  to   space 5120K, 0% used [0x00000007d7600000,0x00000007d7600000,0x00000007d7b00000)
 ParOldGen       total 87040K, used 409K [0x0000000780000000, 0x0000000785500000, 0x00000007d5500000)
  object space 87040K, 0% used [0x0000000780000000,0x0000000780066700,0x0000000785500000)
 PSPermGen       total 21504K, used 8570K [0x000000077ae00000, 0x000000077c300000, 0x0000000780000000)
  object space 21504K, 39% used [0x000000077ae00000,0x000000077b65e8f8,0x000000077c300000)
}

Deoptimization events (9 events):
Event: 16.192 Thread 0x00007fd4aa142000 Uncommon trap: reason=class_check action=maybe_recompile pc=0x000000010a062504 method=com.badlogic.gdx.graphics.g2d.BitmapFontCache.addToCache(Ljava/lang/CharSequence;FFII)F @ 54
Event: 16.959 Thread 0x00007fd4aa142000 Uncommon trap: reason=class_check action=maybe_recompile pc=0x000000010a062504 method=com.badlogic.gdx.graphics.g2d.BitmapFontCache.addToCache(Ljava/lang/CharSequence;FFII)F @ 54
Event: 17.411 Thread 0x00007fd4aa142000 Uncommon trap: reason=class_check action=maybe_recompile pc=0x000000010a062504 method=com.badlogic.gdx.graphics.g2d.BitmapFontCache.addToCache(Ljava/lang/CharSequence;FFII)F @ 54
Event: 17.862 Thread 0x00007fd4aa142000 Uncommon trap: reason=class_check action=maybe_recompile pc=0x000000010a062504 method=com.badlogic.gdx.graphics.g2d.BitmapFontCache.addToCache(Ljava/lang/CharSequence;FFII)F @ 54
Event: 27.979 Thread 0x00007fd4aa142000 Uncommon trap: reason=bimorphic action=maybe_recompile pc=0x000000010a06ec00 method=com.badlogic.gdx.scenes.scene2d.Group.drawChildren(Lcom/badlogic/gdx/graphics/g2d/SpriteBatch;F)V @ 409
Event: 27.979 Thread 0x00007fd4aa142000 Uncommon trap: reason=class_check action=maybe_recompile pc=0x000000010a074694 method=com.badlogic.gdx.scenes.scene2d.ui.WidgetGroup.validate()V @ 114
Event: 27.980 Thread 0x00007fd4aa142000 Uncommon trap: reason=bimorphic action=maybe_recompile pc=0x000000010a06ec00 method=com.badlogic.gdx.scenes.scene2d.Group.drawChildren(Lcom/badlogic/gdx/graphics/g2d/SpriteBatch;F)V @ 409
Event: 27.994 Thread 0x00007fd4aa142000 Uncommon trap: reason=bimorphic action=maybe_recompile pc=0x000000010a06ec00 method=com.badlogic.gdx.scenes.scene2d.Group.drawChildren(Lcom/badlogic/gdx/graphics/g2d/SpriteBatch;F)V @ 409
Event: 27.994 Thread 0x00007fd4aa142000 Uncommon trap: reason=bimorphic action=maybe_recompile pc=0x000000010a06ec00 method=com.badlogic.gdx.scenes.scene2d.Group.drawChildren(Lcom/badlogic/gdx/graphics/g2d/SpriteBatch;F)V @ 409

Internal exceptions (10 events):
Event: 27.978 Thread 0x00007fd4aa142000 Threw 0x00000007d5c4efa0 at /HUDSON/workspace/7u-2-build-macosx-x86_64/jdk7u45/229/hotspot/src/share/vm/prims/jvm.cpp:1244
Event: 27.979 Thread 0x00007fd4aa142000 Threw 0x00000007d5c53ec0 at /HUDSON/workspace/7u-2-build-macosx-x86_64/jdk7u45/229/hotspot/src/share/vm/prims/jvm.cpp:1244
Event: 28.578 Thread 0x00007fd4aa142000 Threw 0x00000007d5c63390 at /HUDSON/workspace/7u-2-build-macosx-x86_64/jdk7u45/229/hotspot/src/share/vm/prims/jvm.cpp:1244
Event: 28.579 Thread 0x00007fd4aa142000 Threw 0x00000007d5c67610 at /HUDSON/workspace/7u-2-build-macosx-x86_64/jdk7u45/229/hotspot/src/share/vm/prims/jvm.cpp:1244
Event: 28.579 Thread 0x00007fd4aa142000 Threw 0x00000007d5c6d8d8 at /HUDSON/workspace/7u-2-build-macosx-x86_64/jdk7u45/229/hotspot/src/share/vm/prims/jvm.cpp:1244
Event: 28.579 Thread 0x00007fd4aa142000 Threw 0x00000007d5c72368 at /HUDSON/workspace/7u-2-build-macosx-x86_64/jdk7u45/229/hotspot/src/share/vm/prims/jvm.cpp:1244
Event: 46.774 Thread 0x00007fd4aa142000 Threw 0x00000007d5d86c40 at /HUDSON/workspace/7u-2-build-macosx-x86_64/jdk7u45/229/hotspot/src/share/vm/prims/jvm.cpp:1244
Event: 46.775 Thread 0x00007fd4aa142000 Threw 0x00000007d5d8a860 at /HUDSON/workspace/7u-2-build-macosx-x86_64/jdk7u45/229/hotspot/src/share/vm/prims/jvm.cpp:1244
Event: 46.778 Thread 0x00007fd4aa142000 Threw 0x00000007d5d92958 at /HUDSON/workspace/7u-2-build-macosx-x86_64/jdk7u45/229/hotspot/src/share/vm/prims/jvm.cpp:1244
Event: 46.783 Thread 0x00007fd4aa142000 Threw 0x00000007d5d98108 at /HUDSON/workspace/7u-2-build-macosx-x86_64/jdk7u45/229/hotspot/src/share/vm/prims/jvm.cpp:1244

Events (10 events):
Event: 46.775 Executing VM operation: RevokeBias
Event: 46.775 Executing VM operation: RevokeBias done
Event: 46.775 Thread 0x00007fd4a99c0000 Thread exited: 0x00007fd4a99c0000
Event: 46.775 loading class 0x00007fd4a9709470
Event: 46.775 loading class 0x00007fd4a9709470 done
Event: 46.778 loading class 0x00007fd4a97120b0
Event: 46.778 loading class 0x00007fd4a97120b0 done
Event: 46.779 Thread 0x00007fd4aa8d6000 Thread exited: 0x00007fd4aa8d6000
Event: 46.783 loading class 0x00007fd4a955da10
Event: 46.783 loading class 0x00007fd4a955da10 done


Dynamic libraries:
0x00000000013e3000 	/System/Library/Frameworks/Cocoa.framework/Versions/A/Cocoa
0x00000000013e3000 	/System/Library/Frameworks/Security.framework/Versions/A/Security
0x00000000013e3000 	/System/Library/Frameworks/ApplicationServices.framework/Versions/A/ApplicationServices
0x00000000013e3000 	/usr/lib/libz.1.dylib
0x00000000013e3000 	/usr/lib/libSystem.B.dylib
0x00000000013e3000 	/usr/lib/libobjc.A.dylib
0x00000000013e3000 	/System/Library/Frameworks/CoreFoundation.framework/Versions/A/CoreFoundation
0x00000000013e3000 	/System/Library/Frameworks/Foundation.framework/Versions/C/Foundation
0x00000000013e3000 	/System/Library/Frameworks/AppKit.framework/Versions/C/AppKit
0x00000000013e3000 	/System/Library/Frameworks/CoreData.framework/Versions/A/CoreData
0x00000000013e3000 	/System/Library/PrivateFrameworks/RemoteViewServices.framework/Versions/A/RemoteViewServices
0x00000000013e3000 	/System/Library/Frameworks/AudioToolbox.framework/Versions/A/AudioToolbox
0x00000000013e3000 	/System/Library/Frameworks/AudioUnit.framework/Versions/A/AudioUnit
0x00000000013e3000 	/System/Library/PrivateFrameworks/DataDetectorsCore.framework/Versions/A/DataDetectorsCore
0x00000000013e3000 	/System/Library/PrivateFrameworks/DesktopServicesPriv.framework/Versions/A/DesktopServicesPriv
0x00000000013e3000 	/System/Library/Frameworks/Carbon.framework/Versions/A/Frameworks/HIToolbox.framework/Versions/A/HIToolbox
0x00000000013e3000 	/System/Library/Frameworks/QuartzCore.framework/Versions/A/QuartzCore
0x00000000013e3000 	/System/Library/Frameworks/Carbon.framework/Versions/A/Frameworks/SpeechRecognition.framework/Versions/A/SpeechRecognition
0x00000000013e3000 	/usr/lib/libauto.dylib
0x00000000013e3000 	/usr/lib/libicucore.A.dylib
0x00000000013e3000 	/usr/lib/libxml2.2.dylib
0x00000000013e3000 	/System/Library/PrivateFrameworks/CoreUI.framework/Versions/A/CoreUI
0x00000000013e3000 	/System/Library/Frameworks/CoreAudio.framework/Versions/A/CoreAudio
0x00000000013e3000 	/System/Library/Frameworks/DiskArbitration.framework/Versions/A/DiskArbitration
0x00000000013e3000 	/usr/lib/liblangid.dylib
0x00000000013e3000 	/System/Library/PrivateFrameworks/MultitouchSupport.framework/Versions/A/MultitouchSupport
0x00000000013e3000 	/System/Library/Frameworks/IOKit.framework/Versions/A/IOKit
0x00000000013e3000 	/usr/lib/libDiagnosticMessagesClient.dylib
0x00000000013e3000 	/System/Library/Frameworks/CoreServices.framework/Versions/A/CoreServices
0x00000000013e3000 	/System/Library/PrivateFrameworks/PerformanceAnalysis.framework/Versions/A/PerformanceAnalysis
0x00000000013e3000 	/System/Library/PrivateFrameworks/GenerationalStorage.framework/Versions/A/GenerationalStorage
0x00000000013e3000 	/System/Library/Frameworks/OpenGL.framework/Versions/A/OpenGL
0x00000000013e3000 	/System/Library/PrivateFrameworks/Sharing.framework/Versions/A/Sharing
0x00000000013e3000 	/System/Library/Frameworks/ImageIO.framework/Versions/A/ImageIO
0x00000000013e3000 	/System/Library/Frameworks/CoreText.framework/Versions/A/CoreText
0x00000000013e3000 	/System/Library/Frameworks/CoreGraphics.framework/Versions/A/CoreGraphics
0x00000000013e3000 	/System/Library/PrivateFrameworks/Backup.framework/Versions/A/Backup
0x00000000013e3000 	/System/Library/Frameworks/CFNetwork.framework/Versions/A/CFNetwork
0x00000000013e3000 	/System/Library/Frameworks/SystemConfiguration.framework/Versions/A/SystemConfiguration
0x00000000013e3000 	/usr/lib/libCRFSuite.dylib
0x00000000013e3000 	/usr/lib/libc++.1.dylib
0x00000000013e3000 	/usr/lib/libc++abi.dylib
0x00000000013e3000 	/usr/lib/system/libcache.dylib
0x00000000013e3000 	/usr/lib/system/libcommonCrypto.dylib
0x00000000013e3000 	/usr/lib/system/libcompiler_rt.dylib
0x00000000013e3000 	/usr/lib/system/libcopyfile.dylib
0x00000000013e3000 	/usr/lib/system/libcorecrypto.dylib
0x00000000013e3000 	/usr/lib/system/libdispatch.dylib
0x00000000013e3000 	/usr/lib/system/libdyld.dylib
0x00000000013e3000 	/usr/lib/system/libkeymgr.dylib
0x00000000013e3000 	/usr/lib/system/liblaunch.dylib
0x00000000013e3000 	/usr/lib/system/libmacho.dylib
0x00000000013e3000 	/usr/lib/system/libquarantine.dylib
0x00000000013e3000 	/usr/lib/system/libremovefile.dylib
0x00000000013e3000 	/usr/lib/system/libsystem_asl.dylib
0x00000000013e3000 	/usr/lib/system/libsystem_blocks.dylib
0x00000000013e3000 	/usr/lib/system/libsystem_c.dylib
0x00000000013e3000 	/usr/lib/system/libsystem_configuration.dylib
0x00000000013e3000 	/usr/lib/system/libsystem_dnssd.dylib
0x00000000013e3000 	/usr/lib/system/libsystem_info.dylib
0x00000000013e3000 	/usr/lib/system/libsystem_kernel.dylib
0x00000000013e3000 	/usr/lib/system/libsystem_m.dylib
0x00000000013e3000 	/usr/lib/system/libsystem_malloc.dylib
0x00000000013e3000 	/usr/lib/system/libsystem_network.dylib
0x00000000013e3000 	/usr/lib/system/libsystem_notify.dylib
0x00000000013e3000 	/usr/lib/system/libsystem_platform.dylib
0x00000000013e3000 	/usr/lib/system/libsystem_pthread.dylib
0x00000000013e3000 	/usr/lib/system/libsystem_sandbox.dylib
0x00000000013e3000 	/usr/lib/system/libsystem_stats.dylib
0x00000000013e3000 	/usr/lib/system/libunc.dylib
0x00000000013e3000 	/usr/lib/system/libunwind.dylib
0x00000000013e3000 	/usr/lib/system/libxpc.dylib
0x00000000013e3000 	/usr/lib/libbsm.0.dylib
0x00000000013e3000 	/usr/lib/libsqlite3.dylib
0x00000000013e3000 	/usr/lib/libxar.1.dylib
0x00000000013e3000 	/usr/lib/libpam.2.dylib
0x00000000013e3000 	/usr/lib/libOpenScriptingUtil.dylib
0x00000000013e3000 	/usr/lib/libbz2.1.0.dylib
0x00000000013e3000 	/System/Library/Frameworks/CoreServices.framework/Versions/A/Frameworks/CarbonCore.framework/Versions/A/CarbonCore
0x00000000013e3000 	/System/Library/Frameworks/CoreServices.framework/Versions/A/Frameworks/Metadata.framework/Versions/A/Metadata
0x00000000013e3000 	/System/Library/Frameworks/CoreServices.framework/Versions/A/Frameworks/OSServices.framework/Versions/A/OSServices
0x00000000013e3000 	/System/Library/Frameworks/CoreServices.framework/Versions/A/Frameworks/SearchKit.framework/Versions/A/SearchKit
0x00000000013e3000 	/System/Library/Frameworks/CoreServices.framework/Versions/A/Frameworks/AE.framework/Versions/A/AE
0x00000000013e3000 	/System/Library/Frameworks/CoreServices.framework/Versions/A/Frameworks/LaunchServices.framework/Versions/A/LaunchServices
0x00000000013e3000 	/System/Library/Frameworks/CoreServices.framework/Versions/A/Frameworks/DictionaryServices.framework/Versions/A/DictionaryServices
0x00000000013e3000 	/System/Library/Frameworks/NetFS.framework/Versions/A/NetFS
0x00000000013e3000 	/usr/lib/system/libkxld.dylib
0x00000000013e3000 	/System/Library/PrivateFrameworks/NetAuth.framework/Versions/A/NetAuth
0x00000000013e3000 	/System/Library/PrivateFrameworks/TCC.framework/Versions/A/TCC
0x00000000013e3000 	/System/Library/Frameworks/OpenDirectory.framework/Versions/A/Frameworks/CFOpenDirectory.framework/Versions/A/CFOpenDirectory
0x00000000013e3000 	/System/Library/Frameworks/ServiceManagement.framework/Versions/A/ServiceManagement
0x00000000013e3000 	/usr/lib/libxslt.1.dylib
0x00000000013e3000 	/System/Library/Frameworks/Carbon.framework/Versions/A/Frameworks/Ink.framework/Versions/A/Ink
0x00000000013e3000 	/System/Library/Frameworks/ApplicationServices.framework/Versions/A/Frameworks/ATS.framework/Versions/A/ATS
0x00000000013e3000 	/System/Library/Frameworks/ApplicationServices.framework/Versions/A/Frameworks/ColorSync.framework/Versions/A/ColorSync
0x00000000013e3000 	/System/Library/Frameworks/ApplicationServices.framework/Versions/A/Frameworks/HIServices.framework/Versions/A/HIServices
0x00000000013e3000 	/System/Library/Frameworks/ApplicationServices.framework/Versions/A/Frameworks/LangAnalysis.framework/Versions/A/LangAnalysis
0x00000000013e3000 	/System/Library/Frameworks/ApplicationServices.framework/Versions/A/Frameworks/PrintCore.framework/Versions/A/PrintCore
0x00000000013e3000 	/System/Library/Frameworks/ApplicationServices.framework/Versions/A/Frameworks/QD.framework/Versions/A/QD
0x00000000013e3000 	/System/Library/Frameworks/ApplicationServices.framework/Versions/A/Frameworks/SpeechSynthesis.framework/Versions/A/SpeechSynthesis
0x00000000013e3000 	/System/Library/Frameworks/IOSurface.framework/Versions/A/IOSurface
0x00000000013e3000 	/System/Library/Frameworks/Accelerate.framework/Versions/A/Accelerate
0x00000000013e3000 	/System/Library/Frameworks/Accelerate.framework/Versions/A/Frameworks/vImage.framework/Versions/A/vImage
0x00000000013e3000 	/System/Library/Frameworks/Accelerate.framework/Versions/A/Frameworks/vecLib.framework/Versions/A/vecLib
0x00000000013e3000 	/System/Library/Frameworks/Accelerate.framework/Versions/A/Frameworks/vecLib.framework/Versions/A/libvDSP.dylib
0x00000000013e3000 	/System/Library/Frameworks/Accelerate.framework/Versions/A/Frameworks/vecLib.framework/Versions/A/libvMisc.dylib
0x00000000013e3000 	/System/Library/Frameworks/Accelerate.framework/Versions/A/Frameworks/vecLib.framework/Versions/A/libLAPACK.dylib
0x00000000013e3000 	/System/Library/Frameworks/Accelerate.framework/Versions/A/Frameworks/vecLib.framework/Versions/A/libBLAS.dylib
0x00000000013e3000 	/System/Library/Frameworks/ApplicationServices.framework/Versions/A/Frameworks/ATS.framework/Versions/A/Resources/libFontParser.dylib
0x00000000013e3000 	/System/Library/Frameworks/ApplicationServices.framework/Versions/A/Frameworks/ATS.framework/Versions/A/Resources/libFontRegistry.dylib
0x00000000013e3000 	/System/Library/Frameworks/ImageIO.framework/Versions/A/Resources/libJPEG.dylib
0x00000000013e3000 	/System/Library/Frameworks/ImageIO.framework/Versions/A/Resources/libTIFF.dylib
0x00000000013e3000 	/System/Library/Frameworks/ImageIO.framework/Versions/A/Resources/libPng.dylib
0x00000000013e3000 	/System/Library/Frameworks/ImageIO.framework/Versions/A/Resources/libGIF.dylib
0x00000000013e3000 	/System/Library/Frameworks/ImageIO.framework/Versions/A/Resources/libJP2.dylib
0x00000000013e3000 	/System/Library/Frameworks/ImageIO.framework/Versions/A/Resources/libRadiance.dylib
0x00000000013e3000 	/usr/lib/libcups.2.dylib
0x00000000013e3000 	/System/Library/Frameworks/Kerberos.framework/Versions/A/Kerberos
0x00000000013e3000 	/System/Library/Frameworks/GSS.framework/Versions/A/GSS
0x00000000013e3000 	/usr/lib/libresolv.9.dylib
0x00000000013e3000 	/usr/lib/libiconv.2.dylib
0x00000000013e3000 	/System/Library/PrivateFrameworks/Heimdal.framework/Versions/A/Heimdal
0x00000000013e3000 	/System/Library/PrivateFrameworks/TrustEvaluationAgent.framework/Versions/A/TrustEvaluationAgent
0x00000000013e3000 	/usr/lib/libheimdal-asn1.dylib
0x00000000013e3000 	/System/Library/Frameworks/OpenDirectory.framework/Versions/A/OpenDirectory
0x00000000013e3000 	/System/Library/PrivateFrameworks/CommonAuth.framework/Versions/A/CommonAuth
0x00000000013e3000 	/System/Library/Frameworks/SecurityFoundation.framework/Versions/A/SecurityFoundation
0x00000000013e3000 	/System/Library/PrivateFrameworks/Bom.framework/Versions/A/Bom
0x00000000013e3000 	/System/Library/Frameworks/CoreVideo.framework/Versions/A/CoreVideo
0x00000000013e3000 	/System/Library/Frameworks/QuartzCore.framework/Versions/A/Frameworks/CoreImage.framework/Versions/A/CoreImage
0x00000000013e3000 	/System/Library/Frameworks/QuartzCore.framework/Versions/A/Frameworks/ScalableUserInterface.framework/Versions/A/ScalableUserInterface
0x00000000013e3000 	/System/Library/Frameworks/OpenGL.framework/Versions/A/Libraries/libGLU.dylib
0x00000000013e3000 	/System/Library/Frameworks/OpenGL.framework/Versions/A/Libraries/libGFXShared.dylib
0x00000000013e3000 	/System/Library/Frameworks/OpenGL.framework/Versions/A/Libraries/libGL.dylib
0x00000000013e3000 	/System/Library/Frameworks/OpenGL.framework/Versions/A/Libraries/libGLImage.dylib
0x00000000013e3000 	/System/Library/Frameworks/OpenGL.framework/Versions/A/Libraries/libCVMSPluginSupport.dylib
0x00000000013e3000 	/System/Library/Frameworks/OpenGL.framework/Versions/A/Libraries/libCoreVMClient.dylib
0x00000000013e3000 	/System/Library/PrivateFrameworks/FaceCore.framework/Versions/A/FaceCore
0x00000000013e3000 	/System/Library/PrivateFrameworks/CrashReporterSupport.framework/Versions/A/CrashReporterSupport
0x00000000013e3000 	/System/Library/Frameworks/OpenCL.framework/Versions/A/OpenCL
0x00000000013e3000 	/System/Library/PrivateFrameworks/AppleFSCompression.framework/Versions/A/AppleFSCompression
0x00000000013e3000 	/System/Library/PrivateFrameworks/Ubiquity.framework/Versions/A/Ubiquity
0x00000000013e3000 	/System/Library/PrivateFrameworks/IconServices.framework/Versions/A/IconServices
0x00000000013e3000 	/System/Library/PrivateFrameworks/ChunkingLibrary.framework/Versions/A/ChunkingLibrary
0x00000000013e3000 	/System/Library/PrivateFrameworks/CoreSymbolication.framework/Versions/A/CoreSymbolication
0x00000000013e3000 	/System/Library/PrivateFrameworks/Symbolication.framework/Versions/A/Symbolication
0x00000000013e3000 	/System/Library/PrivateFrameworks/DebugSymbols.framework/Versions/A/DebugSymbols
0x00000001093f2000 	/Library/Java/JavaVirtualMachines/jdk1.7.0_45.jdk/Contents/Home/jre/lib/server/libjvm.dylib
0x00000000013e3000 	/usr/lib/libstdc++.6.dylib
0x0000000109f48000 	/Library/Java/JavaVirtualMachines/jdk1.7.0_45.jdk/Contents/Home/jre/lib/libverify.dylib
0x0000000109f55000 	/Library/Java/JavaVirtualMachines/jdk1.7.0_45.jdk/Contents/Home/jre/lib/libjava.dylib
0x0000000109f8f000 	/Library/Java/JavaVirtualMachines/jdk1.7.0_45.jdk/Contents/Home/jre/lib/libzip.dylib
0x000000011402d000 	/System/Library/Frameworks/JavaVM.framework/Frameworks/JavaRuntimeSupport.framework/JavaRuntimeSupport
0x0000000114045000 	/System/Library/Frameworks/JavaVM.framework/Versions/A/Frameworks/JavaNativeFoundation.framework/Versions/A/JavaNativeFoundation
0x000000010d1ed000 	/System/Library/Frameworks/JavaVM.framework/Versions/A/JavaVM
0x00000000013e3000 	/System/Library/Frameworks/Carbon.framework/Versions/A/Carbon
0x0000000114059000 	/System/Library/PrivateFrameworks/JavaLaunching.framework/Versions/A/JavaLaunching
0x00000000013e3000 	/System/Library/Frameworks/Carbon.framework/Versions/A/Frameworks/CommonPanels.framework/Versions/A/CommonPanels
0x00000000013e3000 	/System/Library/Frameworks/Carbon.framework/Versions/A/Frameworks/Help.framework/Versions/A/Help
0x00000000013e3000 	/System/Library/Frameworks/Carbon.framework/Versions/A/Frameworks/ImageCapture.framework/Versions/A/ImageCapture
0x00000000013e3000 	/System/Library/Frameworks/Carbon.framework/Versions/A/Frameworks/OpenScripting.framework/Versions/A/OpenScripting
0x00000000013e3000 	/System/Library/Frameworks/Carbon.framework/Versions/A/Frameworks/Print.framework/Versions/A/Print
0x00000000013e3000 	/System/Library/Frameworks/Carbon.framework/Versions/A/Frameworks/SecurityHI.framework/Versions/A/SecurityHI
0x00000001146c8000 	/private/var/folders/rn/7l44jphj0g7gs2jyys0_x7840000gn/T/libgdxPhilo/92bf976d/libgdx.dylib
0x0000000114795000 	/Library/Java/JavaVirtualMachines/jdk1.7.0_45.jdk/Contents/Home/jre/lib/libawt.dylib
0x0000000114844000 	/Library/Java/JavaVirtualMachines/jdk1.7.0_45.jdk/Contents/Home/jre/lib/./libmlib_image.dylib
0x0000000114910000 	/Library/Java/JavaVirtualMachines/jdk1.7.0_45.jdk/Contents/Home/jre/lib/lwawt/liblwawt.dylib
0x00000001149c4000 	/Library/Java/JavaVirtualMachines/jdk1.7.0_45.jdk/Contents/Home/jre/lib/libosxapp.dylib
0x00000000013e3000 	/System/Library/Frameworks/ExceptionHandling.framework/Versions/A/ExceptionHandling
0x00000000013e3000 	/System/Library/PrivateFrameworks/CoreServicesInternal.framework/Versions/A/CoreServicesInternal
0x00000000013e3000 	/System/Library/PrivateFrameworks/Librarian.framework/Versions/A/Librarian
0x00000000013e3000 	/System/Library/Frameworks/CoreGraphics.framework/Versions/A/Resources/libCGCMS.A.dylib
0x00000000013e3000 	/System/Library/Frameworks/CoreGraphics.framework/Versions/A/Resources/libRIP.A.dylib
0x00000000013e3000 	/System/Library/Frameworks/CoreGraphics.framework/Versions/A/Resources/libCGXType.A.dylib
0x00000000013e3000 	/System/Library/PrivateFrameworks/FamilyControls.framework/Versions/A/FamilyControls
0x00000000013e3000 	/System/Library/PrivateFrameworks/CommerceKit.framework/Versions/A/Frameworks/CommerceCore.framework/Versions/A/CommerceCore
0x00000000013e3000 	/System/Library/PrivateFrameworks/SystemAdministration.framework/Versions/A/SystemAdministration
0x00000000013e3000 	/System/Library/Frameworks/DirectoryService.framework/Versions/A/DirectoryService
0x00000000013e3000 	/System/Library/PrivateFrameworks/DiskImages.framework/Versions/A/DiskImages
0x00000000013e3000 	/System/Library/PrivateFrameworks/LoginUIKit.framework/Versions/A/Frameworks/LoginUICore.framework/Versions/A/LoginUICore
0x00000000013e3000 	/usr/lib/libCoreStorage.dylib
0x00000000013e3000 	/usr/lib/libcsfde.dylib
0x00000000013e3000 	/usr/lib/libodfde.dylib
0x00000000013e3000 	/System/Library/Frameworks/DiscRecording.framework/Versions/A/DiscRecording
0x00000000013e3000 	/usr/lib/libcurl.4.dylib
0x00000000013e3000 	/System/Library/PrivateFrameworks/MediaKit.framework/Versions/A/MediaKit
0x00000000013e3000 	/System/Library/PrivateFrameworks/EFILogin.framework/Versions/A/EFILogin
0x00000000013e3000 	/usr/lib/libutil.dylib
0x00000000013e3000 	/System/Library/PrivateFrameworks/AOSNotification.framework/Versions/A/AOSNotification
0x00000000013e3000 	/System/Library/Frameworks/LDAP.framework/Versions/A/LDAP
0x00000000013e3000 	/usr/lib/libsasl2.2.dylib
0x00000000013e3000 	/usr/lib/libcrypto.0.9.8.dylib
0x00000000013e3000 	/usr/lib/libssl.0.9.8.dylib
0x00000001189cf000 	/Library/Java/JavaVirtualMachines/jdk1.7.0_45.jdk/Contents/Home/jre/lib/libfontmanager.dylib
0x0000000118a33000 	/private/var/folders/rn/7l44jphj0g7gs2jyys0_x7840000gn/T/libgdxPhilo/75260a42/liblwjgl.jnilib
0x00000001161cd000 	/Library/Java/JavaVirtualMachines/jdk1.7.0_45.jdk/Contents/Home/jre/lib/libjawt.dylib
0x0000000118aae000 	/var/folders/rn/7l44jphj0g7gs2jyys0_x7840000gn/T/libgdxPhilo/75260a42/openal.dylib
0x0000000118b0a000 	/System/Library/Components/CoreAudio.component/Contents/MacOS/CoreAudio
0x00000001161f8000 	/System/Library/Extensions/AppleHDA.kext/Contents/PlugIns/AppleHDAHALPlugIn.bundle/Contents/MacOS/AppleHDAHALPlugIn
0x00000000013e3000 	/System/Library/Frameworks/OpenGL.framework/Versions/A/Resources/GLEngine.bundle/GLEngine
0x00000000013e3000 	/System/Library/Frameworks/OpenGL.framework/Versions/A/Libraries/libGLProgrammability.dylib
0x0000000000000000 	/System/Library/Extensions/GeForceGLDriver.bundle/Contents/MacOS/GeForceGLDriver
0x00000000013e3000 	/System/Library/PrivateFrameworks/IOAccelerator.framework/Versions/A/IOAccelerator
0x00000000013e3000 	/System/Library/PrivateFrameworks/GPUSupport.framework/Versions/A/Libraries/libGPUSupportMercury.dylib
0x00000000013e3000 	/System/Library/Extensions/GeForceGLDriver.bundle/Contents/MacOS/libclh.dylib
0x00000000013e3000 	/System/Library/Frameworks/OpenGL.framework/Versions/A/Resources/GLRendererFloat.bundle/GLRendererFloat
0x00000000013e3000 	/System/Library/Frameworks/OpenCL.framework/Versions/A/Libraries/libcldcpuengine.dylib
0x0000000116ea7000 	/Users/Philo/Downloads/musical-fingers-master 4/Musical-fingers/lib/x64/libLeapJava.dylib
0x000000011b96e000 	/Users/Philo/Downloads/musical-fingers-master 4/Musical-fingers/lib/x64/libLeap.dylib

VM Arguments:
jvm_args: -Djava.library.path=/Users/Philo/Downloads/musical-fingers-master 4/Musical-fingers/lib/x64 -Dfile.encoding=US-ASCII 
java_command: ox.musicalfingers.display.Main
Launcher Type: SUN_STANDARD

Environment Variables:
PATH=/usr/bin:/bin:/usr/sbin:/sbin
SHELL=/bin/bash

Signal Handlers:
SIGSEGV: [libjvm.dylib+0x525415], sa_mask[0]=0xfffefeff, sa_flags=0x00000043
SIGBUS: [libjvm.dylib+0x525415], sa_mask[0]=0xfffefeff, sa_flags=0x00000042
SIGFPE: [libjvm.dylib+0x41891a], sa_mask[0]=0xfffefeff, sa_flags=0x00000042
SIGPIPE: [libjvm.dylib+0x41891a], sa_mask[0]=0xfffefeff, sa_flags=0x00000042
SIGXFSZ: [libjvm.dylib+0x41891a], sa_mask[0]=0xfffefeff, sa_flags=0x00000042
SIGILL: [libjvm.dylib+0x41891a], sa_mask[0]=0xfffefeff, sa_flags=0x00000042
SIGUSR1: SIG_DFL, sa_mask[0]=0x00000000, sa_flags=0x00000002
SIGUSR2: [libjvm.dylib+0x41840c], sa_mask[0]=0x00000004, sa_flags=0x00000042
SIGHUP: [libjvm.dylib+0x41669b], sa_mask[0]=0xfffefeff, sa_flags=0x00000042
SIGINT: [libjvm.dylib+0x41669b], sa_mask[0]=0xfffefeff, sa_flags=0x00000042
SIGTERM: [libjvm.dylib+0x41669b], sa_mask[0]=0xfffefeff, sa_flags=0x00000042
SIGQUIT: [libjvm.dylib+0x41669b], sa_mask[0]=0xfffefeff, sa_flags=0x00000042


---------------  S Y S T E M  ---------------

OS:Bsduname:Darwin 13.1.0 Darwin Kernel Version 13.1.0: Thu Jan 16 19:40:37 PST 2014; root:xnu-2422.90.20~2/RELEASE_X86_64 x86_64
rlimit: STACK 8192k, CORE 0k, NPROC 709, NOFILE 10240, AS infinity
load average:0.95 1.07 1.13

CPU:total 4 (4 cores per cpu, 1 threads per core) family 6 model 58 stepping 9, cmov, cx8, fxsr, mmx, sse, sse2, sse3, ssse3, sse4.1, sse4.2, popcnt, avx, aes, erms, tsc, tscinvbit, tscinv

Memory: 4k page, physical 8388608k(2097152k free)

/proc/meminfo:


vm_info: Java HotSpot(TM) 64-Bit Server VM (24.45-b08) for bsd-amd64 JRE (1.7.0_45-b18), built on Oct  8 2013 05:54:16 by "java_re" with gcc 4.2.1 (Based on Apple Inc. build 5658) (LLVM build 2336.11.00)

time: Tue May  6 11:19:42 2014
elapsed time: 46 seconds

