#
# A fatal error has been detected by the Java Runtime Environment:
#
#  SIGSEGV (0xb) at pc=0x000000019df327fc, pid=3744, tid=12547
#
# JRE version: Java(TM) SE Runtime Environment (7.0_45-b18) (build 1.7.0_45-b18)
# Java VM: Java HotSpot(TM) 64-Bit Server VM (24.45-b08 mixed mode bsd-amd64 compressed oops)
# Problematic frame:
# C  [libLeap.dylib+0x287fc]  Leap::InteractionBox::toString() const+0x4f3c
#
# Failed to write core dump. Core dumps have been disabled. To enable core dumping, try "ulimit -c unlimited" before starting Java again
#
# If you would like to submit a bug report, please visit:
#   http://bugreport.sun.com/bugreport/crash.jsp
# The crash happened outside the Java Virtual Machine in native code.
# See problematic frame for where to report the bug.
#

---------------  T H R E A D  ---------------

Current thread (0x00007feea5003000):  JavaThread "Finalizer" daemon [_thread_in_native, id=12547, stack(0x0000000196113000,0x0000000196213000)]

siginfo:si_signo=SIGSEGV: si_errno=0, si_code=0 (SEGV0), si_addr=0x0000000000000000

Registers:
RAX=0x300007feea3f53b6, RBX=0x00007feea51d1a10, RCX=0x0000000000000000, RDX=0x00007feea3e6b558
RSP=0x0000000196212230, RBP=0x0000000196212340, RSI=0x00043e0000043e00, RDI=0x00007feea3f502f0
R8 =0x0000000000000040, R9 =0x0000000196212100, R10=0x0000000106f1966c, R11=0x00000001067d1297
R12=0x00007feea51d1800, R13=0x00007feea3e653b0, R14=0x0000000196212288, R15=0x00007feea3f5d270
RIP=0x000000019df327fc, EFLAGS=0x0000000000010216, ERR=0x0000000000000000
  TRAPNO=0x000000000000000d

Top of Stack: (sp=0x0000000196212230)
0x0000000196212230:   00007feea5003000 0000000106633084
0x0000000196212240:   00007feea3f797c0 00007feea51d1a08
0x0000000196212250:   00000000000014dd 0000000106ab8f30
0x0000000196212260:   0000000194cc4ed0 0000000000000003
0x0000000196212270:   00000001962122c0 00000000000014dd
0x0000000196212280:   00007fee00000009 0000000000000000
0x0000000196212290:   00007feea3f5d270 00007feea3f5d270
0x00000001962122a0:   00007feea3f5d270 0000000000000001
0x00000001962122b0:   00007feea51d1dc8 00007feea5003001
0x00000001962122c0:   00007feea51d1d48 000000010675ba01
0x00000001962122d0:   00007feea5003000 00007feea3ffc080
0x00000001962122e0:   0000000196212338 00007feea3e01ac8
0x00000001962122f0:   0000000196212310 00000001067d4dee
0x0000000196212300:   00007feea5003000 00007feea5003000
0x0000000196212310:   0000000196212350 00007feea3e653b0
0x0000000196212320:   0000000000000000 000000010a9632e8
0x0000000196212330:   00007feea3e6b500 00007feea5003000
0x0000000196212340:   0000000196212360 000000019df15ea4
0x0000000196212350:   000000010a9632e8 00000001962123e8
0x0000000196212360:   00000001962123c0 0000000106f19698
0x0000000196212370:   00000001962123d8 00007feea3f77360
0x0000000196212380:   0000000196212380 000000010a9632e8
0x0000000196212390:   00000001962123e8 000000010a966a28
0x00000001962123a0:   0000000000000000 000000010a9632e8
0x00000001962123b0:   0000000000000000 00000001962123e0
0x00000001962123c0:   0000000196212440 0000000106f0d058
0x00000001962123d0:   0000000166e18710 0000000106f15cd8
0x00000001962123e0:   00007feea3e653b0 0000000166ff1ad0
0x00000001962123f0:   0000000000000021 0000000166ff1ad0
0x0000000196212400:   00000001962123f0 000000010a94f8d1
0x0000000196212410:   0000000196212450 000000010a9510f8
0x0000000196212420:   0000000000000000 000000010a94f8e8 

Instructions: (pc=0x000000019df327fc)
0x000000019df327dc:   d0 2d fe ff 4c 8d b5 48 ff ff ff 4c 8b bd 58 ff
0x000000019df327ec:   ff ff 66 90 4d 39 f7 74 31 49 8b 7f 20 48 8b 07
0x000000019df327fc:   48 8b 40 28 4c 89 ee ff d0 eb 0d 48 89 c7 e8 71
0x000000019df3280c:   3a 09 00 e8 7e 3a 09 00 4c 89 ff e8 04 3a 09 00 

Register to memory mapping:

RAX=0x300007feea3f53b6 is an unknown value
RBX=0x00007feea51d1a10 is an unknown value
RCX=0x0000000000000000 is an unknown value
RDX=0x00007feea3e6b558 is an unknown value
RSP=0x0000000196212230 is pointing into the stack for thread: 0x00007feea5003000
RBP=0x0000000196212340 is pointing into the stack for thread: 0x00007feea5003000
RSI=0x00043e0000043e00 is an unknown value
RDI=0x00007feea3f502f0 is an unknown value
R8 =0x0000000000000040 is an unknown value
R9 =0x0000000196212100 is pointing into the stack for thread: 0x00007feea5003000
R10=0x0000000106f1966c is at code_begin+620 in an Interpreter codelet
method entry point (kind = native)  [0x0000000106f19400, 0x0000000106f19c40]  2112 bytes
R11=0x00000001067d1297: throw_unsatisfied_link_error+0 in /Library/Java/JavaVirtualMachines/jdk1.7.0_45.jdk/Contents/Home/jre/lib/server/libjvm.dylib at 0x0000000106361000
R12=0x00007feea51d1800 is an unknown value
R13=0x00007feea3e653b0 is an unknown value
R14=0x0000000196212288 is pointing into the stack for thread: 0x00007feea5003000
R15=0x00007feea3f5d270 is an unknown value


Stack: [0x0000000196113000,0x0000000196213000],  sp=0x0000000196212230,  free space=1020k
Native frames: (J=compiled Java code, j=interpreted, Vv=VM code, C=native code)
C  [libLeap.dylib+0x287fc]  Leap::InteractionBox::toString() const+0x4f3c
C  [libLeap.dylib+0xbea4]  Leap::Controller::~Controller()+0x34
j  com.leapmotion.leap.LeapJNI.delete_Controller(J)V+0
j  com.leapmotion.leap.Controller.delete()V+25
j  com.leapmotion.leap.Controller.finalize()V+1
v  ~StubRoutines::call_stub
V  [libjvm.dylib+0x2d6d90]  JavaCalls::call_helper(JavaValue*, methodHandle*, JavaCallArguments*, Thread*)+0x22a
V  [libjvm.dylib+0x2d6b60]  JavaCalls::call(JavaValue*, methodHandle, JavaCallArguments*, Thread*)+0x28
V  [libjvm.dylib+0x30a605]  jni_invoke_nonstatic(JNIEnv_*, JavaValue*, _jobject*, JNICallType, _jmethodID*, JNI_ArgumentPusher*, Thread*)+0x2ba
V  [libjvm.dylib+0x2fe176]  jni_CallVoidMethod+0x116
C  [libjava.dylib+0x299c]  Java_java_lang_ref_Finalizer_invokeFinalizeMethod+0x58
J  java.lang.ref.Finalizer.invokeFinalizeMethod(Ljava/lang/Object;)V

Java frames: (J=compiled Java code, j=interpreted, Vv=VM code)
j  com.leapmotion.leap.LeapJNI.delete_Controller(J)V+0
j  com.leapmotion.leap.Controller.delete()V+25
j  com.leapmotion.leap.Controller.finalize()V+1
v  ~StubRoutines::call_stub
J  java.lang.ref.Finalizer.invokeFinalizeMethod(Ljava/lang/Object;)V
J  java.lang.ref.Finalizer.access$100(Ljava/lang/ref/Finalizer;)V
j  java.lang.ref.Finalizer$FinalizerThread.run()V+24
v  ~StubRoutines::call_stub

---------------  P R O C E S S  ---------------

Java Threads: ( => current thread )
  0x00007feea5a7c800 JavaThread "AWT-Shutdown" [_thread_blocked, id=38919, stack(0x000000019dbd5000,0x000000019dcd5000)]
  0x00007feea5104000 JavaThread "AsynchExecutor-Thread" daemon [_thread_blocked, id=67083, stack(0x000000019c94e000,0x000000019ca4e000)]
  0x00007feea40a3800 JavaThread "DestroyJavaVM" [_thread_blocked, id=4867, stack(0x0000000106db5000,0x0000000106eb5000)]
  0x00007feea5039000 JavaThread "LWJGL Application" [_thread_in_native, id=64771, stack(0x000000019b024000,0x000000019b124000)]
  0x00007feea48f9800 JavaThread "AppKit Thread" daemon [_thread_in_native, id=1287, stack(0x00007fff5991d000,0x00007fff5999d000)]
  0x00007feea501e800 JavaThread "Service Thread" daemon [_thread_blocked, id=19459, stack(0x000000019665e000,0x000000019675e000)]
  0x00007feea501d800 JavaThread "C2 CompilerThread1" daemon [_thread_blocked, id=18947, stack(0x000000019655b000,0x000000019665b000)]
  0x00007feea501c000 JavaThread "C2 CompilerThread0" daemon [_thread_blocked, id=18435, stack(0x0000000196458000,0x0000000196558000)]
  0x00007feea5018800 JavaThread "Signal Dispatcher" daemon [_thread_blocked, id=17923, stack(0x0000000196355000,0x0000000196455000)]
=>0x00007feea5003000 JavaThread "Finalizer" daemon [_thread_in_native, id=12547, stack(0x0000000196113000,0x0000000196213000)]
  0x00007feea5000000 JavaThread "Reference Handler" daemon [_thread_blocked, id=12035, stack(0x0000000196010000,0x0000000196110000)]

Other Threads:
  0x00007feea485a000 VMThread [stack: 0x0000000195f0d000,0x000000019600d000] [id=11523]
  0x00007feea5800000 WatcherThread [stack: 0x0000000196761000,0x0000000196861000] [id=19971]

VM state:not at safepoint (normal execution)

VM Mutex/Monitor currently owned by a thread: None

Heap
 PSYoungGen      total 37376K, used 2464K [0x0000000164780000, 0x0000000167280000, 0x000000018f280000)
  eden space 32768K, 0% used [0x0000000164780000,0x00000001647ce5e0,0x0000000166780000)
  from space 4608K, 46% used [0x0000000166e00000,0x0000000167019a68,0x0000000167280000)
  to   space 5632K, 0% used [0x0000000166780000,0x0000000166780000,0x0000000166d00000)
 ParOldGen       total 87040K, used 461K [0x000000010f280000, 0x0000000114780000, 0x0000000164780000)
  object space 87040K, 0% used [0x000000010f280000,0x000000010f2f3690,0x0000000114780000)
 PSPermGen       total 21504K, used 9373K [0x000000010a080000, 0x000000010b580000, 0x000000010f280000)
  object space 21504K, 43% used [0x000000010a080000,0x000000010a9a74d8,0x000000010b580000)

Card table byte_map: [0x000000018f280000,0x000000018f6aa000] byte_map_base: 0x000000018ea2fc00

Polling page: 0x0000000106ef4000

Code Cache  [0x0000000106f07000, 0x0000000107177000, 0x0000000109f07000)
 total_blobs=562 nmethods=174 adapters=342 free_code_cache=48228Kb largest_free_block=49361408

Compilation events (10 events):
Event: 15.746 Thread 0x00007feea501d800  169             com.badlogic.gdx.scenes.scene2d.Actor::getParent (5 bytes)
Event: 15.747 Thread 0x00007feea501d800 nmethod 169 0x0000000106fe1d90 code [0x0000000106fe1ec0, 0x0000000106fe1f38]
Event: 15.861 Thread 0x00007feea501c000  170             java.lang.Math::max (11 bytes)
Event: 15.861 Thread 0x00007feea501c000 nmethod 170 0x0000000106fb52d0 code [0x0000000106fb5400, 0x0000000106fb5438]
Event: 15.947 Thread 0x00007feea501c000  171   !         org.lwjgl.opengl.Sync::sync (125 bytes)
Event: 15.961 Thread 0x00007feea501c000 nmethod 171 0x0000000106fea250 code [0x0000000106fea4c0, 0x0000000106feb0e0]
Event: 16.498 Thread 0x00007feea501d800  172             java.lang.Integer::parseInt (261 bytes)
Event: 16.500 Thread 0x00007feea501c000  173             java.util.StringTokenizer::nextToken (92 bytes)
Event: 16.503 Thread 0x00007feea501d800 nmethod 172 0x0000000106fe9690 code [0x0000000106fe9800, 0x0000000106fe9d78]
Event: 16.518 Thread 0x00007feea501c000 nmethod 173 0x0000000106ff0010 code [0x0000000106ff0260, 0x0000000106ff0e60]

GC Heap History (10 events):
Event: 2.257 GC heap before
{Heap before GC invocations=2 (full 0):
 PSYoungGen      total 38912K, used 38376K [0x0000000164780000, 0x0000000167280000, 0x000000018f280000)
  eden space 33792K, 98% used [0x0000000164780000,0x00000001667fe598,0x0000000166880000)
  from space 5120K, 99% used [0x0000000166880000,0x0000000166d7bb38,0x0000000166d80000)
  to   space 5120K, 0% used [0x0000000166d80000,0x0000000166d80000,0x0000000167280000)
 ParOldGen       total 87040K, used 437K [0x000000010f280000, 0x0000000114780000, 0x0000000164780000)
  object space 87040K, 0% used [0x000000010f280000,0x000000010f2ed690,0x0000000114780000)
 PSPermGen       total 21504K, used 8590K [0x000000010a080000, 0x000000010b580000, 0x000000010f280000)
  object space 21504K, 39% used [0x000000010a080000,0x000000010a8e3ae8,0x000000010b580000)
Event: 2.260 GC heap after
Heap after GC invocations=2 (full 0):
 PSYoungGen      total 38912K, used 2542K [0x0000000164780000, 0x0000000167280000, 0x000000018f280000)
  eden space 33792K, 0% used [0x0000000164780000,0x0000000164780000,0x0000000166880000)
  from space 5120K, 49% used [0x0000000166d80000,0x0000000166ffb8a0,0x0000000167280000)
  to   space 5120K, 0% used [0x0000000166880000,0x0000000166880000,0x0000000166d80000)
 ParOldGen       total 87040K, used 437K [0x000000010f280000, 0x0000000114780000, 0x0000000164780000)
  object space 87040K, 0% used [0x000000010f280000,0x000000010f2ed690,0x0000000114780000)
 PSPermGen       total 21504K, used 8590K [0x000000010a080000, 0x000000010b580000, 0x000000010f280000)
  object space 21504K, 39% used [0x000000010a080000,0x000000010a8e3ae8,0x000000010b580000)
}
Event: 6.427 GC heap before
{Heap before GC invocations=3 (full 0):
 PSYoungGen      total 38912K, used 36334K [0x0000000164780000, 0x0000000167280000, 0x000000018f280000)
  eden space 33792K, 100% used [0x0000000164780000,0x0000000166880000,0x0000000166880000)
  from space 5120K, 49% used [0x0000000166d80000,0x0000000166ffb8a0,0x0000000167280000)
  to   space 5120K, 0% used [0x0000000166880000,0x0000000166880000,0x0000000166d80000)
 ParOldGen       total 87040K, used 437K [0x000000010f280000, 0x0000000114780000, 0x0000000164780000)
  object space 87040K, 0% used [0x000000010f280000,0x000000010f2ed690,0x0000000114780000)
 PSPermGen       total 21504K, used 9302K [0x000000010a080000, 0x000000010b580000, 0x000000010f280000)
  object space 21504K, 43% used [0x000000010a080000,0x000000010a995af0,0x000000010b580000)
Event: 6.430 GC heap after
Heap after GC invocations=3 (full 0):
 PSYoungGen      total 38912K, used 2269K [0x0000000164780000, 0x0000000167280000, 0x000000018f280000)
  eden space 33792K, 0% used [0x0000000164780000,0x0000000164780000,0x0000000166880000)
  from space 5120K, 44% used [0x0000000166880000,0x0000000166ab75c8,0x0000000166d80000)
  to   space 5120K, 0% used [0x0000000166d80000,0x0000000166d80000,0x0000000167280000)
 ParOldGen       total 87040K, used 445K [0x000000010f280000, 0x0000000114780000, 0x0000000164780000)
  object space 87040K, 0% used [0x000000010f280000,0x000000010f2ef690,0x0000000114780000)
 PSPermGen       total 21504K, used 9302K [0x000000010a080000, 0x000000010b580000, 0x000000010f280000)
  object space 21504K, 43% used [0x000000010a080000,0x000000010a995af0,0x000000010b580000)
}
Event: 9.912 GC heap before
{Heap before GC invocations=4 (full 0):
 PSYoungGen      total 38912K, used 36061K [0x0000000164780000, 0x0000000167280000, 0x000000018f280000)
  eden space 33792K, 100% used [0x0000000164780000,0x0000000166880000,0x0000000166880000)
  from space 5120K, 44% used [0x0000000166880000,0x0000000166ab75c8,0x0000000166d80000)
  to   space 5120K, 0% used [0x0000000166d80000,0x0000000166d80000,0x0000000167280000)
 ParOldGen       total 87040K, used 445K [0x000000010f280000, 0x0000000114780000, 0x0000000164780000)
  object space 87040K, 0% used [0x000000010f280000,0x000000010f2ef690,0x0000000114780000)
 PSPermGen       total 21504K, used 9333K [0x000000010a080000, 0x000000010b580000, 0x000000010f280000)
  object space 21504K, 43% used [0x000000010a080000,0x000000010a99d538,0x000000010b580000)
Event: 9.915 GC heap after
Heap after GC invocations=4 (full 0):
 PSYoungGen      total 38912K, used 2056K [0x0000000164780000, 0x0000000167280000, 0x000000018f280000)
  eden space 33792K, 0% used [0x0000000164780000,0x0000000164780000,0x0000000166880000)
  from space 5120K, 40% used [0x0000000166d80000,0x0000000166f82250,0x0000000167280000)
  to   space 5120K, 0% used [0x0000000166880000,0x0000000166880000,0x0000000166d80000)
 ParOldGen       total 87040K, used 453K [0x000000010f280000, 0x0000000114780000, 0x0000000164780000)
  object space 87040K, 0% used [0x000000010f280000,0x000000010f2f1690,0x0000000114780000)
 PSPermGen       total 21504K, used 9333K [0x000000010a080000, 0x000000010b580000, 0x000000010f280000)
  object space 21504K, 43% used [0x000000010a080000,0x000000010a99d538,0x000000010b580000)
}
Event: 13.514 GC heap before
{Heap before GC invocations=5 (full 0):
 PSYoungGen      total 38912K, used 35848K [0x0000000164780000, 0x0000000167280000, 0x000000018f280000)
  eden space 33792K, 100% used [0x0000000164780000,0x0000000166880000,0x0000000166880000)
  from space 5120K, 40% used [0x0000000166d80000,0x0000000166f82250,0x0000000167280000)
  to   space 5120K, 0% used [0x0000000166880000,0x0000000166880000,0x0000000166d80000)
 ParOldGen       total 87040K, used 453K [0x000000010f280000, 0x0000000114780000, 0x0000000164780000)
  object space 87040K, 0% used [0x000000010f280000,0x000000010f2f1690,0x0000000114780000)
 PSPermGen       total 21504K, used 9362K [0x000000010a080000, 0x000000010b580000, 0x000000010f280000)
  object space 21504K, 43% used [0x000000010a080000,0x000000010a9a4ab0,0x000000010b580000)
Event: 13.517 GC heap after
Heap after GC invocations=5 (full 0):
 PSYoungGen      total 38400K, used 2072K [0x0000000164780000, 0x0000000167400000, 0x000000018f280000)
  eden space 33280K, 0% used [0x0000000164780000,0x0000000164780000,0x0000000166800000)
  from space 5120K, 40% used [0x0000000166880000,0x0000000166a86260,0x0000000166d80000)
  to   space 6144K, 0% used [0x0000000166e00000,0x0000000166e00000,0x0000000167400000)
 ParOldGen       total 87040K, used 453K [0x000000010f280000, 0x0000000114780000, 0x0000000164780000)
  object space 87040K, 0% used [0x000000010f280000,0x000000010f2f1690,0x0000000114780000)
 PSPermGen       total 21504K, used 9362K [0x000000010a080000, 0x000000010b580000, 0x000000010f280000)
  object space 21504K, 43% used [0x000000010a080000,0x000000010a9a4ab0,0x000000010b580000)
}
Event: 16.716 GC heap before
{Heap before GC invocations=6 (full 0):
 PSYoungGen      total 38400K, used 35352K [0x0000000164780000, 0x0000000167400000, 0x000000018f280000)
  eden space 33280K, 100% used [0x0000000164780000,0x0000000166800000,0x0000000166800000)
  from space 5120K, 40% used [0x0000000166880000,0x0000000166a86260,0x0000000166d80000)
  to   space 6144K, 0% used [0x0000000166e00000,0x0000000166e00000,0x0000000167400000)
 ParOldGen       total 87040K, used 453K [0x000000010f280000, 0x0000000114780000, 0x0000000164780000)
  object space 87040K, 0% used [0x000000010f280000,0x000000010f2f1690,0x0000000114780000)
 PSPermGen       total 21504K, used 9373K [0x000000010a080000, 0x000000010b580000, 0x000000010f280000)
  object space 21504K, 43% used [0x000000010a080000,0x000000010a9a74d8,0x000000010b580000)
Event: 16.719 GC heap after
Heap after GC invocations=6 (full 0):
 PSYoungGen      total 37376K, used 2150K [0x0000000164780000, 0x0000000167280000, 0x000000018f280000)
  eden space 32768K, 0% used [0x0000000164780000,0x0000000164780000,0x0000000166780000)
  from space 4608K, 46% used [0x0000000166e00000,0x0000000167019a68,0x0000000167280000)
  to   space 5632K, 0% used [0x0000000166780000,0x0000000166780000,0x0000000166d00000)
 ParOldGen       total 87040K, used 461K [0x000000010f280000, 0x0000000114780000, 0x0000000164780000)
  object space 87040K, 0% used [0x000000010f280000,0x000000010f2f3690,0x0000000114780000)
 PSPermGen       total 21504K, used 9373K [0x000000010a080000, 0x000000010b580000, 0x000000010f280000)
  object space 21504K, 43% used [0x000000010a080000,0x000000010a9a74d8,0x000000010b580000)
}

Deoptimization events (8 events):
Event: 14.676 Thread 0x00007feea5039000 Uncommon trap: reason=class_check action=maybe_recompile pc=0x0000000106fe02a0 method=com.badlogic.gdx.graphics.g2d.BitmapFont.getBounds(Ljava/lang/CharSequence;IILcom/badlogic/gdx/graphics/g2d/BitmapFont$TextBounds;)Lcom/badlogic/gdx/graphics/g2d/BitmapF
Event: 14.677 Thread 0x00007feea5039000 Uncommon trap: reason=class_check action=maybe_recompile pc=0x0000000106fe02a0 method=com.badlogic.gdx.graphics.g2d.BitmapFont.getBounds(Ljava/lang/CharSequence;IILcom/badlogic/gdx/graphics/g2d/BitmapFont$TextBounds;)Lcom/badlogic/gdx/graphics/g2d/BitmapF
Event: 14.677 Thread 0x00007feea5039000 Uncommon trap: reason=class_check action=maybe_recompile pc=0x0000000106fe02a0 method=com.badlogic.gdx.graphics.g2d.BitmapFont.getBounds(Ljava/lang/CharSequence;IILcom/badlogic/gdx/graphics/g2d/BitmapFont$TextBounds;)Lcom/badlogic/gdx/graphics/g2d/BitmapF
Event: 14.677 Thread 0x00007feea5039000 Uncommon trap: reason=class_check action=maybe_recompile pc=0x0000000106fe02a0 method=com.badlogic.gdx.graphics.g2d.BitmapFont.getBounds(Ljava/lang/CharSequence;IILcom/badlogic/gdx/graphics/g2d/BitmapFont$TextBounds;)Lcom/badlogic/gdx/graphics/g2d/BitmapF
Event: 14.678 Thread 0x00007feea5039000 Uncommon trap: reason=class_check action=maybe_recompile pc=0x0000000106fd5df0 method=com.badlogic.gdx.graphics.g2d.BitmapFontCache.addToCache(Ljava/lang/CharSequence;FFII)F @ 239
Event: 14.678 Thread 0x00007feea5039000 Uncommon trap: reason=class_check action=maybe_recompile pc=0x0000000106fd5df0 method=com.badlogic.gdx.graphics.g2d.BitmapFontCache.addToCache(Ljava/lang/CharSequence;FFII)F @ 239
Event: 14.678 Thread 0x00007feea5039000 Uncommon trap: reason=class_check action=maybe_recompile pc=0x0000000106fd5df0 method=com.badlogic.gdx.graphics.g2d.BitmapFontCache.addToCache(Ljava/lang/CharSequence;FFII)F @ 239
Event: 14.678 Thread 0x00007feea5039000 Uncommon trap: reason=class_check action=maybe_recompile pc=0x0000000106fd5df0 method=com.badlogic.gdx.graphics.g2d.BitmapFontCache.addToCache(Ljava/lang/CharSequence;FFII)F @ 239

Internal exceptions (10 events):
Event: 3.564 Thread 0x00007feea59e7800 Threw 0x0000000164f424b8 at /HUDSON/workspace/7u-2-build-macosx-x86_64/jdk7u45/229/hotspot/src/share/vm/prims/jvm.cpp:1244
Event: 3.566 Thread 0x00007feea59e7800 Threw 0x0000000164f47a50 at /HUDSON/workspace/7u-2-build-macosx-x86_64/jdk7u45/229/hotspot/src/share/vm/prims/jvm.cpp:1244
Event: 3.567 Thread 0x00007feea59e7800 Threw 0x0000000164f4ca30 at /HUDSON/workspace/7u-2-build-macosx-x86_64/jdk7u45/229/hotspot/src/share/vm/prims/jvm.cpp:1244
Event: 4.377 Thread 0x00007feea5039000 Threw 0x0000000164ec1cd8 at /HUDSON/workspace/7u-2-build-macosx-x86_64/jdk7u45/229/hotspot/src/share/vm/prims/jvm.cpp:1244
Event: 4.378 Thread 0x00007feea5039000 Threw 0x0000000164ec60c0 at /HUDSON/workspace/7u-2-build-macosx-x86_64/jdk7u45/229/hotspot/src/share/vm/prims/jvm.cpp:1244
Event: 4.380 Thread 0x00007feea5039000 Threw 0x0000000164ecc508 at /HUDSON/workspace/7u-2-build-macosx-x86_64/jdk7u45/229/hotspot/src/share/vm/prims/jvm.cpp:1244
Event: 4.447 Thread 0x00007feea52d3000 Threw 0x0000000165701aa0 at /HUDSON/workspace/7u-2-build-macosx-x86_64/jdk7u45/229/hotspot/src/share/vm/prims/jvm.cpp:1244
Event: 7.129 Thread 0x00007feea5039000 Threw 0x00000001647c6218 at /HUDSON/workspace/7u-2-build-macosx-x86_64/jdk7u45/229/hotspot/src/share/vm/prims/jvm.cpp:1244
Event: 14.677 Thread 0x00007feea5039000 Threw 0x00000001651cea30 at /HUDSON/workspace/7u-2-build-macosx-x86_64/jdk7u45/229/hotspot/src/share/vm/prims/jvm.cpp:1244
Event: 14.677 Thread 0x00007feea5039000 Threw 0x00000001651d1860 at /HUDSON/workspace/7u-2-build-macosx-x86_64/jdk7u45/229/hotspot/src/share/vm/prims/jvm.cpp:1244

Events (10 events):
Event: 16.692 Thread 0x00007feea58d3800 Thread added: 0x00007feea58d3800
Event: 16.692 Thread 0x00007feea58d3800 Thread exited: 0x00007feea58d3800
Event: 16.716 Thread 0x00007feea4172800 Thread added: 0x00007feea4172800
Event: 16.716 Thread 0x00007feea4172800 Thread exited: 0x00007feea4172800
Event: 16.716 Thread 0x00007feea4172800 Thread added: 0x00007feea4172800
Event: 16.716 Executing VM operation: ParallelGCFailedAllocation
Event: 16.719 Executing VM operation: ParallelGCFailedAllocation done
Event: 16.719 Thread 0x00007feea4172800 Thread exited: 0x00007feea4172800
Event: 16.721 Executing VM operation: RevokeBias
Event: 16.721 Executing VM operation: RevokeBias done


Dynamic libraries:
0x000000000ca94000 	/System/Library/Frameworks/Cocoa.framework/Versions/A/Cocoa
0x000000000ca94000 	/System/Library/Frameworks/Security.framework/Versions/A/Security
0x000000000ca94000 	/System/Library/Frameworks/ApplicationServices.framework/Versions/A/ApplicationServices
0x000000000ca94000 	/usr/lib/libz.1.dylib
0x000000000ca94000 	/usr/lib/libSystem.B.dylib
0x000000000ca94000 	/usr/lib/libobjc.A.dylib
0x000000000ca94000 	/System/Library/Frameworks/CoreFoundation.framework/Versions/A/CoreFoundation
0x000000000ca94000 	/System/Library/Frameworks/Foundation.framework/Versions/C/Foundation
0x000000000ca94000 	/System/Library/Frameworks/AppKit.framework/Versions/C/AppKit
0x000000000ca94000 	/System/Library/Frameworks/CoreData.framework/Versions/A/CoreData
0x000000000ca94000 	/System/Library/PrivateFrameworks/RemoteViewServices.framework/Versions/A/RemoteViewServices
0x000000000ca94000 	/System/Library/Frameworks/AudioToolbox.framework/Versions/A/AudioToolbox
0x000000000ca94000 	/System/Library/Frameworks/AudioUnit.framework/Versions/A/AudioUnit
0x000000000ca94000 	/System/Library/PrivateFrameworks/DataDetectorsCore.framework/Versions/A/DataDetectorsCore
0x000000000ca94000 	/System/Library/PrivateFrameworks/DesktopServicesPriv.framework/Versions/A/DesktopServicesPriv
0x000000000ca94000 	/System/Library/Frameworks/Carbon.framework/Versions/A/Frameworks/HIToolbox.framework/Versions/A/HIToolbox
0x000000000ca94000 	/System/Library/Frameworks/QuartzCore.framework/Versions/A/QuartzCore
0x000000000ca94000 	/System/Library/Frameworks/Carbon.framework/Versions/A/Frameworks/SpeechRecognition.framework/Versions/A/SpeechRecognition
0x000000000ca94000 	/usr/lib/libauto.dylib
0x000000000ca94000 	/usr/lib/libicucore.A.dylib
0x000000000ca94000 	/usr/lib/libxml2.2.dylib
0x000000000ca94000 	/System/Library/PrivateFrameworks/CoreUI.framework/Versions/A/CoreUI
0x000000000ca94000 	/System/Library/Frameworks/CoreAudio.framework/Versions/A/CoreAudio
0x000000000ca94000 	/System/Library/Frameworks/DiskArbitration.framework/Versions/A/DiskArbitration
0x000000000ca94000 	/usr/lib/liblangid.dylib
0x000000000ca94000 	/System/Library/PrivateFrameworks/MultitouchSupport.framework/Versions/A/MultitouchSupport
0x000000000ca94000 	/System/Library/Frameworks/IOKit.framework/Versions/A/IOKit
0x000000000ca94000 	/usr/lib/libDiagnosticMessagesClient.dylib
0x000000000ca94000 	/System/Library/Frameworks/CoreServices.framework/Versions/A/CoreServices
0x000000000ca94000 	/System/Library/PrivateFrameworks/PerformanceAnalysis.framework/Versions/A/PerformanceAnalysis
0x000000000ca94000 	/System/Library/PrivateFrameworks/GenerationalStorage.framework/Versions/A/GenerationalStorage
0x000000000ca94000 	/System/Library/Frameworks/OpenGL.framework/Versions/A/OpenGL
0x000000000ca94000 	/System/Library/PrivateFrameworks/Sharing.framework/Versions/A/Sharing
0x000000000ca94000 	/System/Library/Frameworks/ImageIO.framework/Versions/A/ImageIO
0x000000000ca94000 	/System/Library/Frameworks/CoreText.framework/Versions/A/CoreText
0x000000000ca94000 	/System/Library/Frameworks/CoreGraphics.framework/Versions/A/CoreGraphics
0x000000000ca94000 	/System/Library/PrivateFrameworks/Backup.framework/Versions/A/Backup
0x000000000ca94000 	/System/Library/Frameworks/CFNetwork.framework/Versions/A/CFNetwork
0x000000000ca94000 	/System/Library/Frameworks/SystemConfiguration.framework/Versions/A/SystemConfiguration
0x000000000ca94000 	/usr/lib/libCRFSuite.dylib
0x000000000ca94000 	/usr/lib/libc++.1.dylib
0x000000000ca94000 	/usr/lib/libc++abi.dylib
0x000000000ca94000 	/usr/lib/system/libcache.dylib
0x000000000ca94000 	/usr/lib/system/libcommonCrypto.dylib
0x000000000ca94000 	/usr/lib/system/libcompiler_rt.dylib
0x000000000ca94000 	/usr/lib/system/libcopyfile.dylib
0x000000000ca94000 	/usr/lib/system/libcorecrypto.dylib
0x000000000ca94000 	/usr/lib/system/libdispatch.dylib
0x000000000ca94000 	/usr/lib/system/libdyld.dylib
0x000000000ca94000 	/usr/lib/system/libkeymgr.dylib
0x000000000ca94000 	/usr/lib/system/liblaunch.dylib
0x000000000ca94000 	/usr/lib/system/libmacho.dylib
0x000000000ca94000 	/usr/lib/system/libquarantine.dylib
0x000000000ca94000 	/usr/lib/system/libremovefile.dylib
0x000000000ca94000 	/usr/lib/system/libsystem_asl.dylib
0x000000000ca94000 	/usr/lib/system/libsystem_blocks.dylib
0x000000000ca94000 	/usr/lib/system/libsystem_c.dylib
0x000000000ca94000 	/usr/lib/system/libsystem_configuration.dylib
0x000000000ca94000 	/usr/lib/system/libsystem_dnssd.dylib
0x000000000ca94000 	/usr/lib/system/libsystem_info.dylib
0x000000000ca94000 	/usr/lib/system/libsystem_kernel.dylib
0x000000000ca94000 	/usr/lib/system/libsystem_m.dylib
0x000000000ca94000 	/usr/lib/system/libsystem_malloc.dylib
0x000000000ca94000 	/usr/lib/system/libsystem_network.dylib
0x000000000ca94000 	/usr/lib/system/libsystem_notify.dylib
0x000000000ca94000 	/usr/lib/system/libsystem_platform.dylib
0x000000000ca94000 	/usr/lib/system/libsystem_pthread.dylib
0x000000000ca94000 	/usr/lib/system/libsystem_sandbox.dylib
0x000000000ca94000 	/usr/lib/system/libsystem_stats.dylib
0x000000000ca94000 	/usr/lib/system/libunc.dylib
0x000000000ca94000 	/usr/lib/system/libunwind.dylib
0x000000000ca94000 	/usr/lib/system/libxpc.dylib
0x000000000ca94000 	/usr/lib/libbsm.0.dylib
0x000000000ca94000 	/usr/lib/libsqlite3.dylib
0x000000000ca94000 	/usr/lib/libxar.1.dylib
0x000000000ca94000 	/usr/lib/libpam.2.dylib
0x000000000ca94000 	/usr/lib/libOpenScriptingUtil.dylib
0x000000000ca94000 	/usr/lib/libbz2.1.0.dylib
0x000000000ca94000 	/System/Library/Frameworks/CoreServices.framework/Versions/A/Frameworks/CarbonCore.framework/Versions/A/CarbonCore
0x000000000ca94000 	/System/Library/Frameworks/CoreServices.framework/Versions/A/Frameworks/Metadata.framework/Versions/A/Metadata
0x000000000ca94000 	/System/Library/Frameworks/CoreServices.framework/Versions/A/Frameworks/OSServices.framework/Versions/A/OSServices
0x000000000ca94000 	/System/Library/Frameworks/CoreServices.framework/Versions/A/Frameworks/SearchKit.framework/Versions/A/SearchKit
0x000000000ca94000 	/System/Library/Frameworks/CoreServices.framework/Versions/A/Frameworks/AE.framework/Versions/A/AE
0x000000000ca94000 	/System/Library/Frameworks/CoreServices.framework/Versions/A/Frameworks/LaunchServices.framework/Versions/A/LaunchServices
0x000000000ca94000 	/System/Library/Frameworks/CoreServices.framework/Versions/A/Frameworks/DictionaryServices.framework/Versions/A/DictionaryServices
0x000000000ca94000 	/System/Library/Frameworks/NetFS.framework/Versions/A/NetFS
0x000000000ca94000 	/usr/lib/system/libkxld.dylib
0x000000000ca94000 	/System/Library/PrivateFrameworks/NetAuth.framework/Versions/A/NetAuth
0x000000000ca94000 	/System/Library/PrivateFrameworks/TCC.framework/Versions/A/TCC
0x000000000ca94000 	/System/Library/Frameworks/OpenDirectory.framework/Versions/A/Frameworks/CFOpenDirectory.framework/Versions/A/CFOpenDirectory
0x000000000ca94000 	/System/Library/Frameworks/ServiceManagement.framework/Versions/A/ServiceManagement
0x000000000ca94000 	/usr/lib/libxslt.1.dylib
0x000000000ca94000 	/System/Library/Frameworks/Carbon.framework/Versions/A/Frameworks/Ink.framework/Versions/A/Ink
0x000000000ca94000 	/System/Library/Frameworks/ApplicationServices.framework/Versions/A/Frameworks/ATS.framework/Versions/A/ATS
0x000000000ca94000 	/System/Library/Frameworks/ApplicationServices.framework/Versions/A/Frameworks/ColorSync.framework/Versions/A/ColorSync
0x000000000ca94000 	/System/Library/Frameworks/ApplicationServices.framework/Versions/A/Frameworks/HIServices.framework/Versions/A/HIServices
0x000000000ca94000 	/System/Library/Frameworks/ApplicationServices.framework/Versions/A/Frameworks/LangAnalysis.framework/Versions/A/LangAnalysis
0x000000000ca94000 	/System/Library/Frameworks/ApplicationServices.framework/Versions/A/Frameworks/PrintCore.framework/Versions/A/PrintCore
0x000000000ca94000 	/System/Library/Frameworks/ApplicationServices.framework/Versions/A/Frameworks/QD.framework/Versions/A/QD
0x000000000ca94000 	/System/Library/Frameworks/ApplicationServices.framework/Versions/A/Frameworks/SpeechSynthesis.framework/Versions/A/SpeechSynthesis
0x000000000ca94000 	/System/Library/Frameworks/IOSurface.framework/Versions/A/IOSurface
0x000000000ca94000 	/System/Library/Frameworks/Accelerate.framework/Versions/A/Accelerate
0x000000000ca94000 	/System/Library/Frameworks/Accelerate.framework/Versions/A/Frameworks/vImage.framework/Versions/A/vImage
0x000000000ca94000 	/System/Library/Frameworks/Accelerate.framework/Versions/A/Frameworks/vecLib.framework/Versions/A/vecLib
0x000000000ca94000 	/System/Library/Frameworks/Accelerate.framework/Versions/A/Frameworks/vecLib.framework/Versions/A/libvDSP.dylib
0x000000000ca94000 	/System/Library/Frameworks/Accelerate.framework/Versions/A/Frameworks/vecLib.framework/Versions/A/libvMisc.dylib
0x000000000ca94000 	/System/Library/Frameworks/Accelerate.framework/Versions/A/Frameworks/vecLib.framework/Versions/A/libLAPACK.dylib
0x000000000ca94000 	/System/Library/Frameworks/Accelerate.framework/Versions/A/Frameworks/vecLib.framework/Versions/A/libBLAS.dylib
0x000000000ca94000 	/System/Library/Frameworks/ApplicationServices.framework/Versions/A/Frameworks/ATS.framework/Versions/A/Resources/libFontParser.dylib
0x000000000ca94000 	/System/Library/Frameworks/ApplicationServices.framework/Versions/A/Frameworks/ATS.framework/Versions/A/Resources/libFontRegistry.dylib
0x000000000ca94000 	/System/Library/Frameworks/ImageIO.framework/Versions/A/Resources/libJPEG.dylib
0x000000000ca94000 	/System/Library/Frameworks/ImageIO.framework/Versions/A/Resources/libTIFF.dylib
0x000000000ca94000 	/System/Library/Frameworks/ImageIO.framework/Versions/A/Resources/libPng.dylib
0x000000000ca94000 	/System/Library/Frameworks/ImageIO.framework/Versions/A/Resources/libGIF.dylib
0x000000000ca94000 	/System/Library/Frameworks/ImageIO.framework/Versions/A/Resources/libJP2.dylib
0x000000000ca94000 	/System/Library/Frameworks/ImageIO.framework/Versions/A/Resources/libRadiance.dylib
0x000000000ca94000 	/usr/lib/libcups.2.dylib
0x000000000ca94000 	/System/Library/Frameworks/Kerberos.framework/Versions/A/Kerberos
0x000000000ca94000 	/System/Library/Frameworks/GSS.framework/Versions/A/GSS
0x000000000ca94000 	/usr/lib/libresolv.9.dylib
0x000000000ca94000 	/usr/lib/libiconv.2.dylib
0x000000000ca94000 	/System/Library/PrivateFrameworks/Heimdal.framework/Versions/A/Heimdal
0x000000000ca94000 	/System/Library/PrivateFrameworks/TrustEvaluationAgent.framework/Versions/A/TrustEvaluationAgent
0x000000000ca94000 	/usr/lib/libheimdal-asn1.dylib
0x000000000ca94000 	/System/Library/Frameworks/OpenDirectory.framework/Versions/A/OpenDirectory
0x000000000ca94000 	/System/Library/PrivateFrameworks/CommonAuth.framework/Versions/A/CommonAuth
0x000000000ca94000 	/System/Library/Frameworks/SecurityFoundation.framework/Versions/A/SecurityFoundation
0x000000000ca94000 	/System/Library/PrivateFrameworks/Bom.framework/Versions/A/Bom
0x000000000ca94000 	/System/Library/Frameworks/CoreVideo.framework/Versions/A/CoreVideo
0x000000000ca94000 	/System/Library/Frameworks/QuartzCore.framework/Versions/A/Frameworks/CoreImage.framework/Versions/A/CoreImage
0x000000000ca94000 	/System/Library/Frameworks/QuartzCore.framework/Versions/A/Frameworks/ScalableUserInterface.framework/Versions/A/ScalableUserInterface
0x000000000ca94000 	/System/Library/Frameworks/OpenGL.framework/Versions/A/Libraries/libGLU.dylib
0x000000000ca94000 	/System/Library/Frameworks/OpenGL.framework/Versions/A/Libraries/libGFXShared.dylib
0x000000000ca94000 	/System/Library/Frameworks/OpenGL.framework/Versions/A/Libraries/libGL.dylib
0x000000000ca94000 	/System/Library/Frameworks/OpenGL.framework/Versions/A/Libraries/libGLImage.dylib
0x000000000ca94000 	/System/Library/Frameworks/OpenGL.framework/Versions/A/Libraries/libCVMSPluginSupport.dylib
0x000000000ca94000 	/System/Library/Frameworks/OpenGL.framework/Versions/A/Libraries/libCoreVMClient.dylib
0x000000000ca94000 	/System/Library/PrivateFrameworks/FaceCore.framework/Versions/A/FaceCore
0x000000000ca94000 	/System/Library/PrivateFrameworks/CrashReporterSupport.framework/Versions/A/CrashReporterSupport
0x000000000ca94000 	/System/Library/Frameworks/OpenCL.framework/Versions/A/OpenCL
0x000000000ca94000 	/System/Library/PrivateFrameworks/AppleFSCompression.framework/Versions/A/AppleFSCompression
0x000000000ca94000 	/System/Library/PrivateFrameworks/Ubiquity.framework/Versions/A/Ubiquity
0x000000000ca94000 	/System/Library/PrivateFrameworks/IconServices.framework/Versions/A/IconServices
0x000000000ca94000 	/System/Library/PrivateFrameworks/ChunkingLibrary.framework/Versions/A/ChunkingLibrary
0x000000000ca94000 	/System/Library/PrivateFrameworks/CoreSymbolication.framework/Versions/A/CoreSymbolication
0x000000000ca94000 	/System/Library/PrivateFrameworks/Symbolication.framework/Versions/A/Symbolication
0x000000000ca94000 	/System/Library/PrivateFrameworks/DebugSymbols.framework/Versions/A/DebugSymbols
0x0000000106361000 	/Library/Java/JavaVirtualMachines/jdk1.7.0_45.jdk/Contents/Home/jre/lib/server/libjvm.dylib
0x000000000ca94000 	/usr/lib/libstdc++.6.dylib
0x0000000106eb7000 	/Library/Java/JavaVirtualMachines/jdk1.7.0_45.jdk/Contents/Home/jre/lib/libverify.dylib
0x0000000106ec4000 	/Library/Java/JavaVirtualMachines/jdk1.7.0_45.jdk/Contents/Home/jre/lib/libjava.dylib
0x0000000106efe000 	/Library/Java/JavaVirtualMachines/jdk1.7.0_45.jdk/Contents/Home/jre/lib/libzip.dylib
0x0000000196215000 	/System/Library/Frameworks/JavaVM.framework/Frameworks/JavaRuntimeSupport.framework/JavaRuntimeSupport
0x000000019622d000 	/System/Library/Frameworks/JavaVM.framework/Versions/A/Frameworks/JavaNativeFoundation.framework/Versions/A/JavaNativeFoundation
0x0000000109ff4000 	/System/Library/Frameworks/JavaVM.framework/Versions/A/JavaVM
0x000000000ca94000 	/System/Library/Frameworks/Carbon.framework/Versions/A/Carbon
0x0000000196241000 	/System/Library/PrivateFrameworks/JavaLaunching.framework/Versions/A/JavaLaunching
0x000000000ca94000 	/System/Library/Frameworks/Carbon.framework/Versions/A/Frameworks/CommonPanels.framework/Versions/A/CommonPanels
0x000000000ca94000 	/System/Library/Frameworks/Carbon.framework/Versions/A/Frameworks/Help.framework/Versions/A/Help
0x000000000ca94000 	/System/Library/Frameworks/Carbon.framework/Versions/A/Frameworks/ImageCapture.framework/Versions/A/ImageCapture
0x000000000ca94000 	/System/Library/Frameworks/Carbon.framework/Versions/A/Frameworks/OpenScripting.framework/Versions/A/OpenScripting
0x000000000ca94000 	/System/Library/Frameworks/Carbon.framework/Versions/A/Frameworks/Print.framework/Versions/A/Print
0x000000000ca94000 	/System/Library/Frameworks/Carbon.framework/Versions/A/Frameworks/SecurityHI.framework/Versions/A/SecurityHI
0x00000001968b7000 	/private/var/folders/rn/7l44jphj0g7gs2jyys0_x7840000gn/T/libgdxPhilo/92bf976d/libgdx.dylib
0x0000000196984000 	/Library/Java/JavaVirtualMachines/jdk1.7.0_45.jdk/Contents/Home/jre/lib/libawt.dylib
0x0000000196a33000 	/Library/Java/JavaVirtualMachines/jdk1.7.0_45.jdk/Contents/Home/jre/lib/./libmlib_image.dylib
0x0000000196aff000 	/Library/Java/JavaVirtualMachines/jdk1.7.0_45.jdk/Contents/Home/jre/lib/lwawt/liblwawt.dylib
0x0000000196bb3000 	/Library/Java/JavaVirtualMachines/jdk1.7.0_45.jdk/Contents/Home/jre/lib/libosxapp.dylib
0x000000000ca94000 	/System/Library/Frameworks/ExceptionHandling.framework/Versions/A/ExceptionHandling
0x000000000ca94000 	/System/Library/PrivateFrameworks/CoreServicesInternal.framework/Versions/A/CoreServicesInternal
0x000000000ca94000 	/System/Library/PrivateFrameworks/Librarian.framework/Versions/A/Librarian
0x000000000ca94000 	/System/Library/Frameworks/CoreGraphics.framework/Versions/A/Resources/libCGCMS.A.dylib
0x000000000ca94000 	/System/Library/Frameworks/CoreGraphics.framework/Versions/A/Resources/libRIP.A.dylib
0x000000000ca94000 	/System/Library/Frameworks/CoreGraphics.framework/Versions/A/Resources/libCGXType.A.dylib
0x000000000ca94000 	/System/Library/PrivateFrameworks/FamilyControls.framework/Versions/A/FamilyControls
0x000000000ca94000 	/System/Library/PrivateFrameworks/CommerceKit.framework/Versions/A/Frameworks/CommerceCore.framework/Versions/A/CommerceCore
0x000000000ca94000 	/System/Library/PrivateFrameworks/SystemAdministration.framework/Versions/A/SystemAdministration
0x000000000ca94000 	/System/Library/Frameworks/DirectoryService.framework/Versions/A/DirectoryService
0x000000000ca94000 	/System/Library/PrivateFrameworks/DiskImages.framework/Versions/A/DiskImages
0x000000000ca94000 	/System/Library/PrivateFrameworks/LoginUIKit.framework/Versions/A/Frameworks/LoginUICore.framework/Versions/A/LoginUICore
0x000000000ca94000 	/usr/lib/libCoreStorage.dylib
0x000000000ca94000 	/usr/lib/libcsfde.dylib
0x000000000ca94000 	/usr/lib/libodfde.dylib
0x000000000ca94000 	/System/Library/Frameworks/DiscRecording.framework/Versions/A/DiscRecording
0x000000000ca94000 	/usr/lib/libcurl.4.dylib
0x000000000ca94000 	/System/Library/PrivateFrameworks/MediaKit.framework/Versions/A/MediaKit
0x000000000ca94000 	/System/Library/PrivateFrameworks/EFILogin.framework/Versions/A/EFILogin
0x000000000ca94000 	/usr/lib/libutil.dylib
0x000000000ca94000 	/System/Library/PrivateFrameworks/AOSNotification.framework/Versions/A/AOSNotification
0x000000000ca94000 	/System/Library/Frameworks/LDAP.framework/Versions/A/LDAP
0x000000000ca94000 	/usr/lib/libsasl2.2.dylib
0x000000000ca94000 	/usr/lib/libcrypto.0.9.8.dylib
0x000000000ca94000 	/usr/lib/libssl.0.9.8.dylib
0x000000019843c000 	/Library/Java/JavaVirtualMachines/jdk1.7.0_45.jdk/Contents/Home/jre/lib/libfontmanager.dylib
0x000000019ac01000 	/private/var/folders/rn/7l44jphj0g7gs2jyys0_x7840000gn/T/libgdxPhilo/75260a42/liblwjgl.jnilib
0x00000001984a0000 	/Library/Java/JavaVirtualMachines/jdk1.7.0_45.jdk/Contents/Home/jre/lib/libjawt.dylib
0x000000019ac7c000 	/var/folders/rn/7l44jphj0g7gs2jyys0_x7840000gn/T/libgdxPhilo/75260a42/openal.dylib
0x000000019acd8000 	/System/Library/Components/CoreAudio.component/Contents/MacOS/CoreAudio
0x0000000199237000 	/System/Library/Extensions/AppleHDA.kext/Contents/PlugIns/AppleHDAHALPlugIn.bundle/Contents/MacOS/AppleHDAHALPlugIn
0x000000000ca94000 	/System/Library/Frameworks/OpenGL.framework/Versions/A/Resources/GLEngine.bundle/GLEngine
0x000000000ca94000 	/System/Library/Frameworks/OpenGL.framework/Versions/A/Libraries/libGLProgrammability.dylib
0x0000000000000000 	/System/Library/Extensions/GeForceGLDriver.bundle/Contents/MacOS/GeForceGLDriver
0x000000000ca94000 	/System/Library/PrivateFrameworks/IOAccelerator.framework/Versions/A/IOAccelerator
0x000000000ca94000 	/System/Library/PrivateFrameworks/GPUSupport.framework/Versions/A/Libraries/libGPUSupportMercury.dylib
0x000000000ca94000 	/System/Library/Extensions/GeForceGLDriver.bundle/Contents/MacOS/libclh.dylib
0x000000000ca94000 	/System/Library/Frameworks/OpenGL.framework/Versions/A/Resources/GLRendererFloat.bundle/GLRendererFloat
0x000000000ca94000 	/System/Library/Frameworks/OpenCL.framework/Versions/A/Libraries/libcldcpuengine.dylib
0x000000019c2d5000 	/Users/Philo/Downloads/musical-fingers-master 9/Musical-fingers/lib/x64/libLeapJava.dylib
0x000000019df0a000 	/Users/Philo/Downloads/musical-fingers-master 9/Musical-fingers/lib/x64/libLeap.dylib

VM Arguments:
jvm_args: -Djava.library.path=/Users/Philo/Downloads/musical-fingers-master 9/Musical-fingers/lib/x64 -Dfile.encoding=US-ASCII 
java_command: ox.musicalfingers.display.Main
Launcher Type: SUN_STANDARD

Environment Variables:
PATH=/usr/bin:/bin:/usr/sbin:/sbin
SHELL=/bin/bash

Signal Handlers:
SIGSEGV: [libjvm.dylib+0x525415], sa_mask[0]=0xfffefeff, sa_flags=0x00000043
SIGBUS: [libjvm.dylib+0x525415], sa_mask[0]=0xfffefeff, sa_flags=0x00000042
SIGFPE: [libjvm.dylib+0x41891a], sa_mask[0]=0xfffefeff, sa_flags=0x00000042
SIGPIPE: [libjvm.dylib+0x41891a], sa_mask[0]=0xfffefeff, sa_flags=0x00000042
SIGXFSZ: [libjvm.dylib+0x41891a], sa_mask[0]=0xfffefeff, sa_flags=0x00000042
SIGILL: [libjvm.dylib+0x41891a], sa_mask[0]=0xfffefeff, sa_flags=0x00000042
SIGUSR1: SIG_DFL, sa_mask[0]=0x00000000, sa_flags=0x00000002
SIGUSR2: [libjvm.dylib+0x41840c], sa_mask[0]=0x00000004, sa_flags=0x00000042
SIGHUP: [libjvm.dylib+0x41669b], sa_mask[0]=0xfffefeff, sa_flags=0x00000042
SIGINT: [libjvm.dylib+0x41669b], sa_mask[0]=0xfffefeff, sa_flags=0x00000042
SIGTERM: [libjvm.dylib+0x41669b], sa_mask[0]=0xfffefeff, sa_flags=0x00000042
SIGQUIT: [libjvm.dylib+0x41669b], sa_mask[0]=0xfffefeff, sa_flags=0x00000042


---------------  S Y S T E M  ---------------

OS:Bsduname:Darwin 13.1.0 Darwin Kernel Version 13.1.0: Thu Jan 16 19:40:37 PST 2014; root:xnu-2422.90.20~2/RELEASE_X86_64 x86_64
rlimit: STACK 8192k, CORE 0k, NPROC 709, NOFILE 10240, AS infinity
load average:2.00 1.99 1.87

CPU:total 4 (4 cores per cpu, 1 threads per core) family 6 model 58 stepping 9, cmov, cx8, fxsr, mmx, sse, sse2, sse3, ssse3, sse4.1, sse4.2, popcnt, avx, aes, erms, tsc, tscinvbit, tscinv

Memory: 4k page, physical 8388608k(2097152k free)

/proc/meminfo:


vm_info: Java HotSpot(TM) 64-Bit Server VM (24.45-b08) for bsd-amd64 JRE (1.7.0_45-b18), built on Oct  8 2013 05:54:16 by "java_re" with gcc 4.2.1 (Based on Apple Inc. build 5658) (LLVM build 2336.11.00)

time: Sun May 11 16:20:53 2014
elapsed time: 16 seconds

