#
# A fatal error has been detected by the Java Runtime Environment:
#
#  SIGSEGV (0xb) at pc=0x000000019aebc7fc, pid=3795, tid=12035
#
# JRE version: Java(TM) SE Runtime Environment (7.0_45-b18) (build 1.7.0_45-b18)
# Java VM: Java HotSpot(TM) 64-Bit Server VM (24.45-b08 mixed mode bsd-amd64 compressed oops)
# Problematic frame:
# C  [libLeap.dylib+0x287fc]  Leap::InteractionBox::toString() const+0x4f3c
#
# Failed to write core dump. Core dumps have been disabled. To enable core dumping, try "ulimit -c unlimited" before starting Java again
#
# If you would like to submit a bug report, please visit:
#   http://bugreport.sun.com/bugreport/crash.jsp
# The crash happened outside the Java Virtual Machine in native code.
# See problematic frame for where to report the bug.
#

---------------  T H R E A D  ---------------

Current thread (0x00007f8c7a83e800):  JavaThread "Finalizer" daemon [_thread_in_native, id=12035, stack(0x0000000191fa7000,0x00000001920a7000)]

siginfo:si_signo=SIGSEGV: si_errno=0, si_code=0 (SEGV0), si_addr=0x0000000000000000

Registers:
RAX=0x200007f8c79f6b81, RBX=0x00007f8c7aa2fc10, RCX=0x0000000000000000, RDX=0x00007f8c79d95898
RSP=0x00000001920a6230, RBP=0x00000001920a6340, RSI=0x00040c0000040c00, RDI=0x00007f8c79f6a080
R8 =0x0000000000000040, R9 =0x00000001920a6100, R10=0x0000000102da666c, R11=0x000000010265e297
R12=0x00007f8c7aa2fa00, R13=0x00007f8c79d8a4d0, R14=0x00000001920a6288, R15=0x00007f8c79e670a0
RIP=0x000000019aebc7fc, EFLAGS=0x0000000000010216, ERR=0x0000000000000000
  TRAPNO=0x000000000000000d

Top of Stack: (sp=0x00000001920a6230)
0x00000001920a6230:   00007f8c7a83e800 00000001024c0084
0x00000001920a6240:   00007f8c79f8a7e0 00007f8c7aa2fc08
0x00000001920a6250:   00000000000014dd 0000000102945f30
0x00000001920a6260:   00000001902f1ed0 0000000000000003
0x00000001920a6270:   00000001920a62c0 00000000000014dd
0x00000001920a6280:   00007f8c00000009 0000000000000000
0x00000001920a6290:   00007f8c79e670a0 00007f8c79e670a0
0x00000001920a62a0:   00007f8c79e670a0 0000000000000001
0x00000001920a62b0:   00007f8c7aa2ffc8 00007f8c7a83e801
0x00000001920a62c0:   00007f8c7aa2ff48 00000001025e8a01
0x00000001920a62d0:   00007f8c7a83e800 00007f8c79ffc080
0x00000001920a62e0:   00000001920a6338 00007f8c79d1a3f8
0x00000001920a62f0:   00000001920a6310 0000000102661dee
0x00000001920a6300:   00007f8c7a83e800 00007f8c7a83e800
0x00000001920a6310:   00000001920a6350 00007f8c79d8a4d0
0x00000001920a6320:   0000000000000000 00000001067e3200
0x00000001920a6330:   00007f8c79d95840 00007f8c7a83e800
0x00000001920a6340:   00000001920a6360 000000019ae9fea4
0x00000001920a6350:   00000001067e3200 00000001920a63e8
0x00000001920a6360:   00000001920a63c0 0000000102da6698
0x00000001920a6370:   00000001920a63d8 00007f8c79f89a80
0x00000001920a6380:   00000001920a6380 00000001067e3200
0x00000001920a6390:   00000001920a63e8 00000001067e6940
0x00000001920a63a0:   0000000000000000 00000001067e3200
0x00000001920a63b0:   0000000000000000 00000001920a63e0
0x00000001920a63c0:   00000001920a6440 0000000102d9a058
0x00000001920a63d0:   0000000162d509f8 0000000102da2cd8
0x00000001920a63e0:   00007f8c79d8a4d0 0000000162e769b0
0x00000001920a63f0:   0000000000000021 0000000162e769b0
0x00000001920a6400:   00000001920a63f0 00000001067cf7e9
0x00000001920a6410:   00000001920a6450 00000001067d1010
0x00000001920a6420:   0000000000000000 00000001067cf800 

Instructions: (pc=0x000000019aebc7fc)
0x000000019aebc7dc:   d0 2d fe ff 4c 8d b5 48 ff ff ff 4c 8b bd 58 ff
0x000000019aebc7ec:   ff ff 66 90 4d 39 f7 74 31 49 8b 7f 20 48 8b 07
0x000000019aebc7fc:   48 8b 40 28 4c 89 ee ff d0 eb 0d 48 89 c7 e8 71
0x000000019aebc80c:   3a 09 00 e8 7e 3a 09 00 4c 89 ff e8 04 3a 09 00 

Register to memory mapping:

RAX=0x200007f8c79f6b81 is an unknown value
RBX=0x00007f8c7aa2fc10 is an unknown value
RCX=0x0000000000000000 is an unknown value
RDX=0x00007f8c79d95898 is an unknown value
RSP=0x00000001920a6230 is pointing into the stack for thread: 0x00007f8c7a83e800
RBP=0x00000001920a6340 is pointing into the stack for thread: 0x00007f8c7a83e800
RSI=0x00040c0000040c00 is an unknown value
RDI=0x00007f8c79f6a080 is an unknown value
R8 =0x0000000000000040 is an unknown value
R9 =0x00000001920a6100 is pointing into the stack for thread: 0x00007f8c7a83e800
R10=0x0000000102da666c is at code_begin+620 in an Interpreter codelet
method entry point (kind = native)  [0x0000000102da6400, 0x0000000102da6c40]  2112 bytes
R11=0x000000010265e297: throw_unsatisfied_link_error+0 in /Library/Java/JavaVirtualMachines/jdk1.7.0_45.jdk/Contents/Home/jre/lib/server/libjvm.dylib at 0x00000001021ee000
R12=0x00007f8c7aa2fa00 is an unknown value
R13=0x00007f8c79d8a4d0 is an unknown value
R14=0x00000001920a6288 is pointing into the stack for thread: 0x00007f8c7a83e800
R15=0x00007f8c79e670a0 is an unknown value


Stack: [0x0000000191fa7000,0x00000001920a7000],  sp=0x00000001920a6230,  free space=1020k
Native frames: (J=compiled Java code, j=interpreted, Vv=VM code, C=native code)
C  [libLeap.dylib+0x287fc]  Leap::InteractionBox::toString() const+0x4f3c
C  [libLeap.dylib+0xbea4]  Leap::Controller::~Controller()+0x34
j  com.leapmotion.leap.LeapJNI.delete_Controller(J)V+0
j  com.leapmotion.leap.Controller.delete()V+25
j  com.leapmotion.leap.Controller.finalize()V+1
v  ~StubRoutines::call_stub
V  [libjvm.dylib+0x2d6d90]  JavaCalls::call_helper(JavaValue*, methodHandle*, JavaCallArguments*, Thread*)+0x22a
V  [libjvm.dylib+0x2d6b60]  JavaCalls::call(JavaValue*, methodHandle, JavaCallArguments*, Thread*)+0x28
V  [libjvm.dylib+0x30a605]  jni_invoke_nonstatic(JNIEnv_*, JavaValue*, _jobject*, JNICallType, _jmethodID*, JNI_ArgumentPusher*, Thread*)+0x2ba
V  [libjvm.dylib+0x2fe176]  jni_CallVoidMethod+0x116
C  [libjava.dylib+0x299c]  Java_java_lang_ref_Finalizer_invokeFinalizeMethod+0x58
J  java.lang.ref.Finalizer.invokeFinalizeMethod(Ljava/lang/Object;)V

Java frames: (J=compiled Java code, j=interpreted, Vv=VM code)
j  com.leapmotion.leap.LeapJNI.delete_Controller(J)V+0
j  com.leapmotion.leap.Controller.delete()V+25
j  com.leapmotion.leap.Controller.finalize()V+1
v  ~StubRoutines::call_stub
J  java.lang.ref.Finalizer.invokeFinalizeMethod(Ljava/lang/Object;)V
J  java.lang.ref.Finalizer.access$100(Ljava/lang/ref/Finalizer;)V
j  java.lang.ref.Finalizer$FinalizerThread.run()V+24
v  ~StubRoutines::call_stub

---------------  P R O C E S S  ---------------

Java Threads: ( => current thread )
  0x00007f8c7a0c9000 JavaThread "AWT-Shutdown" [_thread_blocked, id=34823, stack(0x000000019991b000,0x0000000199a1b000)]
  0x00007f8c7b88f800 JavaThread "AsynchExecutor-Thread" daemon [_thread_blocked, id=66827, stack(0x00000001987db000,0x00000001988db000)]
  0x00007f8c7a801000 JavaThread "DestroyJavaVM" [_thread_blocked, id=4867, stack(0x0000000102c42000,0x0000000102d42000)]
  0x00007f8c7a126800 JavaThread "LWJGL Application" [_thread_in_native, id=64515, stack(0x0000000196eb1000,0x0000000196fb1000)]
  0x00007f8c7a923000 JavaThread "AppKit Thread" daemon [_thread_in_native, id=1287, stack(0x00007fff5da90000,0x00007fff5db10000)]
  0x00007f8c7b025800 JavaThread "Service Thread" daemon [_thread_blocked, id=19459, stack(0x0000000192573000,0x0000000192673000)]
  0x00007f8c7b024800 JavaThread "C2 CompilerThread1" daemon [_thread_blocked, id=18947, stack(0x0000000192470000,0x0000000192570000)]
  0x00007f8c7b023000 JavaThread "C2 CompilerThread0" daemon [_thread_blocked, id=18435, stack(0x000000019236d000,0x000000019246d000)]
  0x00007f8c7b009000 JavaThread "Signal Dispatcher" daemon [_thread_blocked, id=17923, stack(0x000000019226a000,0x000000019236a000)]
=>0x00007f8c7a83e800 JavaThread "Finalizer" daemon [_thread_in_native, id=12035, stack(0x0000000191fa7000,0x00000001920a7000)]
  0x00007f8c7a83c000 JavaThread "Reference Handler" daemon [_thread_blocked, id=11523, stack(0x0000000191ea4000,0x0000000191fa4000)]

Other Threads:
  0x00007f8c7a83b000 VMThread [stack: 0x0000000191da1000,0x0000000191ea1000] [id=11011]
  0x00007f8c7b020800 WatcherThread [stack: 0x0000000192676000,0x0000000192776000] [id=19971]

VM state:not at safepoint (normal execution)

VM Mutex/Monitor currently owned by a thread: None

Heap
 PSYoungGen      total 37376K, used 2726K [0x0000000160600000, 0x0000000163100000, 0x000000018b100000)
  eden space 32768K, 1% used [0x0000000160600000,0x0000000160691618,0x0000000162600000)
  from space 4608K, 46% used [0x0000000162c80000,0x0000000162e98570,0x0000000163100000)
  to   space 5632K, 0% used [0x0000000162600000,0x0000000162600000,0x0000000162b80000)
 ParOldGen       total 87040K, used 490K [0x000000010b100000, 0x0000000110600000, 0x0000000160600000)
  object space 87040K, 0% used [0x000000010b100000,0x000000010b17a8d8,0x0000000110600000)
 PSPermGen       total 21504K, used 9372K [0x0000000105f00000, 0x0000000107400000, 0x000000010b100000)
  object space 21504K, 43% used [0x0000000105f00000,0x0000000106827040,0x0000000107400000)

Card table byte_map: [0x000000018b100000,0x000000018b52a000] byte_map_base: 0x000000018a8d0800

Polling page: 0x0000000102d81000

Code Cache  [0x0000000102d94000, 0x0000000103004000, 0x0000000105d94000)
 total_blobs=562 nmethods=174 adapters=342 free_code_cache=48251Kb largest_free_block=49374208

Compilation events (10 events):
Event: 15.027 Thread 0x00007f8c7b023000 nmethod 168 0x0000000102e74390 code [0x0000000102e74500, 0x0000000102e74a78]
Event: 15.036 Thread 0x00007f8c7b023000  170             com.badlogic.gdx.graphics.g2d.BitmapFontCache::draw (66 bytes)
Event: 15.041 Thread 0x00007f8c7b024800 nmethod 169 0x0000000102e75a10 code [0x0000000102e75c60, 0x0000000102e76860]
Event: 15.046 Thread 0x00007f8c7b023000 nmethod 170 0x0000000102e78410 code [0x0000000102e78600, 0x0000000102e78e28]
Event: 15.520 Thread 0x00007f8c7b024800  171             com.badlogic.gdx.math.Vector3::sub (17 bytes)
Event: 15.521 Thread 0x00007f8c7b023000  172             com.badlogic.gdx.math.Vector3::sub (23 bytes)
Event: 15.521 Thread 0x00007f8c7b024800 nmethod 171 0x0000000102e73350 code [0x0000000102e73480, 0x0000000102e73518]
Event: 15.521 Thread 0x00007f8c7b023000 nmethod 172 0x0000000102e73050 code [0x0000000102e73180, 0x0000000102e73218]
Event: 15.685 Thread 0x00007f8c7b023000  173             com.badlogic.gdx.scenes.scene2d.Actor::getParent (5 bytes)
Event: 15.685 Thread 0x00007f8c7b023000 nmethod 173 0x0000000102e74190 code [0x0000000102e742c0, 0x0000000102e74338]

GC Heap History (10 events):
Event: 2.265 GC heap before
{Heap before GC invocations=2 (full 0):
 PSYoungGen      total 38912K, used 38376K [0x0000000160600000, 0x0000000163100000, 0x000000018b100000)
  eden space 33792K, 98% used [0x0000000160600000,0x000000016267e598,0x0000000162700000)
  from space 5120K, 99% used [0x0000000162700000,0x0000000162bfbb28,0x0000000162c00000)
  to   space 5120K, 0% used [0x0000000162c00000,0x0000000162c00000,0x0000000163100000)
 ParOldGen       total 87040K, used 434K [0x000000010b100000, 0x0000000110600000, 0x0000000160600000)
  object space 87040K, 0% used [0x000000010b100000,0x000000010b16c8c8,0x0000000110600000)
 PSPermGen       total 21504K, used 8590K [0x0000000105f00000, 0x0000000107400000, 0x000000010b100000)
  object space 21504K, 39% used [0x0000000105f00000,0x0000000106763ad8,0x0000000107400000)
Event: 2.268 GC heap after
Heap after GC invocations=2 (full 0):
 PSYoungGen      total 38912K, used 2574K [0x0000000160600000, 0x0000000163100000, 0x000000018b100000)
  eden space 33792K, 0% used [0x0000000160600000,0x0000000160600000,0x0000000162700000)
  from space 5120K, 50% used [0x0000000162c00000,0x0000000162e838b0,0x0000000163100000)
  to   space 5120K, 0% used [0x0000000162700000,0x0000000162700000,0x0000000162c00000)
 ParOldGen       total 87040K, used 434K [0x000000010b100000, 0x0000000110600000, 0x0000000160600000)
  object space 87040K, 0% used [0x000000010b100000,0x000000010b16c8c8,0x0000000110600000)
 PSPermGen       total 21504K, used 8590K [0x0000000105f00000, 0x0000000107400000, 0x000000010b100000)
  object space 21504K, 39% used [0x0000000105f00000,0x0000000106763ad8,0x0000000107400000)
}
Event: 6.223 GC heap before
{Heap before GC invocations=3 (full 0):
 PSYoungGen      total 38912K, used 36366K [0x0000000160600000, 0x0000000163100000, 0x000000018b100000)
  eden space 33792K, 100% used [0x0000000160600000,0x0000000162700000,0x0000000162700000)
  from space 5120K, 50% used [0x0000000162c00000,0x0000000162e838b0,0x0000000163100000)
  to   space 5120K, 0% used [0x0000000162700000,0x0000000162700000,0x0000000162c00000)
 ParOldGen       total 87040K, used 434K [0x000000010b100000, 0x0000000110600000, 0x0000000160600000)
  object space 87040K, 0% used [0x000000010b100000,0x000000010b16c8c8,0x0000000110600000)
 PSPermGen       total 21504K, used 9306K [0x0000000105f00000, 0x0000000107400000, 0x000000010b100000)
  object space 21504K, 43% used [0x0000000105f00000,0x0000000106816bc8,0x0000000107400000)
Event: 6.226 GC heap after
Heap after GC invocations=3 (full 0):
 PSYoungGen      total 38912K, used 2360K [0x0000000160600000, 0x0000000163100000, 0x000000018b100000)
  eden space 33792K, 0% used [0x0000000160600000,0x0000000160600000,0x0000000162700000)
  from space 5120K, 46% used [0x0000000162700000,0x000000016294e050,0x0000000162c00000)
  to   space 5120K, 0% used [0x0000000162c00000,0x0000000162c00000,0x0000000163100000)
 ParOldGen       total 87040K, used 442K [0x000000010b100000, 0x0000000110600000, 0x0000000160600000)
  object space 87040K, 0% used [0x000000010b100000,0x000000010b16e8c8,0x0000000110600000)
 PSPermGen       total 21504K, used 9306K [0x0000000105f00000, 0x0000000107400000, 0x000000010b100000)
  object space 21504K, 43% used [0x0000000105f00000,0x0000000106816bc8,0x0000000107400000)
}
Event: 9.707 GC heap before
{Heap before GC invocations=4 (full 0):
 PSYoungGen      total 38912K, used 36152K [0x0000000160600000, 0x0000000163100000, 0x000000018b100000)
  eden space 33792K, 100% used [0x0000000160600000,0x0000000162700000,0x0000000162700000)
  from space 5120K, 46% used [0x0000000162700000,0x000000016294e050,0x0000000162c00000)
  to   space 5120K, 0% used [0x0000000162c00000,0x0000000162c00000,0x0000000163100000)
 ParOldGen       total 87040K, used 442K [0x000000010b100000, 0x0000000110600000, 0x0000000160600000)
  object space 87040K, 0% used [0x000000010b100000,0x000000010b16e8c8,0x0000000110600000)
 PSPermGen       total 21504K, used 9332K [0x0000000105f00000, 0x0000000107400000, 0x000000010b100000)
  object space 21504K, 43% used [0x0000000105f00000,0x000000010681d108,0x0000000107400000)
Event: 9.710 GC heap after
Heap after GC invocations=4 (full 0):
 PSYoungGen      total 38912K, used 2136K [0x0000000160600000, 0x0000000163100000, 0x000000018b100000)
  eden space 33792K, 0% used [0x0000000160600000,0x0000000160600000,0x0000000162700000)
  from space 5120K, 41% used [0x0000000162c00000,0x0000000162e16250,0x0000000163100000)
  to   space 5120K, 0% used [0x0000000162700000,0x0000000162700000,0x0000000162c00000)
 ParOldGen       total 87040K, used 482K [0x000000010b100000, 0x0000000110600000, 0x0000000160600000)
  object space 87040K, 0% used [0x000000010b100000,0x000000010b1788d8,0x0000000110600000)
 PSPermGen       total 21504K, used 9332K [0x0000000105f00000, 0x0000000107400000, 0x000000010b100000)
  object space 21504K, 43% used [0x0000000105f00000,0x000000010681d108,0x0000000107400000)
}
Event: 13.216 GC heap before
{Heap before GC invocations=5 (full 0):
 PSYoungGen      total 38912K, used 35928K [0x0000000160600000, 0x0000000163100000, 0x000000018b100000)
  eden space 33792K, 100% used [0x0000000160600000,0x0000000162700000,0x0000000162700000)
  from space 5120K, 41% used [0x0000000162c00000,0x0000000162e16250,0x0000000163100000)
  to   space 5120K, 0% used [0x0000000162700000,0x0000000162700000,0x0000000162c00000)
 ParOldGen       total 87040K, used 482K [0x000000010b100000, 0x0000000110600000, 0x0000000160600000)
  object space 87040K, 0% used [0x000000010b100000,0x000000010b1788d8,0x0000000110600000)
 PSPermGen       total 21504K, used 9361K [0x0000000105f00000, 0x0000000107400000, 0x000000010b100000)
  object space 21504K, 43% used [0x0000000105f00000,0x00000001068245f8,0x0000000107400000)
Event: 13.218 GC heap after
Heap after GC invocations=5 (full 0):
 PSYoungGen      total 38400K, used 2072K [0x0000000160600000, 0x0000000163280000, 0x000000018b100000)
  eden space 33280K, 0% used [0x0000000160600000,0x0000000160600000,0x0000000162680000)
  from space 5120K, 40% used [0x0000000162700000,0x0000000162906240,0x0000000162c00000)
  to   space 6144K, 0% used [0x0000000162c80000,0x0000000162c80000,0x0000000163280000)
 ParOldGen       total 87040K, used 490K [0x000000010b100000, 0x0000000110600000, 0x0000000160600000)
  object space 87040K, 0% used [0x000000010b100000,0x000000010b17a8d8,0x0000000110600000)
 PSPermGen       total 21504K, used 9361K [0x0000000105f00000, 0x0000000107400000, 0x000000010b100000)
  object space 21504K, 43% used [0x0000000105f00000,0x00000001068245f8,0x0000000107400000)
}
Event: 15.972 GC heap before
{Heap before GC invocations=6 (full 0):
 PSYoungGen      total 38400K, used 35352K [0x0000000160600000, 0x0000000163280000, 0x000000018b100000)
  eden space 33280K, 100% used [0x0000000160600000,0x0000000162680000,0x0000000162680000)
  from space 5120K, 40% used [0x0000000162700000,0x0000000162906240,0x0000000162c00000)
  to   space 6144K, 0% used [0x0000000162c80000,0x0000000162c80000,0x0000000163280000)
 ParOldGen       total 87040K, used 490K [0x000000010b100000, 0x0000000110600000, 0x0000000160600000)
  object space 87040K, 0% used [0x000000010b100000,0x000000010b17a8d8,0x0000000110600000)
 PSPermGen       total 21504K, used 9372K [0x0000000105f00000, 0x0000000107400000, 0x000000010b100000)
  object space 21504K, 43% used [0x0000000105f00000,0x0000000106827040,0x0000000107400000)
Event: 15.975 GC heap after
Heap after GC invocations=6 (full 0):
 PSYoungGen      total 37376K, used 2145K [0x0000000160600000, 0x0000000163100000, 0x000000018b100000)
  eden space 32768K, 0% used [0x0000000160600000,0x0000000160600000,0x0000000162600000)
  from space 4608K, 46% used [0x0000000162c80000,0x0000000162e98570,0x0000000163100000)
  to   space 5632K, 0% used [0x0000000162600000,0x0000000162600000,0x0000000162b80000)
 ParOldGen       total 87040K, used 490K [0x000000010b100000, 0x0000000110600000, 0x0000000160600000)
  object space 87040K, 0% used [0x000000010b100000,0x000000010b17a8d8,0x0000000110600000)
 PSPermGen       total 21504K, used 9372K [0x0000000105f00000, 0x0000000107400000, 0x000000010b100000)
  object space 21504K, 43% used [0x0000000105f00000,0x0000000106827040,0x0000000107400000)
}

Deoptimization events (7 events):
Event: 13.365 Thread 0x00007f8c7a126800 Uncommon trap: reason=class_check action=maybe_recompile pc=0x0000000102e707e0 method=com.badlogic.gdx.graphics.g2d.BitmapFont.getBounds(Ljava/lang/CharSequence;IILcom/badlogic/gdx/graphics/g2d/BitmapFont$TextBounds;)Lcom/badlogic/gdx/graphics/g2d/BitmapF
Event: 13.365 Thread 0x00007f8c7a126800 Uncommon trap: reason=class_check action=maybe_recompile pc=0x0000000102e707e0 method=com.badlogic.gdx.graphics.g2d.BitmapFont.getBounds(Ljava/lang/CharSequence;IILcom/badlogic/gdx/graphics/g2d/BitmapFont$TextBounds;)Lcom/badlogic/gdx/graphics/g2d/BitmapF
Event: 13.365 Thread 0x00007f8c7a126800 Uncommon trap: reason=class_check action=maybe_recompile pc=0x0000000102e707e0 method=com.badlogic.gdx.graphics.g2d.BitmapFont.getBounds(Ljava/lang/CharSequence;IILcom/badlogic/gdx/graphics/g2d/BitmapFont$TextBounds;)Lcom/badlogic/gdx/graphics/g2d/BitmapF
Event: 13.365 Thread 0x00007f8c7a126800 Uncommon trap: reason=class_check action=maybe_recompile pc=0x0000000102e707e0 method=com.badlogic.gdx.graphics.g2d.BitmapFont.getBounds(Ljava/lang/CharSequence;IILcom/badlogic/gdx/graphics/g2d/BitmapFont$TextBounds;)Lcom/badlogic/gdx/graphics/g2d/BitmapF
Event: 15.030 Thread 0x00007f8c7a126800 Uncommon trap: reason=class_check action=maybe_recompile pc=0x0000000102e5cd3c method=com.badlogic.gdx.graphics.g2d.BitmapFontCache.addToCache(Ljava/lang/CharSequence;FFII)F @ 54
Event: 15.030 Thread 0x00007f8c7a126800 Uncommon trap: reason=class_check action=maybe_recompile pc=0x0000000102e5cd3c method=com.badlogic.gdx.graphics.g2d.BitmapFontCache.addToCache(Ljava/lang/CharSequence;FFII)F @ 54
Event: 15.031 Thread 0x00007f8c7a126800 Uncommon trap: reason=class_check action=maybe_recompile pc=0x0000000102e5cd3c method=com.badlogic.gdx.graphics.g2d.BitmapFontCache.addToCache(Ljava/lang/CharSequence;FFII)F @ 54

Internal exceptions (10 events):
Event: 3.238 Thread 0x00007f8c7b1ec000 Threw 0x0000000160dc9628 at /HUDSON/workspace/7u-2-build-macosx-x86_64/jdk7u45/229/hotspot/src/share/vm/prims/jvm.cpp:1244
Event: 3.240 Thread 0x00007f8c7b1ec000 Threw 0x0000000160dcebc0 at /HUDSON/workspace/7u-2-build-macosx-x86_64/jdk7u45/229/hotspot/src/share/vm/prims/jvm.cpp:1244
Event: 3.241 Thread 0x00007f8c7b1ec000 Threw 0x0000000160dd3ba0 at /HUDSON/workspace/7u-2-build-macosx-x86_64/jdk7u45/229/hotspot/src/share/vm/prims/jvm.cpp:1244
Event: 4.686 Thread 0x00007f8c7a126800 Threw 0x0000000160d49288 at /HUDSON/workspace/7u-2-build-macosx-x86_64/jdk7u45/229/hotspot/src/share/vm/prims/jvm.cpp:1244
Event: 4.687 Thread 0x00007f8c7a126800 Threw 0x0000000160d4d670 at /HUDSON/workspace/7u-2-build-macosx-x86_64/jdk7u45/229/hotspot/src/share/vm/prims/jvm.cpp:1244
Event: 4.689 Thread 0x00007f8c7a126800 Threw 0x0000000160d53ab8 at /HUDSON/workspace/7u-2-build-macosx-x86_64/jdk7u45/229/hotspot/src/share/vm/prims/jvm.cpp:1244
Event: 4.730 Thread 0x00007f8c7aa1f000 Threw 0x000000016189d9a0 at /HUDSON/workspace/7u-2-build-macosx-x86_64/jdk7u45/229/hotspot/src/share/vm/prims/jvm.cpp:1244
Event: 5.821 Thread 0x00007f8c7a126800 Threw 0x0000000161838b58 at /HUDSON/workspace/7u-2-build-macosx-x86_64/jdk7u45/229/hotspot/src/share/vm/prims/jvm.cpp:1244
Event: 13.366 Thread 0x00007f8c7a126800 Threw 0x00000001606417c0 at /HUDSON/workspace/7u-2-build-macosx-x86_64/jdk7u45/229/hotspot/src/share/vm/prims/jvm.cpp:1244
Event: 13.366 Thread 0x00007f8c7a126800 Threw 0x00000001606445f0 at /HUDSON/workspace/7u-2-build-macosx-x86_64/jdk7u45/229/hotspot/src/share/vm/prims/jvm.cpp:1244

Events (10 events):
Event: 15.972 Thread 0x00007f8c7b050000 Thread added: 0x00007f8c7b050000
Event: 15.972 Executing VM operation: ParallelGCFailedAllocation
Event: 15.975 Executing VM operation: ParallelGCFailedAllocation done
Event: 15.975 Thread 0x00007f8c7b050000 Thread exited: 0x00007f8c7b050000
Event: 15.975 Thread 0x00007f8c7b815000 Thread added: 0x00007f8c7b815000
Event: 15.975 Thread 0x00007f8c7b815000 Thread exited: 0x00007f8c7b815000
Event: 15.977 Executing VM operation: RevokeBias
Event: 15.977 Executing VM operation: RevokeBias done
Event: 15.978 Executing VM operation: RevokeBias
Event: 15.978 Executing VM operation: RevokeBias done


Dynamic libraries:
0x000000000ca94000 	/System/Library/Frameworks/Cocoa.framework/Versions/A/Cocoa
0x000000000ca94000 	/System/Library/Frameworks/Security.framework/Versions/A/Security
0x000000000ca94000 	/System/Library/Frameworks/ApplicationServices.framework/Versions/A/ApplicationServices
0x000000000ca94000 	/usr/lib/libz.1.dylib
0x000000000ca94000 	/usr/lib/libSystem.B.dylib
0x000000000ca94000 	/usr/lib/libobjc.A.dylib
0x000000000ca94000 	/System/Library/Frameworks/CoreFoundation.framework/Versions/A/CoreFoundation
0x000000000ca94000 	/System/Library/Frameworks/Foundation.framework/Versions/C/Foundation
0x000000000ca94000 	/System/Library/Frameworks/AppKit.framework/Versions/C/AppKit
0x000000000ca94000 	/System/Library/Frameworks/CoreData.framework/Versions/A/CoreData
0x000000000ca94000 	/System/Library/PrivateFrameworks/RemoteViewServices.framework/Versions/A/RemoteViewServices
0x000000000ca94000 	/System/Library/Frameworks/AudioToolbox.framework/Versions/A/AudioToolbox
0x000000000ca94000 	/System/Library/Frameworks/AudioUnit.framework/Versions/A/AudioUnit
0x000000000ca94000 	/System/Library/PrivateFrameworks/DataDetectorsCore.framework/Versions/A/DataDetectorsCore
0x000000000ca94000 	/System/Library/PrivateFrameworks/DesktopServicesPriv.framework/Versions/A/DesktopServicesPriv
0x000000000ca94000 	/System/Library/Frameworks/Carbon.framework/Versions/A/Frameworks/HIToolbox.framework/Versions/A/HIToolbox
0x000000000ca94000 	/System/Library/Frameworks/QuartzCore.framework/Versions/A/QuartzCore
0x000000000ca94000 	/System/Library/Frameworks/Carbon.framework/Versions/A/Frameworks/SpeechRecognition.framework/Versions/A/SpeechRecognition
0x000000000ca94000 	/usr/lib/libauto.dylib
0x000000000ca94000 	/usr/lib/libicucore.A.dylib
0x000000000ca94000 	/usr/lib/libxml2.2.dylib
0x000000000ca94000 	/System/Library/PrivateFrameworks/CoreUI.framework/Versions/A/CoreUI
0x000000000ca94000 	/System/Library/Frameworks/CoreAudio.framework/Versions/A/CoreAudio
0x000000000ca94000 	/System/Library/Frameworks/DiskArbitration.framework/Versions/A/DiskArbitration
0x000000000ca94000 	/usr/lib/liblangid.dylib
0x000000000ca94000 	/System/Library/PrivateFrameworks/MultitouchSupport.framework/Versions/A/MultitouchSupport
0x000000000ca94000 	/System/Library/Frameworks/IOKit.framework/Versions/A/IOKit
0x000000000ca94000 	/usr/lib/libDiagnosticMessagesClient.dylib
0x000000000ca94000 	/System/Library/Frameworks/CoreServices.framework/Versions/A/CoreServices
0x000000000ca94000 	/System/Library/PrivateFrameworks/PerformanceAnalysis.framework/Versions/A/PerformanceAnalysis
0x000000000ca94000 	/System/Library/PrivateFrameworks/GenerationalStorage.framework/Versions/A/GenerationalStorage
0x000000000ca94000 	/System/Library/Frameworks/OpenGL.framework/Versions/A/OpenGL
0x000000000ca94000 	/System/Library/PrivateFrameworks/Sharing.framework/Versions/A/Sharing
0x000000000ca94000 	/System/Library/Frameworks/ImageIO.framework/Versions/A/ImageIO
0x000000000ca94000 	/System/Library/Frameworks/CoreText.framework/Versions/A/CoreText
0x000000000ca94000 	/System/Library/Frameworks/CoreGraphics.framework/Versions/A/CoreGraphics
0x000000000ca94000 	/System/Library/PrivateFrameworks/Backup.framework/Versions/A/Backup
0x000000000ca94000 	/System/Library/Frameworks/CFNetwork.framework/Versions/A/CFNetwork
0x000000000ca94000 	/System/Library/Frameworks/SystemConfiguration.framework/Versions/A/SystemConfiguration
0x000000000ca94000 	/usr/lib/libCRFSuite.dylib
0x000000000ca94000 	/usr/lib/libc++.1.dylib
0x000000000ca94000 	/usr/lib/libc++abi.dylib
0x000000000ca94000 	/usr/lib/system/libcache.dylib
0x000000000ca94000 	/usr/lib/system/libcommonCrypto.dylib
0x000000000ca94000 	/usr/lib/system/libcompiler_rt.dylib
0x000000000ca94000 	/usr/lib/system/libcopyfile.dylib
0x000000000ca94000 	/usr/lib/system/libcorecrypto.dylib
0x000000000ca94000 	/usr/lib/system/libdispatch.dylib
0x000000000ca94000 	/usr/lib/system/libdyld.dylib
0x000000000ca94000 	/usr/lib/system/libkeymgr.dylib
0x000000000ca94000 	/usr/lib/system/liblaunch.dylib
0x000000000ca94000 	/usr/lib/system/libmacho.dylib
0x000000000ca94000 	/usr/lib/system/libquarantine.dylib
0x000000000ca94000 	/usr/lib/system/libremovefile.dylib
0x000000000ca94000 	/usr/lib/system/libsystem_asl.dylib
0x000000000ca94000 	/usr/lib/system/libsystem_blocks.dylib
0x000000000ca94000 	/usr/lib/system/libsystem_c.dylib
0x000000000ca94000 	/usr/lib/system/libsystem_configuration.dylib
0x000000000ca94000 	/usr/lib/system/libsystem_dnssd.dylib
0x000000000ca94000 	/usr/lib/system/libsystem_info.dylib
0x000000000ca94000 	/usr/lib/system/libsystem_kernel.dylib
0x000000000ca94000 	/usr/lib/system/libsystem_m.dylib
0x000000000ca94000 	/usr/lib/system/libsystem_malloc.dylib
0x000000000ca94000 	/usr/lib/system/libsystem_network.dylib
0x000000000ca94000 	/usr/lib/system/libsystem_notify.dylib
0x000000000ca94000 	/usr/lib/system/libsystem_platform.dylib
0x000000000ca94000 	/usr/lib/system/libsystem_pthread.dylib
0x000000000ca94000 	/usr/lib/system/libsystem_sandbox.dylib
0x000000000ca94000 	/usr/lib/system/libsystem_stats.dylib
0x000000000ca94000 	/usr/lib/system/libunc.dylib
0x000000000ca94000 	/usr/lib/system/libunwind.dylib
0x000000000ca94000 	/usr/lib/system/libxpc.dylib
0x000000000ca94000 	/usr/lib/libbsm.0.dylib
0x000000000ca94000 	/usr/lib/libsqlite3.dylib
0x000000000ca94000 	/usr/lib/libxar.1.dylib
0x000000000ca94000 	/usr/lib/libpam.2.dylib
0x000000000ca94000 	/usr/lib/libOpenScriptingUtil.dylib
0x000000000ca94000 	/usr/lib/libbz2.1.0.dylib
0x000000000ca94000 	/System/Library/Frameworks/CoreServices.framework/Versions/A/Frameworks/CarbonCore.framework/Versions/A/CarbonCore
0x000000000ca94000 	/System/Library/Frameworks/CoreServices.framework/Versions/A/Frameworks/Metadata.framework/Versions/A/Metadata
0x000000000ca94000 	/System/Library/Frameworks/CoreServices.framework/Versions/A/Frameworks/OSServices.framework/Versions/A/OSServices
0x000000000ca94000 	/System/Library/Frameworks/CoreServices.framework/Versions/A/Frameworks/SearchKit.framework/Versions/A/SearchKit
0x000000000ca94000 	/System/Library/Frameworks/CoreServices.framework/Versions/A/Frameworks/AE.framework/Versions/A/AE
0x000000000ca94000 	/System/Library/Frameworks/CoreServices.framework/Versions/A/Frameworks/LaunchServices.framework/Versions/A/LaunchServices
0x000000000ca94000 	/System/Library/Frameworks/CoreServices.framework/Versions/A/Frameworks/DictionaryServices.framework/Versions/A/DictionaryServices
0x000000000ca94000 	/System/Library/Frameworks/NetFS.framework/Versions/A/NetFS
0x000000000ca94000 	/usr/lib/system/libkxld.dylib
0x000000000ca94000 	/System/Library/PrivateFrameworks/NetAuth.framework/Versions/A/NetAuth
0x000000000ca94000 	/System/Library/PrivateFrameworks/TCC.framework/Versions/A/TCC
0x000000000ca94000 	/System/Library/Frameworks/OpenDirectory.framework/Versions/A/Frameworks/CFOpenDirectory.framework/Versions/A/CFOpenDirectory
0x000000000ca94000 	/System/Library/Frameworks/ServiceManagement.framework/Versions/A/ServiceManagement
0x000000000ca94000 	/usr/lib/libxslt.1.dylib
0x000000000ca94000 	/System/Library/Frameworks/Carbon.framework/Versions/A/Frameworks/Ink.framework/Versions/A/Ink
0x000000000ca94000 	/System/Library/Frameworks/ApplicationServices.framework/Versions/A/Frameworks/ATS.framework/Versions/A/ATS
0x000000000ca94000 	/System/Library/Frameworks/ApplicationServices.framework/Versions/A/Frameworks/ColorSync.framework/Versions/A/ColorSync
0x000000000ca94000 	/System/Library/Frameworks/ApplicationServices.framework/Versions/A/Frameworks/HIServices.framework/Versions/A/HIServices
0x000000000ca94000 	/System/Library/Frameworks/ApplicationServices.framework/Versions/A/Frameworks/LangAnalysis.framework/Versions/A/LangAnalysis
0x000000000ca94000 	/System/Library/Frameworks/ApplicationServices.framework/Versions/A/Frameworks/PrintCore.framework/Versions/A/PrintCore
0x000000000ca94000 	/System/Library/Frameworks/ApplicationServices.framework/Versions/A/Frameworks/QD.framework/Versions/A/QD
0x000000000ca94000 	/System/Library/Frameworks/ApplicationServices.framework/Versions/A/Frameworks/SpeechSynthesis.framework/Versions/A/SpeechSynthesis
0x000000000ca94000 	/System/Library/Frameworks/IOSurface.framework/Versions/A/IOSurface
0x000000000ca94000 	/System/Library/Frameworks/Accelerate.framework/Versions/A/Accelerate
0x000000000ca94000 	/System/Library/Frameworks/Accelerate.framework/Versions/A/Frameworks/vImage.framework/Versions/A/vImage
0x000000000ca94000 	/System/Library/Frameworks/Accelerate.framework/Versions/A/Frameworks/vecLib.framework/Versions/A/vecLib
0x000000000ca94000 	/System/Library/Frameworks/Accelerate.framework/Versions/A/Frameworks/vecLib.framework/Versions/A/libvDSP.dylib
0x000000000ca94000 	/System/Library/Frameworks/Accelerate.framework/Versions/A/Frameworks/vecLib.framework/Versions/A/libvMisc.dylib
0x000000000ca94000 	/System/Library/Frameworks/Accelerate.framework/Versions/A/Frameworks/vecLib.framework/Versions/A/libLAPACK.dylib
0x000000000ca94000 	/System/Library/Frameworks/Accelerate.framework/Versions/A/Frameworks/vecLib.framework/Versions/A/libBLAS.dylib
0x000000000ca94000 	/System/Library/Frameworks/ApplicationServices.framework/Versions/A/Frameworks/ATS.framework/Versions/A/Resources/libFontParser.dylib
0x000000000ca94000 	/System/Library/Frameworks/ApplicationServices.framework/Versions/A/Frameworks/ATS.framework/Versions/A/Resources/libFontRegistry.dylib
0x000000000ca94000 	/System/Library/Frameworks/ImageIO.framework/Versions/A/Resources/libJPEG.dylib
0x000000000ca94000 	/System/Library/Frameworks/ImageIO.framework/Versions/A/Resources/libTIFF.dylib
0x000000000ca94000 	/System/Library/Frameworks/ImageIO.framework/Versions/A/Resources/libPng.dylib
0x000000000ca94000 	/System/Library/Frameworks/ImageIO.framework/Versions/A/Resources/libGIF.dylib
0x000000000ca94000 	/System/Library/Frameworks/ImageIO.framework/Versions/A/Resources/libJP2.dylib
0x000000000ca94000 	/System/Library/Frameworks/ImageIO.framework/Versions/A/Resources/libRadiance.dylib
0x000000000ca94000 	/usr/lib/libcups.2.dylib
0x000000000ca94000 	/System/Library/Frameworks/Kerberos.framework/Versions/A/Kerberos
0x000000000ca94000 	/System/Library/Frameworks/GSS.framework/Versions/A/GSS
0x000000000ca94000 	/usr/lib/libresolv.9.dylib
0x000000000ca94000 	/usr/lib/libiconv.2.dylib
0x000000000ca94000 	/System/Library/PrivateFrameworks/Heimdal.framework/Versions/A/Heimdal
0x000000000ca94000 	/System/Library/PrivateFrameworks/TrustEvaluationAgent.framework/Versions/A/TrustEvaluationAgent
0x000000000ca94000 	/usr/lib/libheimdal-asn1.dylib
0x000000000ca94000 	/System/Library/Frameworks/OpenDirectory.framework/Versions/A/OpenDirectory
0x000000000ca94000 	/System/Library/PrivateFrameworks/CommonAuth.framework/Versions/A/CommonAuth
0x000000000ca94000 	/System/Library/Frameworks/SecurityFoundation.framework/Versions/A/SecurityFoundation
0x000000000ca94000 	/System/Library/PrivateFrameworks/Bom.framework/Versions/A/Bom
0x000000000ca94000 	/System/Library/Frameworks/CoreVideo.framework/Versions/A/CoreVideo
0x000000000ca94000 	/System/Library/Frameworks/QuartzCore.framework/Versions/A/Frameworks/CoreImage.framework/Versions/A/CoreImage
0x000000000ca94000 	/System/Library/Frameworks/QuartzCore.framework/Versions/A/Frameworks/ScalableUserInterface.framework/Versions/A/ScalableUserInterface
0x000000000ca94000 	/System/Library/Frameworks/OpenGL.framework/Versions/A/Libraries/libGLU.dylib
0x000000000ca94000 	/System/Library/Frameworks/OpenGL.framework/Versions/A/Libraries/libGFXShared.dylib
0x000000000ca94000 	/System/Library/Frameworks/OpenGL.framework/Versions/A/Libraries/libGL.dylib
0x000000000ca94000 	/System/Library/Frameworks/OpenGL.framework/Versions/A/Libraries/libGLImage.dylib
0x000000000ca94000 	/System/Library/Frameworks/OpenGL.framework/Versions/A/Libraries/libCVMSPluginSupport.dylib
0x000000000ca94000 	/System/Library/Frameworks/OpenGL.framework/Versions/A/Libraries/libCoreVMClient.dylib
0x000000000ca94000 	/System/Library/PrivateFrameworks/FaceCore.framework/Versions/A/FaceCore
0x000000000ca94000 	/System/Library/PrivateFrameworks/CrashReporterSupport.framework/Versions/A/CrashReporterSupport
0x000000000ca94000 	/System/Library/Frameworks/OpenCL.framework/Versions/A/OpenCL
0x000000000ca94000 	/System/Library/PrivateFrameworks/AppleFSCompression.framework/Versions/A/AppleFSCompression
0x000000000ca94000 	/System/Library/PrivateFrameworks/Ubiquity.framework/Versions/A/Ubiquity
0x000000000ca94000 	/System/Library/PrivateFrameworks/IconServices.framework/Versions/A/IconServices
0x000000000ca94000 	/System/Library/PrivateFrameworks/ChunkingLibrary.framework/Versions/A/ChunkingLibrary
0x000000000ca94000 	/System/Library/PrivateFrameworks/CoreSymbolication.framework/Versions/A/CoreSymbolication
0x000000000ca94000 	/System/Library/PrivateFrameworks/Symbolication.framework/Versions/A/Symbolication
0x000000000ca94000 	/System/Library/PrivateFrameworks/DebugSymbols.framework/Versions/A/DebugSymbols
0x00000001021ee000 	/Library/Java/JavaVirtualMachines/jdk1.7.0_45.jdk/Contents/Home/jre/lib/server/libjvm.dylib
0x000000000ca94000 	/usr/lib/libstdc++.6.dylib
0x0000000102d44000 	/Library/Java/JavaVirtualMachines/jdk1.7.0_45.jdk/Contents/Home/jre/lib/libverify.dylib
0x0000000102d51000 	/Library/Java/JavaVirtualMachines/jdk1.7.0_45.jdk/Contents/Home/jre/lib/libjava.dylib
0x0000000102d8b000 	/Library/Java/JavaVirtualMachines/jdk1.7.0_45.jdk/Contents/Home/jre/lib/libzip.dylib
0x00000001920a9000 	/System/Library/Frameworks/JavaVM.framework/Frameworks/JavaRuntimeSupport.framework/JavaRuntimeSupport
0x00000001920c1000 	/System/Library/Frameworks/JavaVM.framework/Versions/A/Frameworks/JavaNativeFoundation.framework/Versions/A/JavaNativeFoundation
0x00000001905ef000 	/System/Library/Frameworks/JavaVM.framework/Versions/A/JavaVM
0x000000000ca94000 	/System/Library/Frameworks/Carbon.framework/Versions/A/Carbon
0x00000001920d5000 	/System/Library/PrivateFrameworks/JavaLaunching.framework/Versions/A/JavaLaunching
0x000000000ca94000 	/System/Library/Frameworks/Carbon.framework/Versions/A/Frameworks/CommonPanels.framework/Versions/A/CommonPanels
0x000000000ca94000 	/System/Library/Frameworks/Carbon.framework/Versions/A/Frameworks/Help.framework/Versions/A/Help
0x000000000ca94000 	/System/Library/Frameworks/Carbon.framework/Versions/A/Frameworks/ImageCapture.framework/Versions/A/ImageCapture
0x000000000ca94000 	/System/Library/Frameworks/Carbon.framework/Versions/A/Frameworks/OpenScripting.framework/Versions/A/OpenScripting
0x000000000ca94000 	/System/Library/Frameworks/Carbon.framework/Versions/A/Frameworks/Print.framework/Versions/A/Print
0x000000000ca94000 	/System/Library/Frameworks/Carbon.framework/Versions/A/Frameworks/SecurityHI.framework/Versions/A/SecurityHI
0x00000001927c7000 	/private/var/folders/rn/7l44jphj0g7gs2jyys0_x7840000gn/T/libgdxPhilo/92bf976d/libgdx.dylib
0x0000000192894000 	/Library/Java/JavaVirtualMachines/jdk1.7.0_45.jdk/Contents/Home/jre/lib/libawt.dylib
0x0000000192943000 	/Library/Java/JavaVirtualMachines/jdk1.7.0_45.jdk/Contents/Home/jre/lib/./libmlib_image.dylib
0x0000000192a0f000 	/Library/Java/JavaVirtualMachines/jdk1.7.0_45.jdk/Contents/Home/jre/lib/lwawt/liblwawt.dylib
0x0000000192ac3000 	/Library/Java/JavaVirtualMachines/jdk1.7.0_45.jdk/Contents/Home/jre/lib/libosxapp.dylib
0x000000000ca94000 	/System/Library/Frameworks/ExceptionHandling.framework/Versions/A/ExceptionHandling
0x000000000ca94000 	/System/Library/PrivateFrameworks/CoreServicesInternal.framework/Versions/A/CoreServicesInternal
0x000000000ca94000 	/System/Library/PrivateFrameworks/Librarian.framework/Versions/A/Librarian
0x000000000ca94000 	/System/Library/Frameworks/CoreGraphics.framework/Versions/A/Resources/libCGCMS.A.dylib
0x000000000ca94000 	/System/Library/Frameworks/CoreGraphics.framework/Versions/A/Resources/libRIP.A.dylib
0x000000000ca94000 	/System/Library/Frameworks/CoreGraphics.framework/Versions/A/Resources/libCGXType.A.dylib
0x000000000ca94000 	/System/Library/PrivateFrameworks/FamilyControls.framework/Versions/A/FamilyControls
0x000000000ca94000 	/System/Library/PrivateFrameworks/CommerceKit.framework/Versions/A/Frameworks/CommerceCore.framework/Versions/A/CommerceCore
0x000000000ca94000 	/System/Library/PrivateFrameworks/SystemAdministration.framework/Versions/A/SystemAdministration
0x000000000ca94000 	/System/Library/Frameworks/DirectoryService.framework/Versions/A/DirectoryService
0x000000000ca94000 	/System/Library/PrivateFrameworks/DiskImages.framework/Versions/A/DiskImages
0x000000000ca94000 	/System/Library/PrivateFrameworks/LoginUIKit.framework/Versions/A/Frameworks/LoginUICore.framework/Versions/A/LoginUICore
0x000000000ca94000 	/usr/lib/libCoreStorage.dylib
0x000000000ca94000 	/usr/lib/libcsfde.dylib
0x000000000ca94000 	/usr/lib/libodfde.dylib
0x000000000ca94000 	/System/Library/Frameworks/DiscRecording.framework/Versions/A/DiscRecording
0x000000000ca94000 	/usr/lib/libcurl.4.dylib
0x000000000ca94000 	/System/Library/PrivateFrameworks/MediaKit.framework/Versions/A/MediaKit
0x000000000ca94000 	/System/Library/PrivateFrameworks/EFILogin.framework/Versions/A/EFILogin
0x000000000ca94000 	/usr/lib/libutil.dylib
0x000000000ca94000 	/System/Library/PrivateFrameworks/AOSNotification.framework/Versions/A/AOSNotification
0x000000000ca94000 	/System/Library/Frameworks/LDAP.framework/Versions/A/LDAP
0x000000000ca94000 	/usr/lib/libsasl2.2.dylib
0x000000000ca94000 	/usr/lib/libcrypto.0.9.8.dylib
0x000000000ca94000 	/usr/lib/libssl.0.9.8.dylib
0x00000001942c9000 	/Library/Java/JavaVirtualMachines/jdk1.7.0_45.jdk/Contents/Home/jre/lib/libfontmanager.dylib
0x0000000196a8e000 	/private/var/folders/rn/7l44jphj0g7gs2jyys0_x7840000gn/T/libgdxPhilo/75260a42/liblwjgl.jnilib
0x000000019432d000 	/Library/Java/JavaVirtualMachines/jdk1.7.0_45.jdk/Contents/Home/jre/lib/libjawt.dylib
0x0000000196b09000 	/var/folders/rn/7l44jphj0g7gs2jyys0_x7840000gn/T/libgdxPhilo/75260a42/openal.dylib
0x0000000196b65000 	/System/Library/Components/CoreAudio.component/Contents/MacOS/CoreAudio
0x00000001950c4000 	/System/Library/Extensions/AppleHDA.kext/Contents/PlugIns/AppleHDAHALPlugIn.bundle/Contents/MacOS/AppleHDAHALPlugIn
0x000000000ca94000 	/System/Library/Frameworks/OpenGL.framework/Versions/A/Resources/GLEngine.bundle/GLEngine
0x000000000ca94000 	/System/Library/Frameworks/OpenGL.framework/Versions/A/Libraries/libGLProgrammability.dylib
0x0000000000000000 	/System/Library/Extensions/GeForceGLDriver.bundle/Contents/MacOS/GeForceGLDriver
0x000000000ca94000 	/System/Library/PrivateFrameworks/IOAccelerator.framework/Versions/A/IOAccelerator
0x000000000ca94000 	/System/Library/PrivateFrameworks/GPUSupport.framework/Versions/A/Libraries/libGPUSupportMercury.dylib
0x000000000ca94000 	/System/Library/Extensions/GeForceGLDriver.bundle/Contents/MacOS/libclh.dylib
0x000000000ca94000 	/System/Library/Frameworks/OpenGL.framework/Versions/A/Resources/GLRendererFloat.bundle/GLRendererFloat
0x000000000ca94000 	/System/Library/Frameworks/OpenCL.framework/Versions/A/Libraries/libcldcpuengine.dylib
0x0000000197eda000 	/Users/Philo/Downloads/musical-fingers-master 9/Musical-fingers/lib/x64/libLeapJava.dylib
0x000000019ae94000 	/Users/Philo/Downloads/musical-fingers-master 9/Musical-fingers/lib/x64/libLeap.dylib

VM Arguments:
jvm_args: -Djava.library.path=/Users/Philo/Downloads/musical-fingers-master 9/Musical-fingers/lib/x64 -Dfile.encoding=US-ASCII 
java_command: ox.musicalfingers.display.Main
Launcher Type: SUN_STANDARD

Environment Variables:
PATH=/usr/bin:/bin:/usr/sbin:/sbin
SHELL=/bin/bash

Signal Handlers:
SIGSEGV: [libjvm.dylib+0x525415], sa_mask[0]=0xfffefeff, sa_flags=0x00000043
SIGBUS: [libjvm.dylib+0x525415], sa_mask[0]=0xfffefeff, sa_flags=0x00000042
SIGFPE: [libjvm.dylib+0x41891a], sa_mask[0]=0xfffefeff, sa_flags=0x00000042
SIGPIPE: [libjvm.dylib+0x41891a], sa_mask[0]=0xfffefeff, sa_flags=0x00000042
SIGXFSZ: [libjvm.dylib+0x41891a], sa_mask[0]=0xfffefeff, sa_flags=0x00000042
SIGILL: [libjvm.dylib+0x41891a], sa_mask[0]=0xfffefeff, sa_flags=0x00000042
SIGUSR1: SIG_DFL, sa_mask[0]=0x00000000, sa_flags=0x00000002
SIGUSR2: [libjvm.dylib+0x41840c], sa_mask[0]=0x00000004, sa_flags=0x00000042
SIGHUP: [libjvm.dylib+0x41669b], sa_mask[0]=0xfffefeff, sa_flags=0x00000042
SIGINT: [libjvm.dylib+0x41669b], sa_mask[0]=0xfffefeff, sa_flags=0x00000042
SIGTERM: [libjvm.dylib+0x41669b], sa_mask[0]=0xfffefeff, sa_flags=0x00000042
SIGQUIT: [libjvm.dylib+0x41669b], sa_mask[0]=0xfffefeff, sa_flags=0x00000042


---------------  S Y S T E M  ---------------

OS:Bsduname:Darwin 13.1.0 Darwin Kernel Version 13.1.0: Thu Jan 16 19:40:37 PST 2014; root:xnu-2422.90.20~2/RELEASE_X86_64 x86_64
rlimit: STACK 8192k, CORE 0k, NPROC 709, NOFILE 10240, AS infinity
load average:2.74 1.98 1.88

CPU:total 4 (4 cores per cpu, 1 threads per core) family 6 model 58 stepping 9, cmov, cx8, fxsr, mmx, sse, sse2, sse3, ssse3, sse4.1, sse4.2, popcnt, avx, aes, erms, tsc, tscinvbit, tscinv

Memory: 4k page, physical 8388608k(2097152k free)

/proc/meminfo:


vm_info: Java HotSpot(TM) 64-Bit Server VM (24.45-b08) for bsd-amd64 JRE (1.7.0_45-b18), built on Oct  8 2013 05:54:16 by "java_re" with gcc 4.2.1 (Based on Apple Inc. build 5658) (LLVM build 2336.11.00)

time: Sun May 11 16:33:43 2014
elapsed time: 15 seconds

