#
# A fatal error has been detected by the Java Runtime Environment:
#
#  SIGSEGV (0xb) at pc=0x000000019d06d7fc, pid=3633, tid=13059
#
# JRE version: Java(TM) SE Runtime Environment (7.0_45-b18) (build 1.7.0_45-b18)
# Java VM: Java HotSpot(TM) 64-Bit Server VM (24.45-b08 mixed mode bsd-amd64 compressed oops)
# Problematic frame:
# C  [libLeap.dylib+0x287fc]  Leap::InteractionBox::toString() const+0x4f3c
#
# Failed to write core dump. Core dumps have been disabled. To enable core dumping, try "ulimit -c unlimited" before starting Java again
#
# If you would like to submit a bug report, please visit:
#   http://bugreport.sun.com/bugreport/crash.jsp
# The crash happened outside the Java Virtual Machine in native code.
# See problematic frame for where to report the bug.
#

---------------  T H R E A D  ---------------

Current thread (0x00007fbb42848000):  JavaThread "Finalizer" daemon [_thread_in_native, id=13059, stack(0x0000000195b56000,0x0000000195c56000)]

siginfo:si_signo=SIGSEGV: si_errno=0, si_code=0 (SEGV0), si_addr=0x0000000000000000

Registers:
RAX=0x900007fbb41fd208, RBX=0x00007fbb439b4e10, RCX=0x0000000000000000, RDX=0x00007fbb41f897f8
RSP=0x0000000195c55270, RBP=0x0000000195c55380, RSI=0x0002b4000002b400, RDI=0x00007fbb41f8e870
R8 =0x0000000000000040, R9 =0x0000000195c55100, R10=0x000000010717b66c, R11=0x0000000106a70297
R12=0x00007fbb439b4c00, R13=0x00007fbb41f84420, R14=0x0000000195c552c8, R15=0x00007fbb41c7fcb0
RIP=0x000000019d06d7fc, EFLAGS=0x0000000000010216, ERR=0x0000000000000000
  TRAPNO=0x000000000000000d

Top of Stack: (sp=0x0000000195c55270)
0x0000000195c55270:   00007fbb42848000 00000001068d2084
0x0000000195c55280:   00007fbb41fd9810 00007fbb439b4e08
0x0000000195c55290:   00000000000014dd 0000000106d57f30
0x0000000195c552a0:   00000001946c7ed0 0000000000000003
0x0000000195c552b0:   0000000195c55300 00000000000014dd
0x0000000195c552c0:   00007fbb00000009 0000000000000000
0x0000000195c552d0:   00007fbb41c7fcb0 00007fbb41c7fcb0
0x0000000195c552e0:   00007fbb41c7fcb0 0000000000000001
0x0000000195c552f0:   00007fbb439b51c8 00007fbb42848001
0x0000000195c55300:   00007fbb439b5148 00000001069faa01
0x0000000195c55310:   00007fbb42848000 00007fbb41ffc080
0x0000000195c55320:   0000000195c55378 00007fbb41d0c338
0x0000000195c55330:   0000000195c55350 0000000106a73dee
0x0000000195c55340:   00007fbb42848000 00007fbb42848000
0x0000000195c55350:   0000000195c55390 00007fbb41f84420
0x0000000195c55360:   0000000000000000 000000010abe34c8
0x0000000195c55370:   00007fbb41f897a0 00007fbb42848000
0x0000000195c55380:   0000000195c553a0 000000019d050ea4
0x0000000195c55390:   000000010abe34c8 0000000195c55428
0x0000000195c553a0:   0000000195c55400 000000010717b698
0x0000000195c553b0:   0000000195c55450 00007fbb41fd8e40
0x0000000195c553c0:   0000000195c553c0 000000010abe34c8
0x0000000195c553d0:   0000000195c55428 000000010abe6c08
0x0000000195c553e0:   0000000000000000 000000010abe34c8
0x0000000195c553f0:   0000000000000000 0000000195c55420
0x0000000195c55400:   0000000195c55480 000000010716f058
0x0000000195c55410:   0000000166b18bc0 0000000107177cd8
0x0000000195c55420:   00007fbb41f84420 0000000166d21698
0x0000000195c55430:   0000000000000019 0000000166d21698
0x0000000195c55440:   0000000195c55430 000000010abcfab1
0x0000000195c55450:   0000000195c55490 000000010abd12d8
0x0000000195c55460:   0000000000000000 000000010abcfac8 

Instructions: (pc=0x000000019d06d7fc)
0x000000019d06d7dc:   d0 2d fe ff 4c 8d b5 48 ff ff ff 4c 8b bd 58 ff
0x000000019d06d7ec:   ff ff 66 90 4d 39 f7 74 31 49 8b 7f 20 48 8b 07
0x000000019d06d7fc:   48 8b 40 28 4c 89 ee ff d0 eb 0d 48 89 c7 e8 71
0x000000019d06d80c:   3a 09 00 e8 7e 3a 09 00 4c 89 ff e8 04 3a 09 00 

Register to memory mapping:

RAX=0x900007fbb41fd208 is an unknown value
RBX=0x00007fbb439b4e10 is an unknown value
RCX=0x0000000000000000 is an unknown value
RDX=0x00007fbb41f897f8 is an unknown value
RSP=0x0000000195c55270 is pointing into the stack for thread: 0x00007fbb42848000
RBP=0x0000000195c55380 is pointing into the stack for thread: 0x00007fbb42848000
RSI=0x0002b4000002b400 is an unknown value
RDI=0x00007fbb41f8e870 is an unknown value
R8 =0x0000000000000040 is an unknown value
R9 =0x0000000195c55100 is pointing into the stack for thread: 0x00007fbb42848000
R10=0x000000010717b66c is at code_begin+620 in an Interpreter codelet
method entry point (kind = native)  [0x000000010717b400, 0x000000010717bc40]  2112 bytes
R11=0x0000000106a70297: throw_unsatisfied_link_error+0 in /Library/Java/JavaVirtualMachines/jdk1.7.0_45.jdk/Contents/Home/jre/lib/server/libjvm.dylib at 0x0000000106600000
R12=0x00007fbb439b4c00 is an unknown value
R13=0x00007fbb41f84420 is an unknown value
R14=0x0000000195c552c8 is pointing into the stack for thread: 0x00007fbb42848000
R15=0x00007fbb41c7fcb0 is an unknown value


Stack: [0x0000000195b56000,0x0000000195c56000],  sp=0x0000000195c55270,  free space=1020k
Native frames: (J=compiled Java code, j=interpreted, Vv=VM code, C=native code)
C  [libLeap.dylib+0x287fc]  Leap::InteractionBox::toString() const+0x4f3c
C  [libLeap.dylib+0xbea4]  Leap::Controller::~Controller()+0x34
j  com.leapmotion.leap.LeapJNI.delete_Controller(J)V+0
j  com.leapmotion.leap.Controller.delete()V+25
j  com.leapmotion.leap.Controller.finalize()V+1
v  ~StubRoutines::call_stub
V  [libjvm.dylib+0x2d6d90]  JavaCalls::call_helper(JavaValue*, methodHandle*, JavaCallArguments*, Thread*)+0x22a
V  [libjvm.dylib+0x2d6b60]  JavaCalls::call(JavaValue*, methodHandle, JavaCallArguments*, Thread*)+0x28
V  [libjvm.dylib+0x30a605]  jni_invoke_nonstatic(JNIEnv_*, JavaValue*, _jobject*, JNICallType, _jmethodID*, JNI_ArgumentPusher*, Thread*)+0x2ba
V  [libjvm.dylib+0x2fe176]  jni_CallVoidMethod+0x116
C  [libjava.dylib+0x299c]  Java_java_lang_ref_Finalizer_invokeFinalizeMethod+0x58
J  java.lang.ref.Finalizer.invokeFinalizeMethod(Ljava/lang/Object;)V

Java frames: (J=compiled Java code, j=interpreted, Vv=VM code)
j  com.leapmotion.leap.LeapJNI.delete_Controller(J)V+0
j  com.leapmotion.leap.Controller.delete()V+25
j  com.leapmotion.leap.Controller.finalize()V+1
v  ~StubRoutines::call_stub
J  java.lang.ref.Finalizer.invokeFinalizeMethod(Ljava/lang/Object;)V
J  java.lang.ref.Finalizer.access$100(Ljava/lang/ref/Finalizer;)V
J  java.lang.ref.Finalizer$FinalizerThread.run()V
v  ~StubRoutines::call_stub

---------------  P R O C E S S  ---------------

Java Threads: ( => current thread )
  0x00007fbb42198000 JavaThread "AsynchExecutor-Thread" daemon [_thread_blocked, id=66827, stack(0x000000019c317000,0x000000019c417000)]
  0x00007fbb420af800 JavaThread "DestroyJavaVM" [_thread_blocked, id=6915, stack(0x0000000107054000,0x0000000107154000)]
  0x00007fbb420ae800 JavaThread "LWJGL Application" [_thread_in_native, id=64515, stack(0x000000019a9ed000,0x000000019aaed000)]
  0x00007fbb420e9800 JavaThread "AppKit Thread" daemon [_thread_in_native, id=1287, stack(0x00007fff59ed1000,0x00007fff59f51000)]
  0x00007fbb43800000 JavaThread "Service Thread" daemon [_thread_blocked, id=19459, stack(0x00000001960ab000,0x00000001961ab000)]
  0x00007fbb43010000 JavaThread "C2 CompilerThread1" daemon [_thread_blocked, id=18947, stack(0x0000000195fa8000,0x00000001960a8000)]
  0x00007fbb4300f000 JavaThread "C2 CompilerThread0" daemon [_thread_blocked, id=18435, stack(0x0000000195ea5000,0x0000000195fa5000)]
  0x00007fbb4300e800 JavaThread "Signal Dispatcher" daemon [_thread_blocked, id=17923, stack(0x0000000195da2000,0x0000000195ea2000)]
=>0x00007fbb42848000 JavaThread "Finalizer" daemon [_thread_in_native, id=13059, stack(0x0000000195b56000,0x0000000195c56000)]
  0x00007fbb4283f800 JavaThread "Reference Handler" daemon [_thread_blocked, id=12547, stack(0x0000000195a53000,0x0000000195b53000)]

Other Threads:
  0x00007fbb4283f000 VMThread [stack: 0x0000000195950000,0x0000000195a50000] [id=12035]
  0x00007fbb43809000 WatcherThread [stack: 0x00000001961ae000,0x00000001962ae000] [id=19971]

VM state:not at safepoint (normal execution)

VM Mutex/Monitor currently owned by a thread: None

Heap
 PSYoungGen      total 38400K, used 2953K [0x0000000164a00000, 0x0000000167580000, 0x000000018f500000)
  eden space 33280K, 1% used [0x0000000164a00000,0x0000000164a9e0d0,0x0000000166a80000)
  from space 5120K, 45% used [0x0000000166b00000,0x0000000166d44520,0x0000000167000000)
  to   space 5632K, 0% used [0x0000000167000000,0x0000000167000000,0x0000000167580000)
 ParOldGen       total 87040K, used 441K [0x000000010f500000, 0x0000000114a00000, 0x0000000164a00000)
  object space 87040K, 0% used [0x000000010f500000,0x000000010f56e700,0x0000000114a00000)
 PSPermGen       total 21504K, used 9380K [0x000000010a300000, 0x000000010b800000, 0x000000010f500000)
  object space 21504K, 43% used [0x000000010a300000,0x000000010ac29360,0x000000010b800000)

Card table byte_map: [0x000000018f500000,0x000000018f92a000] byte_map_base: 0x000000018ecae800

Polling page: 0x0000000107156000

Code Cache  [0x0000000107169000, 0x00000001073d9000, 0x000000010a169000)
 total_blobs=583 nmethods=195 adapters=342 free_code_cache=48205Kb largest_free_block=49334848

Compilation events (10 events):
Event: 18.929 Thread 0x00007fbb4300f000 nmethod 190 0x0000000107251710 code [0x0000000107251860, 0x00000001072518f8]
Event: 18.929 Thread 0x00007fbb43010000 nmethod 191 0x0000000107251490 code [0x00000001072515c0, 0x0000000107251638]
Event: 19.128 Thread 0x00007fbb4300f000  192             java.lang.Math::max (11 bytes)
Event: 19.128 Thread 0x00007fbb4300f000 nmethod 192 0x00000001071f0d10 code [0x00000001071f0e40, 0x00000001071f0e78]
Event: 19.230 Thread 0x00007fbb43010000  193             com.badlogic.gdx.math.Vector3::nor (32 bytes)
Event: 19.230 Thread 0x00007fbb4300f000  194             com.badlogic.gdx.math.Vector3::len2 (30 bytes)
Event: 19.231 Thread 0x00007fbb4300f000 nmethod 194 0x00000001072545d0 code [0x0000000107254700, 0x0000000107254778]
Event: 19.231 Thread 0x00007fbb43010000 nmethod 193 0x0000000107253e10 code [0x0000000107253f80, 0x0000000107254058]
Event: 20.216 Thread 0x00007fbb4300f000  195 % !         java.lang.ref.Reference$ReferenceHandler::run @ 0 (108 bytes)
Event: 20.221 Thread 0x00007fbb4300f000 nmethod 195% 0x000000010724e210 code [0x000000010724e3a0, 0x000000010724e9a8]

GC Heap History (10 events):
Event: 1.839 GC heap before
{Heap before GC invocations=1 (full 0):
 PSYoungGen      total 38912K, used 32845K [0x0000000164a00000, 0x0000000167500000, 0x000000018f500000)
  eden space 33792K, 97% used [0x0000000164a00000,0x0000000166a13570,0x0000000166b00000)
  from space 5120K, 0% used [0x0000000167000000,0x0000000167000000,0x0000000167500000)
  to   space 5120K, 0% used [0x0000000166b00000,0x0000000166b00000,0x0000000167000000)
 ParOldGen       total 87040K, used 0K [0x000000010f500000, 0x0000000114a00000, 0x0000000164a00000)
  object space 87040K, 0% used [0x000000010f500000,0x000000010f500000,0x0000000114a00000)
 PSPermGen       total 21504K, used 8587K [0x000000010a300000, 0x000000010b800000, 0x000000010f500000)
  object space 21504K, 39% used [0x000000010a300000,0x000000010ab62c30,0x000000010b800000)
Event: 1.844 GC heap after
Heap after GC invocations=1 (full 0):
 PSYoungGen      total 38912K, used 5098K [0x0000000164a00000, 0x0000000167500000, 0x000000018f500000)
  eden space 33792K, 0% used [0x0000000164a00000,0x0000000164a00000,0x0000000166b00000)
  from space 5120K, 99% used [0x0000000166b00000,0x0000000166ffaac8,0x0000000167000000)
  to   space 5120K, 0% used [0x0000000167000000,0x0000000167000000,0x0000000167500000)
 ParOldGen       total 87040K, used 409K [0x000000010f500000, 0x0000000114a00000, 0x0000000164a00000)
  object space 87040K, 0% used [0x000000010f500000,0x000000010f566700,0x0000000114a00000)
 PSPermGen       total 21504K, used 8587K [0x000000010a300000, 0x000000010b800000, 0x000000010f500000)
  object space 21504K, 39% used [0x000000010a300000,0x000000010ab62c30,0x000000010b800000)
}
Event: 2.202 GC heap before
{Heap before GC invocations=2 (full 0):
 PSYoungGen      total 38912K, used 38372K [0x0000000164a00000, 0x0000000167500000, 0x000000018f500000)
  eden space 33792K, 98% used [0x0000000164a00000,0x0000000166a7e598,0x0000000166b00000)
  from space 5120K, 99% used [0x0000000166b00000,0x0000000166ffaac8,0x0000000167000000)
  to   space 5120K, 0% used [0x0000000167000000,0x0000000167000000,0x0000000167500000)
 ParOldGen       total 87040K, used 409K [0x000000010f500000, 0x0000000114a00000, 0x0000000164a00000)
  object space 87040K, 0% used [0x000000010f500000,0x000000010f566700,0x0000000114a00000)
 PSPermGen       total 21504K, used 8590K [0x000000010a300000, 0x000000010b800000, 0x000000010f500000)
  object space 21504K, 39% used [0x000000010a300000,0x000000010ab63ab0,0x000000010b800000)
Event: 2.205 GC heap after
Heap after GC invocations=2 (full 0):
 PSYoungGen      total 38912K, used 2510K [0x0000000164a00000, 0x0000000167500000, 0x000000018f500000)
  eden space 33792K, 0% used [0x0000000164a00000,0x0000000164a00000,0x0000000166b00000)
  from space 5120K, 49% used [0x0000000167000000,0x00000001672738a0,0x0000000167500000)
  to   space 5120K, 0% used [0x0000000166b00000,0x0000000166b00000,0x0000000167000000)
 ParOldGen       total 87040K, used 417K [0x000000010f500000, 0x0000000114a00000, 0x0000000164a00000)
  object space 87040K, 0% used [0x000000010f500000,0x000000010f568700,0x0000000114a00000)
 PSPermGen       total 21504K, used 8590K [0x000000010a300000, 0x000000010b800000, 0x000000010f500000)
  object space 21504K, 39% used [0x000000010a300000,0x000000010ab63ab0,0x000000010b800000)
}
Event: 8.977 GC heap before
{Heap before GC invocations=3 (full 0):
 PSYoungGen      total 38912K, used 36302K [0x0000000164a00000, 0x0000000167500000, 0x000000018f500000)
  eden space 33792K, 100% used [0x0000000164a00000,0x0000000166b00000,0x0000000166b00000)
  from space 5120K, 49% used [0x0000000167000000,0x00000001672738a0,0x0000000167500000)
  to   space 5120K, 0% used [0x0000000166b00000,0x0000000166b00000,0x0000000167000000)
 ParOldGen       total 87040K, used 417K [0x000000010f500000, 0x0000000114a00000, 0x0000000164a00000)
  object space 87040K, 0% used [0x000000010f500000,0x000000010f568700,0x0000000114a00000)
 PSPermGen       total 21504K, used 9322K [0x000000010a300000, 0x000000010b800000, 0x000000010f500000)
  object space 21504K, 43% used [0x000000010a300000,0x000000010ac1a838,0x000000010b800000)
Event: 8.980 GC heap after
Heap after GC invocations=3 (full 0):
 PSYoungGen      total 38912K, used 2370K [0x0000000164a00000, 0x0000000167500000, 0x000000018f500000)
  eden space 33792K, 0% used [0x0000000164a00000,0x0000000164a00000,0x0000000166b00000)
  from space 5120K, 46% used [0x0000000166b00000,0x0000000166d50b18,0x0000000167000000)
  to   space 5120K, 0% used [0x0000000167000000,0x0000000167000000,0x0000000167500000)
 ParOldGen       total 87040K, used 425K [0x000000010f500000, 0x0000000114a00000, 0x0000000164a00000)
  object space 87040K, 0% used [0x000000010f500000,0x000000010f56a700,0x0000000114a00000)
 PSPermGen       total 21504K, used 9322K [0x000000010a300000, 0x000000010b800000, 0x000000010f500000)
  object space 21504K, 43% used [0x000000010a300000,0x000000010ac1a838,0x000000010b800000)
}
Event: 15.803 GC heap before
{Heap before GC invocations=4 (full 0):
 PSYoungGen      total 38912K, used 36162K [0x0000000164a00000, 0x0000000167500000, 0x000000018f500000)
  eden space 33792K, 100% used [0x0000000164a00000,0x0000000166b00000,0x0000000166b00000)
  from space 5120K, 46% used [0x0000000166b00000,0x0000000166d50b18,0x0000000167000000)
  to   space 5120K, 0% used [0x0000000167000000,0x0000000167000000,0x0000000167500000)
 ParOldGen       total 87040K, used 425K [0x000000010f500000, 0x0000000114a00000, 0x0000000164a00000)
  object space 87040K, 0% used [0x000000010f500000,0x000000010f56a700,0x0000000114a00000)
 PSPermGen       total 21504K, used 9365K [0x000000010a300000, 0x000000010b800000, 0x000000010f500000)
  object space 21504K, 43% used [0x000000010a300000,0x000000010ac25490,0x000000010b800000)
Event: 15.807 GC heap after
Heap after GC invocations=4 (full 0):
 PSYoungGen      total 38912K, used 2776K [0x0000000164a00000, 0x0000000167500000, 0x000000018f500000)
  eden space 33792K, 0% used [0x0000000164a00000,0x0000000164a00000,0x0000000166b00000)
  from space 5120K, 54% used [0x0000000167000000,0x00000001672b6260,0x0000000167500000)
  to   space 5120K, 0% used [0x0000000166b00000,0x0000000166b00000,0x0000000167000000)
 ParOldGen       total 87040K, used 433K [0x000000010f500000, 0x0000000114a00000, 0x0000000164a00000)
  object space 87040K, 0% used [0x000000010f500000,0x000000010f56c700,0x0000000114a00000)
 PSPermGen       total 21504K, used 9365K [0x000000010a300000, 0x000000010b800000, 0x000000010f500000)
  object space 21504K, 43% used [0x000000010a300000,0x000000010ac25490,0x000000010b800000)
}
Event: 20.212 GC heap before
{Heap before GC invocations=5 (full 0):
 PSYoungGen      total 38912K, used 36568K [0x0000000164a00000, 0x0000000167500000, 0x000000018f500000)
  eden space 33792K, 100% used [0x0000000164a00000,0x0000000166b00000,0x0000000166b00000)
  from space 5120K, 54% used [0x0000000167000000,0x00000001672b6260,0x0000000167500000)
  to   space 5120K, 0% used [0x0000000166b00000,0x0000000166b00000,0x0000000167000000)
 ParOldGen       total 87040K, used 433K [0x000000010f500000, 0x0000000114a00000, 0x0000000164a00000)
  object space 87040K, 0% used [0x000000010f500000,0x000000010f56c700,0x0000000114a00000)
 PSPermGen       total 21504K, used 9380K [0x000000010a300000, 0x000000010b800000, 0x000000010f500000)
  object space 21504K, 43% used [0x000000010a300000,0x000000010ac29360,0x000000010b800000)
Event: 20.215 GC heap after
Heap after GC invocations=5 (full 0):
 PSYoungGen      total 38400K, used 2321K [0x0000000164a00000, 0x0000000167580000, 0x000000018f500000)
  eden space 33280K, 0% used [0x0000000164a00000,0x0000000164a00000,0x0000000166a80000)
  from space 5120K, 45% used [0x0000000166b00000,0x0000000166d44520,0x0000000167000000)
  to   space 5632K, 0% used [0x0000000167000000,0x0000000167000000,0x0000000167580000)
 ParOldGen       total 87040K, used 441K [0x000000010f500000, 0x0000000114a00000, 0x0000000164a00000)
  object space 87040K, 0% used [0x000000010f500000,0x000000010f56e700,0x0000000114a00000)
 PSPermGen       total 21504K, used 9380K [0x000000010a300000, 0x000000010b800000, 0x000000010f500000)
  object space 21504K, 43% used [0x000000010a300000,0x000000010ac29360,0x000000010b800000)
}

Deoptimization events (5 events):
Event: 15.991 Thread 0x00007fbb420ae800 Uncommon trap: reason=class_check action=maybe_recompile pc=0x000000010723fb60 method=com.badlogic.gdx.graphics.g2d.BitmapFont.getBounds(Ljava/lang/CharSequence;IILcom/badlogic/gdx/graphics/g2d/BitmapFont$TextBounds;)Lcom/badlogic/gdx/graphics/g2d/BitmapF
Event: 15.991 Thread 0x00007fbb420ae800 Uncommon trap: reason=class_check action=maybe_recompile pc=0x000000010723fb60 method=com.badlogic.gdx.graphics.g2d.BitmapFont.getBounds(Ljava/lang/CharSequence;IILcom/badlogic/gdx/graphics/g2d/BitmapFont$TextBounds;)Lcom/badlogic/gdx/graphics/g2d/BitmapF
Event: 15.991 Thread 0x00007fbb420ae800 Uncommon trap: reason=class_check action=maybe_recompile pc=0x000000010723fb60 method=com.badlogic.gdx.graphics.g2d.BitmapFont.getBounds(Ljava/lang/CharSequence;IILcom/badlogic/gdx/graphics/g2d/BitmapFont$TextBounds;)Lcom/badlogic/gdx/graphics/g2d/BitmapF
Event: 15.991 Thread 0x00007fbb420ae800 Uncommon trap: reason=class_check action=maybe_recompile pc=0x000000010723fb60 method=com.badlogic.gdx.graphics.g2d.BitmapFont.getBounds(Ljava/lang/CharSequence;IILcom/badlogic/gdx/graphics/g2d/BitmapFont$TextBounds;)Lcom/badlogic/gdx/graphics/g2d/BitmapF
Event: 20.215 Thread 0x00007fbb4283f800 Uncommon trap: reason=unreached action=reinterpret pc=0x000000010723c658 method=java.lang.ref.Reference$ReferenceHandler.run()V @ 74

Internal exceptions (10 events):
Event: 3.906 Thread 0x00007fbb42253000 Threw 0x00000001651bdab8 at /HUDSON/workspace/7u-2-build-macosx-x86_64/jdk7u45/229/hotspot/src/share/vm/prims/jvm.cpp:1244
Event: 3.907 Thread 0x00007fbb42253000 Threw 0x00000001651c3050 at /HUDSON/workspace/7u-2-build-macosx-x86_64/jdk7u45/229/hotspot/src/share/vm/prims/jvm.cpp:1244
Event: 3.909 Thread 0x00007fbb42253000 Threw 0x00000001651c8030 at /HUDSON/workspace/7u-2-build-macosx-x86_64/jdk7u45/229/hotspot/src/share/vm/prims/jvm.cpp:1244
Event: 5.058 Thread 0x00007fbb420ae800 Threw 0x0000000165149d78 at /HUDSON/workspace/7u-2-build-macosx-x86_64/jdk7u45/229/hotspot/src/share/vm/prims/jvm.cpp:1244
Event: 5.058 Thread 0x00007fbb420ae800 Threw 0x00000001657e8ae0 at /HUDSON/workspace/7u-2-build-macosx-x86_64/jdk7u45/229/hotspot/src/share/vm/prims/jvm.cpp:1244
Event: 5.060 Thread 0x00007fbb420ae800 Threw 0x00000001657eef28 at /HUDSON/workspace/7u-2-build-macosx-x86_64/jdk7u45/229/hotspot/src/share/vm/prims/jvm.cpp:1244
Event: 8.171 Thread 0x00007fbb43988800 Threw 0x000000016674a778 at /HUDSON/workspace/7u-2-build-macosx-x86_64/jdk7u45/229/hotspot/src/share/vm/prims/jvm.cpp:1244
Event: 8.447 Thread 0x00007fbb420ae800 Threw 0x000000016662fc90 at /HUDSON/workspace/7u-2-build-macosx-x86_64/jdk7u45/229/hotspot/src/share/vm/prims/jvm.cpp:1244
Event: 15.991 Thread 0x00007fbb420ae800 Threw 0x0000000164a58708 at /HUDSON/workspace/7u-2-build-macosx-x86_64/jdk7u45/229/hotspot/src/share/vm/prims/jvm.cpp:1244
Event: 15.992 Thread 0x00007fbb420ae800 Threw 0x0000000164bd2978 at /HUDSON/workspace/7u-2-build-macosx-x86_64/jdk7u45/229/hotspot/src/share/vm/prims/jvm.cpp:1244

Events (10 events):
Event: 20.165 Thread 0x00007fbb4217d800 Thread exited: 0x00007fbb4217d800
Event: 20.212 Thread 0x00007fbb43988800 Thread added: 0x00007fbb43988800
Event: 20.212 Executing VM operation: ParallelGCFailedAllocation
Event: 20.215 Executing VM operation: ParallelGCFailedAllocation done
Event: 20.215 Thread 0x00007fbb4283f800 Uncommon trap: trap_request=0xffffffad fr.pc=0x000000010723c658
Event: 20.215 Thread 0x00007fbb4283f800 DEOPT PACKING pc=0x000000010723c658 sp=0x0000000195b529f0
Event: 20.215 Thread 0x00007fbb4283f800 DEOPT UNPACKING pc=0x00000001071a2045 sp=0x0000000195b52998 mode 2
Event: 20.216 Thread 0x00007fbb43988800 Thread exited: 0x00007fbb43988800
Event: 20.216 Thread 0x00007fbb428bb800 Thread added: 0x00007fbb428bb800
Event: 20.216 Thread 0x00007fbb428bb800 Thread exited: 0x00007fbb428bb800


Dynamic libraries:
0x000000000ca94000 	/System/Library/Frameworks/Cocoa.framework/Versions/A/Cocoa
0x000000000ca94000 	/System/Library/Frameworks/Security.framework/Versions/A/Security
0x000000000ca94000 	/System/Library/Frameworks/ApplicationServices.framework/Versions/A/ApplicationServices
0x000000000ca94000 	/usr/lib/libz.1.dylib
0x000000000ca94000 	/usr/lib/libSystem.B.dylib
0x000000000ca94000 	/usr/lib/libobjc.A.dylib
0x000000000ca94000 	/System/Library/Frameworks/CoreFoundation.framework/Versions/A/CoreFoundation
0x000000000ca94000 	/System/Library/Frameworks/Foundation.framework/Versions/C/Foundation
0x000000000ca94000 	/System/Library/Frameworks/AppKit.framework/Versions/C/AppKit
0x000000000ca94000 	/System/Library/Frameworks/CoreData.framework/Versions/A/CoreData
0x000000000ca94000 	/System/Library/PrivateFrameworks/RemoteViewServices.framework/Versions/A/RemoteViewServices
0x000000000ca94000 	/System/Library/Frameworks/AudioToolbox.framework/Versions/A/AudioToolbox
0x000000000ca94000 	/System/Library/Frameworks/AudioUnit.framework/Versions/A/AudioUnit
0x000000000ca94000 	/System/Library/PrivateFrameworks/DataDetectorsCore.framework/Versions/A/DataDetectorsCore
0x000000000ca94000 	/System/Library/PrivateFrameworks/DesktopServicesPriv.framework/Versions/A/DesktopServicesPriv
0x000000000ca94000 	/System/Library/Frameworks/Carbon.framework/Versions/A/Frameworks/HIToolbox.framework/Versions/A/HIToolbox
0x000000000ca94000 	/System/Library/Frameworks/QuartzCore.framework/Versions/A/QuartzCore
0x000000000ca94000 	/System/Library/Frameworks/Carbon.framework/Versions/A/Frameworks/SpeechRecognition.framework/Versions/A/SpeechRecognition
0x000000000ca94000 	/usr/lib/libauto.dylib
0x000000000ca94000 	/usr/lib/libicucore.A.dylib
0x000000000ca94000 	/usr/lib/libxml2.2.dylib
0x000000000ca94000 	/System/Library/PrivateFrameworks/CoreUI.framework/Versions/A/CoreUI
0x000000000ca94000 	/System/Library/Frameworks/CoreAudio.framework/Versions/A/CoreAudio
0x000000000ca94000 	/System/Library/Frameworks/DiskArbitration.framework/Versions/A/DiskArbitration
0x000000000ca94000 	/usr/lib/liblangid.dylib
0x000000000ca94000 	/System/Library/PrivateFrameworks/MultitouchSupport.framework/Versions/A/MultitouchSupport
0x000000000ca94000 	/System/Library/Frameworks/IOKit.framework/Versions/A/IOKit
0x000000000ca94000 	/usr/lib/libDiagnosticMessagesClient.dylib
0x000000000ca94000 	/System/Library/Frameworks/CoreServices.framework/Versions/A/CoreServices
0x000000000ca94000 	/System/Library/PrivateFrameworks/PerformanceAnalysis.framework/Versions/A/PerformanceAnalysis
0x000000000ca94000 	/System/Library/PrivateFrameworks/GenerationalStorage.framework/Versions/A/GenerationalStorage
0x000000000ca94000 	/System/Library/Frameworks/OpenGL.framework/Versions/A/OpenGL
0x000000000ca94000 	/System/Library/PrivateFrameworks/Sharing.framework/Versions/A/Sharing
0x000000000ca94000 	/System/Library/Frameworks/ImageIO.framework/Versions/A/ImageIO
0x000000000ca94000 	/System/Library/Frameworks/CoreText.framework/Versions/A/CoreText
0x000000000ca94000 	/System/Library/Frameworks/CoreGraphics.framework/Versions/A/CoreGraphics
0x000000000ca94000 	/System/Library/PrivateFrameworks/Backup.framework/Versions/A/Backup
0x000000000ca94000 	/System/Library/Frameworks/CFNetwork.framework/Versions/A/CFNetwork
0x000000000ca94000 	/System/Library/Frameworks/SystemConfiguration.framework/Versions/A/SystemConfiguration
0x000000000ca94000 	/usr/lib/libCRFSuite.dylib
0x000000000ca94000 	/usr/lib/libc++.1.dylib
0x000000000ca94000 	/usr/lib/libc++abi.dylib
0x000000000ca94000 	/usr/lib/system/libcache.dylib
0x000000000ca94000 	/usr/lib/system/libcommonCrypto.dylib
0x000000000ca94000 	/usr/lib/system/libcompiler_rt.dylib
0x000000000ca94000 	/usr/lib/system/libcopyfile.dylib
0x000000000ca94000 	/usr/lib/system/libcorecrypto.dylib
0x000000000ca94000 	/usr/lib/system/libdispatch.dylib
0x000000000ca94000 	/usr/lib/system/libdyld.dylib
0x000000000ca94000 	/usr/lib/system/libkeymgr.dylib
0x000000000ca94000 	/usr/lib/system/liblaunch.dylib
0x000000000ca94000 	/usr/lib/system/libmacho.dylib
0x000000000ca94000 	/usr/lib/system/libquarantine.dylib
0x000000000ca94000 	/usr/lib/system/libremovefile.dylib
0x000000000ca94000 	/usr/lib/system/libsystem_asl.dylib
0x000000000ca94000 	/usr/lib/system/libsystem_blocks.dylib
0x000000000ca94000 	/usr/lib/system/libsystem_c.dylib
0x000000000ca94000 	/usr/lib/system/libsystem_configuration.dylib
0x000000000ca94000 	/usr/lib/system/libsystem_dnssd.dylib
0x000000000ca94000 	/usr/lib/system/libsystem_info.dylib
0x000000000ca94000 	/usr/lib/system/libsystem_kernel.dylib
0x000000000ca94000 	/usr/lib/system/libsystem_m.dylib
0x000000000ca94000 	/usr/lib/system/libsystem_malloc.dylib
0x000000000ca94000 	/usr/lib/system/libsystem_network.dylib
0x000000000ca94000 	/usr/lib/system/libsystem_notify.dylib
0x000000000ca94000 	/usr/lib/system/libsystem_platform.dylib
0x000000000ca94000 	/usr/lib/system/libsystem_pthread.dylib
0x000000000ca94000 	/usr/lib/system/libsystem_sandbox.dylib
0x000000000ca94000 	/usr/lib/system/libsystem_stats.dylib
0x000000000ca94000 	/usr/lib/system/libunc.dylib
0x000000000ca94000 	/usr/lib/system/libunwind.dylib
0x000000000ca94000 	/usr/lib/system/libxpc.dylib
0x000000000ca94000 	/usr/lib/libbsm.0.dylib
0x000000000ca94000 	/usr/lib/libsqlite3.dylib
0x000000000ca94000 	/usr/lib/libxar.1.dylib
0x000000000ca94000 	/usr/lib/libpam.2.dylib
0x000000000ca94000 	/usr/lib/libOpenScriptingUtil.dylib
0x000000000ca94000 	/usr/lib/libbz2.1.0.dylib
0x000000000ca94000 	/System/Library/Frameworks/CoreServices.framework/Versions/A/Frameworks/CarbonCore.framework/Versions/A/CarbonCore
0x000000000ca94000 	/System/Library/Frameworks/CoreServices.framework/Versions/A/Frameworks/Metadata.framework/Versions/A/Metadata
0x000000000ca94000 	/System/Library/Frameworks/CoreServices.framework/Versions/A/Frameworks/OSServices.framework/Versions/A/OSServices
0x000000000ca94000 	/System/Library/Frameworks/CoreServices.framework/Versions/A/Frameworks/SearchKit.framework/Versions/A/SearchKit
0x000000000ca94000 	/System/Library/Frameworks/CoreServices.framework/Versions/A/Frameworks/AE.framework/Versions/A/AE
0x000000000ca94000 	/System/Library/Frameworks/CoreServices.framework/Versions/A/Frameworks/LaunchServices.framework/Versions/A/LaunchServices
0x000000000ca94000 	/System/Library/Frameworks/CoreServices.framework/Versions/A/Frameworks/DictionaryServices.framework/Versions/A/DictionaryServices
0x000000000ca94000 	/System/Library/Frameworks/NetFS.framework/Versions/A/NetFS
0x000000000ca94000 	/usr/lib/system/libkxld.dylib
0x000000000ca94000 	/System/Library/PrivateFrameworks/NetAuth.framework/Versions/A/NetAuth
0x000000000ca94000 	/System/Library/PrivateFrameworks/TCC.framework/Versions/A/TCC
0x000000000ca94000 	/System/Library/Frameworks/OpenDirectory.framework/Versions/A/Frameworks/CFOpenDirectory.framework/Versions/A/CFOpenDirectory
0x000000000ca94000 	/System/Library/Frameworks/ServiceManagement.framework/Versions/A/ServiceManagement
0x000000000ca94000 	/usr/lib/libxslt.1.dylib
0x000000000ca94000 	/System/Library/Frameworks/Carbon.framework/Versions/A/Frameworks/Ink.framework/Versions/A/Ink
0x000000000ca94000 	/System/Library/Frameworks/ApplicationServices.framework/Versions/A/Frameworks/ATS.framework/Versions/A/ATS
0x000000000ca94000 	/System/Library/Frameworks/ApplicationServices.framework/Versions/A/Frameworks/ColorSync.framework/Versions/A/ColorSync
0x000000000ca94000 	/System/Library/Frameworks/ApplicationServices.framework/Versions/A/Frameworks/HIServices.framework/Versions/A/HIServices
0x000000000ca94000 	/System/Library/Frameworks/ApplicationServices.framework/Versions/A/Frameworks/LangAnalysis.framework/Versions/A/LangAnalysis
0x000000000ca94000 	/System/Library/Frameworks/ApplicationServices.framework/Versions/A/Frameworks/PrintCore.framework/Versions/A/PrintCore
0x000000000ca94000 	/System/Library/Frameworks/ApplicationServices.framework/Versions/A/Frameworks/QD.framework/Versions/A/QD
0x000000000ca94000 	/System/Library/Frameworks/ApplicationServices.framework/Versions/A/Frameworks/SpeechSynthesis.framework/Versions/A/SpeechSynthesis
0x000000000ca94000 	/System/Library/Frameworks/IOSurface.framework/Versions/A/IOSurface
0x000000000ca94000 	/System/Library/Frameworks/Accelerate.framework/Versions/A/Accelerate
0x000000000ca94000 	/System/Library/Frameworks/Accelerate.framework/Versions/A/Frameworks/vImage.framework/Versions/A/vImage
0x000000000ca94000 	/System/Library/Frameworks/Accelerate.framework/Versions/A/Frameworks/vecLib.framework/Versions/A/vecLib
0x000000000ca94000 	/System/Library/Frameworks/Accelerate.framework/Versions/A/Frameworks/vecLib.framework/Versions/A/libvDSP.dylib
0x000000000ca94000 	/System/Library/Frameworks/Accelerate.framework/Versions/A/Frameworks/vecLib.framework/Versions/A/libvMisc.dylib
0x000000000ca94000 	/System/Library/Frameworks/Accelerate.framework/Versions/A/Frameworks/vecLib.framework/Versions/A/libLAPACK.dylib
0x000000000ca94000 	/System/Library/Frameworks/Accelerate.framework/Versions/A/Frameworks/vecLib.framework/Versions/A/libBLAS.dylib
0x000000000ca94000 	/System/Library/Frameworks/ApplicationServices.framework/Versions/A/Frameworks/ATS.framework/Versions/A/Resources/libFontParser.dylib
0x000000000ca94000 	/System/Library/Frameworks/ApplicationServices.framework/Versions/A/Frameworks/ATS.framework/Versions/A/Resources/libFontRegistry.dylib
0x000000000ca94000 	/System/Library/Frameworks/ImageIO.framework/Versions/A/Resources/libJPEG.dylib
0x000000000ca94000 	/System/Library/Frameworks/ImageIO.framework/Versions/A/Resources/libTIFF.dylib
0x000000000ca94000 	/System/Library/Frameworks/ImageIO.framework/Versions/A/Resources/libPng.dylib
0x000000000ca94000 	/System/Library/Frameworks/ImageIO.framework/Versions/A/Resources/libGIF.dylib
0x000000000ca94000 	/System/Library/Frameworks/ImageIO.framework/Versions/A/Resources/libJP2.dylib
0x000000000ca94000 	/System/Library/Frameworks/ImageIO.framework/Versions/A/Resources/libRadiance.dylib
0x000000000ca94000 	/usr/lib/libcups.2.dylib
0x000000000ca94000 	/System/Library/Frameworks/Kerberos.framework/Versions/A/Kerberos
0x000000000ca94000 	/System/Library/Frameworks/GSS.framework/Versions/A/GSS
0x000000000ca94000 	/usr/lib/libresolv.9.dylib
0x000000000ca94000 	/usr/lib/libiconv.2.dylib
0x000000000ca94000 	/System/Library/PrivateFrameworks/Heimdal.framework/Versions/A/Heimdal
0x000000000ca94000 	/System/Library/PrivateFrameworks/TrustEvaluationAgent.framework/Versions/A/TrustEvaluationAgent
0x000000000ca94000 	/usr/lib/libheimdal-asn1.dylib
0x000000000ca94000 	/System/Library/Frameworks/OpenDirectory.framework/Versions/A/OpenDirectory
0x000000000ca94000 	/System/Library/PrivateFrameworks/CommonAuth.framework/Versions/A/CommonAuth
0x000000000ca94000 	/System/Library/Frameworks/SecurityFoundation.framework/Versions/A/SecurityFoundation
0x000000000ca94000 	/System/Library/PrivateFrameworks/Bom.framework/Versions/A/Bom
0x000000000ca94000 	/System/Library/Frameworks/CoreVideo.framework/Versions/A/CoreVideo
0x000000000ca94000 	/System/Library/Frameworks/QuartzCore.framework/Versions/A/Frameworks/CoreImage.framework/Versions/A/CoreImage
0x000000000ca94000 	/System/Library/Frameworks/QuartzCore.framework/Versions/A/Frameworks/ScalableUserInterface.framework/Versions/A/ScalableUserInterface
0x000000000ca94000 	/System/Library/Frameworks/OpenGL.framework/Versions/A/Libraries/libGLU.dylib
0x000000000ca94000 	/System/Library/Frameworks/OpenGL.framework/Versions/A/Libraries/libGFXShared.dylib
0x000000000ca94000 	/System/Library/Frameworks/OpenGL.framework/Versions/A/Libraries/libGL.dylib
0x000000000ca94000 	/System/Library/Frameworks/OpenGL.framework/Versions/A/Libraries/libGLImage.dylib
0x000000000ca94000 	/System/Library/Frameworks/OpenGL.framework/Versions/A/Libraries/libCVMSPluginSupport.dylib
0x000000000ca94000 	/System/Library/Frameworks/OpenGL.framework/Versions/A/Libraries/libCoreVMClient.dylib
0x000000000ca94000 	/System/Library/PrivateFrameworks/FaceCore.framework/Versions/A/FaceCore
0x000000000ca94000 	/System/Library/PrivateFrameworks/CrashReporterSupport.framework/Versions/A/CrashReporterSupport
0x000000000ca94000 	/System/Library/Frameworks/OpenCL.framework/Versions/A/OpenCL
0x000000000ca94000 	/System/Library/PrivateFrameworks/AppleFSCompression.framework/Versions/A/AppleFSCompression
0x000000000ca94000 	/System/Library/PrivateFrameworks/Ubiquity.framework/Versions/A/Ubiquity
0x000000000ca94000 	/System/Library/PrivateFrameworks/IconServices.framework/Versions/A/IconServices
0x000000000ca94000 	/System/Library/PrivateFrameworks/ChunkingLibrary.framework/Versions/A/ChunkingLibrary
0x000000000ca94000 	/System/Library/PrivateFrameworks/CoreSymbolication.framework/Versions/A/CoreSymbolication
0x000000000ca94000 	/System/Library/PrivateFrameworks/Symbolication.framework/Versions/A/Symbolication
0x000000000ca94000 	/System/Library/PrivateFrameworks/DebugSymbols.framework/Versions/A/DebugSymbols
0x0000000106600000 	/Library/Java/JavaVirtualMachines/jdk1.7.0_45.jdk/Contents/Home/jre/lib/server/libjvm.dylib
0x000000000ca94000 	/usr/lib/libstdc++.6.dylib
0x0000000105dc3000 	/Library/Java/JavaVirtualMachines/jdk1.7.0_45.jdk/Contents/Home/jre/lib/libverify.dylib
0x0000000105dd0000 	/Library/Java/JavaVirtualMachines/jdk1.7.0_45.jdk/Contents/Home/jre/lib/libjava.dylib
0x0000000107160000 	/Library/Java/JavaVirtualMachines/jdk1.7.0_45.jdk/Contents/Home/jre/lib/libzip.dylib
0x0000000195c58000 	/System/Library/Frameworks/JavaVM.framework/Frameworks/JavaRuntimeSupport.framework/JavaRuntimeSupport
0x0000000195c70000 	/System/Library/Frameworks/JavaVM.framework/Versions/A/Frameworks/JavaNativeFoundation.framework/Versions/A/JavaNativeFoundation
0x0000000195c84000 	/System/Library/Frameworks/JavaVM.framework/Versions/A/JavaVM
0x000000000ca94000 	/System/Library/Frameworks/Carbon.framework/Versions/A/Carbon
0x0000000195c90000 	/System/Library/PrivateFrameworks/JavaLaunching.framework/Versions/A/JavaLaunching
0x000000000ca94000 	/System/Library/Frameworks/Carbon.framework/Versions/A/Frameworks/CommonPanels.framework/Versions/A/CommonPanels
0x000000000ca94000 	/System/Library/Frameworks/Carbon.framework/Versions/A/Frameworks/Help.framework/Versions/A/Help
0x000000000ca94000 	/System/Library/Frameworks/Carbon.framework/Versions/A/Frameworks/ImageCapture.framework/Versions/A/ImageCapture
0x000000000ca94000 	/System/Library/Frameworks/Carbon.framework/Versions/A/Frameworks/OpenScripting.framework/Versions/A/OpenScripting
0x000000000ca94000 	/System/Library/Frameworks/Carbon.framework/Versions/A/Frameworks/Print.framework/Versions/A/Print
0x000000000ca94000 	/System/Library/Frameworks/Carbon.framework/Versions/A/Frameworks/SecurityHI.framework/Versions/A/SecurityHI
0x0000000196303000 	/private/var/folders/rn/7l44jphj0g7gs2jyys0_x7840000gn/T/libgdxPhilo/92bf976d/libgdx.dylib
0x00000001963d0000 	/Library/Java/JavaVirtualMachines/jdk1.7.0_45.jdk/Contents/Home/jre/lib/libawt.dylib
0x000000019647f000 	/Library/Java/JavaVirtualMachines/jdk1.7.0_45.jdk/Contents/Home/jre/lib/./libmlib_image.dylib
0x000000019654b000 	/Library/Java/JavaVirtualMachines/jdk1.7.0_45.jdk/Contents/Home/jre/lib/lwawt/liblwawt.dylib
0x00000001965ff000 	/Library/Java/JavaVirtualMachines/jdk1.7.0_45.jdk/Contents/Home/jre/lib/libosxapp.dylib
0x000000000ca94000 	/System/Library/Frameworks/ExceptionHandling.framework/Versions/A/ExceptionHandling
0x000000000ca94000 	/System/Library/PrivateFrameworks/CoreServicesInternal.framework/Versions/A/CoreServicesInternal
0x000000000ca94000 	/System/Library/PrivateFrameworks/Librarian.framework/Versions/A/Librarian
0x000000000ca94000 	/System/Library/Frameworks/CoreGraphics.framework/Versions/A/Resources/libCGCMS.A.dylib
0x000000000ca94000 	/System/Library/Frameworks/CoreGraphics.framework/Versions/A/Resources/libRIP.A.dylib
0x000000000ca94000 	/System/Library/Frameworks/CoreGraphics.framework/Versions/A/Resources/libCGXType.A.dylib
0x000000000ca94000 	/System/Library/PrivateFrameworks/FamilyControls.framework/Versions/A/FamilyControls
0x000000000ca94000 	/System/Library/PrivateFrameworks/CommerceKit.framework/Versions/A/Frameworks/CommerceCore.framework/Versions/A/CommerceCore
0x000000000ca94000 	/System/Library/PrivateFrameworks/SystemAdministration.framework/Versions/A/SystemAdministration
0x000000000ca94000 	/System/Library/Frameworks/DirectoryService.framework/Versions/A/DirectoryService
0x000000000ca94000 	/System/Library/PrivateFrameworks/DiskImages.framework/Versions/A/DiskImages
0x000000000ca94000 	/System/Library/PrivateFrameworks/LoginUIKit.framework/Versions/A/Frameworks/LoginUICore.framework/Versions/A/LoginUICore
0x000000000ca94000 	/usr/lib/libCoreStorage.dylib
0x000000000ca94000 	/usr/lib/libcsfde.dylib
0x000000000ca94000 	/usr/lib/libodfde.dylib
0x000000000ca94000 	/System/Library/Frameworks/DiscRecording.framework/Versions/A/DiscRecording
0x000000000ca94000 	/usr/lib/libcurl.4.dylib
0x000000000ca94000 	/System/Library/PrivateFrameworks/MediaKit.framework/Versions/A/MediaKit
0x000000000ca94000 	/System/Library/PrivateFrameworks/EFILogin.framework/Versions/A/EFILogin
0x000000000ca94000 	/usr/lib/libutil.dylib
0x000000000ca94000 	/System/Library/PrivateFrameworks/AOSNotification.framework/Versions/A/AOSNotification
0x000000000ca94000 	/System/Library/Frameworks/LDAP.framework/Versions/A/LDAP
0x000000000ca94000 	/usr/lib/libsasl2.2.dylib
0x000000000ca94000 	/usr/lib/libcrypto.0.9.8.dylib
0x000000000ca94000 	/usr/lib/libssl.0.9.8.dylib
0x000000019a54a000 	/Library/Java/JavaVirtualMachines/jdk1.7.0_45.jdk/Contents/Home/jre/lib/libfontmanager.dylib
0x000000019a5ae000 	/private/var/folders/rn/7l44jphj0g7gs2jyys0_x7840000gn/T/libgdxPhilo/75260a42/liblwjgl.jnilib
0x0000000198bf0000 	/Library/Java/JavaVirtualMachines/jdk1.7.0_45.jdk/Contents/Home/jre/lib/libjawt.dylib
0x000000019a629000 	/var/folders/rn/7l44jphj0g7gs2jyys0_x7840000gn/T/libgdxPhilo/75260a42/openal.dylib
0x000000019a698000 	/System/Library/Components/CoreAudio.component/Contents/MacOS/CoreAudio
0x000000019a913000 	/System/Library/Extensions/AppleHDA.kext/Contents/PlugIns/AppleHDAHALPlugIn.bundle/Contents/MacOS/AppleHDAHALPlugIn
0x000000000ca94000 	/System/Library/Frameworks/OpenGL.framework/Versions/A/Resources/GLEngine.bundle/GLEngine
0x000000000ca94000 	/System/Library/Frameworks/OpenGL.framework/Versions/A/Libraries/libGLProgrammability.dylib
0x0000000000000000 	/System/Library/Extensions/GeForceGLDriver.bundle/Contents/MacOS/GeForceGLDriver
0x000000000ca94000 	/System/Library/PrivateFrameworks/IOAccelerator.framework/Versions/A/IOAccelerator
0x000000000ca94000 	/System/Library/PrivateFrameworks/GPUSupport.framework/Versions/A/Libraries/libGPUSupportMercury.dylib
0x000000000ca94000 	/System/Library/Extensions/GeForceGLDriver.bundle/Contents/MacOS/libclh.dylib
0x000000000ca94000 	/System/Library/Frameworks/OpenGL.framework/Versions/A/Resources/GLRendererFloat.bundle/GLRendererFloat
0x000000000ca94000 	/System/Library/Frameworks/OpenCL.framework/Versions/A/Libraries/libcldcpuengine.dylib
0x000000019cd99000 	/Users/Philo/Downloads/musical-fingers-master 9/Musical-fingers/lib/x64/libLeapJava.dylib
0x000000019d045000 	/Users/Philo/Downloads/musical-fingers-master 9/Musical-fingers/lib/x64/libLeap.dylib

VM Arguments:
jvm_args: -Djava.library.path=/Users/Philo/Downloads/musical-fingers-master 9/Musical-fingers/lib/x64 -Dfile.encoding=US-ASCII 
java_command: ox.musicalfingers.display.Main
Launcher Type: SUN_STANDARD

Environment Variables:
PATH=/usr/bin:/bin:/usr/sbin:/sbin
SHELL=/bin/bash

Signal Handlers:
SIGSEGV: [libjvm.dylib+0x525415], sa_mask[0]=0xfffefeff, sa_flags=0x00000043
SIGBUS: [libjvm.dylib+0x525415], sa_mask[0]=0xfffefeff, sa_flags=0x00000042
SIGFPE: [libjvm.dylib+0x41891a], sa_mask[0]=0xfffefeff, sa_flags=0x00000042
SIGPIPE: [libjvm.dylib+0x41891a], sa_mask[0]=0xfffefeff, sa_flags=0x00000042
SIGXFSZ: [libjvm.dylib+0x41891a], sa_mask[0]=0xfffefeff, sa_flags=0x00000042
SIGILL: [libjvm.dylib+0x41891a], sa_mask[0]=0xfffefeff, sa_flags=0x00000042
SIGUSR1: SIG_DFL, sa_mask[0]=0x00000000, sa_flags=0x00000002
SIGUSR2: [libjvm.dylib+0x41840c], sa_mask[0]=0x00000004, sa_flags=0x00000042
SIGHUP: [libjvm.dylib+0x41669b], sa_mask[0]=0xfffefeff, sa_flags=0x00000042
SIGINT: [libjvm.dylib+0x41669b], sa_mask[0]=0xfffefeff, sa_flags=0x00000042
SIGTERM: [libjvm.dylib+0x41669b], sa_mask[0]=0xfffefeff, sa_flags=0x00000042
SIGQUIT: [libjvm.dylib+0x41669b], sa_mask[0]=0xfffefeff, sa_flags=0x00000042


---------------  S Y S T E M  ---------------

OS:Bsduname:Darwin 13.1.0 Darwin Kernel Version 13.1.0: Thu Jan 16 19:40:37 PST 2014; root:xnu-2422.90.20~2/RELEASE_X86_64 x86_64
rlimit: STACK 8192k, CORE 0k, NPROC 709, NOFILE 10240, AS infinity
load average:1.85 1.82 1.81

CPU:total 4 (4 cores per cpu, 1 threads per core) family 6 model 58 stepping 9, cmov, cx8, fxsr, mmx, sse, sse2, sse3, ssse3, sse4.1, sse4.2, popcnt, avx, aes, erms, tsc, tscinvbit, tscinv

Memory: 4k page, physical 8388608k(2097152k free)

/proc/meminfo:


vm_info: Java HotSpot(TM) 64-Bit Server VM (24.45-b08) for bsd-amd64 JRE (1.7.0_45-b18), built on Oct  8 2013 05:54:16 by "java_re" with gcc 4.2.1 (Based on Apple Inc. build 5658) (LLVM build 2336.11.00)

time: Sun May 11 15:39:42 2014
elapsed time: 20 seconds

