#
# A fatal error has been detected by the Java Runtime Environment:
#
#  SIGSEGV (0xb) at pc=0x00000001a4d5c7fc, pid=756, tid=12035
#
# JRE version: Java(TM) SE Runtime Environment (7.0_45-b18) (build 1.7.0_45-b18)
# Java VM: Java HotSpot(TM) 64-Bit Server VM (24.45-b08 mixed mode bsd-amd64 compressed oops)
# Problematic frame:
# C  [libLeap.dylib+0x287fc]  Leap::InteractionBox::toString() const+0x4f3c
#
# Failed to write core dump. Core dumps have been disabled. To enable core dumping, try "ulimit -c unlimited" before starting Java again
#
# If you would like to submit a bug report, please visit:
#   http://bugreport.sun.com/bugreport/crash.jsp
# The crash happened outside the Java Virtual Machine in native code.
# See problematic frame for where to report the bug.
#

---------------  T H R E A D  ---------------

Current thread (0x00007f8ff5002000):  JavaThread "Finalizer" daemon [_thread_in_native, id=12035, stack(0x000000019ced5000,0x000000019cfd5000)]

siginfo:si_signo=SIGSEGV: si_errno=0, si_code=1 (SEGV_MAPERR), si_addr=0x0000000100000029

Registers:
RAX=0x0000000100000001, RBX=0x00007f8ff5208c10, RCX=0x0000000000000000, RDX=0x00007f8ff357c528
RSP=0x000000019cfd4230, RBP=0x000000019cfd4340, RSI=0x00000c0000000c00, RDI=0x00007f8ff356e1a0
R8 =0x0000000000000040, R9 =0x000000019cfd4100, R10=0x000000010dcd066c, R11=0x000000010d588297
R12=0x00007f8ff5208a00, R13=0x00007f8ff3527010, R14=0x000000019cfd4288, R15=0x00007f8ff356e1a0
RIP=0x00000001a4d5c7fc, EFLAGS=0x0000000000010216, ERR=0x0000000000000004
  TRAPNO=0x000000000000000e

Top of Stack: (sp=0x000000019cfd4230)
0x000000019cfd4230:   0000000000009b75 000000019cfd4310
0x000000019cfd4240:   0000000000000000 00007f8ff5208c08
0x000000019cfd4250:   00009b75e37e7b6a 00000001a2e5dd35
0x000000019cfd4260:   00007f8ff50021e8 00007f8ff5002000
0x000000019cfd4270:   00007f8ff37090d8 00000001a2e5d782
0x000000019cfd4280:   00007f8ff37090e0 0000000000000000
0x000000019cfd4290:   00007f8ff356e1a0 00007f8ff356e1a0
0x000000019cfd42a0:   00007f8ff356e1a0 0000000000000001
0x000000019cfd42b0:   00007f8ff5208fc8 000000010d038801
0x000000019cfd42c0:   00007f8ff5208f48 00007fff8f7c5101
0x000000019cfd42d0:   00007f8ff5002000 00007f8ff35fc080
0x000000019cfd42e0:   00007f8ff356e1a8 000000000000069d
0x000000019cfd42f0:   0000000000075190 0000000000000010
0x000000019cfd4300:   00007f8f00000000 0000000100000003
0x000000019cfd4310:   00007f8ff3569c40 00007f8ff3527010
0x000000019cfd4320:   0000000000000000 00000001116ed020
0x000000019cfd4330:   00007f8ff357c4d0 00007f8ff5002000
0x000000019cfd4340:   000000019cfd4360 00000001a4d3fea4
0x000000019cfd4350:   00000001116ed020 000000019cfd43e8
0x000000019cfd4360:   000000019cfd43c0 000000010dcd0698
0x000000019cfd4370:   000000010dcc4058 00007f8ff3527010
0x000000019cfd4380:   000000019cfd4380 0000000000000000
0x000000019cfd4390:   000000019cfd43e8 00000001116f0760
0x000000019cfd43a0:   0000000000000000 00000001116ed020
0x000000019cfd43b0:   0000000000000000 000000019cfd43e0
0x000000019cfd43c0:   000000019cfd4440 000000010dcc4058
0x000000019cfd43d0:   000000016d6e6678 000000010dccccd8
0x000000019cfd43e0:   00007f8ff3527010 000000016d80b740
0x000000019cfd43f0:   0000000111057278 000000016d80b740
0x000000019cfd4400:   000000019cfd43f0 00000001116d9609
0x000000019cfd4410:   000000019cfd4450 00000001116dae30
0x000000019cfd4420:   0000000000000000 00000001116d9620 

Instructions: (pc=0x00000001a4d5c7fc)
0x00000001a4d5c7dc:   d0 2d fe ff 4c 8d b5 48 ff ff ff 4c 8b bd 58 ff
0x00000001a4d5c7ec:   ff ff 66 90 4d 39 f7 74 31 49 8b 7f 20 48 8b 07
0x00000001a4d5c7fc:   48 8b 40 28 4c 89 ee ff d0 eb 0d 48 89 c7 e8 71
0x00000001a4d5c80c:   3a 09 00 e8 7e 3a 09 00 4c 89 ff e8 04 3a 09 00 

Register to memory mapping:

RAX=0x0000000100000001 is an unknown value
RBX=0x00007f8ff5208c10 is an unknown value
RCX=0x0000000000000000 is an unknown value
RDX=0x00007f8ff357c528 is an unknown value
RSP=0x000000019cfd4230 is pointing into the stack for thread: 0x00007f8ff5002000
RBP=0x000000019cfd4340 is pointing into the stack for thread: 0x00007f8ff5002000
RSI=0x00000c0000000c00 is an unknown value
RDI=0x00007f8ff356e1a0 is an unknown value
R8 =0x0000000000000040 is an unknown value
R9 =0x000000019cfd4100 is pointing into the stack for thread: 0x00007f8ff5002000
R10=0x000000010dcd066c is at code_begin+620 in an Interpreter codelet
method entry point (kind = native)  [0x000000010dcd0400, 0x000000010dcd0c40]  2112 bytes
R11=0x000000010d588297: throw_unsatisfied_link_error+0 in /Library/Java/JavaVirtualMachines/jdk1.7.0_45.jdk/Contents/Home/jre/lib/server/libjvm.dylib at 0x000000010d118000
R12=0x00007f8ff5208a00 is an unknown value
R13=0x00007f8ff3527010 is an unknown value
R14=0x000000019cfd4288 is pointing into the stack for thread: 0x00007f8ff5002000
R15=0x00007f8ff356e1a0 is an unknown value


Stack: [0x000000019ced5000,0x000000019cfd5000],  sp=0x000000019cfd4230,  free space=1020k
Native frames: (J=compiled Java code, j=interpreted, Vv=VM code, C=native code)
C  [libLeap.dylib+0x287fc]  Leap::InteractionBox::toString() const+0x4f3c
C  [libLeap.dylib+0xbea4]  Leap::Controller::~Controller()+0x34
j  com.leapmotion.leap.LeapJNI.delete_Controller(J)V+0
j  com.leapmotion.leap.Controller.delete()V+25
j  com.leapmotion.leap.Controller.finalize()V+1
v  ~StubRoutines::call_stub
V  [libjvm.dylib+0x2d6d90]  JavaCalls::call_helper(JavaValue*, methodHandle*, JavaCallArguments*, Thread*)+0x22a
V  [libjvm.dylib+0x2d6b60]  JavaCalls::call(JavaValue*, methodHandle, JavaCallArguments*, Thread*)+0x28
V  [libjvm.dylib+0x30a605]  jni_invoke_nonstatic(JNIEnv_*, JavaValue*, _jobject*, JNICallType, _jmethodID*, JNI_ArgumentPusher*, Thread*)+0x2ba
V  [libjvm.dylib+0x2fe176]  jni_CallVoidMethod+0x116
C  [libjava.dylib+0x299c]  Java_java_lang_ref_Finalizer_invokeFinalizeMethod+0x58
J  java.lang.ref.Finalizer.invokeFinalizeMethod(Ljava/lang/Object;)V

Java frames: (J=compiled Java code, j=interpreted, Vv=VM code)
j  com.leapmotion.leap.LeapJNI.delete_Controller(J)V+0
j  com.leapmotion.leap.Controller.delete()V+25
j  com.leapmotion.leap.Controller.finalize()V+1
v  ~StubRoutines::call_stub
J  java.lang.ref.Finalizer.invokeFinalizeMethod(Ljava/lang/Object;)V
J  java.lang.ref.Finalizer.access$100(Ljava/lang/ref/Finalizer;)V
j  java.lang.ref.Finalizer$FinalizerThread.run()V+24
v  ~StubRoutines::call_stub

---------------  P R O C E S S  ---------------

Java Threads: ( => current thread )
  0x00007f8ff41a4800 JavaThread "AsynchExecutor-Thread" daemon [_thread_blocked, id=66571, stack(0x00000001a3705000,0x00000001a3805000)]
  0x00007f8ff3900800 JavaThread "DestroyJavaVM" [_thread_blocked, id=4867, stack(0x000000010db6c000,0x000000010dc6c000)]
  0x00007f8ff4889000 JavaThread "LWJGL Application" [_thread_in_native, id=64259, stack(0x00000001a1df1000,0x00000001a1ef1000)]
  0x00007f8ff484c000 JavaThread "AppKit Thread" daemon [_thread_in_native, id=1287, stack(0x00007fff52b66000,0x00007fff52be6000)]
  0x00007f8ff503e000 JavaThread "Service Thread" daemon [_thread_blocked, id=19459, stack(0x000000019d499000,0x000000019d599000)]
  0x00007f8ff503d800 JavaThread "C2 CompilerThread1" daemon [_thread_blocked, id=18947, stack(0x000000019d396000,0x000000019d496000)]
  0x00007f8ff3816000 JavaThread "C2 CompilerThread0" daemon [_thread_blocked, id=18435, stack(0x000000019d293000,0x000000019d393000)]
  0x00007f8ff4026000 JavaThread "Signal Dispatcher" daemon [_thread_blocked, id=17923, stack(0x000000019d190000,0x000000019d290000)]
=>0x00007f8ff5002000 JavaThread "Finalizer" daemon [_thread_in_native, id=12035, stack(0x000000019ced5000,0x000000019cfd5000)]
  0x00007f8ff380f800 JavaThread "Reference Handler" daemon [_thread_blocked, id=11523, stack(0x000000019cdd2000,0x000000019ced2000)]

Other Threads:
  0x00007f8ff380f000 VMThread [stack: 0x000000019cccf000,0x000000019cdcf000] [id=11011]
  0x00007f8ff5032000 WatcherThread [stack: 0x000000019d59c000,0x000000019d69c000] [id=19971]

VM state:not at safepoint (normal execution)

VM Mutex/Monitor currently owned by a thread: None

Heap
 PSYoungGen      total 38400K, used 2738K [0x000000016b500000, 0x000000016e180000, 0x0000000196000000)
  eden space 33280K, 1% used [0x000000016b500000,0x000000016b584e90,0x000000016d580000)
  from space 5120K, 43% used [0x000000016d600000,0x000000016d827d48,0x000000016db00000)
  to   space 6144K, 0% used [0x000000016db80000,0x000000016db80000,0x000000016e180000)
 ParOldGen       total 87040K, used 433K [0x0000000116000000, 0x000000011b500000, 0x000000016b500000)
  object space 87040K, 0% used [0x0000000116000000,0x000000011606c700,0x000000011b500000)
 PSPermGen       total 21504K, used 9681K [0x0000000110e00000, 0x0000000112300000, 0x0000000116000000)
  object space 21504K, 45% used [0x0000000110e00000,0x0000000111774768,0x0000000112300000)

Card table byte_map: [0x0000000196000000,0x000000019642a000] byte_map_base: 0x0000000195779000

Polling page: 0x000000010dcab000

Code Cache  [0x000000010dcbe000, 0x000000010df2e000, 0x0000000110cbe000)
 total_blobs=807 nmethods=413 adapters=348 free_code_cache=47675Kb largest_free_block=48777856

Compilation events (10 events):
Event: 2421.478 Thread 0x00007f8ff3816000  409             com.badlogic.gdx.graphics.g2d.BitmapFontCache::require (116 bytes)
Event: 2421.481 Thread 0x00007f8ff3816000 nmethod 409 0x000000010de12150 code [0x000000010de122c0, 0x000000010de126b8]
Event: 2434.232 Thread 0x00007f8ff503d800  411             java.util.ArrayList$Itr::<init> (6 bytes)
Event: 2434.232 Thread 0x00007f8ff3816000  412             java.util.ArrayList$Itr::<init> (26 bytes)
Event: 2434.233 Thread 0x00007f8ff3816000 nmethod 412 0x000000010de15c90 code [0x000000010de15dc0, 0x000000010de15e58]
Event: 2434.233 Thread 0x00007f8ff503d800 nmethod 411 0x000000010de2edd0 code [0x000000010de2ef00, 0x000000010de2ef98]
Event: 2436.736 Thread 0x00007f8ff503d800  413             ox.musicalfingers.display.GameScreen::changeStateTo (29 bytes)
Event: 2436.736 Thread 0x00007f8ff503d800 nmethod 413 0x000000010de2eb90 code [0x000000010de2ecc0, 0x000000010de2ed58]
Event: 2445.617 Thread 0x00007f8ff3816000  414             com.badlogic.gdx.scenes.scene2d.ui.SelectBox::draw (393 bytes)
Event: 2445.633 Thread 0x00007f8ff3816000 nmethod 414 0x000000010de37090 code [0x000000010de37320, 0x000000010de38210]

GC Heap History (10 events):
Event: 2.012 GC heap before
{Heap before GC invocations=1 (full 0):
 PSYoungGen      total 38912K, used 32897K [0x000000016b500000, 0x000000016e000000, 0x0000000196000000)
  eden space 33792K, 97% used [0x000000016b500000,0x000000016d520648,0x000000016d600000)
  from space 5120K, 0% used [0x000000016db00000,0x000000016db00000,0x000000016e000000)
  to   space 5120K, 0% used [0x000000016d600000,0x000000016d600000,0x000000016db00000)
 ParOldGen       total 87040K, used 0K [0x0000000116000000, 0x000000011b500000, 0x000000016b500000)
  object space 87040K, 0% used [0x0000000116000000,0x0000000116000000,0x000000011b500000)
 PSPermGen       total 21504K, used 8586K [0x0000000110e00000, 0x0000000112300000, 0x0000000116000000)
  object space 21504K, 39% used [0x0000000110e00000,0x0000000111662ae0,0x0000000112300000)
Event: 2.016 GC heap after
Heap after GC invocations=1 (full 0):
 PSYoungGen      total 38912K, used 5100K [0x000000016b500000, 0x000000016e000000, 0x0000000196000000)
  eden space 33792K, 0% used [0x000000016b500000,0x000000016b500000,0x000000016d600000)
  from space 5120K, 99% used [0x000000016d600000,0x000000016dafb020,0x000000016db00000)
  to   space 5120K, 0% used [0x000000016db00000,0x000000016db00000,0x000000016e000000)
 ParOldGen       total 87040K, used 417K [0x0000000116000000, 0x000000011b500000, 0x000000016b500000)
  object space 87040K, 0% used [0x0000000116000000,0x0000000116068700,0x000000011b500000)
 PSPermGen       total 21504K, used 8586K [0x0000000110e00000, 0x0000000112300000, 0x0000000116000000)
  object space 21504K, 39% used [0x0000000110e00000,0x0000000111662ae0,0x0000000112300000)
}
Event: 2.376 GC heap before
{Heap before GC invocations=2 (full 0):
 PSYoungGen      total 38912K, used 38373K [0x000000016b500000, 0x000000016e000000, 0x0000000196000000)
  eden space 33792K, 98% used [0x000000016b500000,0x000000016d57e428,0x000000016d600000)
  from space 5120K, 99% used [0x000000016d600000,0x000000016dafb020,0x000000016db00000)
  to   space 5120K, 0% used [0x000000016db00000,0x000000016db00000,0x000000016e000000)
 ParOldGen       total 87040K, used 417K [0x0000000116000000, 0x000000011b500000, 0x000000016b500000)
  object space 87040K, 0% used [0x0000000116000000,0x0000000116068700,0x000000011b500000)
 PSPermGen       total 21504K, used 8590K [0x0000000110e00000, 0x0000000112300000, 0x0000000116000000)
  object space 21504K, 39% used [0x0000000110e00000,0x0000000111663870,0x0000000112300000)
Event: 2.379 GC heap after
Heap after GC invocations=2 (full 0):
 PSYoungGen      total 38912K, used 2542K [0x000000016b500000, 0x000000016e000000, 0x0000000196000000)
  eden space 33792K, 0% used [0x000000016b500000,0x000000016b500000,0x000000016d600000)
  from space 5120K, 49% used [0x000000016db00000,0x000000016dd7b8a0,0x000000016e000000)
  to   space 5120K, 0% used [0x000000016d600000,0x000000016d600000,0x000000016db00000)
 ParOldGen       total 87040K, used 417K [0x0000000116000000, 0x000000011b500000, 0x000000016b500000)
  object space 87040K, 0% used [0x0000000116000000,0x0000000116068700,0x000000011b500000)
 PSPermGen       total 21504K, used 8590K [0x0000000110e00000, 0x0000000112300000, 0x0000000116000000)
  object space 21504K, 39% used [0x0000000110e00000,0x0000000111663870,0x0000000112300000)
}
Event: 271.809 GC heap before
{Heap before GC invocations=3 (full 0):
 PSYoungGen      total 38912K, used 36334K [0x000000016b500000, 0x000000016e000000, 0x0000000196000000)
  eden space 33792K, 100% used [0x000000016b500000,0x000000016d600000,0x000000016d600000)
  from space 5120K, 49% used [0x000000016db00000,0x000000016dd7b8a0,0x000000016e000000)
  to   space 5120K, 0% used [0x000000016d600000,0x000000016d600000,0x000000016db00000)
 ParOldGen       total 87040K, used 417K [0x0000000116000000, 0x000000011b500000, 0x000000016b500000)
  object space 87040K, 0% used [0x0000000116000000,0x0000000116068700,0x000000011b500000)
 PSPermGen       total 21504K, used 9668K [0x0000000110e00000, 0x0000000112300000, 0x0000000116000000)
  object space 21504K, 44% used [0x0000000110e00000,0x00000001117711a0,0x0000000112300000)
Event: 271.814 GC heap after
Heap after GC invocations=3 (full 0):
 PSYoungGen      total 38912K, used 3536K [0x000000016b500000, 0x000000016e000000, 0x0000000196000000)
  eden space 33792K, 0% used [0x000000016b500000,0x000000016b500000,0x000000016d600000)
  from space 5120K, 69% used [0x000000016d600000,0x000000016d974280,0x000000016db00000)
  to   space 5120K, 0% used [0x000000016db00000,0x000000016db00000,0x000000016e000000)
 ParOldGen       total 87040K, used 425K [0x0000000116000000, 0x000000011b500000, 0x000000016b500000)
  object space 87040K, 0% used [0x0000000116000000,0x000000011606a700,0x000000011b500000)
 PSPermGen       total 21504K, used 9668K [0x0000000110e00000, 0x0000000112300000, 0x0000000116000000)
  object space 21504K, 44% used [0x0000000110e00000,0x00000001117711a0,0x0000000112300000)
}
Event: 1672.726 GC heap before
{Heap before GC invocations=4 (full 0):
 PSYoungGen      total 38912K, used 37328K [0x000000016b500000, 0x000000016e000000, 0x0000000196000000)
  eden space 33792K, 100% used [0x000000016b500000,0x000000016d600000,0x000000016d600000)
  from space 5120K, 69% used [0x000000016d600000,0x000000016d974280,0x000000016db00000)
  to   space 5120K, 0% used [0x000000016db00000,0x000000016db00000,0x000000016e000000)
 ParOldGen       total 87040K, used 425K [0x0000000116000000, 0x000000011b500000, 0x000000016b500000)
  object space 87040K, 0% used [0x0000000116000000,0x000000011606a700,0x000000011b500000)
 PSPermGen       total 21504K, used 9674K [0x0000000110e00000, 0x0000000112300000, 0x0000000116000000)
  object space 21504K, 44% used [0x0000000110e00000,0x0000000111772b18,0x0000000112300000)
Event: 1672.729 GC heap after
Heap after GC invocations=4 (full 0):
 PSYoungGen      total 38912K, used 2036K [0x000000016b500000, 0x000000016e000000, 0x0000000196000000)
  eden space 33792K, 0% used [0x000000016b500000,0x000000016b500000,0x000000016d600000)
  from space 5120K, 39% used [0x000000016db00000,0x000000016dcfd360,0x000000016e000000)
  to   space 5120K, 0% used [0x000000016d600000,0x000000016d600000,0x000000016db00000)
 ParOldGen       total 87040K, used 425K [0x0000000116000000, 0x000000011b500000, 0x000000016b500000)
  object space 87040K, 0% used [0x0000000116000000,0x000000011606a700,0x000000011b500000)
 PSPermGen       total 21504K, used 9674K [0x0000000110e00000, 0x0000000112300000, 0x0000000116000000)
  object space 21504K, 44% used [0x0000000110e00000,0x0000000111772b18,0x0000000112300000)
}
Event: 2640.948 GC heap before
{Heap before GC invocations=5 (full 0):
 PSYoungGen      total 38912K, used 35828K [0x000000016b500000, 0x000000016e000000, 0x0000000196000000)
  eden space 33792K, 100% used [0x000000016b500000,0x000000016d600000,0x000000016d600000)
  from space 5120K, 39% used [0x000000016db00000,0x000000016dcfd360,0x000000016e000000)
  to   space 5120K, 0% used [0x000000016d600000,0x000000016d600000,0x000000016db00000)
 ParOldGen       total 87040K, used 425K [0x0000000116000000, 0x000000011b500000, 0x000000016b500000)
  object space 87040K, 0% used [0x0000000116000000,0x000000011606a700,0x000000011b500000)
 PSPermGen       total 21504K, used 9681K [0x0000000110e00000, 0x0000000112300000, 0x0000000116000000)
  object space 21504K, 45% used [0x0000000110e00000,0x0000000111774768,0x0000000112300000)
Event: 2640.951 GC heap after
Heap after GC invocations=5 (full 0):
 PSYoungGen      total 38400K, used 2207K [0x000000016b500000, 0x000000016e180000, 0x0000000196000000)
  eden space 33280K, 0% used [0x000000016b500000,0x000000016b500000,0x000000016d580000)
  from space 5120K, 43% used [0x000000016d600000,0x000000016d827d48,0x000000016db00000)
  to   space 6144K, 0% used [0x000000016db80000,0x000000016db80000,0x000000016e180000)
 ParOldGen       total 87040K, used 433K [0x0000000116000000, 0x000000011b500000, 0x000000016b500000)
  object space 87040K, 0% used [0x0000000116000000,0x000000011606c700,0x000000011b500000)
 PSPermGen       total 21504K, used 9681K [0x0000000110e00000, 0x0000000112300000, 0x0000000116000000)
  object space 21504K, 45% used [0x0000000110e00000,0x0000000111774768,0x0000000112300000)
}

Deoptimization events (10 events):
Event: 208.408 Thread 0x00007f8ff4889000 Uncommon trap: reason=bimorphic action=maybe_recompile pc=0x000000010ddf3844 method=ox.musicalfingers.display.MusicalFingers.update()V @ 4
Event: 209.658 Thread 0x00007f8ff4889000 Uncommon trap: reason=unreached action=reinterpret pc=0x000000010dda5c44 method=com.badlogic.gdx.scenes.scene2d.Stage.act(F)V @ 32
Event: 219.042 Thread 0x00007f8ff4889000 Uncommon trap: reason=unreached action=reinterpret pc=0x000000010dd9d980 method=com.badlogic.gdx.graphics.g2d.BitmapFont.getBounds(Ljava/lang/CharSequence;IILcom/badlogic/gdx/graphics/g2d/BitmapFont$TextBounds;)Lcom/badlogic/gdx/graphics/g2d/BitmapFont$Te
Event: 271.856 Thread 0x00007f8ff5002000 Uncommon trap: reason=unreached action=reinterpret pc=0x000000010de159f4 method=java.lang.ref.ReferenceQueue.reallyPoll()Ljava/lang/ref/Reference; @ 18
Event: 271.856 Thread 0x00007f8ff5002000 Uncommon trap: reason=unreached action=reinterpret pc=0x000000010de137a0 method=java.lang.ref.ReferenceQueue.reallyPoll()Ljava/lang/ref/Reference; @ 4
Event: 2319.580 Thread 0x00007f8ff4889000 Uncommon trap: reason=class_check action=maybe_recompile pc=0x000000010ddd3c04 method=com.badlogic.gdx.scenes.scene2d.ui.SelectBox.draw(Lcom/badlogic/gdx/graphics/g2d/SpriteBatch;F)V @ 206
Event: 2319.596 Thread 0x00007f8ff4889000 Uncommon trap: reason=class_check action=maybe_recompile pc=0x000000010ddd3c04 method=com.badlogic.gdx.scenes.scene2d.ui.SelectBox.draw(Lcom/badlogic/gdx/graphics/g2d/SpriteBatch;F)V @ 206
Event: 2319.613 Thread 0x00007f8ff4889000 Uncommon trap: reason=class_check action=maybe_recompile pc=0x000000010ddd3c04 method=com.badlogic.gdx.scenes.scene2d.ui.SelectBox.draw(Lcom/badlogic/gdx/graphics/g2d/SpriteBatch;F)V @ 206
Event: 2319.630 Thread 0x00007f8ff4889000 Uncommon trap: reason=class_check action=maybe_recompile pc=0x000000010ddd3c04 method=com.badlogic.gdx.scenes.scene2d.ui.SelectBox.draw(Lcom/badlogic/gdx/graphics/g2d/SpriteBatch;F)V @ 206
Event: 2640.951 Thread 0x00007f8ff380f800 Uncommon trap: reason=unreached action=reinterpret pc=0x000000010de0fb70 method=java.lang.ref.ReferenceQueue.enqueue(Ljava/lang/ref/Reference;)Z @ 37

Internal exceptions (10 events):
Event: 15.984 Thread 0x00007f8ff4889000 Threw 0x000000016c042608 at /HUDSON/workspace/7u-2-build-macosx-x86_64/jdk7u45/229/hotspot/src/share/vm/prims/jvm.cpp:1244
Event: 15.986 Thread 0x00007f8ff4889000 Threw 0x000000016c049628 at /HUDSON/workspace/7u-2-build-macosx-x86_64/jdk7u45/229/hotspot/src/share/vm/prims/jvm.cpp:1244
Event: 15.987 Thread 0x00007f8ff4889000 Threw 0x000000016c04ff50 at /HUDSON/workspace/7u-2-build-macosx-x86_64/jdk7u45/229/hotspot/src/share/vm/prims/jvm.cpp:1244
Event: 15.989 Thread 0x00007f8ff4889000 Threw 0x000000016c0565b0 at /HUDSON/workspace/7u-2-build-macosx-x86_64/jdk7u45/229/hotspot/src/share/vm/prims/jvm.cpp:1244
Event: 125.140 Thread 0x00007f8ff4889000 Implicit null exception at 0x000000010ddc0591 to 0x000000010ddc0979
Event: 125.140 Thread 0x00007f8ff4889000 Implicit null exception at 0x000000010ddbe90e to 0x000000010ddbeb25
Event: 211.495 Thread 0x00007f8ff4889000 Threw 0x000000016d407c18 at /HUDSON/workspace/7u-2-build-macosx-x86_64/jdk7u45/229/hotspot/src/share/vm/prims/jvm.cpp:1244
Event: 219.041 Thread 0x00007f8ff4889000 Implicit null exception at 0x000000010dd9d256 to 0x000000010dd9d956
Event: 219.042 Thread 0x00007f8ff4889000 Threw 0x000000016d495e40 at /HUDSON/workspace/7u-2-build-macosx-x86_64/jdk7u45/229/hotspot/src/share/vm/prims/jvm.cpp:1244
Event: 219.042 Thread 0x00007f8ff4889000 Threw 0x000000016d498c70 at /HUDSON/workspace/7u-2-build-macosx-x86_64/jdk7u45/229/hotspot/src/share/vm/prims/jvm.cpp:1244

Events (10 events):
Event: 2618.316 Thread 0x00007f8ff5117000 Thread exited: 0x00007f8ff5117000
Event: 2618.550 Thread 0x00007f8ff5117000 Thread added: 0x00007f8ff5117000
Event: 2621.416 Executing VM operation: RevokeBias
Event: 2621.416 Executing VM operation: RevokeBias done
Event: 2621.416 Thread 0x00007f8ff5117000 Thread exited: 0x00007f8ff5117000
Event: 2640.948 Executing VM operation: ParallelGCFailedAllocation
Event: 2640.951 Executing VM operation: ParallelGCFailedAllocation done
Event: 2640.951 Thread 0x00007f8ff380f800 Uncommon trap: trap_request=0xffffffad fr.pc=0x000000010de0fb70
Event: 2640.951 Thread 0x00007f8ff380f800 DEOPT PACKING pc=0x000000010de0fb70 sp=0x000000019ced1930
Event: 2640.951 Thread 0x00007f8ff380f800 DEOPT UNPACKING pc=0x000000010dcf7045 sp=0x000000019ced18e0 mode 2


Dynamic libraries:
0x000000000ca94000 	/System/Library/Frameworks/Cocoa.framework/Versions/A/Cocoa
0x000000000ca94000 	/System/Library/Frameworks/Security.framework/Versions/A/Security
0x000000000ca94000 	/System/Library/Frameworks/ApplicationServices.framework/Versions/A/ApplicationServices
0x000000000ca94000 	/usr/lib/libz.1.dylib
0x000000000ca94000 	/usr/lib/libSystem.B.dylib
0x000000000ca94000 	/usr/lib/libobjc.A.dylib
0x000000000ca94000 	/System/Library/Frameworks/CoreFoundation.framework/Versions/A/CoreFoundation
0x000000000ca94000 	/System/Library/Frameworks/Foundation.framework/Versions/C/Foundation
0x000000000ca94000 	/System/Library/Frameworks/AppKit.framework/Versions/C/AppKit
0x000000000ca94000 	/System/Library/Frameworks/CoreData.framework/Versions/A/CoreData
0x000000000ca94000 	/System/Library/PrivateFrameworks/RemoteViewServices.framework/Versions/A/RemoteViewServices
0x000000000ca94000 	/System/Library/Frameworks/AudioToolbox.framework/Versions/A/AudioToolbox
0x000000000ca94000 	/System/Library/Frameworks/AudioUnit.framework/Versions/A/AudioUnit
0x000000000ca94000 	/System/Library/PrivateFrameworks/DataDetectorsCore.framework/Versions/A/DataDetectorsCore
0x000000000ca94000 	/System/Library/PrivateFrameworks/DesktopServicesPriv.framework/Versions/A/DesktopServicesPriv
0x000000000ca94000 	/System/Library/Frameworks/Carbon.framework/Versions/A/Frameworks/HIToolbox.framework/Versions/A/HIToolbox
0x000000000ca94000 	/System/Library/Frameworks/QuartzCore.framework/Versions/A/QuartzCore
0x000000000ca94000 	/System/Library/Frameworks/Carbon.framework/Versions/A/Frameworks/SpeechRecognition.framework/Versions/A/SpeechRecognition
0x000000000ca94000 	/usr/lib/libauto.dylib
0x000000000ca94000 	/usr/lib/libicucore.A.dylib
0x000000000ca94000 	/usr/lib/libxml2.2.dylib
0x000000000ca94000 	/System/Library/PrivateFrameworks/CoreUI.framework/Versions/A/CoreUI
0x000000000ca94000 	/System/Library/Frameworks/CoreAudio.framework/Versions/A/CoreAudio
0x000000000ca94000 	/System/Library/Frameworks/DiskArbitration.framework/Versions/A/DiskArbitration
0x000000000ca94000 	/usr/lib/liblangid.dylib
0x000000000ca94000 	/System/Library/PrivateFrameworks/MultitouchSupport.framework/Versions/A/MultitouchSupport
0x000000000ca94000 	/System/Library/Frameworks/IOKit.framework/Versions/A/IOKit
0x000000000ca94000 	/usr/lib/libDiagnosticMessagesClient.dylib
0x000000000ca94000 	/System/Library/Frameworks/CoreServices.framework/Versions/A/CoreServices
0x000000000ca94000 	/System/Library/PrivateFrameworks/PerformanceAnalysis.framework/Versions/A/PerformanceAnalysis
0x000000000ca94000 	/System/Library/PrivateFrameworks/GenerationalStorage.framework/Versions/A/GenerationalStorage
0x000000000ca94000 	/System/Library/Frameworks/OpenGL.framework/Versions/A/OpenGL
0x000000000ca94000 	/System/Library/PrivateFrameworks/Sharing.framework/Versions/A/Sharing
0x000000000ca94000 	/System/Library/Frameworks/ImageIO.framework/Versions/A/ImageIO
0x000000000ca94000 	/System/Library/Frameworks/CoreText.framework/Versions/A/CoreText
0x000000000ca94000 	/System/Library/Frameworks/CoreGraphics.framework/Versions/A/CoreGraphics
0x000000000ca94000 	/System/Library/PrivateFrameworks/Backup.framework/Versions/A/Backup
0x000000000ca94000 	/System/Library/Frameworks/CFNetwork.framework/Versions/A/CFNetwork
0x000000000ca94000 	/System/Library/Frameworks/SystemConfiguration.framework/Versions/A/SystemConfiguration
0x000000000ca94000 	/usr/lib/libCRFSuite.dylib
0x000000000ca94000 	/usr/lib/libc++.1.dylib
0x000000000ca94000 	/usr/lib/libc++abi.dylib
0x000000000ca94000 	/usr/lib/system/libcache.dylib
0x000000000ca94000 	/usr/lib/system/libcommonCrypto.dylib
0x000000000ca94000 	/usr/lib/system/libcompiler_rt.dylib
0x000000000ca94000 	/usr/lib/system/libcopyfile.dylib
0x000000000ca94000 	/usr/lib/system/libcorecrypto.dylib
0x000000000ca94000 	/usr/lib/system/libdispatch.dylib
0x000000000ca94000 	/usr/lib/system/libdyld.dylib
0x000000000ca94000 	/usr/lib/system/libkeymgr.dylib
0x000000000ca94000 	/usr/lib/system/liblaunch.dylib
0x000000000ca94000 	/usr/lib/system/libmacho.dylib
0x000000000ca94000 	/usr/lib/system/libquarantine.dylib
0x000000000ca94000 	/usr/lib/system/libremovefile.dylib
0x000000000ca94000 	/usr/lib/system/libsystem_asl.dylib
0x000000000ca94000 	/usr/lib/system/libsystem_blocks.dylib
0x000000000ca94000 	/usr/lib/system/libsystem_c.dylib
0x000000000ca94000 	/usr/lib/system/libsystem_configuration.dylib
0x000000000ca94000 	/usr/lib/system/libsystem_dnssd.dylib
0x000000000ca94000 	/usr/lib/system/libsystem_info.dylib
0x000000000ca94000 	/usr/lib/system/libsystem_kernel.dylib
0x000000000ca94000 	/usr/lib/system/libsystem_m.dylib
0x000000000ca94000 	/usr/lib/system/libsystem_malloc.dylib
0x000000000ca94000 	/usr/lib/system/libsystem_network.dylib
0x000000000ca94000 	/usr/lib/system/libsystem_notify.dylib
0x000000000ca94000 	/usr/lib/system/libsystem_platform.dylib
0x000000000ca94000 	/usr/lib/system/libsystem_pthread.dylib
0x000000000ca94000 	/usr/lib/system/libsystem_sandbox.dylib
0x000000000ca94000 	/usr/lib/system/libsystem_stats.dylib
0x000000000ca94000 	/usr/lib/system/libunc.dylib
0x000000000ca94000 	/usr/lib/system/libunwind.dylib
0x000000000ca94000 	/usr/lib/system/libxpc.dylib
0x000000000ca94000 	/usr/lib/libbsm.0.dylib
0x000000000ca94000 	/usr/lib/libsqlite3.dylib
0x000000000ca94000 	/usr/lib/libxar.1.dylib
0x000000000ca94000 	/usr/lib/libpam.2.dylib
0x000000000ca94000 	/usr/lib/libOpenScriptingUtil.dylib
0x000000000ca94000 	/usr/lib/libbz2.1.0.dylib
0x000000000ca94000 	/System/Library/Frameworks/CoreServices.framework/Versions/A/Frameworks/CarbonCore.framework/Versions/A/CarbonCore
0x000000000ca94000 	/System/Library/Frameworks/CoreServices.framework/Versions/A/Frameworks/Metadata.framework/Versions/A/Metadata
0x000000000ca94000 	/System/Library/Frameworks/CoreServices.framework/Versions/A/Frameworks/OSServices.framework/Versions/A/OSServices
0x000000000ca94000 	/System/Library/Frameworks/CoreServices.framework/Versions/A/Frameworks/SearchKit.framework/Versions/A/SearchKit
0x000000000ca94000 	/System/Library/Frameworks/CoreServices.framework/Versions/A/Frameworks/AE.framework/Versions/A/AE
0x000000000ca94000 	/System/Library/Frameworks/CoreServices.framework/Versions/A/Frameworks/LaunchServices.framework/Versions/A/LaunchServices
0x000000000ca94000 	/System/Library/Frameworks/CoreServices.framework/Versions/A/Frameworks/DictionaryServices.framework/Versions/A/DictionaryServices
0x000000000ca94000 	/System/Library/Frameworks/NetFS.framework/Versions/A/NetFS
0x000000000ca94000 	/usr/lib/system/libkxld.dylib
0x000000000ca94000 	/System/Library/PrivateFrameworks/NetAuth.framework/Versions/A/NetAuth
0x000000000ca94000 	/System/Library/PrivateFrameworks/TCC.framework/Versions/A/TCC
0x000000000ca94000 	/System/Library/Frameworks/OpenDirectory.framework/Versions/A/Frameworks/CFOpenDirectory.framework/Versions/A/CFOpenDirectory
0x000000000ca94000 	/System/Library/Frameworks/ServiceManagement.framework/Versions/A/ServiceManagement
0x000000000ca94000 	/usr/lib/libxslt.1.dylib
0x000000000ca94000 	/System/Library/Frameworks/Carbon.framework/Versions/A/Frameworks/Ink.framework/Versions/A/Ink
0x000000000ca94000 	/System/Library/Frameworks/ApplicationServices.framework/Versions/A/Frameworks/ATS.framework/Versions/A/ATS
0x000000000ca94000 	/System/Library/Frameworks/ApplicationServices.framework/Versions/A/Frameworks/ColorSync.framework/Versions/A/ColorSync
0x000000000ca94000 	/System/Library/Frameworks/ApplicationServices.framework/Versions/A/Frameworks/HIServices.framework/Versions/A/HIServices
0x000000000ca94000 	/System/Library/Frameworks/ApplicationServices.framework/Versions/A/Frameworks/LangAnalysis.framework/Versions/A/LangAnalysis
0x000000000ca94000 	/System/Library/Frameworks/ApplicationServices.framework/Versions/A/Frameworks/PrintCore.framework/Versions/A/PrintCore
0x000000000ca94000 	/System/Library/Frameworks/ApplicationServices.framework/Versions/A/Frameworks/QD.framework/Versions/A/QD
0x000000000ca94000 	/System/Library/Frameworks/ApplicationServices.framework/Versions/A/Frameworks/SpeechSynthesis.framework/Versions/A/SpeechSynthesis
0x000000000ca94000 	/System/Library/Frameworks/IOSurface.framework/Versions/A/IOSurface
0x000000000ca94000 	/System/Library/Frameworks/Accelerate.framework/Versions/A/Accelerate
0x000000000ca94000 	/System/Library/Frameworks/Accelerate.framework/Versions/A/Frameworks/vImage.framework/Versions/A/vImage
0x000000000ca94000 	/System/Library/Frameworks/Accelerate.framework/Versions/A/Frameworks/vecLib.framework/Versions/A/vecLib
0x000000000ca94000 	/System/Library/Frameworks/Accelerate.framework/Versions/A/Frameworks/vecLib.framework/Versions/A/libvDSP.dylib
0x000000000ca94000 	/System/Library/Frameworks/Accelerate.framework/Versions/A/Frameworks/vecLib.framework/Versions/A/libvMisc.dylib
0x000000000ca94000 	/System/Library/Frameworks/Accelerate.framework/Versions/A/Frameworks/vecLib.framework/Versions/A/libLAPACK.dylib
0x000000000ca94000 	/System/Library/Frameworks/Accelerate.framework/Versions/A/Frameworks/vecLib.framework/Versions/A/libBLAS.dylib
0x000000000ca94000 	/System/Library/Frameworks/ApplicationServices.framework/Versions/A/Frameworks/ATS.framework/Versions/A/Resources/libFontParser.dylib
0x000000000ca94000 	/System/Library/Frameworks/ApplicationServices.framework/Versions/A/Frameworks/ATS.framework/Versions/A/Resources/libFontRegistry.dylib
0x000000000ca94000 	/System/Library/Frameworks/ImageIO.framework/Versions/A/Resources/libJPEG.dylib
0x000000000ca94000 	/System/Library/Frameworks/ImageIO.framework/Versions/A/Resources/libTIFF.dylib
0x000000000ca94000 	/System/Library/Frameworks/ImageIO.framework/Versions/A/Resources/libPng.dylib
0x000000000ca94000 	/System/Library/Frameworks/ImageIO.framework/Versions/A/Resources/libGIF.dylib
0x000000000ca94000 	/System/Library/Frameworks/ImageIO.framework/Versions/A/Resources/libJP2.dylib
0x000000000ca94000 	/System/Library/Frameworks/ImageIO.framework/Versions/A/Resources/libRadiance.dylib
0x000000000ca94000 	/usr/lib/libcups.2.dylib
0x000000000ca94000 	/System/Library/Frameworks/Kerberos.framework/Versions/A/Kerberos
0x000000000ca94000 	/System/Library/Frameworks/GSS.framework/Versions/A/GSS
0x000000000ca94000 	/usr/lib/libresolv.9.dylib
0x000000000ca94000 	/usr/lib/libiconv.2.dylib
0x000000000ca94000 	/System/Library/PrivateFrameworks/Heimdal.framework/Versions/A/Heimdal
0x000000000ca94000 	/System/Library/PrivateFrameworks/TrustEvaluationAgent.framework/Versions/A/TrustEvaluationAgent
0x000000000ca94000 	/usr/lib/libheimdal-asn1.dylib
0x000000000ca94000 	/System/Library/Frameworks/OpenDirectory.framework/Versions/A/OpenDirectory
0x000000000ca94000 	/System/Library/PrivateFrameworks/CommonAuth.framework/Versions/A/CommonAuth
0x000000000ca94000 	/System/Library/Frameworks/SecurityFoundation.framework/Versions/A/SecurityFoundation
0x000000000ca94000 	/System/Library/PrivateFrameworks/Bom.framework/Versions/A/Bom
0x000000000ca94000 	/System/Library/Frameworks/CoreVideo.framework/Versions/A/CoreVideo
0x000000000ca94000 	/System/Library/Frameworks/QuartzCore.framework/Versions/A/Frameworks/CoreImage.framework/Versions/A/CoreImage
0x000000000ca94000 	/System/Library/Frameworks/QuartzCore.framework/Versions/A/Frameworks/ScalableUserInterface.framework/Versions/A/ScalableUserInterface
0x000000000ca94000 	/System/Library/Frameworks/OpenGL.framework/Versions/A/Libraries/libGLU.dylib
0x000000000ca94000 	/System/Library/Frameworks/OpenGL.framework/Versions/A/Libraries/libGFXShared.dylib
0x000000000ca94000 	/System/Library/Frameworks/OpenGL.framework/Versions/A/Libraries/libGL.dylib
0x000000000ca94000 	/System/Library/Frameworks/OpenGL.framework/Versions/A/Libraries/libGLImage.dylib
0x000000000ca94000 	/System/Library/Frameworks/OpenGL.framework/Versions/A/Libraries/libCVMSPluginSupport.dylib
0x000000000ca94000 	/System/Library/Frameworks/OpenGL.framework/Versions/A/Libraries/libCoreVMClient.dylib
0x000000000ca94000 	/System/Library/PrivateFrameworks/FaceCore.framework/Versions/A/FaceCore
0x000000000ca94000 	/System/Library/PrivateFrameworks/CrashReporterSupport.framework/Versions/A/CrashReporterSupport
0x000000000ca94000 	/System/Library/Frameworks/OpenCL.framework/Versions/A/OpenCL
0x000000000ca94000 	/System/Library/PrivateFrameworks/AppleFSCompression.framework/Versions/A/AppleFSCompression
0x000000000ca94000 	/System/Library/PrivateFrameworks/Ubiquity.framework/Versions/A/Ubiquity
0x000000000ca94000 	/System/Library/PrivateFrameworks/IconServices.framework/Versions/A/IconServices
0x000000000ca94000 	/System/Library/PrivateFrameworks/ChunkingLibrary.framework/Versions/A/ChunkingLibrary
0x000000000ca94000 	/System/Library/PrivateFrameworks/CoreSymbolication.framework/Versions/A/CoreSymbolication
0x000000000ca94000 	/System/Library/PrivateFrameworks/Symbolication.framework/Versions/A/Symbolication
0x000000000ca94000 	/System/Library/PrivateFrameworks/DebugSymbols.framework/Versions/A/DebugSymbols
0x000000010d118000 	/Library/Java/JavaVirtualMachines/jdk1.7.0_45.jdk/Contents/Home/jre/lib/server/libjvm.dylib
0x000000000ca94000 	/usr/lib/libstdc++.6.dylib
0x000000010dc6e000 	/Library/Java/JavaVirtualMachines/jdk1.7.0_45.jdk/Contents/Home/jre/lib/libverify.dylib
0x000000010dc7b000 	/Library/Java/JavaVirtualMachines/jdk1.7.0_45.jdk/Contents/Home/jre/lib/libjava.dylib
0x000000010dcb5000 	/Library/Java/JavaVirtualMachines/jdk1.7.0_45.jdk/Contents/Home/jre/lib/libzip.dylib
0x000000019cfd7000 	/System/Library/Frameworks/JavaVM.framework/Frameworks/JavaRuntimeSupport.framework/JavaRuntimeSupport
0x000000019b3ea000 	/System/Library/Frameworks/JavaVM.framework/Versions/A/Frameworks/JavaNativeFoundation.framework/Versions/A/JavaNativeFoundation
0x000000019cfef000 	/System/Library/Frameworks/JavaVM.framework/Versions/A/JavaVM
0x000000000ca94000 	/System/Library/Frameworks/Carbon.framework/Versions/A/Carbon
0x000000019cffb000 	/System/Library/PrivateFrameworks/JavaLaunching.framework/Versions/A/JavaLaunching
0x000000000ca94000 	/System/Library/Frameworks/Carbon.framework/Versions/A/Frameworks/CommonPanels.framework/Versions/A/CommonPanels
0x000000000ca94000 	/System/Library/Frameworks/Carbon.framework/Versions/A/Frameworks/Help.framework/Versions/A/Help
0x000000000ca94000 	/System/Library/Frameworks/Carbon.framework/Versions/A/Frameworks/ImageCapture.framework/Versions/A/ImageCapture
0x000000000ca94000 	/System/Library/Frameworks/Carbon.framework/Versions/A/Frameworks/OpenScripting.framework/Versions/A/OpenScripting
0x000000000ca94000 	/System/Library/Frameworks/Carbon.framework/Versions/A/Frameworks/Print.framework/Versions/A/Print
0x000000000ca94000 	/System/Library/Frameworks/Carbon.framework/Versions/A/Frameworks/SecurityHI.framework/Versions/A/SecurityHI
0x000000019d6f1000 	/private/var/folders/rn/7l44jphj0g7gs2jyys0_x7840000gn/T/libgdxPhilo/92bf976d/libgdx.dylib
0x000000019d7be000 	/Library/Java/JavaVirtualMachines/jdk1.7.0_45.jdk/Contents/Home/jre/lib/libawt.dylib
0x000000019d86d000 	/Library/Java/JavaVirtualMachines/jdk1.7.0_45.jdk/Contents/Home/jre/lib/./libmlib_image.dylib
0x000000019d939000 	/Library/Java/JavaVirtualMachines/jdk1.7.0_45.jdk/Contents/Home/jre/lib/lwawt/liblwawt.dylib
0x000000019d9ed000 	/Library/Java/JavaVirtualMachines/jdk1.7.0_45.jdk/Contents/Home/jre/lib/libosxapp.dylib
0x000000000ca94000 	/System/Library/Frameworks/ExceptionHandling.framework/Versions/A/ExceptionHandling
0x000000000ca94000 	/System/Library/PrivateFrameworks/CoreServicesInternal.framework/Versions/A/CoreServicesInternal
0x000000000ca94000 	/System/Library/PrivateFrameworks/Librarian.framework/Versions/A/Librarian
0x000000000ca94000 	/System/Library/Frameworks/CoreGraphics.framework/Versions/A/Resources/libCGCMS.A.dylib
0x000000000ca94000 	/System/Library/Frameworks/CoreGraphics.framework/Versions/A/Resources/libRIP.A.dylib
0x000000000ca94000 	/System/Library/Frameworks/CoreGraphics.framework/Versions/A/Resources/libCGXType.A.dylib
0x000000000ca94000 	/System/Library/PrivateFrameworks/FamilyControls.framework/Versions/A/FamilyControls
0x000000000ca94000 	/System/Library/PrivateFrameworks/CommerceKit.framework/Versions/A/Frameworks/CommerceCore.framework/Versions/A/CommerceCore
0x000000000ca94000 	/System/Library/PrivateFrameworks/SystemAdministration.framework/Versions/A/SystemAdministration
0x000000000ca94000 	/System/Library/Frameworks/DirectoryService.framework/Versions/A/DirectoryService
0x000000000ca94000 	/System/Library/PrivateFrameworks/DiskImages.framework/Versions/A/DiskImages
0x000000000ca94000 	/System/Library/PrivateFrameworks/LoginUIKit.framework/Versions/A/Frameworks/LoginUICore.framework/Versions/A/LoginUICore
0x000000000ca94000 	/usr/lib/libCoreStorage.dylib
0x000000000ca94000 	/usr/lib/libcsfde.dylib
0x000000000ca94000 	/usr/lib/libodfde.dylib
0x000000000ca94000 	/System/Library/Frameworks/DiscRecording.framework/Versions/A/DiscRecording
0x000000000ca94000 	/usr/lib/libcurl.4.dylib
0x000000000ca94000 	/System/Library/PrivateFrameworks/MediaKit.framework/Versions/A/MediaKit
0x000000000ca94000 	/System/Library/PrivateFrameworks/EFILogin.framework/Versions/A/EFILogin
0x000000000ca94000 	/usr/lib/libutil.dylib
0x000000000ca94000 	/System/Library/PrivateFrameworks/AOSNotification.framework/Versions/A/AOSNotification
0x000000000ca94000 	/System/Library/Frameworks/LDAP.framework/Versions/A/LDAP
0x000000000ca94000 	/usr/lib/libsasl2.2.dylib
0x000000000ca94000 	/usr/lib/libcrypto.0.9.8.dylib
0x000000000ca94000 	/usr/lib/libssl.0.9.8.dylib
0x00000001a196a000 	/Library/Java/JavaVirtualMachines/jdk1.7.0_45.jdk/Contents/Home/jre/lib/libfontmanager.dylib
0x00000001a19ce000 	/private/var/folders/rn/7l44jphj0g7gs2jyys0_x7840000gn/T/libgdxPhilo/75260a42/liblwjgl.jnilib
0x000000019da7e000 	/Library/Java/JavaVirtualMachines/jdk1.7.0_45.jdk/Contents/Home/jre/lib/libjawt.dylib
0x00000001a1a49000 	/var/folders/rn/7l44jphj0g7gs2jyys0_x7840000gn/T/libgdxPhilo/75260a42/openal.dylib
0x00000001a1aa5000 	/System/Library/Components/CoreAudio.component/Contents/MacOS/CoreAudio
0x000000019da82000 	/System/Library/Extensions/AppleHDA.kext/Contents/PlugIns/AppleHDAHALPlugIn.bundle/Contents/MacOS/AppleHDAHALPlugIn
0x000000000ca94000 	/System/Library/Frameworks/OpenGL.framework/Versions/A/Resources/GLEngine.bundle/GLEngine
0x000000000ca94000 	/System/Library/Frameworks/OpenGL.framework/Versions/A/Libraries/libGLProgrammability.dylib
0x0000000000000000 	/System/Library/Extensions/GeForceGLDriver.bundle/Contents/MacOS/GeForceGLDriver
0x000000000ca94000 	/System/Library/PrivateFrameworks/IOAccelerator.framework/Versions/A/IOAccelerator
0x000000000ca94000 	/System/Library/PrivateFrameworks/GPUSupport.framework/Versions/A/Libraries/libGPUSupportMercury.dylib
0x000000000ca94000 	/System/Library/Extensions/GeForceGLDriver.bundle/Contents/MacOS/libclh.dylib
0x000000000ca94000 	/System/Library/Frameworks/OpenGL.framework/Versions/A/Resources/GLRendererFloat.bundle/GLRendererFloat
0x000000000ca94000 	/System/Library/Frameworks/OpenCL.framework/Versions/A/Libraries/libcldcpuengine.dylib
0x00000001a2e4b000 	/Users/Philo/Downloads/musical-fingers-master 9/Musical-fingers/lib/x64/libLeapJava.dylib
0x00000001a4d34000 	/Users/Philo/Downloads/musical-fingers-master 9/Musical-fingers/lib/x64/libLeap.dylib

VM Arguments:
jvm_args: -Djava.library.path=/Users/Philo/Downloads/musical-fingers-master 9/Musical-fingers/lib/x64 -Dfile.encoding=US-ASCII 
java_command: ox.musicalfingers.display.Main
Launcher Type: SUN_STANDARD

Environment Variables:
PATH=/usr/bin:/bin:/usr/sbin:/sbin
SHELL=/bin/bash

Signal Handlers:
SIGSEGV: [libjvm.dylib+0x525415], sa_mask[0]=0xfffefeff, sa_flags=0x00000043
SIGBUS: [libjvm.dylib+0x525415], sa_mask[0]=0xfffefeff, sa_flags=0x00000042
SIGFPE: [libjvm.dylib+0x41891a], sa_mask[0]=0xfffefeff, sa_flags=0x00000042
SIGPIPE: [libjvm.dylib+0x41891a], sa_mask[0]=0xfffefeff, sa_flags=0x00000042
SIGXFSZ: [libjvm.dylib+0x41891a], sa_mask[0]=0xfffefeff, sa_flags=0x00000042
SIGILL: [libjvm.dylib+0x41891a], sa_mask[0]=0xfffefeff, sa_flags=0x00000042
SIGUSR1: SIG_DFL, sa_mask[0]=0x00000000, sa_flags=0x00000002
SIGUSR2: [libjvm.dylib+0x41840c], sa_mask[0]=0x00000004, sa_flags=0x00000042
SIGHUP: [libjvm.dylib+0x41669b], sa_mask[0]=0xfffefeff, sa_flags=0x00000042
SIGINT: [libjvm.dylib+0x41669b], sa_mask[0]=0xfffefeff, sa_flags=0x00000042
SIGTERM: [libjvm.dylib+0x41669b], sa_mask[0]=0xfffefeff, sa_flags=0x00000042
SIGQUIT: [libjvm.dylib+0x41669b], sa_mask[0]=0xfffefeff, sa_flags=0x00000042


---------------  S Y S T E M  ---------------

OS:Bsduname:Darwin 13.1.0 Darwin Kernel Version 13.1.0: Thu Jan 16 19:40:37 PST 2014; root:xnu-2422.90.20~2/RELEASE_X86_64 x86_64
rlimit: STACK 8192k, CORE 0k, NPROC 709, NOFILE 10240, AS infinity
load average:1.71 1.83 1.79

CPU:total 4 (4 cores per cpu, 1 threads per core) family 6 model 58 stepping 9, cmov, cx8, fxsr, mmx, sse, sse2, sse3, ssse3, sse4.1, sse4.2, popcnt, avx, aes, erms, tsc, tscinvbit, tscinv

Memory: 4k page, physical 8388608k(2097152k free)

/proc/meminfo:


vm_info: Java HotSpot(TM) 64-Bit Server VM (24.45-b08) for bsd-amd64 JRE (1.7.0_45-b18), built on Oct  8 2013 05:54:16 by "java_re" with gcc 4.2.1 (Based on Apple Inc. build 5658) (LLVM build 2336.11.00)

time: Sat May 10 23:12:18 2014
elapsed time: 2640 seconds

