#
# A fatal error has been detected by the Java Runtime Environment:
#
#  SIGSEGV (0xb) at pc=0x000000011d2277fc, pid=6223, tid=13059
#
# JRE version: Java(TM) SE Runtime Environment (7.0_45-b18) (build 1.7.0_45-b18)
# Java VM: Java HotSpot(TM) 64-Bit Server VM (24.45-b08 mixed mode bsd-amd64 compressed oops)
# Problematic frame:
# C  [libLeap.dylib+0x287fc]  _ZNK4Leap14InteractionBox8toStringEv+0x4f3c
#
# Failed to write core dump. Core dumps have been disabled. To enable core dumping, try "ulimit -c unlimited" before starting Java again
#
# If you would like to submit a bug report, please visit:
#   http://bugreport.sun.com/bugreport/crash.jsp
# The crash happened outside the Java Virtual Machine in native code.
# See problematic frame for where to report the bug.
#

---------------  T H R E A D  ---------------

Current thread (0x00007fb2e4818000):  JavaThread "Finalizer" daemon [_thread_in_native, id=13059, stack(0x0000000114843000,0x0000000114943000)]

siginfo:si_signo=SIGSEGV: si_errno=0, si_code=0 (SEGV0), si_addr=0x0000000000000000

Registers:
RAX=0xe00007fb2e3da793, RBX=0x00007fb2e50d2810, RCX=0x0000000000000000, RDX=0x00007fb2e3e814d8
RSP=0x0000000114942250, RBP=0x0000000114942360, RSI=0x0004cc000004cc00, RDI=0x00007fb2e3d9ca10
R8 =0x0000000000000040, R9 =0x0000000114942100, R10=0x000000010b11566c, R11=0x000000010a180297
R12=0x00007fb2e50d2600, R13=0x00007fb2e3e80700, R14=0x00000001149422a8, R15=0x00007fb2e3c963d0
RIP=0x000000011d2277fc, EFLAGS=0x0000000000010216, ERR=0x0000000000000000
  TRAPNO=0x000000000000000d

Top of Stack: (sp=0x0000000114942250)
0x0000000114942250:   00007fb2e4818000 0000000109fe2084
0x0000000114942260:   00007fb2e3dea900 00007fb2e50d2808
0x0000000114942270:   00000000000014dd 000000010a467f30
0x0000000114942280:   00000001133b4ed0 0000000000000003
0x0000000114942290:   00000001149422e0 00000000000014dd
0x00000001149422a0:   00007fb200000009 0000000000000000
0x00000001149422b0:   00007fb2e3c963d0 00007fb2e3c963d0
0x00000001149422c0:   00007fb2e3c963d0 0000000000000001
0x00000001149422d0:   00007fb2e50d2bc8 00007fb2e4818001
0x00000001149422e0:   00007fb2e50d2b48 000000010a10aa01
0x00000001149422f0:   00007fb2e4818000 00007fb2e3dfc080
0x0000000114942300:   0000000114942358 00007fb2e3d1aa38
0x0000000114942310:   0000000114942330 000000010a183dee
0x0000000114942320:   00007fb2e4818000 00007fb2e4818000
0x0000000114942330:   0000000114942370 00007fb2e3e80700
0x0000000114942340:   0000000000000000 000000077b6e33a0
0x0000000114942350:   00007fb2e3e81480 00007fb2e4818000
0x0000000114942360:   0000000114942380 000000011d20aea4
0x0000000114942370:   000000077b6e33a0 0000000114942408
0x0000000114942380:   00000001149423e0 000000010b115698
0x0000000114942390:   0000000114942430 00007fb2e3de9d80
0x00000001149423a0:   00000001149423a0 000000077b6e33a0
0x00000001149423b0:   0000000114942408 000000077b6e6ae0
0x00000001149423c0:   0000000000000000 000000077b6e33a0
0x00000001149423d0:   0000000000000000 0000000114942400
0x00000001149423e0:   0000000114942460 000000010b109058
0x00000001149423f0:   00000007d7510000 000000010b111cd8
0x0000000114942400:   00007fb2e3e80700 00000007d75dc6e0
0x0000000114942410:   0000000000000029 00000007d75dc6e0
0x0000000114942420:   0000000114942410 000000077b6cf989
0x0000000114942430:   0000000114942470 000000077b6d11b0
0x0000000114942440:   0000000000000000 000000077b6cf9a0 

Instructions: (pc=0x000000011d2277fc)
0x000000011d2277dc:   d0 2d fe ff 4c 8d b5 48 ff ff ff 4c 8b bd 58 ff
0x000000011d2277ec:   ff ff 66 90 4d 39 f7 74 31 49 8b 7f 20 48 8b 07
0x000000011d2277fc:   48 8b 40 28 4c 89 ee ff d0 eb 0d 48 89 c7 e8 71
0x000000011d22780c:   3a 09 00 e8 7e 3a 09 00 4c 89 ff e8 04 3a 09 00 

Register to memory mapping:

RAX=0xe00007fb2e3da793 is an unknown value
RBX=0x00007fb2e50d2810 is an unknown value
RCX=0x0000000000000000 is an unknown value
RDX=0x00007fb2e3e814d8 is an unknown value
RSP=0x0000000114942250 is pointing into the stack for thread: 0x00007fb2e4818000
RBP=0x0000000114942360 is pointing into the stack for thread: 0x00007fb2e4818000
RSI=0x0004cc000004cc00 is an unknown value
RDI=0x00007fb2e3d9ca10 is an unknown value
R8 =0x0000000000000040 is an unknown value
R9 =0x0000000114942100 is pointing into the stack for thread: 0x00007fb2e4818000
R10=0x000000010b11566c is at code_begin+620 in an Interpreter codelet
method entry point (kind = native)  [0x000000010b115400, 0x000000010b115c40]  2112 bytes
R11=0x000000010a180297: throw_unsatisfied_link_error+0 in /Library/Java/JavaVirtualMachines/jdk1.7.0_45.jdk/Contents/Home/jre/lib/server/libjvm.dylib at 0x0000000109d10000
R12=0x00007fb2e50d2600 is an unknown value
R13=0x00007fb2e3e80700 is an unknown value
R14=0x00000001149422a8 is pointing into the stack for thread: 0x00007fb2e4818000
R15=0x00007fb2e3c963d0 is an unknown value


Stack: [0x0000000114843000,0x0000000114943000],  sp=0x0000000114942250,  free space=1020k
Native frames: (J=compiled Java code, j=interpreted, Vv=VM code, C=native code)
C  [libLeap.dylib+0x287fc]  _ZNK4Leap14InteractionBox8toStringEv+0x4f3c
C  [libLeap.dylib+0xbea4]  _ZN4Leap10ControllerD0Ev+0x34
j  com.leapmotion.leap.LeapJNI.delete_Controller(J)V+0
j  com.leapmotion.leap.Controller.delete()V+25
j  com.leapmotion.leap.Controller.finalize()V+1
v  ~StubRoutines::call_stub
V  [libjvm.dylib+0x2d6d90]
V  [libjvm.dylib+0x2d6b60]
V  [libjvm.dylib+0x30a605]
V  [libjvm.dylib+0x2fe176]
C  [libjava.dylib+0x299c]  Java_java_lang_ref_Finalizer_invokeFinalizeMethod+0x58
J  java.lang.ref.Finalizer.invokeFinalizeMethod(Ljava/lang/Object;)V

Java frames: (J=compiled Java code, j=interpreted, Vv=VM code)
j  com.leapmotion.leap.LeapJNI.delete_Controller(J)V+0
j  com.leapmotion.leap.Controller.delete()V+25
j  com.leapmotion.leap.Controller.finalize()V+1
v  ~StubRoutines::call_stub
J  java.lang.ref.Finalizer.invokeFinalizeMethod(Ljava/lang/Object;)V
J  java.lang.ref.Finalizer.access$100(Ljava/lang/ref/Finalizer;)V
J  java.lang.ref.Finalizer$FinalizerThread.run()V
v  ~StubRoutines::call_stub

---------------  P R O C E S S  ---------------

Java Threads: ( => current thread )
  0x00007fb2e50b6000 JavaThread "AsynchExecutor-Thread" daemon [_thread_blocked, id=66315, stack(0x000000011ab73000,0x000000011ac73000)]
  0x00007fb2e505e000 JavaThread "DestroyJavaVM" [_thread_blocked, id=6915, stack(0x000000010b001000,0x000000010b101000)]
  0x00007fb2e5057000 JavaThread "LWJGL Application" [_thread_in_native, id=64003, stack(0x000000011964d000,0x000000011974d000)]
  0x00007fb2e58ee000 JavaThread "AppKit Thread" daemon [_thread_in_native, id=1287, stack(0x00007fff55f6e000,0x00007fff55fee000)]
  0x00007fb2e482e000 JavaThread "Service Thread" daemon [_thread_blocked, id=19715, stack(0x0000000114e10000,0x0000000114f10000)]
  0x00007fb2e4826800 JavaThread "C2 CompilerThread1" daemon [_thread_blocked, id=19203, stack(0x0000000114d0d000,0x0000000114e0d000)]
  0x00007fb2e4825800 JavaThread "C2 CompilerThread0" daemon [_thread_blocked, id=18691, stack(0x0000000114c0a000,0x0000000114d0a000)]
  0x00007fb2e4819000 JavaThread "Signal Dispatcher" daemon [_thread_blocked, id=18179, stack(0x0000000114b07000,0x0000000114c07000)]
=>0x00007fb2e4818000 JavaThread "Finalizer" daemon [_thread_in_native, id=13059, stack(0x0000000114843000,0x0000000114943000)]
  0x00007fb2e400f000 JavaThread "Reference Handler" daemon [_thread_blocked, id=12547, stack(0x0000000114740000,0x0000000114840000)]

Other Threads:
  0x00007fb2e583a800 VMThread [stack: 0x000000011463d000,0x000000011473d000] [id=12035]
  0x00007fb2e583d000 WatcherThread [stack: 0x0000000114f13000,0x0000000115013000] [id=20227]

VM state:not at safepoint (normal execution)

VM Mutex/Monitor currently owned by a thread: None

Heap
 PSYoungGen      total 37376K, used 1463K [0x00000007d5500000, 0x00000007d7f80000, 0x0000000800000000)
  eden space 32256K, 0% used [0x00000007d5500000,0x00000007d554d250,0x00000007d7480000)
  from space 5120K, 22% used [0x00000007d7500000,0x00000007d7620c90,0x00000007d7a00000)
  to   space 5632K, 0% used [0x00000007d7a00000,0x00000007d7a00000,0x00000007d7f80000)
 ParOldGen       total 87040K, used 1915K [0x0000000780000000, 0x0000000785500000, 0x00000007d5500000)
  object space 87040K, 2% used [0x0000000780000000,0x00000007801dee68,0x0000000785500000)
 PSPermGen       total 21504K, used 9403K [0x000000077ae00000, 0x000000077c300000, 0x0000000780000000)
  object space 21504K, 43% used [0x000000077ae00000,0x000000077b72ede0,0x000000077c300000)

Card table byte_map: [0x000000010e1c3000,0x000000010e5ed000] byte_map_base: 0x000000010a5ec000

Polling page: 0x000000010a7b6000

Code Cache  [0x000000010b103000, 0x000000010b373000, 0x000000010e103000)
 total_blobs=570 nmethods=182 adapters=342 free_code_cache=48234Kb largest_free_block=49370240

Compilation events (10 events):
Event: 17.385 Thread 0x00007fb2e4826800 nmethod 177 0x000000010b1e9090 code [0x000000010b1e9200, 0x000000010b1e9778]
Event: 17.399 Thread 0x00007fb2e4825800 nmethod 178 0x000000010b1e9d90 code [0x000000010b1e9fe0, 0x000000010b1eabe0]
Event: 17.628 Thread 0x00007fb2e4826800  179             com.badlogic.gdx.graphics.Mesh::getIndicesBuffer (10 bytes)
Event: 17.628 Thread 0x00007fb2e4826800 nmethod 179 0x000000010b1e8dd0 code [0x000000010b1e8f20, 0x000000010b1e8fb8]
Event: 18.179 Thread 0x00007fb2e4825800  180             java.nio.DirectIntBufferU::ix (10 bytes)
Event: 18.179 Thread 0x00007fb2e4825800 nmethod 180 0x000000010b1e6090 code [0x000000010b1e61c0, 0x000000010b1e6238]
Event: 18.412 Thread 0x00007fb2e4826800  181             com.badlogic.gdx.graphics.g2d.BitmapFontCache::draw (66 bytes)
Event: 18.421 Thread 0x00007fb2e4826800 nmethod 181 0x000000010b1e6f10 code [0x000000010b1e7100, 0x000000010b1e78a8]
Event: 18.490 Thread 0x00007fb2e4825800  182             java.nio.Buffer::<init> (121 bytes)
Event: 18.491 Thread 0x00007fb2e4825800 nmethod 182 0x000000010b1e6bd0 code [0x000000010b1e6d20, 0x000000010b1e6e18]

GC Heap History (10 events):
Event: 5.854 GC heap before
{Heap before GC invocations=3 (full 0):
 PSYoungGen      total 38912K, used 36318K [0x00000007d5500000, 0x00000007d8000000, 0x0000000800000000)
  eden space 33792K, 100% used [0x00000007d5500000,0x00000007d7600000,0x00000007d7600000)
  from space 5120K, 49% used [0x00000007d7b00000,0x00000007d7d778b0,0x00000007d8000000)
  to   space 5120K, 0% used [0x00000007d7600000,0x00000007d7600000,0x00000007d7b00000)
 ParOldGen       total 87040K, used 466K [0x0000000780000000, 0x0000000785500000, 0x00000007d5500000)
  object space 87040K, 0% used [0x0000000780000000,0x00000007800748d8,0x0000000785500000)
 PSPermGen       total 21504K, used 9307K [0x000000077ae00000, 0x000000077c300000, 0x0000000780000000)
  object space 21504K, 43% used [0x000000077ae00000,0x000000077b716f40,0x000000077c300000)
Event: 5.856 GC heap after
Heap after GC invocations=3 (full 0):
 PSYoungGen      total 38912K, used 2290K [0x00000007d5500000, 0x00000007d8000000, 0x0000000800000000)
  eden space 33792K, 0% used [0x00000007d5500000,0x00000007d5500000,0x00000007d7600000)
  from space 5120K, 44% used [0x00000007d7600000,0x00000007d783cb08,0x00000007d7b00000)
  to   space 5120K, 0% used [0x00000007d7b00000,0x00000007d7b00000,0x00000007d8000000)
 ParOldGen       total 87040K, used 474K [0x0000000780000000, 0x0000000785500000, 0x00000007d5500000)
  object space 87040K, 0% used [0x0000000780000000,0x00000007800768d8,0x0000000785500000)
 PSPermGen       total 21504K, used 9307K [0x000000077ae00000, 0x000000077c300000, 0x0000000780000000)
  object space 21504K, 43% used [0x000000077ae00000,0x000000077b716f40,0x000000077c300000)
}
Event: 9.178 GC heap before
{Heap before GC invocations=4 (full 0):
 PSYoungGen      total 38912K, used 36082K [0x00000007d5500000, 0x00000007d8000000, 0x0000000800000000)
  eden space 33792K, 100% used [0x00000007d5500000,0x00000007d7600000,0x00000007d7600000)
  from space 5120K, 44% used [0x00000007d7600000,0x00000007d783cb08,0x00000007d7b00000)
  to   space 5120K, 0% used [0x00000007d7b00000,0x00000007d7b00000,0x00000007d8000000)
 ParOldGen       total 87040K, used 474K [0x0000000780000000, 0x0000000785500000, 0x00000007d5500000)
  object space 87040K, 0% used [0x0000000780000000,0x00000007800768d8,0x0000000785500000)
 PSPermGen       total 21504K, used 9343K [0x000000077ae00000, 0x000000077c300000, 0x0000000780000000)
  object space 21504K, 43% used [0x000000077ae00000,0x000000077b71ffe8,0x000000077c300000)
Event: 9.183 GC heap after
Heap after GC invocations=4 (full 0):
 PSYoungGen      total 38912K, used 2840K [0x00000007d5500000, 0x00000007d8000000, 0x0000000800000000)
  eden space 33792K, 0% used [0x00000007d5500000,0x00000007d5500000,0x00000007d7600000)
  from space 5120K, 55% used [0x00000007d7b00000,0x00000007d7dc6240,0x00000007d8000000)
  to   space 5120K, 0% used [0x00000007d7600000,0x00000007d7600000,0x00000007d7b00000)
 ParOldGen       total 87040K, used 482K [0x0000000780000000, 0x0000000785500000, 0x00000007d5500000)
  object space 87040K, 0% used [0x0000000780000000,0x00000007800788d8,0x0000000785500000)
 PSPermGen       total 21504K, used 9343K [0x000000077ae00000, 0x000000077c300000, 0x0000000780000000)
  object space 21504K, 43% used [0x000000077ae00000,0x000000077b71ffe8,0x000000077c300000)
}
Event: 12.503 GC heap before
{Heap before GC invocations=5 (full 0):
 PSYoungGen      total 38912K, used 36632K [0x00000007d5500000, 0x00000007d8000000, 0x0000000800000000)
  eden space 33792K, 100% used [0x00000007d5500000,0x00000007d7600000,0x00000007d7600000)
  from space 5120K, 55% used [0x00000007d7b00000,0x00000007d7dc6240,0x00000007d8000000)
  to   space 5120K, 0% used [0x00000007d7600000,0x00000007d7600000,0x00000007d7b00000)
 ParOldGen       total 87040K, used 482K [0x0000000780000000, 0x0000000785500000, 0x00000007d5500000)
  object space 87040K, 0% used [0x0000000780000000,0x00000007800788d8,0x0000000785500000)
 PSPermGen       total 21504K, used 9379K [0x000000077ae00000, 0x000000077c300000, 0x0000000780000000)
  object space 21504K, 43% used [0x000000077ae00000,0x000000077b728f58,0x000000077c300000)
Event: 12.507 GC heap after
Heap after GC invocations=5 (full 0):
 PSYoungGen      total 38400K, used 2808K [0x00000007d5500000, 0x00000007d8080000, 0x0000000800000000)
  eden space 33280K, 0% used [0x00000007d5500000,0x00000007d5500000,0x00000007d7580000)
  from space 5120K, 54% used [0x00000007d7600000,0x00000007d78be240,0x00000007d7b00000)
  to   space 5632K, 0% used [0x00000007d7b00000,0x00000007d7b00000,0x00000007d8080000)
 ParOldGen       total 87040K, used 490K [0x0000000780000000, 0x0000000785500000, 0x00000007d5500000)
  object space 87040K, 0% used [0x0000000780000000,0x000000078007a8d8,0x0000000785500000)
 PSPermGen       total 21504K, used 9379K [0x000000077ae00000, 0x000000077c300000, 0x0000000780000000)
  object space 21504K, 43% used [0x000000077ae00000,0x000000077b728f58,0x000000077c300000)
}
Event: 15.894 GC heap before
{Heap before GC invocations=6 (full 0):
 PSYoungGen      total 38400K, used 36088K [0x00000007d5500000, 0x00000007d8080000, 0x0000000800000000)
  eden space 33280K, 100% used [0x00000007d5500000,0x00000007d7580000,0x00000007d7580000)
  from space 5120K, 54% used [0x00000007d7600000,0x00000007d78be240,0x00000007d7b00000)
  to   space 5632K, 0% used [0x00000007d7b00000,0x00000007d7b00000,0x00000007d8080000)
 ParOldGen       total 87040K, used 490K [0x0000000780000000, 0x0000000785500000, 0x00000007d5500000)
  object space 87040K, 0% used [0x0000000780000000,0x000000078007a8d8,0x0000000785500000)
 PSPermGen       total 21504K, used 9400K [0x000000077ae00000, 0x000000077c300000, 0x0000000780000000)
  object space 21504K, 43% used [0x000000077ae00000,0x000000077b72e0b0,0x000000077c300000)
Event: 15.898 GC heap after
Heap after GC invocations=6 (full 0):
 PSYoungGen      total 36864K, used 2950K [0x00000007d5500000, 0x00000007d7f00000, 0x0000000800000000)
  eden space 32768K, 0% used [0x00000007d5500000,0x00000007d5500000,0x00000007d7500000)
  from space 4096K, 72% used [0x00000007d7b00000,0x00000007d7de1ad0,0x00000007d7f00000)
  to   space 5120K, 0% used [0x00000007d7500000,0x00000007d7500000,0x00000007d7a00000)
 ParOldGen       total 87040K, used 498K [0x0000000780000000, 0x0000000785500000, 0x00000007d5500000)
  object space 87040K, 0% used [0x0000000780000000,0x000000078007c8d8,0x0000000785500000)
 PSPermGen       total 21504K, used 9400K [0x000000077ae00000, 0x000000077c300000, 0x0000000780000000)
  object space 21504K, 43% used [0x000000077ae00000,0x000000077b72e0b0,0x000000077c300000)
}
Event: 18.513 GC heap before
{Heap before GC invocations=7 (full 0):
 PSYoungGen      total 36864K, used 35718K [0x00000007d5500000, 0x00000007d7f00000, 0x0000000800000000)
  eden space 32768K, 100% used [0x00000007d5500000,0x00000007d7500000,0x00000007d7500000)
  from space 4096K, 72% used [0x00000007d7b00000,0x00000007d7de1ad0,0x00000007d7f00000)
  to   space 5120K, 0% used [0x00000007d7500000,0x00000007d7500000,0x00000007d7a00000)
 ParOldGen       total 87040K, used 498K [0x0000000780000000, 0x0000000785500000, 0x00000007d5500000)
  object space 87040K, 0% used [0x0000000780000000,0x000000078007c8d8,0x0000000785500000)
 PSPermGen       total 21504K, used 9403K [0x000000077ae00000, 0x000000077c300000, 0x0000000780000000)
  object space 21504K, 43% used [0x000000077ae00000,0x000000077b72edc0,0x000000077c300000)
Event: 18.517 GC heap after
Heap after GC invocations=7 (full 0):
 PSYoungGen      total 37376K, used 1155K [0x00000007d5500000, 0x00000007d7f80000, 0x0000000800000000)
  eden space 32256K, 0% used [0x00000007d5500000,0x00000007d5500000,0x00000007d7480000)
  from space 5120K, 22% used [0x00000007d7500000,0x00000007d7620c90,0x00000007d7a00000)
  to   space 5632K, 0% used [0x00000007d7a00000,0x00000007d7a00000,0x00000007d7f80000)
 ParOldGen       total 87040K, used 1915K [0x0000000780000000, 0x0000000785500000, 0x00000007d5500000)
  object space 87040K, 2% used [0x0000000780000000,0x00000007801dee68,0x0000000785500000)
 PSPermGen       total 21504K, used 9403K [0x000000077ae00000, 0x000000077c300000, 0x0000000780000000)
  object space 21504K, 43% used [0x000000077ae00000,0x000000077b72edc0,0x000000077c300000)
}

Deoptimization events (10 events):
Event: 12.526 Thread 0x00007fb2e4818000 Uncommon trap: reason=unreached action=reinterpret pc=0x000000010b1ce4a0 method=java.lang.ref.ReferenceQueue.reallyPoll()Ljava/lang/ref/Reference; @ 18
Event: 12.526 Thread 0x00007fb2e4818000 Uncommon trap: reason=unreached action=reinterpret pc=0x000000010b1c10e8 method=java.lang.ref.ReferenceQueue.reallyPoll()Ljava/lang/ref/Reference; @ 4
Event: 15.744 Thread 0x00007fb2e5057000 Uncommon trap: reason=class_check action=maybe_recompile pc=0x000000010b1e5920 method=com.badlogic.gdx.graphics.g2d.BitmapFont.getBounds(Ljava/lang/CharSequence;IILcom/badlogic/gdx/graphics/g2d/BitmapFont$TextBounds;)Lcom/badlogic/gdx/graphics/g2d/BitmapF
Event: 15.744 Thread 0x00007fb2e5057000 Uncommon trap: reason=class_check action=maybe_recompile pc=0x000000010b1e5920 method=com.badlogic.gdx.graphics.g2d.BitmapFont.getBounds(Ljava/lang/CharSequence;IILcom/badlogic/gdx/graphics/g2d/BitmapFont$TextBounds;)Lcom/badlogic/gdx/graphics/g2d/BitmapF
Event: 15.744 Thread 0x00007fb2e5057000 Uncommon trap: reason=class_check action=maybe_recompile pc=0x000000010b1e5920 method=com.badlogic.gdx.graphics.g2d.BitmapFont.getBounds(Ljava/lang/CharSequence;IILcom/badlogic/gdx/graphics/g2d/BitmapFont$TextBounds;)Lcom/badlogic/gdx/graphics/g2d/BitmapF
Event: 15.744 Thread 0x00007fb2e5057000 Uncommon trap: reason=class_check action=maybe_recompile pc=0x000000010b1e5920 method=com.badlogic.gdx.graphics.g2d.BitmapFont.getBounds(Ljava/lang/CharSequence;IILcom/badlogic/gdx/graphics/g2d/BitmapFont$TextBounds;)Lcom/badlogic/gdx/graphics/g2d/BitmapF
Event: 15.745 Thread 0x00007fb2e5057000 Uncommon trap: reason=class_check action=maybe_recompile pc=0x000000010b1c5810 method=com.badlogic.gdx.graphics.g2d.BitmapFontCache.addToCache(Ljava/lang/CharSequence;FFII)F @ 239
Event: 15.745 Thread 0x00007fb2e5057000 Uncommon trap: reason=class_check action=maybe_recompile pc=0x000000010b1c5810 method=com.badlogic.gdx.graphics.g2d.BitmapFontCache.addToCache(Ljava/lang/CharSequence;FFII)F @ 239
Event: 15.745 Thread 0x00007fb2e5057000 Uncommon trap: reason=class_check action=maybe_recompile pc=0x000000010b1c5810 method=com.badlogic.gdx.graphics.g2d.BitmapFontCache.addToCache(Ljava/lang/CharSequence;FFII)F @ 239
Event: 15.746 Thread 0x00007fb2e5057000 Uncommon trap: reason=class_check action=maybe_recompile pc=0x000000010b1c5810 method=com.badlogic.gdx.graphics.g2d.BitmapFontCache.addToCache(Ljava/lang/CharSequence;FFII)F @ 239

Internal exceptions (10 events):
Event: 3.839 Thread 0x00007fb2e5057000 Threw 0x00000007d649c358 at /HUDSON/workspace/7u-2-build-macosx-x86_64/jdk7u45/229/hotspot/src/share/vm/prims/jvm.cpp:1244
Event: 3.918 Thread 0x00007fb2e49f7800 Threw 0x00000007d6540248 at /HUDSON/workspace/7u-2-build-macosx-x86_64/jdk7u45/229/hotspot/src/share/vm/prims/jvm.cpp:1244
Event: 3.919 Thread 0x00007fb2e49f7800 Threw 0x00000007d6545368 at /HUDSON/workspace/7u-2-build-macosx-x86_64/jdk7u45/229/hotspot/src/share/vm/prims/jvm.cpp:1244
Event: 4.356 Thread 0x00007fb2e5057000 Threw 0x00000007d64a80c8 at /HUDSON/workspace/7u-2-build-macosx-x86_64/jdk7u45/229/hotspot/src/share/vm/prims/jvm.cpp:1244
Event: 4.357 Thread 0x00007fb2e5057000 Threw 0x00000007d64ae7c0 at /HUDSON/workspace/7u-2-build-macosx-x86_64/jdk7u45/229/hotspot/src/share/vm/prims/jvm.cpp:1244
Event: 4.359 Thread 0x00007fb2e5057000 Threw 0x00000007d64b4c38 at /HUDSON/workspace/7u-2-build-macosx-x86_64/jdk7u45/229/hotspot/src/share/vm/prims/jvm.cpp:1244
Event: 4.560 Thread 0x00007fb2e4421000 Threw 0x00000007d6a88658 at /HUDSON/workspace/7u-2-build-macosx-x86_64/jdk7u45/229/hotspot/src/share/vm/prims/jvm.cpp:1244
Event: 7.478 Thread 0x00007fb2e5057000 Threw 0x00000007d642d1d8 at /HUDSON/workspace/7u-2-build-macosx-x86_64/jdk7u45/229/hotspot/src/share/vm/prims/jvm.cpp:1244
Event: 15.744 Thread 0x00007fb2e5057000 Threw 0x00000007d744e210 at /HUDSON/workspace/7u-2-build-macosx-x86_64/jdk7u45/229/hotspot/src/share/vm/prims/jvm.cpp:1244
Event: 15.745 Thread 0x00007fb2e5057000 Threw 0x00000007d7451050 at /HUDSON/workspace/7u-2-build-macosx-x86_64/jdk7u45/229/hotspot/src/share/vm/prims/jvm.cpp:1244

Events (10 events):
Event: 18.490 Thread 0x00007fb2e5946800 Thread added: 0x00007fb2e5946800
Event: 18.490 Thread 0x00007fb2e5946800 Thread exited: 0x00007fb2e5946800
Event: 18.490 Thread 0x00007fb2e5946800 Thread added: 0x00007fb2e5946800
Event: 18.490 Thread 0x00007fb2e5946800 Thread exited: 0x00007fb2e5946800
Event: 18.513 Thread 0x00007fb2e416b000 Thread added: 0x00007fb2e416b000
Event: 18.513 Thread 0x00007fb2e416b000 Thread exited: 0x00007fb2e416b000
Event: 18.513 Thread 0x00007fb2e416b000 Thread added: 0x00007fb2e416b000
Event: 18.513 Executing VM operation: ParallelGCFailedAllocation
Event: 18.517 Executing VM operation: ParallelGCFailedAllocation done
Event: 18.517 Thread 0x00007fb2e416b000 Thread exited: 0x00007fb2e416b000


Dynamic libraries:
0x000000000ca94000 	/System/Library/Frameworks/Cocoa.framework/Versions/A/Cocoa
0x000000000ca94000 	/System/Library/Frameworks/Security.framework/Versions/A/Security
0x000000000ca94000 	/System/Library/Frameworks/ApplicationServices.framework/Versions/A/ApplicationServices
0x000000000ca94000 	/usr/lib/libz.1.dylib
0x000000000ca94000 	/usr/lib/libSystem.B.dylib
0x000000000ca94000 	/usr/lib/libobjc.A.dylib
0x000000000ca94000 	/System/Library/Frameworks/CoreFoundation.framework/Versions/A/CoreFoundation
0x000000000ca94000 	/System/Library/Frameworks/Foundation.framework/Versions/C/Foundation
0x000000000ca94000 	/System/Library/Frameworks/AppKit.framework/Versions/C/AppKit
0x000000000ca94000 	/System/Library/Frameworks/CoreData.framework/Versions/A/CoreData
0x000000000ca94000 	/System/Library/PrivateFrameworks/RemoteViewServices.framework/Versions/A/RemoteViewServices
0x000000000ca94000 	/System/Library/Frameworks/AudioToolbox.framework/Versions/A/AudioToolbox
0x000000000ca94000 	/System/Library/Frameworks/AudioUnit.framework/Versions/A/AudioUnit
0x000000000ca94000 	/System/Library/PrivateFrameworks/DataDetectorsCore.framework/Versions/A/DataDetectorsCore
0x000000000ca94000 	/System/Library/PrivateFrameworks/DesktopServicesPriv.framework/Versions/A/DesktopServicesPriv
0x000000000ca94000 	/System/Library/Frameworks/Carbon.framework/Versions/A/Frameworks/HIToolbox.framework/Versions/A/HIToolbox
0x000000000ca94000 	/System/Library/Frameworks/QuartzCore.framework/Versions/A/QuartzCore
0x000000000ca94000 	/System/Library/Frameworks/Carbon.framework/Versions/A/Frameworks/SpeechRecognition.framework/Versions/A/SpeechRecognition
0x000000000ca94000 	/usr/lib/libauto.dylib
0x000000000ca94000 	/usr/lib/libicucore.A.dylib
0x000000000ca94000 	/usr/lib/libxml2.2.dylib
0x000000000ca94000 	/System/Library/PrivateFrameworks/CoreUI.framework/Versions/A/CoreUI
0x000000000ca94000 	/System/Library/Frameworks/CoreAudio.framework/Versions/A/CoreAudio
0x000000000ca94000 	/System/Library/Frameworks/DiskArbitration.framework/Versions/A/DiskArbitration
0x000000000ca94000 	/usr/lib/liblangid.dylib
0x000000000ca94000 	/System/Library/PrivateFrameworks/MultitouchSupport.framework/Versions/A/MultitouchSupport
0x000000000ca94000 	/System/Library/Frameworks/IOKit.framework/Versions/A/IOKit
0x000000000ca94000 	/usr/lib/libDiagnosticMessagesClient.dylib
0x000000000ca94000 	/System/Library/Frameworks/CoreServices.framework/Versions/A/CoreServices
0x000000000ca94000 	/System/Library/PrivateFrameworks/PerformanceAnalysis.framework/Versions/A/PerformanceAnalysis
0x000000000ca94000 	/System/Library/PrivateFrameworks/GenerationalStorage.framework/Versions/A/GenerationalStorage
0x000000000ca94000 	/System/Library/Frameworks/OpenGL.framework/Versions/A/OpenGL
0x000000000ca94000 	/System/Library/PrivateFrameworks/Sharing.framework/Versions/A/Sharing
0x000000000ca94000 	/System/Library/Frameworks/ImageIO.framework/Versions/A/ImageIO
0x000000000ca94000 	/System/Library/Frameworks/CoreText.framework/Versions/A/CoreText
0x000000000ca94000 	/System/Library/Frameworks/CoreGraphics.framework/Versions/A/CoreGraphics
0x000000000ca94000 	/System/Library/PrivateFrameworks/Backup.framework/Versions/A/Backup
0x000000000ca94000 	/System/Library/Frameworks/CFNetwork.framework/Versions/A/CFNetwork
0x000000000ca94000 	/System/Library/Frameworks/SystemConfiguration.framework/Versions/A/SystemConfiguration
0x000000000ca94000 	/usr/lib/libCRFSuite.dylib
0x000000000ca94000 	/usr/lib/libc++.1.dylib
0x000000000ca94000 	/usr/lib/libc++abi.dylib
0x000000000ca94000 	/usr/lib/system/libcache.dylib
0x000000000ca94000 	/usr/lib/system/libcommonCrypto.dylib
0x000000000ca94000 	/usr/lib/system/libcompiler_rt.dylib
0x000000000ca94000 	/usr/lib/system/libcopyfile.dylib
0x000000000ca94000 	/usr/lib/system/libcorecrypto.dylib
0x000000000ca94000 	/usr/lib/system/libdispatch.dylib
0x000000000ca94000 	/usr/lib/system/libdyld.dylib
0x000000000ca94000 	/usr/lib/system/libkeymgr.dylib
0x000000000ca94000 	/usr/lib/system/liblaunch.dylib
0x000000000ca94000 	/usr/lib/system/libmacho.dylib
0x000000000ca94000 	/usr/lib/system/libquarantine.dylib
0x000000000ca94000 	/usr/lib/system/libremovefile.dylib
0x000000000ca94000 	/usr/lib/system/libsystem_asl.dylib
0x000000000ca94000 	/usr/lib/system/libsystem_blocks.dylib
0x000000000ca94000 	/usr/lib/system/libsystem_c.dylib
0x000000000ca94000 	/usr/lib/system/libsystem_configuration.dylib
0x000000000ca94000 	/usr/lib/system/libsystem_dnssd.dylib
0x000000000ca94000 	/usr/lib/system/libsystem_info.dylib
0x000000000ca94000 	/usr/lib/system/libsystem_kernel.dylib
0x000000000ca94000 	/usr/lib/system/libsystem_m.dylib
0x000000000ca94000 	/usr/lib/system/libsystem_malloc.dylib
0x000000000ca94000 	/usr/lib/system/libsystem_network.dylib
0x000000000ca94000 	/usr/lib/system/libsystem_notify.dylib
0x000000000ca94000 	/usr/lib/system/libsystem_platform.dylib
0x000000000ca94000 	/usr/lib/system/libsystem_pthread.dylib
0x000000000ca94000 	/usr/lib/system/libsystem_sandbox.dylib
0x000000000ca94000 	/usr/lib/system/libsystem_stats.dylib
0x000000000ca94000 	/usr/lib/system/libunc.dylib
0x000000000ca94000 	/usr/lib/system/libunwind.dylib
0x000000000ca94000 	/usr/lib/system/libxpc.dylib
0x000000000ca94000 	/usr/lib/libbsm.0.dylib
0x000000000ca94000 	/usr/lib/libsqlite3.dylib
0x000000000ca94000 	/usr/lib/libxar.1.dylib
0x000000000ca94000 	/usr/lib/libpam.2.dylib
0x000000000ca94000 	/usr/lib/libOpenScriptingUtil.dylib
0x000000000ca94000 	/usr/lib/libbz2.1.0.dylib
0x000000000ca94000 	/System/Library/Frameworks/CoreServices.framework/Versions/A/Frameworks/CarbonCore.framework/Versions/A/CarbonCore
0x000000000ca94000 	/System/Library/Frameworks/CoreServices.framework/Versions/A/Frameworks/Metadata.framework/Versions/A/Metadata
0x000000000ca94000 	/System/Library/Frameworks/CoreServices.framework/Versions/A/Frameworks/OSServices.framework/Versions/A/OSServices
0x000000000ca94000 	/System/Library/Frameworks/CoreServices.framework/Versions/A/Frameworks/SearchKit.framework/Versions/A/SearchKit
0x000000000ca94000 	/System/Library/Frameworks/CoreServices.framework/Versions/A/Frameworks/AE.framework/Versions/A/AE
0x000000000ca94000 	/System/Library/Frameworks/CoreServices.framework/Versions/A/Frameworks/LaunchServices.framework/Versions/A/LaunchServices
0x000000000ca94000 	/System/Library/Frameworks/CoreServices.framework/Versions/A/Frameworks/DictionaryServices.framework/Versions/A/DictionaryServices
0x000000000ca94000 	/System/Library/Frameworks/NetFS.framework/Versions/A/NetFS
0x000000000ca94000 	/usr/lib/system/libkxld.dylib
0x000000000ca94000 	/System/Library/PrivateFrameworks/NetAuth.framework/Versions/A/NetAuth
0x000000000ca94000 	/System/Library/PrivateFrameworks/TCC.framework/Versions/A/TCC
0x000000000ca94000 	/System/Library/Frameworks/OpenDirectory.framework/Versions/A/Frameworks/CFOpenDirectory.framework/Versions/A/CFOpenDirectory
0x000000000ca94000 	/System/Library/Frameworks/ServiceManagement.framework/Versions/A/ServiceManagement
0x000000000ca94000 	/usr/lib/libxslt.1.dylib
0x000000000ca94000 	/System/Library/Frameworks/Carbon.framework/Versions/A/Frameworks/Ink.framework/Versions/A/Ink
0x000000000ca94000 	/System/Library/Frameworks/ApplicationServices.framework/Versions/A/Frameworks/ATS.framework/Versions/A/ATS
0x000000000ca94000 	/System/Library/Frameworks/ApplicationServices.framework/Versions/A/Frameworks/ColorSync.framework/Versions/A/ColorSync
0x000000000ca94000 	/System/Library/Frameworks/ApplicationServices.framework/Versions/A/Frameworks/HIServices.framework/Versions/A/HIServices
0x000000000ca94000 	/System/Library/Frameworks/ApplicationServices.framework/Versions/A/Frameworks/LangAnalysis.framework/Versions/A/LangAnalysis
0x000000000ca94000 	/System/Library/Frameworks/ApplicationServices.framework/Versions/A/Frameworks/PrintCore.framework/Versions/A/PrintCore
0x000000000ca94000 	/System/Library/Frameworks/ApplicationServices.framework/Versions/A/Frameworks/QD.framework/Versions/A/QD
0x000000000ca94000 	/System/Library/Frameworks/ApplicationServices.framework/Versions/A/Frameworks/SpeechSynthesis.framework/Versions/A/SpeechSynthesis
0x000000000ca94000 	/System/Library/Frameworks/IOSurface.framework/Versions/A/IOSurface
0x000000000ca94000 	/System/Library/Frameworks/Accelerate.framework/Versions/A/Accelerate
0x000000000ca94000 	/System/Library/Frameworks/Accelerate.framework/Versions/A/Frameworks/vImage.framework/Versions/A/vImage
0x000000000ca94000 	/System/Library/Frameworks/Accelerate.framework/Versions/A/Frameworks/vecLib.framework/Versions/A/vecLib
0x000000000ca94000 	/System/Library/Frameworks/Accelerate.framework/Versions/A/Frameworks/vecLib.framework/Versions/A/libvDSP.dylib
0x000000000ca94000 	/System/Library/Frameworks/Accelerate.framework/Versions/A/Frameworks/vecLib.framework/Versions/A/libvMisc.dylib
0x000000000ca94000 	/System/Library/Frameworks/Accelerate.framework/Versions/A/Frameworks/vecLib.framework/Versions/A/libLAPACK.dylib
0x000000000ca94000 	/System/Library/Frameworks/Accelerate.framework/Versions/A/Frameworks/vecLib.framework/Versions/A/libBLAS.dylib
0x000000000ca94000 	/System/Library/Frameworks/ApplicationServices.framework/Versions/A/Frameworks/ATS.framework/Versions/A/Resources/libFontParser.dylib
0x000000000ca94000 	/System/Library/Frameworks/ApplicationServices.framework/Versions/A/Frameworks/ATS.framework/Versions/A/Resources/libFontRegistry.dylib
0x000000000ca94000 	/System/Library/Frameworks/ImageIO.framework/Versions/A/Resources/libJPEG.dylib
0x000000000ca94000 	/System/Library/Frameworks/ImageIO.framework/Versions/A/Resources/libTIFF.dylib
0x000000000ca94000 	/System/Library/Frameworks/ImageIO.framework/Versions/A/Resources/libPng.dylib
0x000000000ca94000 	/System/Library/Frameworks/ImageIO.framework/Versions/A/Resources/libGIF.dylib
0x000000000ca94000 	/System/Library/Frameworks/ImageIO.framework/Versions/A/Resources/libJP2.dylib
0x000000000ca94000 	/System/Library/Frameworks/ImageIO.framework/Versions/A/Resources/libRadiance.dylib
0x000000000ca94000 	/usr/lib/libcups.2.dylib
0x000000000ca94000 	/System/Library/Frameworks/Kerberos.framework/Versions/A/Kerberos
0x000000000ca94000 	/System/Library/Frameworks/GSS.framework/Versions/A/GSS
0x000000000ca94000 	/usr/lib/libresolv.9.dylib
0x000000000ca94000 	/usr/lib/libiconv.2.dylib
0x000000000ca94000 	/System/Library/PrivateFrameworks/Heimdal.framework/Versions/A/Heimdal
0x000000000ca94000 	/System/Library/PrivateFrameworks/TrustEvaluationAgent.framework/Versions/A/TrustEvaluationAgent
0x000000000ca94000 	/usr/lib/libheimdal-asn1.dylib
0x000000000ca94000 	/System/Library/Frameworks/OpenDirectory.framework/Versions/A/OpenDirectory
0x000000000ca94000 	/System/Library/PrivateFrameworks/CommonAuth.framework/Versions/A/CommonAuth
0x000000000ca94000 	/System/Library/Frameworks/SecurityFoundation.framework/Versions/A/SecurityFoundation
0x000000000ca94000 	/System/Library/PrivateFrameworks/Bom.framework/Versions/A/Bom
0x000000000ca94000 	/System/Library/Frameworks/CoreVideo.framework/Versions/A/CoreVideo
0x000000000ca94000 	/System/Library/Frameworks/QuartzCore.framework/Versions/A/Frameworks/CoreImage.framework/Versions/A/CoreImage
0x000000000ca94000 	/System/Library/Frameworks/QuartzCore.framework/Versions/A/Frameworks/ScalableUserInterface.framework/Versions/A/ScalableUserInterface
0x000000000ca94000 	/System/Library/Frameworks/OpenGL.framework/Versions/A/Libraries/libGLU.dylib
0x000000000ca94000 	/System/Library/Frameworks/OpenGL.framework/Versions/A/Libraries/libGFXShared.dylib
0x000000000ca94000 	/System/Library/Frameworks/OpenGL.framework/Versions/A/Libraries/libGL.dylib
0x000000000ca94000 	/System/Library/Frameworks/OpenGL.framework/Versions/A/Libraries/libGLImage.dylib
0x000000000ca94000 	/System/Library/Frameworks/OpenGL.framework/Versions/A/Libraries/libCVMSPluginSupport.dylib
0x000000000ca94000 	/System/Library/Frameworks/OpenGL.framework/Versions/A/Libraries/libCoreVMClient.dylib
0x000000000ca94000 	/System/Library/PrivateFrameworks/FaceCore.framework/Versions/A/FaceCore
0x000000000ca94000 	/System/Library/PrivateFrameworks/CrashReporterSupport.framework/Versions/A/CrashReporterSupport
0x000000000ca94000 	/System/Library/Frameworks/OpenCL.framework/Versions/A/OpenCL
0x000000000ca94000 	/System/Library/PrivateFrameworks/AppleFSCompression.framework/Versions/A/AppleFSCompression
0x000000000ca94000 	/System/Library/PrivateFrameworks/Ubiquity.framework/Versions/A/Ubiquity
0x000000000ca94000 	/System/Library/PrivateFrameworks/IconServices.framework/Versions/A/IconServices
0x000000000ca94000 	/System/Library/PrivateFrameworks/ChunkingLibrary.framework/Versions/A/ChunkingLibrary
0x000000000ca94000 	/System/Library/PrivateFrameworks/CoreSymbolication.framework/Versions/A/CoreSymbolication
0x000000000ca94000 	/System/Library/PrivateFrameworks/Symbolication.framework/Versions/A/Symbolication
0x000000000ca94000 	/System/Library/PrivateFrameworks/DebugSymbols.framework/Versions/A/DebugSymbols
0x0000000109d10000 	/Library/Java/JavaVirtualMachines/jdk1.7.0_45.jdk/Contents/Home/jre/lib/server/libjvm.dylib
0x000000000ca94000 	/usr/lib/libstdc++.6.dylib
0x000000010a779000 	/Library/Java/JavaVirtualMachines/jdk1.7.0_45.jdk/Contents/Home/jre/lib/libverify.dylib
0x000000010a786000 	/Library/Java/JavaVirtualMachines/jdk1.7.0_45.jdk/Contents/Home/jre/lib/libjava.dylib
0x000000010a7c0000 	/Library/Java/JavaVirtualMachines/jdk1.7.0_45.jdk/Contents/Home/jre/lib/libzip.dylib
0x0000000114945000 	/System/Library/Frameworks/JavaVM.framework/Frameworks/JavaRuntimeSupport.framework/JavaRuntimeSupport
0x000000011495d000 	/System/Library/Frameworks/JavaVM.framework/Versions/A/Frameworks/JavaNativeFoundation.framework/Versions/A/JavaNativeFoundation
0x000000010a7f3000 	/System/Library/Frameworks/JavaVM.framework/Versions/A/JavaVM
0x000000000ca94000 	/System/Library/Frameworks/Carbon.framework/Versions/A/Carbon
0x0000000114971000 	/System/Library/PrivateFrameworks/JavaLaunching.framework/Versions/A/JavaLaunching
0x000000000ca94000 	/System/Library/Frameworks/Carbon.framework/Versions/A/Frameworks/CommonPanels.framework/Versions/A/CommonPanels
0x000000000ca94000 	/System/Library/Frameworks/Carbon.framework/Versions/A/Frameworks/Help.framework/Versions/A/Help
0x000000000ca94000 	/System/Library/Frameworks/Carbon.framework/Versions/A/Frameworks/ImageCapture.framework/Versions/A/ImageCapture
0x000000000ca94000 	/System/Library/Frameworks/Carbon.framework/Versions/A/Frameworks/OpenScripting.framework/Versions/A/OpenScripting
0x000000000ca94000 	/System/Library/Frameworks/Carbon.framework/Versions/A/Frameworks/Print.framework/Versions/A/Print
0x000000000ca94000 	/System/Library/Frameworks/Carbon.framework/Versions/A/Frameworks/SecurityHI.framework/Versions/A/SecurityHI
0x0000000115069000 	/private/var/folders/rn/7l44jphj0g7gs2jyys0_x7840000gn/T/libgdxPhilo/92bf976d/libgdx.dylib
0x0000000115136000 	/Library/Java/JavaVirtualMachines/jdk1.7.0_45.jdk/Contents/Home/jre/lib/libawt.dylib
0x00000001151e5000 	/Library/Java/JavaVirtualMachines/jdk1.7.0_45.jdk/Contents/Home/jre/lib/./libmlib_image.dylib
0x00000001152b1000 	/Library/Java/JavaVirtualMachines/jdk1.7.0_45.jdk/Contents/Home/jre/lib/lwawt/liblwawt.dylib
0x0000000115365000 	/Library/Java/JavaVirtualMachines/jdk1.7.0_45.jdk/Contents/Home/jre/lib/libosxapp.dylib
0x000000000ca94000 	/System/Library/Frameworks/ExceptionHandling.framework/Versions/A/ExceptionHandling
0x000000000ca94000 	/System/Library/PrivateFrameworks/CoreServicesInternal.framework/Versions/A/CoreServicesInternal
0x000000000ca94000 	/System/Library/PrivateFrameworks/Librarian.framework/Versions/A/Librarian
0x000000000ca94000 	/System/Library/Frameworks/CoreGraphics.framework/Versions/A/Resources/libCGCMS.A.dylib
0x000000000ca94000 	/System/Library/Frameworks/CoreGraphics.framework/Versions/A/Resources/libRIP.A.dylib
0x000000000ca94000 	/System/Library/Frameworks/CoreGraphics.framework/Versions/A/Resources/libCGXType.A.dylib
0x000000000ca94000 	/System/Library/PrivateFrameworks/FamilyControls.framework/Versions/A/FamilyControls
0x000000000ca94000 	/System/Library/PrivateFrameworks/CommerceKit.framework/Versions/A/Frameworks/CommerceCore.framework/Versions/A/CommerceCore
0x000000000ca94000 	/System/Library/PrivateFrameworks/SystemAdministration.framework/Versions/A/SystemAdministration
0x000000000ca94000 	/System/Library/Frameworks/DirectoryService.framework/Versions/A/DirectoryService
0x000000000ca94000 	/System/Library/PrivateFrameworks/DiskImages.framework/Versions/A/DiskImages
0x000000000ca94000 	/System/Library/PrivateFrameworks/LoginUIKit.framework/Versions/A/Frameworks/LoginUICore.framework/Versions/A/LoginUICore
0x000000000ca94000 	/usr/lib/libCoreStorage.dylib
0x000000000ca94000 	/usr/lib/libcsfde.dylib
0x000000000ca94000 	/usr/lib/libodfde.dylib
0x000000000ca94000 	/System/Library/Frameworks/DiscRecording.framework/Versions/A/DiscRecording
0x000000000ca94000 	/usr/lib/libcurl.4.dylib
0x000000000ca94000 	/System/Library/PrivateFrameworks/MediaKit.framework/Versions/A/MediaKit
0x000000000ca94000 	/System/Library/PrivateFrameworks/EFILogin.framework/Versions/A/EFILogin
0x000000000ca94000 	/usr/lib/libutil.dylib
0x000000000ca94000 	/System/Library/PrivateFrameworks/AOSNotification.framework/Versions/A/AOSNotification
0x000000000ca94000 	/System/Library/Frameworks/LDAP.framework/Versions/A/LDAP
0x000000000ca94000 	/usr/lib/libsasl2.2.dylib
0x000000000ca94000 	/usr/lib/libcrypto.0.9.8.dylib
0x000000000ca94000 	/usr/lib/libssl.0.9.8.dylib
0x0000000116b6b000 	/Library/Java/JavaVirtualMachines/jdk1.7.0_45.jdk/Contents/Home/jre/lib/libfontmanager.dylib
0x000000011922a000 	/private/var/folders/rn/7l44jphj0g7gs2jyys0_x7840000gn/T/libgdxPhilo/75260a42/liblwjgl.jnilib
0x0000000116bcf000 	/Library/Java/JavaVirtualMachines/jdk1.7.0_45.jdk/Contents/Home/jre/lib/libjawt.dylib
0x00000001192a5000 	/var/folders/rn/7l44jphj0g7gs2jyys0_x7840000gn/T/libgdxPhilo/75260a42/openal.dylib
0x0000000119301000 	/System/Library/Components/CoreAudio.component/Contents/MacOS/CoreAudio
0x0000000117966000 	/System/Library/Extensions/AppleHDA.kext/Contents/PlugIns/AppleHDAHALPlugIn.bundle/Contents/MacOS/AppleHDAHALPlugIn
0x000000000ca94000 	/System/Library/Frameworks/OpenGL.framework/Versions/A/Resources/GLEngine.bundle/GLEngine
0x000000000ca94000 	/System/Library/Frameworks/OpenGL.framework/Versions/A/Libraries/libGLProgrammability.dylib
0x0000000000000000 	/System/Library/Extensions/GeForceGLDriver.bundle/Contents/MacOS/GeForceGLDriver
0x000000000ca94000 	/System/Library/PrivateFrameworks/IOAccelerator.framework/Versions/A/IOAccelerator
0x000000000ca94000 	/System/Library/PrivateFrameworks/GPUSupport.framework/Versions/A/Libraries/libGPUSupportMercury.dylib
0x000000000ca94000 	/System/Library/Extensions/GeForceGLDriver.bundle/Contents/MacOS/libclh.dylib
0x000000000ca94000 	/System/Library/Frameworks/OpenGL.framework/Versions/A/Resources/GLRendererFloat.bundle/GLRendererFloat
0x000000000ca94000 	/System/Library/Frameworks/OpenCL.framework/Versions/A/Libraries/libcldcpuengine.dylib
0x000000011d1c1000 	/Users/Philo/Downloads/musical-fingers-master 10/Musical-fingers/lib/x64/libLeapJava.dylib
0x000000011d1ff000 	/Users/Philo/Downloads/musical-fingers-master 10/Musical-fingers/lib/x64/libLeap.dylib

VM Arguments:
jvm_args: -Djava.library.path=/Users/Philo/Downloads/musical-fingers-master 10/Musical-fingers/lib/x64 -Dfile.encoding=US-ASCII 
java_command: ox.musicalfingers.display.Main
Launcher Type: SUN_STANDARD

Environment Variables:
PATH=/usr/bin:/bin:/usr/sbin:/sbin
SHELL=/bin/bash

Signal Handlers:
SIGSEGV: [libjvm.dylib+0x525415], sa_mask[0]=0xfffefeff, sa_flags=0x00000043
SIGBUS: [libjvm.dylib+0x525415], sa_mask[0]=0xfffefeff, sa_flags=0x00000042
SIGFPE: [libjvm.dylib+0x41891a], sa_mask[0]=0xfffefeff, sa_flags=0x00000042
SIGPIPE: [libjvm.dylib+0x41891a], sa_mask[0]=0xfffefeff, sa_flags=0x00000042
SIGXFSZ: [libjvm.dylib+0x41891a], sa_mask[0]=0xfffefeff, sa_flags=0x00000042
SIGILL: [libjvm.dylib+0x41891a], sa_mask[0]=0xfffefeff, sa_flags=0x00000042
SIGUSR1: SIG_DFL, sa_mask[0]=0x00000000, sa_flags=0x00000002
SIGUSR2: [libjvm.dylib+0x41840c], sa_mask[0]=0x00000004, sa_flags=0x00000042
SIGHUP: [libjvm.dylib+0x41669b], sa_mask[0]=0xfffefeff, sa_flags=0x00000042
SIGINT: [libjvm.dylib+0x41669b], sa_mask[0]=0xfffefeff, sa_flags=0x00000042
SIGTERM: [libjvm.dylib+0x41669b], sa_mask[0]=0xfffefeff, sa_flags=0x00000042
SIGQUIT: [libjvm.dylib+0x41669b], sa_mask[0]=0xfffefeff, sa_flags=0x00000042


---------------  S Y S T E M  ---------------

OS:Bsduname:Darwin 13.1.0 Darwin Kernel Version 13.1.0: Thu Jan 16 19:40:37 PST 2014; root:xnu-2422.90.20~2/RELEASE_X86_64 x86_64
rlimit: STACK 8192k, CORE 0k, NPROC 709, NOFILE 10240, AS infinity
load average:1.97 2.31 2.19

CPU:total 4 (4 cores per cpu, 1 threads per core) family 6 model 58 stepping 9, cmov, cx8, fxsr, mmx, sse, sse2, sse3, ssse3, sse4.1, sse4.2, popcnt, avx, aes, erms, tsc, tscinvbit, tscinv

Memory: 4k page, physical 8388608k(2097152k free)

/proc/meminfo:


vm_info: Java HotSpot(TM) 64-Bit Server VM (24.45-b08) for bsd-amd64 JRE (1.7.0_45-b18), built on Oct  8 2013 05:54:16 by "java_re" with gcc 4.2.1 (Based on Apple Inc. build 5658) (LLVM build 2336.11.00)

time: Mon May 12 23:34:55 2014
elapsed time: 18 seconds

