#
# A fatal error has been detected by the Java Runtime Environment:
#
#  SIGSEGV (0xb) at pc=0x00000001220567fc, pid=5861, tid=12547
#
# JRE version: Java(TM) SE Runtime Environment (7.0_45-b18) (build 1.7.0_45-b18)
# Java VM: Java HotSpot(TM) 64-Bit Server VM (24.45-b08 mixed mode bsd-amd64 compressed oops)
# Problematic frame:
# C  [libLeap.dylib+0x287fc]  _ZNK4Leap14InteractionBox8toStringEv+0x4f3c
#
# Failed to write core dump. Core dumps have been disabled. To enable core dumping, try "ulimit -c unlimited" before starting Java again
#
# If you would like to submit a bug report, please visit:
#   http://bugreport.sun.com/bugreport/crash.jsp
# The crash happened outside the Java Virtual Machine in native code.
# See problematic frame for where to report the bug.
#

---------------  T H R E A D  ---------------

Current thread (0x00007fb105047800):  JavaThread "Finalizer" daemon [_thread_in_native, id=12547, stack(0x0000000119496000,0x0000000119596000)]

siginfo:si_signo=SIGSEGV: si_errno=0, si_code=0 (SEGV0), si_addr=0x0000000000000000

Registers:
RAX=0x3000000000000000, RBX=0x00007fb1049b6e10, RCX=0x0000000000000000, RDX=0x00007fb10988ced8
RSP=0x00000001195952e0, RBP=0x00000001195953f0, RSI=0x006cc400006cc400, RDI=0x00007fb10986e200
R8 =0x0000000000000040, R9 =0x0000000119595200, R10=0x000000010fd6866c, R11=0x000000010f670297
R12=0x00007fb1049b6c00, R13=0x00007fb103cef3d0, R14=0x0000000119595338, R15=0x00007fb109943c00
RIP=0x00000001220567fc, EFLAGS=0x0000000000010212, ERR=0x0000000000000000
  TRAPNO=0x000000000000000d

Top of Stack: (sp=0x00000001195952e0)
0x00000001195952e0:   00007fb105047800 4c315f6574656c65
0x00000001195952f0:   4c315f6574656c65 00007fb1049b6e08
0x0000000119595300:   00000000000014dd 000000010f957f30
0x0000000119595310:   0000000118007ed0 0000000000000003
0x0000000119595320:   0000000119595370 00000000000014dd
0x0000000119595330:   00007fb100000009 0000000000000000
0x0000000119595340:   00007fb109943c00 00007fb109943c00
0x0000000119595350:   00007fb109943c00 0000000000000001
0x0000000119595360:   00007fb1049b71c8 00007fb105047801
0x0000000119595370:   00007fb1049b7148 000000010f5faa01
0x0000000119595380:   0000000000000000 0000000000000000
0x0000000119595390:   00000001195953e8 00007fb103f10a98
0x00000001195953a0:   00000001195953c0 000000010f673dee
0x00000001195953b0:   00007fb105047800 00007fb105047800
0x00000001195953c0:   0000000119595400 00007fb103cef3d0
0x00000001195953d0:   0000000000000000 000000077b6e21c8
0x00000001195953e0:   00007fb10988ce80 00007fb105047800
0x00000001195953f0:   0000000119595410 0000000122039ea4
0x0000000119595400:   000000077b6e21c8 00000001195954a0
0x0000000119595410:   0000000119595478 000000010fd68698
0x0000000119595420:   00000001195954f8 0000000000000000
0x0000000119595430:   0000000000000001 0000000119595438
0x0000000119595440:   000000077b6e21c8 00000001195954a0
0x0000000119595450:   000000077b6e5908 0000000000000000
0x0000000119595460:   000000077b6e21c8 0000000000000000
0x0000000119595470:   00000001195954b0 00000007802e1368
0x0000000119595480:   000000010feb1cd0 00000007801ef468
0x0000000119595490:   000000010fd64cd8 00007fb103cef3d0
0x00000001195954a0:   00000007802e1368 000000010feb1cd0
0x00000001195954b0:   000000077b59b249 00000001195954f8
0x00000001195954c0:   000000077b6f11f0 0000000000000000
0x00000001195954d0:   000000077b59b258 0000000000000000 

Instructions: (pc=0x00000001220567fc)
0x00000001220567dc:   d0 2d fe ff 4c 8d b5 48 ff ff ff 4c 8b bd 58 ff
0x00000001220567ec:   ff ff 66 90 4d 39 f7 74 31 49 8b 7f 20 48 8b 07
0x00000001220567fc:   48 8b 40 28 4c 89 ee ff d0 eb 0d 48 89 c7 e8 71
0x000000012205680c:   3a 09 00 e8 7e 3a 09 00 4c 89 ff e8 04 3a 09 00 

Register to memory mapping:

RAX=0x3000000000000000 is an unknown value
RBX=0x00007fb1049b6e10 is an unknown value
RCX=0x0000000000000000 is an unknown value
RDX=0x00007fb10988ced8 is an unknown value
RSP=0x00000001195952e0 is pointing into the stack for thread: 0x00007fb105047800
RBP=0x00000001195953f0 is pointing into the stack for thread: 0x00007fb105047800
RSI=0x006cc400006cc400 is an unknown value
RDI=0x00007fb10986e200 is an unknown value
R8 =0x0000000000000040 is an unknown value
R9 =0x0000000119595200 is pointing into the stack for thread: 0x00007fb105047800
R10=0x000000010fd6866c is at code_begin+620 in an Interpreter codelet
method entry point (kind = native)  [0x000000010fd68400, 0x000000010fd68c40]  2112 bytes
R11=0x000000010f670297: throw_unsatisfied_link_error+0 in /Library/Java/JavaVirtualMachines/jdk1.7.0_45.jdk/Contents/Home/jre/lib/server/libjvm.dylib at 0x000000010f200000
R12=0x00007fb1049b6c00 is an unknown value
R13=0x00007fb103cef3d0 is an unknown value
R14=0x0000000119595338 is pointing into the stack for thread: 0x00007fb105047800
R15=0x00007fb109943c00 is an unknown value


Stack: [0x0000000119496000,0x0000000119596000],  sp=0x00000001195952e0,  free space=1020k
Native frames: (J=compiled Java code, j=interpreted, Vv=VM code, C=native code)
C  [libLeap.dylib+0x287fc]  _ZNK4Leap14InteractionBox8toStringEv+0x4f3c
C  [libLeap.dylib+0xbea4]  _ZN4Leap10ControllerD0Ev+0x34
j  com.leapmotion.leap.LeapJNI.delete_Controller(J)V+0

Java frames: (J=compiled Java code, j=interpreted, Vv=VM code)
j  com.leapmotion.leap.LeapJNI.delete_Controller(J)V+0
J  com.leapmotion.leap.Controller.finalize()V
v  ~StubRoutines::call_stub
J  java.lang.ref.Finalizer.invokeFinalizeMethod(Ljava/lang/Object;)V
J  java.lang.ref.Finalizer.access$100(Ljava/lang/ref/Finalizer;)V
J  java.lang.ref.Finalizer$FinalizerThread.run()V
v  ~StubRoutines::call_stub

---------------  P R O C E S S  ---------------

Java Threads: ( => current thread )
  0x00007fb1050fd800 JavaThread "AsynchExecutor-Thread" daemon [_thread_blocked, id=66571, stack(0x000000011f8bf000,0x000000011f9bf000)]
  0x00007fb1048d7800 JavaThread "DestroyJavaVM" [_thread_blocked, id=6403, stack(0x000000010fc54000,0x000000010fd54000)]
  0x00007fb1040fc800 JavaThread "LWJGL Application" [_thread_in_native, id=64259, stack(0x000000011e399000,0x000000011e499000)]
  0x00007fb104093000 JavaThread "AppKit Thread" daemon [_thread_in_native, id=1287, stack(0x00007fff51328000,0x00007fff513a8000)]
  0x00007fb104805800 JavaThread "Service Thread" daemon [_thread_blocked, id=19203, stack(0x00000001199d3000,0x0000000119ad3000)]
  0x00007fb104803000 JavaThread "C2 CompilerThread1" daemon [_thread_blocked, id=18691, stack(0x00000001198d0000,0x00000001199d0000)]
  0x00007fb10401f800 JavaThread "C2 CompilerThread0" daemon [_thread_blocked, id=18179, stack(0x00000001197cd000,0x00000001198cd000)]
  0x00007fb105804000 JavaThread "Signal Dispatcher" daemon [_thread_blocked, id=17667, stack(0x00000001196ca000,0x00000001197ca000)]
=>0x00007fb105047800 JavaThread "Finalizer" daemon [_thread_in_native, id=12547, stack(0x0000000119496000,0x0000000119596000)]
  0x00007fb105045000 JavaThread "Reference Handler" daemon [_thread_blocked, id=12035, stack(0x0000000119393000,0x0000000119493000)]

Other Threads:
  0x00007fb105044000 VMThread [stack: 0x0000000119290000,0x0000000119390000] [id=11523]
  0x00007fb104802000 WatcherThread [stack: 0x0000000119ad6000,0x0000000119bd6000] [id=19715]

VM state:not at safepoint (normal execution)

VM Mutex/Monitor currently owned by a thread: None

Heap
 PSYoungGen      total 24576K, used 21238K [0x00000007d5500000, 0x00000007dd900000, 0x0000000800000000)
  eden space 24064K, 88% used [0x00000007d5500000,0x00000007d69bdaf8,0x00000007d6c80000)
  from space 512K, 0% used [0x00000007dd800000,0x00000007dd800000,0x00000007dd880000)
  to   space 512K, 0% used [0x00000007dd880000,0x00000007dd880000,0x00000007dd900000)
 ParOldGen       total 43520K, used 9849K [0x0000000780000000, 0x0000000782a80000, 0x00000007d5500000)
  object space 43520K, 22% used [0x0000000780000000,0x000000078099e7d8,0x0000000782a80000)
 PSPermGen       total 21504K, used 9523K [0x000000077ae00000, 0x000000077c300000, 0x0000000780000000)
  object space 21504K, 44% used [0x000000077ae00000,0x000000077b74cdb8,0x000000077c300000)

Card table byte_map: [0x0000000112e16000,0x0000000113240000] byte_map_base: 0x000000010f23f000

Polling page: 0x000000010e9a9000

Code Cache  [0x000000010fd56000, 0x000000010ffc6000, 0x0000000112d56000)
 total_blobs=844 nmethods=456 adapters=342 free_code_cache=47580Kb largest_free_block=48585984

Compilation events (10 events):
Event: 3142.781 Thread 0x00007fb10401f800  467             java.util.TimSort::sort (204 bytes)
Event: 3142.781 Thread 0x00007fb104803000  468             java.util.TimSort::rangeCheck (74 bytes)
Event: 3142.781 Thread 0x00007fb104803000 nmethod 468 0x000000010fe42050 code [0x000000010fe421a0, 0x000000010fe42238]
Event: 3142.784 Thread 0x00007fb10401f800 nmethod 467 0x000000010fe58cd0 code [0x000000010fe58ea0, 0x000000010fe591c0]
Event: 3160.377 Thread 0x00007fb104803000  469  s          ox.musicalfingers.instrument.Piano.Piano::getNotes (5 bytes)
Event: 3160.378 Thread 0x00007fb104803000 nmethod 469 0x000000010fe3bcd0 code [0x000000010fe3be00, 0x000000010fe3c018]
Event: 3172.513 Thread 0x00007fb10401f800  470             ox.musicalfingers.display.InstrumentScreen::changeStateTo (11 bytes)
Event: 3172.514 Thread 0x00007fb10401f800 nmethod 470 0x000000010fe54410 code [0x000000010fe54540, 0x000000010fe545b8]
Event: 3172.514 Thread 0x00007fb104803000  471             ox.musicalfingers.display.InstrumentScreen::update (417 bytes)
Event: 3172.523 Thread 0x00007fb104803000 nmethod 471 0x000000010fe20510 code [0x000000010fe207c0, 0x000000010fe21238]

GC Heap History (10 events):
Event: 3337.656 GC heap before
{Heap before GC invocations=4478 (full 0):
 PSYoungGen      total 24576K, used 24192K [0x00000007d5500000, 0x00000007dd900000, 0x0000000800000000)
  eden space 24064K, 100% used [0x00000007d5500000,0x00000007d6c80000,0x00000007d6c80000)
  from space 512K, 25% used [0x00000007dd800000,0x00000007dd820000,0x00000007dd880000)
  to   space 512K, 0% used [0x00000007dd880000,0x00000007dd880000,0x00000007dd900000)
 ParOldGen       total 87040K, used 86933K [0x0000000780000000, 0x0000000785500000, 0x00000007d5500000)
  object space 87040K, 99% used [0x0000000780000000,0x00000007854e5578,0x0000000785500000)
 PSPermGen       total 21504K, used 9528K [0x000000077ae00000, 0x000000077c300000, 0x0000000780000000)
  object space 21504K, 44% used [0x000000077ae00000,0x000000077b74e158,0x000000077c300000)
Event: 3337.657 GC heap after
Heap after GC invocations=4478 (full 0):
 PSYoungGen      total 24576K, used 128K [0x00000007d5500000, 0x00000007dd900000, 0x0000000800000000)
  eden space 24064K, 0% used [0x00000007d5500000,0x00000007d5500000,0x00000007d6c80000)
  from space 512K, 25% used [0x00000007dd880000,0x00000007dd8a0000,0x00000007dd900000)
  to   space 512K, 0% used [0x00000007dd800000,0x00000007dd800000,0x00000007dd880000)
 ParOldGen       total 87040K, used 86949K [0x0000000780000000, 0x0000000785500000, 0x00000007d5500000)
  object space 87040K, 99% used [0x0000000780000000,0x00000007854e9578,0x0000000785500000)
 PSPermGen       total 21504K, used 9528K [0x000000077ae00000, 0x000000077c300000, 0x0000000780000000)
  object space 21504K, 44% used [0x000000077ae00000,0x000000077b74e158,0x000000077c300000)
}
Event: 3337.756 GC heap before
{Heap before GC invocations=4479 (full 0):
 PSYoungGen      total 24576K, used 24192K [0x00000007d5500000, 0x00000007dd900000, 0x0000000800000000)
  eden space 24064K, 100% used [0x00000007d5500000,0x00000007d6c80000,0x00000007d6c80000)
  from space 512K, 25% used [0x00000007dd880000,0x00000007dd8a0000,0x00000007dd900000)
  to   space 512K, 0% used [0x00000007dd800000,0x00000007dd800000,0x00000007dd880000)
 ParOldGen       total 87040K, used 86949K [0x0000000780000000, 0x0000000785500000, 0x00000007d5500000)
  object space 87040K, 99% used [0x0000000780000000,0x00000007854e9578,0x0000000785500000)
 PSPermGen       total 21504K, used 9528K [0x000000077ae00000, 0x000000077c300000, 0x0000000780000000)
  object space 21504K, 44% used [0x000000077ae00000,0x000000077b74e158,0x000000077c300000)
Event: 3337.757 GC heap after
Heap after GC invocations=4479 (full 0):
 PSYoungGen      total 24576K, used 96K [0x00000007d5500000, 0x00000007dd900000, 0x0000000800000000)
  eden space 24064K, 0% used [0x00000007d5500000,0x00000007d5500000,0x00000007d6c80000)
  from space 512K, 18% used [0x00000007dd800000,0x00000007dd818000,0x00000007dd880000)
  to   space 512K, 0% used [0x00000007dd880000,0x00000007dd880000,0x00000007dd900000)
 ParOldGen       total 87040K, used 86973K [0x0000000780000000, 0x0000000785500000, 0x00000007d5500000)
  object space 87040K, 99% used [0x0000000780000000,0x00000007854ef578,0x0000000785500000)
 PSPermGen       total 21504K, used 9528K [0x000000077ae00000, 0x000000077c300000, 0x0000000780000000)
  object space 21504K, 44% used [0x000000077ae00000,0x000000077b74e158,0x000000077c300000)
}
Event: 3337.889 GC heap before
{Heap before GC invocations=4480 (full 0):
 PSYoungGen      total 24576K, used 24160K [0x00000007d5500000, 0x00000007dd900000, 0x0000000800000000)
  eden space 24064K, 100% used [0x00000007d5500000,0x00000007d6c80000,0x00000007d6c80000)
  from space 512K, 18% used [0x00000007dd800000,0x00000007dd818000,0x00000007dd880000)
  to   space 512K, 0% used [0x00000007dd880000,0x00000007dd880000,0x00000007dd900000)
 ParOldGen       total 87040K, used 86973K [0x0000000780000000, 0x0000000785500000, 0x00000007d5500000)
  object space 87040K, 99% used [0x0000000780000000,0x00000007854ef578,0x0000000785500000)
 PSPermGen       total 21504K, used 9528K [0x000000077ae00000, 0x000000077c300000, 0x0000000780000000)
  object space 21504K, 44% used [0x000000077ae00000,0x000000077b74e158,0x000000077c300000)
Event: 3337.890 GC heap after
Heap after GC invocations=4480 (full 0):
 PSYoungGen      total 24576K, used 128K [0x00000007d5500000, 0x00000007dd900000, 0x0000000800000000)
  eden space 24064K, 0% used [0x00000007d5500000,0x00000007d5500000,0x00000007d6c80000)
  from space 512K, 25% used [0x00000007dd880000,0x00000007dd8a0000,0x00000007dd900000)
  to   space 512K, 0% used [0x00000007dd800000,0x00000007dd800000,0x00000007dd880000)
 ParOldGen       total 87040K, used 86997K [0x0000000780000000, 0x0000000785500000, 0x00000007d5500000)
  object space 87040K, 99% used [0x0000000780000000,0x00000007854f5578,0x0000000785500000)
 PSPermGen       total 21504K, used 9528K [0x000000077ae00000, 0x000000077c300000, 0x0000000780000000)
  object space 21504K, 44% used [0x000000077ae00000,0x000000077b74e158,0x000000077c300000)
}
Event: 3338.023 GC heap before
{Heap before GC invocations=4481 (full 0):
 PSYoungGen      total 24576K, used 24192K [0x00000007d5500000, 0x00000007dd900000, 0x0000000800000000)
  eden space 24064K, 100% used [0x00000007d5500000,0x00000007d6c80000,0x00000007d6c80000)
  from space 512K, 25% used [0x00000007dd880000,0x00000007dd8a0000,0x00000007dd900000)
  to   space 512K, 0% used [0x00000007dd800000,0x00000007dd800000,0x00000007dd880000)
 ParOldGen       total 87040K, used 86997K [0x0000000780000000, 0x0000000785500000, 0x00000007d5500000)
  object space 87040K, 99% used [0x0000000780000000,0x00000007854f5578,0x0000000785500000)
 PSPermGen       total 21504K, used 9528K [0x000000077ae00000, 0x000000077c300000, 0x0000000780000000)
  object space 21504K, 44% used [0x000000077ae00000,0x000000077b74e158,0x000000077c300000)
Event: 3338.024 GC heap after
Heap after GC invocations=4481 (full 0):
 PSYoungGen      total 24576K, used 128K [0x00000007d5500000, 0x00000007dd900000, 0x0000000800000000)
  eden space 24064K, 0% used [0x00000007d5500000,0x00000007d5500000,0x00000007d6c80000)
  from space 512K, 25% used [0x00000007dd800000,0x00000007dd820000,0x00000007dd880000)
  to   space 512K, 0% used [0x00000007dd880000,0x00000007dd880000,0x00000007dd900000)
 ParOldGen       total 87040K, used 87021K [0x0000000780000000, 0x0000000785500000, 0x00000007d5500000)
  object space 87040K, 99% used [0x0000000780000000,0x00000007854fb578,0x0000000785500000)
 PSPermGen       total 21504K, used 9528K [0x000000077ae00000, 0x000000077c300000, 0x0000000780000000)
  object space 21504K, 44% used [0x000000077ae00000,0x000000077b74e158,0x000000077c300000)
}
Event: 3338.024 GC heap before
{Heap before GC invocations=4482 (full 1):
 PSYoungGen      total 24576K, used 128K [0x00000007d5500000, 0x00000007dd900000, 0x0000000800000000)
  eden space 24064K, 0% used [0x00000007d5500000,0x00000007d5500000,0x00000007d6c80000)
  from space 512K, 25% used [0x00000007dd800000,0x00000007dd820000,0x00000007dd880000)
  to   space 512K, 0% used [0x00000007dd880000,0x00000007dd880000,0x00000007dd900000)
 ParOldGen       total 87040K, used 87021K [0x0000000780000000, 0x0000000785500000, 0x00000007d5500000)
  object space 87040K, 99% used [0x0000000780000000,0x00000007854fb578,0x0000000785500000)
 PSPermGen       total 21504K, used 9528K [0x000000077ae00000, 0x000000077c300000, 0x0000000780000000)
  object space 21504K, 44% used [0x000000077ae00000,0x000000077b74e158,0x000000077c300000)
Event: 3338.088 GC heap after
Heap after GC invocations=4482 (full 1):
 PSYoungGen      total 24576K, used 0K [0x00000007d5500000, 0x00000007dd900000, 0x0000000800000000)
  eden space 24064K, 0% used [0x00000007d5500000,0x00000007d5500000,0x00000007d6c80000)
  from space 512K, 0% used [0x00000007dd800000,0x00000007dd800000,0x00000007dd880000)
  to   space 512K, 0% used [0x00000007dd880000,0x00000007dd880000,0x00000007dd900000)
 ParOldGen       total 43520K, used 9849K [0x0000000780000000, 0x0000000782a80000, 0x00000007d5500000)
  object space 43520K, 22% used [0x0000000780000000,0x000000078099e7d8,0x0000000782a80000)
 PSPermGen       total 21504K, used 9523K [0x000000077ae00000, 0x000000077c300000, 0x0000000780000000)
  object space 21504K, 44% used [0x000000077ae00000,0x000000077b74cdb8,0x000000077c300000)
}

Deoptimization events (10 events):
Event: 2559.824 Thread 0x00007fb1040fc800 Uncommon trap: reason=class_check action=maybe_recompile pc=0x000000010fe8820c method=com.badlogic.gdx.scenes.scene2d.ui.SelectBox.draw(Lcom/badlogic/gdx/graphics/g2d/SpriteBatch;F)V @ 206
Event: 2559.841 Thread 0x00007fb1040fc800 Uncommon trap: reason=class_check action=maybe_recompile pc=0x000000010fe8820c method=com.badlogic.gdx.scenes.scene2d.ui.SelectBox.draw(Lcom/badlogic/gdx/graphics/g2d/SpriteBatch;F)V @ 206
Event: 2559.857 Thread 0x00007fb1040fc800 Uncommon trap: reason=class_check action=maybe_recompile pc=0x000000010fe8820c method=com.badlogic.gdx.scenes.scene2d.ui.SelectBox.draw(Lcom/badlogic/gdx/graphics/g2d/SpriteBatch;F)V @ 206
Event: 2559.874 Thread 0x00007fb1040fc800 Uncommon trap: reason=class_check action=maybe_recompile pc=0x000000010fe8820c method=com.badlogic.gdx.scenes.scene2d.ui.SelectBox.draw(Lcom/badlogic/gdx/graphics/g2d/SpriteBatch;F)V @ 206
Event: 2835.464 Thread 0x00007fb1091f8000 Uncommon trap: reason=class_check action=maybe_recompile pc=0x000000010fee1094 method=com.leapmotion.leap.LeapJNI.SwigDirector_Listener_onFrame(Lcom/leapmotion/leap/Listener;J)V @ 10
Event: 2835.498 Thread 0x00007fb104314000 Uncommon trap: reason=class_check action=maybe_recompile pc=0x000000010fee1094 method=com.leapmotion.leap.LeapJNI.SwigDirector_Listener_onFrame(Lcom/leapmotion/leap/Listener;J)V @ 10
Event: 2835.530 Thread 0x00007fb104314000 Uncommon trap: reason=class_check action=maybe_recompile pc=0x000000010fee1094 method=com.leapmotion.leap.LeapJNI.SwigDirector_Listener_onFrame(Lcom/leapmotion/leap/Listener;J)V @ 10
Event: 2835.565 Thread 0x00007fb104314000 Uncommon trap: reason=class_check action=maybe_recompile pc=0x000000010fee1094 method=com.leapmotion.leap.LeapJNI.SwigDirector_Listener_onFrame(Lcom/leapmotion/leap/Listener;J)V @ 10
Event: 3338.110 Thread 0x00007fb105045000 Uncommon trap: reason=unreached action=reinterpret pc=0x000000010feaf4a0 method=java.lang.ref.Reference$ReferenceHandler.run()V @ 96
Event: 3338.110 Thread 0x00007fb105045000 Uncommon trap: reason=class_check action=maybe_recompile pc=0x000000010fe2c42c method=java.lang.ref.ReferenceQueue.enqueue(Ljava/lang/ref/Reference;)Z @ 67

Internal exceptions (10 events):
Event: 2411.517 Thread 0x00007fb1040fc800 Threw 0x00000007d69dbf18 at /HUDSON/workspace/7u-2-build-macosx-x86_64/jdk7u45/229/hotspot/src/share/vm/prims/jvm.cpp:1244
Event: 2419.065 Thread 0x00007fb1040fc800 Threw 0x00000007d5caaf30 at /HUDSON/workspace/7u-2-build-macosx-x86_64/jdk7u45/229/hotspot/src/share/vm/prims/jvm.cpp:1244
Event: 2419.065 Thread 0x00007fb1040fc800 Threw 0x00000007d5cadde8 at /HUDSON/workspace/7u-2-build-macosx-x86_64/jdk7u45/229/hotspot/src/share/vm/prims/jvm.cpp:1244
Event: 2419.066 Thread 0x00007fb1040fc800 Implicit null exception at 0x000000010fe58991 to 0x000000010fe58d79
Event: 2419.066 Thread 0x00007fb1040fc800 Implicit null exception at 0x000000010fe5644e to 0x000000010fe56665
Event: 2835.453 Thread 0x00007fb1040fc800 Threw 0x00000007d5a46358 at /HUDSON/workspace/7u-2-build-macosx-x86_64/jdk7u45/229/hotspot/src/share/vm/prims/jvm.cpp:1244
Event: 2835.453 Thread 0x00007fb1040fc800 Threw 0x00000007d5a49408 at /HUDSON/workspace/7u-2-build-macosx-x86_64/jdk7u45/229/hotspot/src/share/vm/prims/jvm.cpp:1244
Event: 2835.454 Thread 0x00007fb1040fc800 Threw 0x00000007d5a4cd60 at /HUDSON/workspace/7u-2-build-macosx-x86_64/jdk7u45/229/hotspot/src/share/vm/prims/jvm.cpp:1244
Event: 2835.455 Thread 0x00007fb1040fc800 Threw 0x00000007d5a505e0 at /HUDSON/workspace/7u-2-build-macosx-x86_64/jdk7u45/229/hotspot/src/share/vm/prims/jvm.cpp:1244
Event: 2835.456 Thread 0x00007fb1040fc800 Threw 0x00000007d5a55b68 at /HUDSON/workspace/7u-2-build-macosx-x86_64/jdk7u45/229/hotspot/src/share/vm/prims/jvm.cpp:1244

Events (10 events):
Event: 3338.123 Thread 0x00007fb105217800 Thread added: 0x00007fb105217800
Event: 3338.123 Thread 0x00007fb105217800 Thread exited: 0x00007fb105217800
Event: 3338.123 Thread 0x00007fb105217800 Thread added: 0x00007fb105217800
Event: 3338.123 Thread 0x00007fb105217800 Thread exited: 0x00007fb105217800
Event: 3338.123 Thread 0x00007fb105217800 Thread added: 0x00007fb105217800
Event: 3338.123 Thread 0x00007fb105217800 Thread exited: 0x00007fb105217800
Event: 3338.123 Thread 0x00007fb105217800 Thread added: 0x00007fb105217800
Event: 3338.123 Thread 0x00007fb105217800 Thread exited: 0x00007fb105217800
Event: 3338.123 Thread 0x00007fb105217800 Thread added: 0x00007fb105217800
Event: 3338.123 Thread 0x00007fb105217800 Thread exited: 0x00007fb105217800


Dynamic libraries:
0x000000000ca94000 	/System/Library/Frameworks/Cocoa.framework/Versions/A/Cocoa
0x000000000ca94000 	/System/Library/Frameworks/Security.framework/Versions/A/Security
0x000000000ca94000 	/System/Library/Frameworks/ApplicationServices.framework/Versions/A/ApplicationServices
0x000000000ca94000 	/usr/lib/libz.1.dylib
0x000000000ca94000 	/usr/lib/libSystem.B.dylib
0x000000000ca94000 	/usr/lib/libobjc.A.dylib
0x000000000ca94000 	/System/Library/Frameworks/CoreFoundation.framework/Versions/A/CoreFoundation
0x000000000ca94000 	/System/Library/Frameworks/Foundation.framework/Versions/C/Foundation
0x000000000ca94000 	/System/Library/Frameworks/AppKit.framework/Versions/C/AppKit
0x000000000ca94000 	/System/Library/Frameworks/CoreData.framework/Versions/A/CoreData
0x000000000ca94000 	/System/Library/PrivateFrameworks/RemoteViewServices.framework/Versions/A/RemoteViewServices
0x000000000ca94000 	/System/Library/Frameworks/AudioToolbox.framework/Versions/A/AudioToolbox
0x000000000ca94000 	/System/Library/Frameworks/AudioUnit.framework/Versions/A/AudioUnit
0x000000000ca94000 	/System/Library/PrivateFrameworks/DataDetectorsCore.framework/Versions/A/DataDetectorsCore
0x000000000ca94000 	/System/Library/PrivateFrameworks/DesktopServicesPriv.framework/Versions/A/DesktopServicesPriv
0x000000000ca94000 	/System/Library/Frameworks/Carbon.framework/Versions/A/Frameworks/HIToolbox.framework/Versions/A/HIToolbox
0x000000000ca94000 	/System/Library/Frameworks/QuartzCore.framework/Versions/A/QuartzCore
0x000000000ca94000 	/System/Library/Frameworks/Carbon.framework/Versions/A/Frameworks/SpeechRecognition.framework/Versions/A/SpeechRecognition
0x000000000ca94000 	/usr/lib/libauto.dylib
0x000000000ca94000 	/usr/lib/libicucore.A.dylib
0x000000000ca94000 	/usr/lib/libxml2.2.dylib
0x000000000ca94000 	/System/Library/PrivateFrameworks/CoreUI.framework/Versions/A/CoreUI
0x000000000ca94000 	/System/Library/Frameworks/CoreAudio.framework/Versions/A/CoreAudio
0x000000000ca94000 	/System/Library/Frameworks/DiskArbitration.framework/Versions/A/DiskArbitration
0x000000000ca94000 	/usr/lib/liblangid.dylib
0x000000000ca94000 	/System/Library/PrivateFrameworks/MultitouchSupport.framework/Versions/A/MultitouchSupport
0x000000000ca94000 	/System/Library/Frameworks/IOKit.framework/Versions/A/IOKit
0x000000000ca94000 	/usr/lib/libDiagnosticMessagesClient.dylib
0x000000000ca94000 	/System/Library/Frameworks/CoreServices.framework/Versions/A/CoreServices
0x000000000ca94000 	/System/Library/PrivateFrameworks/PerformanceAnalysis.framework/Versions/A/PerformanceAnalysis
0x000000000ca94000 	/System/Library/PrivateFrameworks/GenerationalStorage.framework/Versions/A/GenerationalStorage
0x000000000ca94000 	/System/Library/Frameworks/OpenGL.framework/Versions/A/OpenGL
0x000000000ca94000 	/System/Library/PrivateFrameworks/Sharing.framework/Versions/A/Sharing
0x000000000ca94000 	/System/Library/Frameworks/ImageIO.framework/Versions/A/ImageIO
0x000000000ca94000 	/System/Library/Frameworks/CoreText.framework/Versions/A/CoreText
0x000000000ca94000 	/System/Library/Frameworks/CoreGraphics.framework/Versions/A/CoreGraphics
0x000000000ca94000 	/System/Library/PrivateFrameworks/Backup.framework/Versions/A/Backup
0x000000000ca94000 	/System/Library/Frameworks/CFNetwork.framework/Versions/A/CFNetwork
0x000000000ca94000 	/System/Library/Frameworks/SystemConfiguration.framework/Versions/A/SystemConfiguration
0x000000000ca94000 	/usr/lib/libCRFSuite.dylib
0x000000000ca94000 	/usr/lib/libc++.1.dylib
0x000000000ca94000 	/usr/lib/libc++abi.dylib
0x000000000ca94000 	/usr/lib/system/libcache.dylib
0x000000000ca94000 	/usr/lib/system/libcommonCrypto.dylib
0x000000000ca94000 	/usr/lib/system/libcompiler_rt.dylib
0x000000000ca94000 	/usr/lib/system/libcopyfile.dylib
0x000000000ca94000 	/usr/lib/system/libcorecrypto.dylib
0x000000000ca94000 	/usr/lib/system/libdispatch.dylib
0x000000000ca94000 	/usr/lib/system/libdyld.dylib
0x000000000ca94000 	/usr/lib/system/libkeymgr.dylib
0x000000000ca94000 	/usr/lib/system/liblaunch.dylib
0x000000000ca94000 	/usr/lib/system/libmacho.dylib
0x000000000ca94000 	/usr/lib/system/libquarantine.dylib
0x000000000ca94000 	/usr/lib/system/libremovefile.dylib
0x000000000ca94000 	/usr/lib/system/libsystem_asl.dylib
0x000000000ca94000 	/usr/lib/system/libsystem_blocks.dylib
0x000000000ca94000 	/usr/lib/system/libsystem_c.dylib
0x000000000ca94000 	/usr/lib/system/libsystem_configuration.dylib
0x000000000ca94000 	/usr/lib/system/libsystem_dnssd.dylib
0x000000000ca94000 	/usr/lib/system/libsystem_info.dylib
0x000000000ca94000 	/usr/lib/system/libsystem_kernel.dylib
0x000000000ca94000 	/usr/lib/system/libsystem_m.dylib
0x000000000ca94000 	/usr/lib/system/libsystem_malloc.dylib
0x000000000ca94000 	/usr/lib/system/libsystem_network.dylib
0x000000000ca94000 	/usr/lib/system/libsystem_notify.dylib
0x000000000ca94000 	/usr/lib/system/libsystem_platform.dylib
0x000000000ca94000 	/usr/lib/system/libsystem_pthread.dylib
0x000000000ca94000 	/usr/lib/system/libsystem_sandbox.dylib
0x000000000ca94000 	/usr/lib/system/libsystem_stats.dylib
0x000000000ca94000 	/usr/lib/system/libunc.dylib
0x000000000ca94000 	/usr/lib/system/libunwind.dylib
0x000000000ca94000 	/usr/lib/system/libxpc.dylib
0x000000000ca94000 	/usr/lib/libbsm.0.dylib
0x000000000ca94000 	/usr/lib/libsqlite3.dylib
0x000000000ca94000 	/usr/lib/libxar.1.dylib
0x000000000ca94000 	/usr/lib/libpam.2.dylib
0x000000000ca94000 	/usr/lib/libOpenScriptingUtil.dylib
0x000000000ca94000 	/usr/lib/libbz2.1.0.dylib
0x000000000ca94000 	/System/Library/Frameworks/CoreServices.framework/Versions/A/Frameworks/CarbonCore.framework/Versions/A/CarbonCore
0x000000000ca94000 	/System/Library/Frameworks/CoreServices.framework/Versions/A/Frameworks/Metadata.framework/Versions/A/Metadata
0x000000000ca94000 	/System/Library/Frameworks/CoreServices.framework/Versions/A/Frameworks/OSServices.framework/Versions/A/OSServices
0x000000000ca94000 	/System/Library/Frameworks/CoreServices.framework/Versions/A/Frameworks/SearchKit.framework/Versions/A/SearchKit
0x000000000ca94000 	/System/Library/Frameworks/CoreServices.framework/Versions/A/Frameworks/AE.framework/Versions/A/AE
0x000000000ca94000 	/System/Library/Frameworks/CoreServices.framework/Versions/A/Frameworks/LaunchServices.framework/Versions/A/LaunchServices
0x000000000ca94000 	/System/Library/Frameworks/CoreServices.framework/Versions/A/Frameworks/DictionaryServices.framework/Versions/A/DictionaryServices
0x000000000ca94000 	/System/Library/Frameworks/NetFS.framework/Versions/A/NetFS
0x000000000ca94000 	/usr/lib/system/libkxld.dylib
0x000000000ca94000 	/System/Library/PrivateFrameworks/NetAuth.framework/Versions/A/NetAuth
0x000000000ca94000 	/System/Library/PrivateFrameworks/TCC.framework/Versions/A/TCC
0x000000000ca94000 	/System/Library/Frameworks/OpenDirectory.framework/Versions/A/Frameworks/CFOpenDirectory.framework/Versions/A/CFOpenDirectory
0x000000000ca94000 	/System/Library/Frameworks/ServiceManagement.framework/Versions/A/ServiceManagement
0x000000000ca94000 	/usr/lib/libxslt.1.dylib
0x000000000ca94000 	/System/Library/Frameworks/Carbon.framework/Versions/A/Frameworks/Ink.framework/Versions/A/Ink
0x000000000ca94000 	/System/Library/Frameworks/ApplicationServices.framework/Versions/A/Frameworks/ATS.framework/Versions/A/ATS
0x000000000ca94000 	/System/Library/Frameworks/ApplicationServices.framework/Versions/A/Frameworks/ColorSync.framework/Versions/A/ColorSync
0x000000000ca94000 	/System/Library/Frameworks/ApplicationServices.framework/Versions/A/Frameworks/HIServices.framework/Versions/A/HIServices
0x000000000ca94000 	/System/Library/Frameworks/ApplicationServices.framework/Versions/A/Frameworks/LangAnalysis.framework/Versions/A/LangAnalysis
0x000000000ca94000 	/System/Library/Frameworks/ApplicationServices.framework/Versions/A/Frameworks/PrintCore.framework/Versions/A/PrintCore
0x000000000ca94000 	/System/Library/Frameworks/ApplicationServices.framework/Versions/A/Frameworks/QD.framework/Versions/A/QD
0x000000000ca94000 	/System/Library/Frameworks/ApplicationServices.framework/Versions/A/Frameworks/SpeechSynthesis.framework/Versions/A/SpeechSynthesis
0x000000000ca94000 	/System/Library/Frameworks/IOSurface.framework/Versions/A/IOSurface
0x000000000ca94000 	/System/Library/Frameworks/Accelerate.framework/Versions/A/Accelerate
0x000000000ca94000 	/System/Library/Frameworks/Accelerate.framework/Versions/A/Frameworks/vImage.framework/Versions/A/vImage
0x000000000ca94000 	/System/Library/Frameworks/Accelerate.framework/Versions/A/Frameworks/vecLib.framework/Versions/A/vecLib
0x000000000ca94000 	/System/Library/Frameworks/Accelerate.framework/Versions/A/Frameworks/vecLib.framework/Versions/A/libvDSP.dylib
0x000000000ca94000 	/System/Library/Frameworks/Accelerate.framework/Versions/A/Frameworks/vecLib.framework/Versions/A/libvMisc.dylib
0x000000000ca94000 	/System/Library/Frameworks/Accelerate.framework/Versions/A/Frameworks/vecLib.framework/Versions/A/libLAPACK.dylib
0x000000000ca94000 	/System/Library/Frameworks/Accelerate.framework/Versions/A/Frameworks/vecLib.framework/Versions/A/libBLAS.dylib
0x000000000ca94000 	/System/Library/Frameworks/ApplicationServices.framework/Versions/A/Frameworks/ATS.framework/Versions/A/Resources/libFontParser.dylib
0x000000000ca94000 	/System/Library/Frameworks/ApplicationServices.framework/Versions/A/Frameworks/ATS.framework/Versions/A/Resources/libFontRegistry.dylib
0x000000000ca94000 	/System/Library/Frameworks/ImageIO.framework/Versions/A/Resources/libJPEG.dylib
0x000000000ca94000 	/System/Library/Frameworks/ImageIO.framework/Versions/A/Resources/libTIFF.dylib
0x000000000ca94000 	/System/Library/Frameworks/ImageIO.framework/Versions/A/Resources/libPng.dylib
0x000000000ca94000 	/System/Library/Frameworks/ImageIO.framework/Versions/A/Resources/libGIF.dylib
0x000000000ca94000 	/System/Library/Frameworks/ImageIO.framework/Versions/A/Resources/libJP2.dylib
0x000000000ca94000 	/System/Library/Frameworks/ImageIO.framework/Versions/A/Resources/libRadiance.dylib
0x000000000ca94000 	/usr/lib/libcups.2.dylib
0x000000000ca94000 	/System/Library/Frameworks/Kerberos.framework/Versions/A/Kerberos
0x000000000ca94000 	/System/Library/Frameworks/GSS.framework/Versions/A/GSS
0x000000000ca94000 	/usr/lib/libresolv.9.dylib
0x000000000ca94000 	/usr/lib/libiconv.2.dylib
0x000000000ca94000 	/System/Library/PrivateFrameworks/Heimdal.framework/Versions/A/Heimdal
0x000000000ca94000 	/System/Library/PrivateFrameworks/TrustEvaluationAgent.framework/Versions/A/TrustEvaluationAgent
0x000000000ca94000 	/usr/lib/libheimdal-asn1.dylib
0x000000000ca94000 	/System/Library/Frameworks/OpenDirectory.framework/Versions/A/OpenDirectory
0x000000000ca94000 	/System/Library/PrivateFrameworks/CommonAuth.framework/Versions/A/CommonAuth
0x000000000ca94000 	/System/Library/Frameworks/SecurityFoundation.framework/Versions/A/SecurityFoundation
0x000000000ca94000 	/System/Library/PrivateFrameworks/Bom.framework/Versions/A/Bom
0x000000000ca94000 	/System/Library/Frameworks/CoreVideo.framework/Versions/A/CoreVideo
0x000000000ca94000 	/System/Library/Frameworks/QuartzCore.framework/Versions/A/Frameworks/CoreImage.framework/Versions/A/CoreImage
0x000000000ca94000 	/System/Library/Frameworks/QuartzCore.framework/Versions/A/Frameworks/ScalableUserInterface.framework/Versions/A/ScalableUserInterface
0x000000000ca94000 	/System/Library/Frameworks/OpenGL.framework/Versions/A/Libraries/libGLU.dylib
0x000000000ca94000 	/System/Library/Frameworks/OpenGL.framework/Versions/A/Libraries/libGFXShared.dylib
0x000000000ca94000 	/System/Library/Frameworks/OpenGL.framework/Versions/A/Libraries/libGL.dylib
0x000000000ca94000 	/System/Library/Frameworks/OpenGL.framework/Versions/A/Libraries/libGLImage.dylib
0x000000000ca94000 	/System/Library/Frameworks/OpenGL.framework/Versions/A/Libraries/libCVMSPluginSupport.dylib
0x000000000ca94000 	/System/Library/Frameworks/OpenGL.framework/Versions/A/Libraries/libCoreVMClient.dylib
0x000000000ca94000 	/System/Library/PrivateFrameworks/FaceCore.framework/Versions/A/FaceCore
0x000000000ca94000 	/System/Library/PrivateFrameworks/CrashReporterSupport.framework/Versions/A/CrashReporterSupport
0x000000000ca94000 	/System/Library/Frameworks/OpenCL.framework/Versions/A/OpenCL
0x000000000ca94000 	/System/Library/PrivateFrameworks/AppleFSCompression.framework/Versions/A/AppleFSCompression
0x000000000ca94000 	/System/Library/PrivateFrameworks/Ubiquity.framework/Versions/A/Ubiquity
0x000000000ca94000 	/System/Library/PrivateFrameworks/IconServices.framework/Versions/A/IconServices
0x000000000ca94000 	/System/Library/PrivateFrameworks/ChunkingLibrary.framework/Versions/A/ChunkingLibrary
0x000000000ca94000 	/System/Library/PrivateFrameworks/CoreSymbolication.framework/Versions/A/CoreSymbolication
0x000000000ca94000 	/System/Library/PrivateFrameworks/Symbolication.framework/Versions/A/Symbolication
0x000000000ca94000 	/System/Library/PrivateFrameworks/DebugSymbols.framework/Versions/A/DebugSymbols
0x000000010f200000 	/Library/Java/JavaVirtualMachines/jdk1.7.0_45.jdk/Contents/Home/jre/lib/server/libjvm.dylib
0x000000000ca94000 	/usr/lib/libstdc++.6.dylib
0x000000010e96c000 	/Library/Java/JavaVirtualMachines/jdk1.7.0_45.jdk/Contents/Home/jre/lib/libverify.dylib
0x000000010e979000 	/Library/Java/JavaVirtualMachines/jdk1.7.0_45.jdk/Contents/Home/jre/lib/libjava.dylib
0x000000010e9b3000 	/Library/Java/JavaVirtualMachines/jdk1.7.0_45.jdk/Contents/Home/jre/lib/libzip.dylib
0x000000010e9e6000 	/System/Library/Frameworks/JavaVM.framework/Frameworks/JavaRuntimeSupport.framework/JavaRuntimeSupport
0x0000000119598000 	/System/Library/Frameworks/JavaVM.framework/Versions/A/Frameworks/JavaNativeFoundation.framework/Versions/A/JavaNativeFoundation
0x00000001195ac000 	/System/Library/Frameworks/JavaVM.framework/Versions/A/JavaVM
0x000000000ca94000 	/System/Library/Frameworks/Carbon.framework/Versions/A/Carbon
0x00000001195b8000 	/System/Library/PrivateFrameworks/JavaLaunching.framework/Versions/A/JavaLaunching
0x000000000ca94000 	/System/Library/Frameworks/Carbon.framework/Versions/A/Frameworks/CommonPanels.framework/Versions/A/CommonPanels
0x000000000ca94000 	/System/Library/Frameworks/Carbon.framework/Versions/A/Frameworks/Help.framework/Versions/A/Help
0x000000000ca94000 	/System/Library/Frameworks/Carbon.framework/Versions/A/Frameworks/ImageCapture.framework/Versions/A/ImageCapture
0x000000000ca94000 	/System/Library/Frameworks/Carbon.framework/Versions/A/Frameworks/OpenScripting.framework/Versions/A/OpenScripting
0x000000000ca94000 	/System/Library/Frameworks/Carbon.framework/Versions/A/Frameworks/Print.framework/Versions/A/Print
0x000000000ca94000 	/System/Library/Frameworks/Carbon.framework/Versions/A/Frameworks/SecurityHI.framework/Versions/A/SecurityHI
0x0000000119c2c000 	/private/var/folders/rn/7l44jphj0g7gs2jyys0_x7840000gn/T/libgdxPhilo/92bf976d/libgdx.dylib
0x0000000119cf9000 	/Library/Java/JavaVirtualMachines/jdk1.7.0_45.jdk/Contents/Home/jre/lib/libawt.dylib
0x0000000119da8000 	/Library/Java/JavaVirtualMachines/jdk1.7.0_45.jdk/Contents/Home/jre/lib/./libmlib_image.dylib
0x0000000119e74000 	/Library/Java/JavaVirtualMachines/jdk1.7.0_45.jdk/Contents/Home/jre/lib/lwawt/liblwawt.dylib
0x0000000119f28000 	/Library/Java/JavaVirtualMachines/jdk1.7.0_45.jdk/Contents/Home/jre/lib/libosxapp.dylib
0x000000000ca94000 	/System/Library/Frameworks/ExceptionHandling.framework/Versions/A/ExceptionHandling
0x000000000ca94000 	/System/Library/PrivateFrameworks/CoreServicesInternal.framework/Versions/A/CoreServicesInternal
0x000000000ca94000 	/System/Library/PrivateFrameworks/Librarian.framework/Versions/A/Librarian
0x000000000ca94000 	/System/Library/Frameworks/CoreGraphics.framework/Versions/A/Resources/libCGCMS.A.dylib
0x000000000ca94000 	/System/Library/Frameworks/CoreGraphics.framework/Versions/A/Resources/libRIP.A.dylib
0x000000000ca94000 	/System/Library/Frameworks/CoreGraphics.framework/Versions/A/Resources/libCGXType.A.dylib
0x000000000ca94000 	/System/Library/PrivateFrameworks/FamilyControls.framework/Versions/A/FamilyControls
0x000000000ca94000 	/System/Library/PrivateFrameworks/CommerceKit.framework/Versions/A/Frameworks/CommerceCore.framework/Versions/A/CommerceCore
0x000000000ca94000 	/System/Library/PrivateFrameworks/SystemAdministration.framework/Versions/A/SystemAdministration
0x000000000ca94000 	/System/Library/Frameworks/DirectoryService.framework/Versions/A/DirectoryService
0x000000000ca94000 	/System/Library/PrivateFrameworks/DiskImages.framework/Versions/A/DiskImages
0x000000000ca94000 	/System/Library/PrivateFrameworks/LoginUIKit.framework/Versions/A/Frameworks/LoginUICore.framework/Versions/A/LoginUICore
0x000000000ca94000 	/usr/lib/libCoreStorage.dylib
0x000000000ca94000 	/usr/lib/libcsfde.dylib
0x000000000ca94000 	/usr/lib/libodfde.dylib
0x000000000ca94000 	/System/Library/Frameworks/DiscRecording.framework/Versions/A/DiscRecording
0x000000000ca94000 	/usr/lib/libcurl.4.dylib
0x000000000ca94000 	/System/Library/PrivateFrameworks/MediaKit.framework/Versions/A/MediaKit
0x000000000ca94000 	/System/Library/PrivateFrameworks/EFILogin.framework/Versions/A/EFILogin
0x000000000ca94000 	/usr/lib/libutil.dylib
0x000000000ca94000 	/System/Library/PrivateFrameworks/AOSNotification.framework/Versions/A/AOSNotification
0x000000000ca94000 	/System/Library/Frameworks/LDAP.framework/Versions/A/LDAP
0x000000000ca94000 	/usr/lib/libsasl2.2.dylib
0x000000000ca94000 	/usr/lib/libcrypto.0.9.8.dylib
0x000000000ca94000 	/usr/lib/libssl.0.9.8.dylib
0x000000011def6000 	/Library/Java/JavaVirtualMachines/jdk1.7.0_45.jdk/Contents/Home/jre/lib/libfontmanager.dylib
0x000000011df5a000 	/private/var/folders/rn/7l44jphj0g7gs2jyys0_x7840000gn/T/libgdxPhilo/75260a42/liblwjgl.jnilib
0x000000011c519000 	/Library/Java/JavaVirtualMachines/jdk1.7.0_45.jdk/Contents/Home/jre/lib/libjawt.dylib
0x000000011dfd5000 	/var/folders/rn/7l44jphj0g7gs2jyys0_x7840000gn/T/libgdxPhilo/75260a42/openal.dylib
0x000000011e044000 	/System/Library/Components/CoreAudio.component/Contents/MacOS/CoreAudio
0x000000011e2bf000 	/System/Library/Extensions/AppleHDA.kext/Contents/PlugIns/AppleHDAHALPlugIn.bundle/Contents/MacOS/AppleHDAHALPlugIn
0x000000000ca94000 	/System/Library/Frameworks/OpenGL.framework/Versions/A/Resources/GLEngine.bundle/GLEngine
0x000000000ca94000 	/System/Library/Frameworks/OpenGL.framework/Versions/A/Libraries/libGLProgrammability.dylib
0x0000000000000000 	/System/Library/Extensions/GeForceGLDriver.bundle/Contents/MacOS/GeForceGLDriver
0x000000000ca94000 	/System/Library/PrivateFrameworks/IOAccelerator.framework/Versions/A/IOAccelerator
0x000000000ca94000 	/System/Library/PrivateFrameworks/GPUSupport.framework/Versions/A/Libraries/libGPUSupportMercury.dylib
0x000000000ca94000 	/System/Library/Extensions/GeForceGLDriver.bundle/Contents/MacOS/libclh.dylib
0x000000000ca94000 	/System/Library/Frameworks/OpenGL.framework/Versions/A/Resources/GLRendererFloat.bundle/GLRendererFloat
0x000000000ca94000 	/System/Library/Frameworks/OpenCL.framework/Versions/A/Libraries/libcldcpuengine.dylib
0x0000000121ff0000 	/Users/Philo/Downloads/musical-fingers-master 10/Musical-fingers/lib/x64/libLeapJava.dylib
0x000000012202e000 	/Users/Philo/Downloads/musical-fingers-master 10/Musical-fingers/lib/x64/libLeap.dylib

VM Arguments:
jvm_args: -Djava.library.path=/Users/Philo/Downloads/musical-fingers-master 10/Musical-fingers/lib/x64 -Dfile.encoding=US-ASCII 
java_command: ox.musicalfingers.display.Main
Launcher Type: SUN_STANDARD

Environment Variables:
PATH=/usr/bin:/bin:/usr/sbin:/sbin
SHELL=/bin/bash

Signal Handlers:
SIGSEGV: [libjvm.dylib+0x525415], sa_mask[0]=0xfffefeff, sa_flags=0x00000043
SIGBUS: [libjvm.dylib+0x525415], sa_mask[0]=0xfffefeff, sa_flags=0x00000042
SIGFPE: [libjvm.dylib+0x41891a], sa_mask[0]=0xfffefeff, sa_flags=0x00000042
SIGPIPE: [libjvm.dylib+0x41891a], sa_mask[0]=0xfffefeff, sa_flags=0x00000042
SIGXFSZ: [libjvm.dylib+0x41891a], sa_mask[0]=0xfffefeff, sa_flags=0x00000042
SIGILL: [libjvm.dylib+0x41891a], sa_mask[0]=0xfffefeff, sa_flags=0x00000042
SIGUSR1: SIG_DFL, sa_mask[0]=0x00000000, sa_flags=0x00000002
SIGUSR2: [libjvm.dylib+0x41840c], sa_mask[0]=0x00000004, sa_flags=0x00000042
SIGHUP: [libjvm.dylib+0x41669b], sa_mask[0]=0xfffefeff, sa_flags=0x00000042
SIGINT: [libjvm.dylib+0x41669b], sa_mask[0]=0xfffefeff, sa_flags=0x00000042
SIGTERM: [libjvm.dylib+0x41669b], sa_mask[0]=0xfffefeff, sa_flags=0x00000042
SIGQUIT: [libjvm.dylib+0x41669b], sa_mask[0]=0xfffefeff, sa_flags=0x00000042


---------------  S Y S T E M  ---------------

OS:Bsduname:Darwin 13.1.0 Darwin Kernel Version 13.1.0: Thu Jan 16 19:40:37 PST 2014; root:xnu-2422.90.20~2/RELEASE_X86_64 x86_64
rlimit: STACK 8192k, CORE 0k, NPROC 709, NOFILE 10240, AS infinity
load average:1.91 2.01 1.98

CPU:total 4 (4 cores per cpu, 1 threads per core) family 6 model 58 stepping 9, cmov, cx8, fxsr, mmx, sse, sse2, sse3, ssse3, sse4.1, sse4.2, popcnt, avx, aes, erms, tsc, tscinvbit, tscinv

Memory: 4k page, physical 8388608k(2097152k free)

/proc/meminfo:


vm_info: Java HotSpot(TM) 64-Bit Server VM (24.45-b08) for bsd-amd64 JRE (1.7.0_45-b18), built on Oct  8 2013 05:54:16 by "java_re" with gcc 4.2.1 (Based on Apple Inc. build 5658) (LLVM build 2336.11.00)

time: Mon May 12 22:19:40 2014
elapsed time: 3338 seconds

