#
# A fatal error has been detected by the Java Runtime Environment:
#
#  SIGSEGV (0xb) at pc=0x000000011de457fc, pid=6378, tid=12547
#
# JRE version: Java(TM) SE Runtime Environment (7.0_45-b18) (build 1.7.0_45-b18)
# Java VM: Java HotSpot(TM) 64-Bit Server VM (24.45-b08 mixed mode bsd-amd64 compressed oops)
# Problematic frame:
# C  [libLeap.dylib+0x287fc]  _ZNK4Leap14InteractionBox8toStringEv+0x4f3c
#
# Failed to write core dump. Core dumps have been disabled. To enable core dumping, try "ulimit -c unlimited" before starting Java again
#
# If you would like to submit a bug report, please visit:
#   http://bugreport.sun.com/bugreport/crash.jsp
# The crash happened outside the Java Virtual Machine in native code.
# See problematic frame for where to report the bug.
#

---------------  T H R E A D  ---------------

Current thread (0x00007ff57480a800):  JavaThread "Finalizer" daemon [_thread_in_native, id=12547, stack(0x0000000116ffd000,0x00000001170fd000)]

siginfo:si_signo=SIGSEGV: si_errno=0, si_code=0 (SEGV0), si_addr=0x0000000000000000

Registers:
RAX=0xa000000000000000, RBX=0x00007ff5739c8610, RCX=0x0000000000000000, RDX=0x00007ff572d51f48
RSP=0x00000001170fc1b0, RBP=0x00000001170fc2c0, RSI=0x00000e0000000e00, RDI=0x00007ff572f89720
R8 =0x0000000000000040, R9 =0x00000001170fc100, R10=0x000000004353cebc, R11=0x00000000c3d64c5a
R12=0x00007ff5739c8400, R13=0x00007ff572d502a0, R14=0x00000001170fc208, R15=0x00007ff572e7b9b0
RIP=0x000000011de457fc, EFLAGS=0x0000000000010212, ERR=0x0000000000000000
  TRAPNO=0x000000000000000d

Top of Stack: (sp=0x00000001170fc1b0)
0x00000001170fc1b0:   00007ff57480a800 000000010d0d2084
0x00000001170fc1c0:   00000001170fc350 00007ff5739c8608
0x00000001170fc1d0:   00000000000014dd 000000010d557f30
0x00000001170fc1e0:   0000000115b6eed0 0000000000000003
0x00000001170fc1f0:   00000001170fc240 00000000000014dd
0x00000001170fc200:   00007ff500000009 0000000000000000
0x00000001170fc210:   00007ff572e7b9b0 00007ff572e7b9b0
0x00000001170fc220:   00007ff572e7b9b0 0000000000000001
0x00000001170fc230:   00007ff5739c89c8 00007ff57480a801
0x00000001170fc240:   00007ff5739c8948 000000010d1faa01
0x00000001170fc250:   00007ff57480a800 000000010d89a233
0x00000001170fc260:   00000001170fc2b8 00007ff572f04468
0x00000001170fc270:   00000001170fc290 000000010d273dee
0x00000001170fc280:   00007ff57480a800 00007ff57480a800
0x00000001170fc290:   00000001170fc2d0 00007ff572d502a0
0x00000001170fc2a0:   0000000000000000 000000077b6d4e98
0x00000001170fc2b0:   00007ff572d51ef0 00007ff57480a800
0x00000001170fc2c0:   00000001170fc2e0 000000011de28ea4
0x00000001170fc2d0:   000000077b6d4e98 00000001170fc368
0x00000001170fc2e0:   00000001170fc340 000000010d8a6698
0x00000001170fc2f0:   00000007d7622ad8 00000001170fc2f8
0x00000001170fc300:   00000001170fc300 000000077b6d4e98
0x00000001170fc310:   00000001170fc368 000000077b6d85d8
0x00000001170fc320:   0000000000000000 000000077b6d4e98
0x00000001170fc330:   0000000000000000 00000001170fc360
0x00000001170fc340:   00000001170fc3c0 000000010d89a058
0x00000001170fc350:   00000007d7610bc0 000000010d8a2cd8
0x00000001170fc360:   00007ff572d502a0 00000007d7849df8
0x00000001170fc370:   0000000000000009 00000007d7849df8
0x00000001170fc380:   00000001170fc370 000000077b6c1481
0x00000001170fc390:   00000001170fc3d0 000000077b6c2ca8
0x00000001170fc3a0:   0000000000000000 000000077b6c1498 

Instructions: (pc=0x000000011de457fc)
0x000000011de457dc:   d0 2d fe ff 4c 8d b5 48 ff ff ff 4c 8b bd 58 ff
0x000000011de457ec:   ff ff 66 90 4d 39 f7 74 31 49 8b 7f 20 48 8b 07
0x000000011de457fc:   48 8b 40 28 4c 89 ee ff d0 eb 0d 48 89 c7 e8 71
0x000000011de4580c:   3a 09 00 e8 7e 3a 09 00 4c 89 ff e8 04 3a 09 00 

Register to memory mapping:

RAX=0xa000000000000000 is an unknown value
RBX=0x00007ff5739c8610 is an unknown value
RCX=0x0000000000000000 is an unknown value
RDX=0x00007ff572d51f48 is an unknown value
RSP=0x00000001170fc1b0 is pointing into the stack for thread: 0x00007ff57480a800
RBP=0x00000001170fc2c0 is pointing into the stack for thread: 0x00007ff57480a800
RSI=0x00000e0000000e00 is an unknown value
RDI=0x00007ff572f89720 is an unknown value
R8 =0x0000000000000040 is an unknown value
R9 =0x00000001170fc100 is pointing into the stack for thread: 0x00007ff57480a800
R10=0x000000004353cebc is an unknown value
R11=0x00000000c3d64c5a is an unknown value
R12=0x00007ff5739c8400 is an unknown value
R13=0x00007ff572d502a0 is an unknown value
R14=0x00000001170fc208 is pointing into the stack for thread: 0x00007ff57480a800
R15=0x00007ff572e7b9b0 is an unknown value


Stack: [0x0000000116ffd000,0x00000001170fd000],  sp=0x00000001170fc1b0,  free space=1020k
Native frames: (J=compiled Java code, j=interpreted, Vv=VM code, C=native code)
C  [libLeap.dylib+0x287fc]  _ZNK4Leap14InteractionBox8toStringEv+0x4f3c
C  [libLeap.dylib+0xbea4]  _ZN4Leap10ControllerD0Ev+0x34
j  com.leapmotion.leap.LeapJNI.delete_Controller(J)V+0
j  com.leapmotion.leap.Controller.delete()V+25
j  com.leapmotion.leap.Controller.finalize()V+1
v  ~StubRoutines::call_stub
V  [libjvm.dylib+0x2d6d90]
V  [libjvm.dylib+0x2d6b60]
V  [libjvm.dylib+0x30a605]
V  [libjvm.dylib+0x2fe176]
C  [libjava.dylib+0x299c]  Java_java_lang_ref_Finalizer_invokeFinalizeMethod+0x58
j  java.lang.ref.Finalizer.invokeFinalizeMethod(Ljava/lang/Object;)V+0
j  java.lang.ref.Finalizer.runFinalizer()V+45
j  java.lang.ref.Finalizer.access$100(Ljava/lang/ref/Finalizer;)V+1
j  java.lang.ref.Finalizer$FinalizerThread.run()V+24
v  ~StubRoutines::call_stub
V  [libjvm.dylib+0x2d6d90]
V  [libjvm.dylib+0x2d72a7]
V  [libjvm.dylib+0x2d73e4]
V  [libjvm.dylib+0x3263ca]
V  [libjvm.dylib+0x4efb47]
V  [libjvm.dylib+0x4f124f]
V  [libjvm.dylib+0x41b1c6]
C  [libsystem_pthread.dylib+0x1899]  _pthread_body+0x8a
C  [libsystem_pthread.dylib+0x172a]  _pthread_struct_init+0x0
C  [libsystem_pthread.dylib+0x5fc9]  thread_start+0xd

Java frames: (J=compiled Java code, j=interpreted, Vv=VM code)
j  com.leapmotion.leap.LeapJNI.delete_Controller(J)V+0
j  com.leapmotion.leap.Controller.delete()V+25
j  com.leapmotion.leap.Controller.finalize()V+1
v  ~StubRoutines::call_stub
j  java.lang.ref.Finalizer.invokeFinalizeMethod(Ljava/lang/Object;)V+0
j  java.lang.ref.Finalizer.runFinalizer()V+45
j  java.lang.ref.Finalizer.access$100(Ljava/lang/ref/Finalizer;)V+1
j  java.lang.ref.Finalizer$FinalizerThread.run()V+24
v  ~StubRoutines::call_stub

---------------  P R O C E S S  ---------------

Java Threads: ( => current thread )
  0x00007ff573064000 JavaThread "AsynchExecutor-Thread" daemon [_thread_blocked, id=66315, stack(0x000000011d39b000,0x000000011d49b000)]
  0x00007ff574135800 JavaThread "DestroyJavaVM" [_thread_blocked, id=6403, stack(0x000000010c4ec000,0x000000010c5ec000)]
  0x00007ff57385c800 JavaThread "LWJGL Application" [_thread_blocked, id=64003, stack(0x000000011be91000,0x000000011bf91000)]
  0x00007ff5740bb000 JavaThread "AppKit Thread" daemon [_thread_in_native, id=1287, stack(0x00007fff537a9000,0x00007fff53829000)]
  0x00007ff574812800 JavaThread "Service Thread" daemon [_thread_blocked, id=19459, stack(0x00000001175d5000,0x00000001176d5000)]
  0x00007ff574811800 JavaThread "C2 CompilerThread1" daemon [_thread_blocked, id=18947, stack(0x00000001174d2000,0x00000001175d2000)]
  0x00007ff57480b800 JavaThread "C2 CompilerThread0" daemon [_thread_blocked, id=18435, stack(0x00000001173cf000,0x00000001174cf000)]
  0x00007ff57480e800 JavaThread "Signal Dispatcher" daemon [_thread_blocked, id=17923, stack(0x00000001172cc000,0x00000001173cc000)]
=>0x00007ff57480a800 JavaThread "Finalizer" daemon [_thread_in_native, id=12547, stack(0x0000000116ffd000,0x00000001170fd000)]
  0x00007ff574043000 JavaThread "Reference Handler" daemon [_thread_blocked, id=12035, stack(0x0000000116efa000,0x0000000116ffa000)]

Other Threads:
  0x00007ff574042800 VMThread [stack: 0x0000000116df7000,0x0000000116ef7000] [id=11523]
  0x00007ff574802000 WatcherThread [stack: 0x00000001176d8000,0x00000001177d8000] [id=19971]

VM state:not at safepoint (normal execution)

VM Mutex/Monitor currently owned by a thread: None

Heap
 PSYoungGen      total 38912K, used 3108K [0x00000007d5500000, 0x00000007d8000000, 0x0000000800000000)
  eden space 33792K, 1% used [0x00000007d5500000,0x00000007d55991e8,0x00000007d7600000)
  from space 5120K, 48% used [0x00000007d7600000,0x00000007d7870008,0x00000007d7b00000)
  to   space 5120K, 0% used [0x00000007d7b00000,0x00000007d7b00000,0x00000007d8000000)
 ParOldGen       total 87040K, used 417K [0x0000000780000000, 0x0000000785500000, 0x00000007d5500000)
  object space 87040K, 0% used [0x0000000780000000,0x0000000780068700,0x0000000785500000)
 PSPermGen       total 21504K, used 9300K [0x000000077ae00000, 0x000000077c300000, 0x0000000780000000)
  object space 21504K, 43% used [0x000000077ae00000,0x000000077b7150a8,0x000000077c300000)

Card table byte_map: [0x0000000110954000,0x0000000110d7e000] byte_map_base: 0x000000010cd7d000

Polling page: 0x000000010c5fb000

Code Cache  [0x000000010d894000, 0x000000010db04000, 0x0000000110894000)
 total_blobs=746 nmethods=360 adapters=340 free_code_cache=47799Kb largest_free_block=48903040

Compilation events (10 events):
Event: 179.521 Thread 0x00007ff574811800  352             com.badlogic.gdx.graphics.Camera::unproject (88 bytes)
Event: 179.525 Thread 0x00007ff574811800 nmethod 352 0x000000010d9d4410 code [0x000000010d9d45c0, 0x000000010d9d4b78]
Event: 181.783 Thread 0x00007ff57480b800  353             org.lwjgl.opengl.Sync$RunningAvg::dampenForLowResTicker (42 bytes)
Event: 181.786 Thread 0x00007ff57480b800 nmethod 353 0x000000010d9d3d90 code [0x000000010d9d3f40, 0x000000010d9d42f8]
Event: 185.947 Thread 0x00007ff574811800  354             com.badlogic.gdx.scenes.scene2d.Stage::screenToStageCoordinates (60 bytes)
Event: 185.948 Thread 0x00007ff574811800 nmethod 354 0x000000010d9c3910 code [0x000000010d9c3a60, 0x000000010d9c3ba8]
Event: 185.980 Thread 0x00007ff57480b800  355             com.badlogic.gdx.scenes.scene2d.Stage::hit (37 bytes)
Event: 185.982 Thread 0x00007ff57480b800 nmethod 355 0x000000010d9e8210 code [0x000000010d9e83a0, 0x000000010d9e86c8]
Event: 248.079 Thread 0x00007ff574811800  360 % !         com.badlogic.gdx.backends.lwjgl.LwjglApplication::mainLoop @ 94 (820 bytes)
Event: 248.113 Thread 0x00007ff574811800 nmethod 360% 0x000000010d9ebbd0 code [0x000000010d9ec060, 0x000000010d9eebd8]

GC Heap History (6 events):
Event: 2.163 GC heap before
{Heap before GC invocations=1 (full 0):
 PSYoungGen      total 38912K, used 32835K [0x00000007d5500000, 0x00000007d8000000, 0x0000000800000000)
  eden space 33792K, 97% used [0x00000007d5500000,0x00000007d7510d10,0x00000007d7600000)
  from space 5120K, 0% used [0x00000007d7b00000,0x00000007d7b00000,0x00000007d8000000)
  to   space 5120K, 0% used [0x00000007d7600000,0x00000007d7600000,0x00000007d7b00000)
 ParOldGen       total 87040K, used 0K [0x0000000780000000, 0x0000000785500000, 0x00000007d5500000)
  object space 87040K, 0% used [0x0000000780000000,0x0000000780000000,0x0000000785500000)
 PSPermGen       total 21504K, used 8574K [0x000000077ae00000, 0x000000077c300000, 0x0000000780000000)
  object space 21504K, 39% used [0x000000077ae00000,0x000000077b65f9c8,0x000000077c300000)
Event: 2.169 GC heap after
Heap after GC invocations=1 (full 0):
 PSYoungGen      total 38912K, used 5098K [0x00000007d5500000, 0x00000007d8000000, 0x0000000800000000)
  eden space 33792K, 0% used [0x00000007d5500000,0x00000007d5500000,0x00000007d7600000)
  from space 5120K, 99% used [0x00000007d7600000,0x00000007d7afaac8,0x00000007d7b00000)
  to   space 5120K, 0% used [0x00000007d7b00000,0x00000007d7b00000,0x00000007d8000000)
 ParOldGen       total 87040K, used 409K [0x0000000780000000, 0x0000000785500000, 0x00000007d5500000)
  object space 87040K, 0% used [0x0000000780000000,0x0000000780066700,0x0000000785500000)
 PSPermGen       total 21504K, used 8574K [0x000000077ae00000, 0x000000077c300000, 0x0000000780000000)
  object space 21504K, 39% used [0x000000077ae00000,0x000000077b65f9c8,0x000000077c300000)
}
Event: 2.527 GC heap before
{Heap before GC invocations=2 (full 0):
 PSYoungGen      total 38912K, used 38372K [0x00000007d5500000, 0x00000007d8000000, 0x0000000800000000)
  eden space 33792K, 98% used [0x00000007d5500000,0x00000007d757e5f0,0x00000007d7600000)
  from space 5120K, 99% used [0x00000007d7600000,0x00000007d7afaac8,0x00000007d7b00000)
  to   space 5120K, 0% used [0x00000007d7b00000,0x00000007d7b00000,0x00000007d8000000)
 ParOldGen       total 87040K, used 409K [0x0000000780000000, 0x0000000785500000, 0x00000007d5500000)
  object space 87040K, 0% used [0x0000000780000000,0x0000000780066700,0x0000000785500000)
 PSPermGen       total 21504K, used 8578K [0x000000077ae00000, 0x000000077c300000, 0x0000000780000000)
  object space 21504K, 39% used [0x000000077ae00000,0x000000077b6608f0,0x000000077c300000)
Event: 2.530 GC heap after
Heap after GC invocations=2 (full 0):
 PSYoungGen      total 38912K, used 2510K [0x00000007d5500000, 0x00000007d8000000, 0x0000000800000000)
  eden space 33792K, 0% used [0x00000007d5500000,0x00000007d5500000,0x00000007d7600000)
  from space 5120K, 49% used [0x00000007d7b00000,0x00000007d7d738c0,0x00000007d8000000)
  to   space 5120K, 0% used [0x00000007d7600000,0x00000007d7600000,0x00000007d7b00000)
 ParOldGen       total 87040K, used 409K [0x0000000780000000, 0x0000000785500000, 0x00000007d5500000)
  object space 87040K, 0% used [0x0000000780000000,0x0000000780066700,0x0000000785500000)
 PSPermGen       total 21504K, used 8578K [0x000000077ae00000, 0x000000077c300000, 0x0000000780000000)
  object space 21504K, 39% used [0x000000077ae00000,0x000000077b6608f0,0x000000077c300000)
}
Event: 1111.124 GC heap before
{Heap before GC invocations=3 (full 0):
 PSYoungGen      total 38912K, used 36302K [0x00000007d5500000, 0x00000007d8000000, 0x0000000800000000)
  eden space 33792K, 100% used [0x00000007d5500000,0x00000007d7600000,0x00000007d7600000)
  from space 5120K, 49% used [0x00000007d7b00000,0x00000007d7d738c0,0x00000007d8000000)
  to   space 5120K, 0% used [0x00000007d7600000,0x00000007d7600000,0x00000007d7b00000)
 ParOldGen       total 87040K, used 409K [0x0000000780000000, 0x0000000785500000, 0x00000007d5500000)
  object space 87040K, 0% used [0x0000000780000000,0x0000000780066700,0x0000000785500000)
 PSPermGen       total 21504K, used 9300K [0x000000077ae00000, 0x000000077c300000, 0x0000000780000000)
  object space 21504K, 43% used [0x000000077ae00000,0x000000077b7150a8,0x000000077c300000)
Event: 1111.126 GC heap after
Heap after GC invocations=3 (full 0):
 PSYoungGen      total 38912K, used 2496K [0x00000007d5500000, 0x00000007d8000000, 0x0000000800000000)
  eden space 33792K, 0% used [0x00000007d5500000,0x00000007d5500000,0x00000007d7600000)
  from space 5120K, 48% used [0x00000007d7600000,0x00000007d7870008,0x00000007d7b00000)
  to   space 5120K, 0% used [0x00000007d7b00000,0x00000007d7b00000,0x00000007d8000000)
 ParOldGen       total 87040K, used 417K [0x0000000780000000, 0x0000000785500000, 0x00000007d5500000)
  object space 87040K, 0% used [0x0000000780000000,0x0000000780068700,0x0000000785500000)
 PSPermGen       total 21504K, used 9300K [0x000000077ae00000, 0x000000077c300000, 0x0000000780000000)
  object space 21504K, 43% used [0x000000077ae00000,0x000000077b7150a8,0x000000077c300000)
}

Deoptimization events (1 events):
Event: 22.640 Thread 0x00007ff57385c800 Uncommon trap: reason=unreached action=reinterpret pc=0x000000010d9678d4 method=com.badlogic.gdx.scenes.scene2d.Group.hit(FFZ)Lcom/badlogic/gdx/scenes/scene2d/Actor; @ 98

Internal exceptions (10 events):
Event: 3.403 Thread 0x00007ff57385c800 Threw 0x00000007d59a2018 at /HUDSON/workspace/7u-2-build-macosx-x86_64/jdk7u45/229/hotspot/src/share/vm/prims/jvm.cpp:1244
Event: 3.405 Thread 0x00007ff57385c800 Threw 0x00000007d59a7150 at /HUDSON/workspace/7u-2-build-macosx-x86_64/jdk7u45/229/hotspot/src/share/vm/prims/jvm.cpp:1244
Event: 5.746 Thread 0x00007ff57385c800 Threw 0x00000007d59c3c10 at /HUDSON/workspace/7u-2-build-macosx-x86_64/jdk7u45/229/hotspot/src/share/vm/prims/jvm.cpp:1244
Event: 15.147 Thread 0x00007ff57385c800 Threw 0x00000007d5adf0b0 at /HUDSON/workspace/7u-2-build-macosx-x86_64/jdk7u45/229/hotspot/src/share/vm/prims/jvm.cpp:1244
Event: 15.148 Thread 0x00007ff57385c800 Threw 0x00000007d5ae1ee0 at /HUDSON/workspace/7u-2-build-macosx-x86_64/jdk7u45/229/hotspot/src/share/vm/prims/jvm.cpp:1244
Event: 26.432 Thread 0x00007ff57385c800 Threw 0x00000007d5b5be28 at /HUDSON/workspace/7u-2-build-macosx-x86_64/jdk7u45/229/hotspot/src/share/vm/prims/jvm.cpp:1244
Event: 26.433 Thread 0x00007ff57385c800 Threw 0x00000007d5b5ee08 at /HUDSON/workspace/7u-2-build-macosx-x86_64/jdk7u45/229/hotspot/src/share/vm/prims/jvm.cpp:1244
Event: 26.433 Thread 0x00007ff57385c800 Threw 0x00000007d5b625c0 at /HUDSON/workspace/7u-2-build-macosx-x86_64/jdk7u45/229/hotspot/src/share/vm/prims/jvm.cpp:1244
Event: 26.433 Thread 0x00007ff57385c800 Threw 0x00000007d5b655f0 at /HUDSON/workspace/7u-2-build-macosx-x86_64/jdk7u45/229/hotspot/src/share/vm/prims/jvm.cpp:1244
Event: 26.434 Thread 0x00007ff57385c800 Threw 0x00000007d5b683f8 at /HUDSON/workspace/7u-2-build-macosx-x86_64/jdk7u45/229/hotspot/src/share/vm/prims/jvm.cpp:1244

Events (10 events):
Event: 1111.129 Executing VM operation: RevokeBias
Event: 1111.129 Executing VM operation: RevokeBias done
Event: 1111.129 Executing VM operation: RevokeBias
Event: 1111.129 Executing VM operation: RevokeBias done
Event: 1111.129 Executing VM operation: RevokeBias
Event: 1111.129 Executing VM operation: RevokeBias done
Event: 1111.129 Executing VM operation: RevokeBias
Event: 1111.129 Executing VM operation: RevokeBias done
Event: 1111.129 Executing VM operation: RevokeBias
Event: 1111.129 Executing VM operation: RevokeBias done


Dynamic libraries:
0x00000000013e3000 	/System/Library/Frameworks/Cocoa.framework/Versions/A/Cocoa
0x00000000013e3000 	/System/Library/Frameworks/Security.framework/Versions/A/Security
0x00000000013e3000 	/System/Library/Frameworks/ApplicationServices.framework/Versions/A/ApplicationServices
0x00000000013e3000 	/usr/lib/libz.1.dylib
0x00000000013e3000 	/usr/lib/libSystem.B.dylib
0x00000000013e3000 	/usr/lib/libobjc.A.dylib
0x00000000013e3000 	/System/Library/Frameworks/CoreFoundation.framework/Versions/A/CoreFoundation
0x00000000013e3000 	/System/Library/Frameworks/Foundation.framework/Versions/C/Foundation
0x00000000013e3000 	/System/Library/Frameworks/AppKit.framework/Versions/C/AppKit
0x00000000013e3000 	/System/Library/Frameworks/CoreData.framework/Versions/A/CoreData
0x00000000013e3000 	/System/Library/PrivateFrameworks/RemoteViewServices.framework/Versions/A/RemoteViewServices
0x00000000013e3000 	/System/Library/Frameworks/AudioToolbox.framework/Versions/A/AudioToolbox
0x00000000013e3000 	/System/Library/Frameworks/AudioUnit.framework/Versions/A/AudioUnit
0x00000000013e3000 	/System/Library/PrivateFrameworks/DataDetectorsCore.framework/Versions/A/DataDetectorsCore
0x00000000013e3000 	/System/Library/PrivateFrameworks/DesktopServicesPriv.framework/Versions/A/DesktopServicesPriv
0x00000000013e3000 	/System/Library/Frameworks/Carbon.framework/Versions/A/Frameworks/HIToolbox.framework/Versions/A/HIToolbox
0x00000000013e3000 	/System/Library/Frameworks/QuartzCore.framework/Versions/A/QuartzCore
0x00000000013e3000 	/System/Library/Frameworks/Carbon.framework/Versions/A/Frameworks/SpeechRecognition.framework/Versions/A/SpeechRecognition
0x00000000013e3000 	/usr/lib/libauto.dylib
0x00000000013e3000 	/usr/lib/libicucore.A.dylib
0x00000000013e3000 	/usr/lib/libxml2.2.dylib
0x00000000013e3000 	/System/Library/PrivateFrameworks/CoreUI.framework/Versions/A/CoreUI
0x00000000013e3000 	/System/Library/Frameworks/CoreAudio.framework/Versions/A/CoreAudio
0x00000000013e3000 	/System/Library/Frameworks/DiskArbitration.framework/Versions/A/DiskArbitration
0x00000000013e3000 	/usr/lib/liblangid.dylib
0x00000000013e3000 	/System/Library/PrivateFrameworks/MultitouchSupport.framework/Versions/A/MultitouchSupport
0x00000000013e3000 	/System/Library/Frameworks/IOKit.framework/Versions/A/IOKit
0x00000000013e3000 	/usr/lib/libDiagnosticMessagesClient.dylib
0x00000000013e3000 	/System/Library/Frameworks/CoreServices.framework/Versions/A/CoreServices
0x00000000013e3000 	/System/Library/PrivateFrameworks/PerformanceAnalysis.framework/Versions/A/PerformanceAnalysis
0x00000000013e3000 	/System/Library/PrivateFrameworks/GenerationalStorage.framework/Versions/A/GenerationalStorage
0x00000000013e3000 	/System/Library/Frameworks/OpenGL.framework/Versions/A/OpenGL
0x00000000013e3000 	/System/Library/PrivateFrameworks/Sharing.framework/Versions/A/Sharing
0x00000000013e3000 	/System/Library/Frameworks/ImageIO.framework/Versions/A/ImageIO
0x00000000013e3000 	/System/Library/Frameworks/CoreText.framework/Versions/A/CoreText
0x00000000013e3000 	/System/Library/Frameworks/CoreGraphics.framework/Versions/A/CoreGraphics
0x00000000013e3000 	/System/Library/PrivateFrameworks/Backup.framework/Versions/A/Backup
0x00000000013e3000 	/System/Library/Frameworks/CFNetwork.framework/Versions/A/CFNetwork
0x00000000013e3000 	/System/Library/Frameworks/SystemConfiguration.framework/Versions/A/SystemConfiguration
0x00000000013e3000 	/usr/lib/libCRFSuite.dylib
0x00000000013e3000 	/usr/lib/libc++.1.dylib
0x00000000013e3000 	/usr/lib/libc++abi.dylib
0x00000000013e3000 	/usr/lib/system/libcache.dylib
0x00000000013e3000 	/usr/lib/system/libcommonCrypto.dylib
0x00000000013e3000 	/usr/lib/system/libcompiler_rt.dylib
0x00000000013e3000 	/usr/lib/system/libcopyfile.dylib
0x00000000013e3000 	/usr/lib/system/libcorecrypto.dylib
0x00000000013e3000 	/usr/lib/system/libdispatch.dylib
0x00000000013e3000 	/usr/lib/system/libdyld.dylib
0x00000000013e3000 	/usr/lib/system/libkeymgr.dylib
0x00000000013e3000 	/usr/lib/system/liblaunch.dylib
0x00000000013e3000 	/usr/lib/system/libmacho.dylib
0x00000000013e3000 	/usr/lib/system/libquarantine.dylib
0x00000000013e3000 	/usr/lib/system/libremovefile.dylib
0x00000000013e3000 	/usr/lib/system/libsystem_asl.dylib
0x00000000013e3000 	/usr/lib/system/libsystem_blocks.dylib
0x00000000013e3000 	/usr/lib/system/libsystem_c.dylib
0x00000000013e3000 	/usr/lib/system/libsystem_configuration.dylib
0x00000000013e3000 	/usr/lib/system/libsystem_dnssd.dylib
0x00000000013e3000 	/usr/lib/system/libsystem_info.dylib
0x00000000013e3000 	/usr/lib/system/libsystem_kernel.dylib
0x00000000013e3000 	/usr/lib/system/libsystem_m.dylib
0x00000000013e3000 	/usr/lib/system/libsystem_malloc.dylib
0x00000000013e3000 	/usr/lib/system/libsystem_network.dylib
0x00000000013e3000 	/usr/lib/system/libsystem_notify.dylib
0x00000000013e3000 	/usr/lib/system/libsystem_platform.dylib
0x00000000013e3000 	/usr/lib/system/libsystem_pthread.dylib
0x00000000013e3000 	/usr/lib/system/libsystem_sandbox.dylib
0x00000000013e3000 	/usr/lib/system/libsystem_stats.dylib
0x00000000013e3000 	/usr/lib/system/libunc.dylib
0x00000000013e3000 	/usr/lib/system/libunwind.dylib
0x00000000013e3000 	/usr/lib/system/libxpc.dylib
0x00000000013e3000 	/usr/lib/libbsm.0.dylib
0x00000000013e3000 	/usr/lib/libsqlite3.dylib
0x00000000013e3000 	/usr/lib/libxar.1.dylib
0x00000000013e3000 	/usr/lib/libpam.2.dylib
0x00000000013e3000 	/usr/lib/libOpenScriptingUtil.dylib
0x00000000013e3000 	/usr/lib/libbz2.1.0.dylib
0x00000000013e3000 	/System/Library/Frameworks/CoreServices.framework/Versions/A/Frameworks/CarbonCore.framework/Versions/A/CarbonCore
0x00000000013e3000 	/System/Library/Frameworks/CoreServices.framework/Versions/A/Frameworks/Metadata.framework/Versions/A/Metadata
0x00000000013e3000 	/System/Library/Frameworks/CoreServices.framework/Versions/A/Frameworks/OSServices.framework/Versions/A/OSServices
0x00000000013e3000 	/System/Library/Frameworks/CoreServices.framework/Versions/A/Frameworks/SearchKit.framework/Versions/A/SearchKit
0x00000000013e3000 	/System/Library/Frameworks/CoreServices.framework/Versions/A/Frameworks/AE.framework/Versions/A/AE
0x00000000013e3000 	/System/Library/Frameworks/CoreServices.framework/Versions/A/Frameworks/LaunchServices.framework/Versions/A/LaunchServices
0x00000000013e3000 	/System/Library/Frameworks/CoreServices.framework/Versions/A/Frameworks/DictionaryServices.framework/Versions/A/DictionaryServices
0x00000000013e3000 	/System/Library/Frameworks/NetFS.framework/Versions/A/NetFS
0x00000000013e3000 	/usr/lib/system/libkxld.dylib
0x00000000013e3000 	/System/Library/PrivateFrameworks/NetAuth.framework/Versions/A/NetAuth
0x00000000013e3000 	/System/Library/PrivateFrameworks/TCC.framework/Versions/A/TCC
0x00000000013e3000 	/System/Library/Frameworks/OpenDirectory.framework/Versions/A/Frameworks/CFOpenDirectory.framework/Versions/A/CFOpenDirectory
0x00000000013e3000 	/System/Library/Frameworks/ServiceManagement.framework/Versions/A/ServiceManagement
0x00000000013e3000 	/usr/lib/libxslt.1.dylib
0x00000000013e3000 	/System/Library/Frameworks/Carbon.framework/Versions/A/Frameworks/Ink.framework/Versions/A/Ink
0x00000000013e3000 	/System/Library/Frameworks/ApplicationServices.framework/Versions/A/Frameworks/ATS.framework/Versions/A/ATS
0x00000000013e3000 	/System/Library/Frameworks/ApplicationServices.framework/Versions/A/Frameworks/ColorSync.framework/Versions/A/ColorSync
0x00000000013e3000 	/System/Library/Frameworks/ApplicationServices.framework/Versions/A/Frameworks/HIServices.framework/Versions/A/HIServices
0x00000000013e3000 	/System/Library/Frameworks/ApplicationServices.framework/Versions/A/Frameworks/LangAnalysis.framework/Versions/A/LangAnalysis
0x00000000013e3000 	/System/Library/Frameworks/ApplicationServices.framework/Versions/A/Frameworks/PrintCore.framework/Versions/A/PrintCore
0x00000000013e3000 	/System/Library/Frameworks/ApplicationServices.framework/Versions/A/Frameworks/QD.framework/Versions/A/QD
0x00000000013e3000 	/System/Library/Frameworks/ApplicationServices.framework/Versions/A/Frameworks/SpeechSynthesis.framework/Versions/A/SpeechSynthesis
0x00000000013e3000 	/System/Library/Frameworks/IOSurface.framework/Versions/A/IOSurface
0x00000000013e3000 	/System/Library/Frameworks/Accelerate.framework/Versions/A/Accelerate
0x00000000013e3000 	/System/Library/Frameworks/Accelerate.framework/Versions/A/Frameworks/vImage.framework/Versions/A/vImage
0x00000000013e3000 	/System/Library/Frameworks/Accelerate.framework/Versions/A/Frameworks/vecLib.framework/Versions/A/vecLib
0x00000000013e3000 	/System/Library/Frameworks/Accelerate.framework/Versions/A/Frameworks/vecLib.framework/Versions/A/libvDSP.dylib
0x00000000013e3000 	/System/Library/Frameworks/Accelerate.framework/Versions/A/Frameworks/vecLib.framework/Versions/A/libvMisc.dylib
0x00000000013e3000 	/System/Library/Frameworks/Accelerate.framework/Versions/A/Frameworks/vecLib.framework/Versions/A/libLAPACK.dylib
0x00000000013e3000 	/System/Library/Frameworks/Accelerate.framework/Versions/A/Frameworks/vecLib.framework/Versions/A/libBLAS.dylib
0x00000000013e3000 	/System/Library/Frameworks/ApplicationServices.framework/Versions/A/Frameworks/ATS.framework/Versions/A/Resources/libFontParser.dylib
0x00000000013e3000 	/System/Library/Frameworks/ApplicationServices.framework/Versions/A/Frameworks/ATS.framework/Versions/A/Resources/libFontRegistry.dylib
0x00000000013e3000 	/System/Library/Frameworks/ImageIO.framework/Versions/A/Resources/libJPEG.dylib
0x00000000013e3000 	/System/Library/Frameworks/ImageIO.framework/Versions/A/Resources/libTIFF.dylib
0x00000000013e3000 	/System/Library/Frameworks/ImageIO.framework/Versions/A/Resources/libPng.dylib
0x00000000013e3000 	/System/Library/Frameworks/ImageIO.framework/Versions/A/Resources/libGIF.dylib
0x00000000013e3000 	/System/Library/Frameworks/ImageIO.framework/Versions/A/Resources/libJP2.dylib
0x00000000013e3000 	/System/Library/Frameworks/ImageIO.framework/Versions/A/Resources/libRadiance.dylib
0x00000000013e3000 	/usr/lib/libcups.2.dylib
0x00000000013e3000 	/System/Library/Frameworks/Kerberos.framework/Versions/A/Kerberos
0x00000000013e3000 	/System/Library/Frameworks/GSS.framework/Versions/A/GSS
0x00000000013e3000 	/usr/lib/libresolv.9.dylib
0x00000000013e3000 	/usr/lib/libiconv.2.dylib
0x00000000013e3000 	/System/Library/PrivateFrameworks/Heimdal.framework/Versions/A/Heimdal
0x00000000013e3000 	/System/Library/PrivateFrameworks/TrustEvaluationAgent.framework/Versions/A/TrustEvaluationAgent
0x00000000013e3000 	/usr/lib/libheimdal-asn1.dylib
0x00000000013e3000 	/System/Library/Frameworks/OpenDirectory.framework/Versions/A/OpenDirectory
0x00000000013e3000 	/System/Library/PrivateFrameworks/CommonAuth.framework/Versions/A/CommonAuth
0x00000000013e3000 	/System/Library/Frameworks/SecurityFoundation.framework/Versions/A/SecurityFoundation
0x00000000013e3000 	/System/Library/PrivateFrameworks/Bom.framework/Versions/A/Bom
0x00000000013e3000 	/System/Library/Frameworks/CoreVideo.framework/Versions/A/CoreVideo
0x00000000013e3000 	/System/Library/Frameworks/QuartzCore.framework/Versions/A/Frameworks/CoreImage.framework/Versions/A/CoreImage
0x00000000013e3000 	/System/Library/Frameworks/QuartzCore.framework/Versions/A/Frameworks/ScalableUserInterface.framework/Versions/A/ScalableUserInterface
0x00000000013e3000 	/System/Library/Frameworks/OpenGL.framework/Versions/A/Libraries/libGLU.dylib
0x00000000013e3000 	/System/Library/Frameworks/OpenGL.framework/Versions/A/Libraries/libGFXShared.dylib
0x00000000013e3000 	/System/Library/Frameworks/OpenGL.framework/Versions/A/Libraries/libGL.dylib
0x00000000013e3000 	/System/Library/Frameworks/OpenGL.framework/Versions/A/Libraries/libGLImage.dylib
0x00000000013e3000 	/System/Library/Frameworks/OpenGL.framework/Versions/A/Libraries/libCVMSPluginSupport.dylib
0x00000000013e3000 	/System/Library/Frameworks/OpenGL.framework/Versions/A/Libraries/libCoreVMClient.dylib
0x00000000013e3000 	/System/Library/PrivateFrameworks/FaceCore.framework/Versions/A/FaceCore
0x00000000013e3000 	/System/Library/PrivateFrameworks/CrashReporterSupport.framework/Versions/A/CrashReporterSupport
0x00000000013e3000 	/System/Library/Frameworks/OpenCL.framework/Versions/A/OpenCL
0x00000000013e3000 	/System/Library/PrivateFrameworks/AppleFSCompression.framework/Versions/A/AppleFSCompression
0x00000000013e3000 	/System/Library/PrivateFrameworks/Ubiquity.framework/Versions/A/Ubiquity
0x00000000013e3000 	/System/Library/PrivateFrameworks/IconServices.framework/Versions/A/IconServices
0x00000000013e3000 	/System/Library/PrivateFrameworks/ChunkingLibrary.framework/Versions/A/ChunkingLibrary
0x00000000013e3000 	/System/Library/PrivateFrameworks/CoreSymbolication.framework/Versions/A/CoreSymbolication
0x00000000013e3000 	/System/Library/PrivateFrameworks/Symbolication.framework/Versions/A/Symbolication
0x00000000013e3000 	/System/Library/PrivateFrameworks/DebugSymbols.framework/Versions/A/DebugSymbols
0x000000010ce00000 	/Library/Java/JavaVirtualMachines/jdk1.7.0_45.jdk/Contents/Home/jre/lib/server/libjvm.dylib
0x00000000013e3000 	/usr/lib/libstdc++.6.dylib
0x000000010c5ee000 	/Library/Java/JavaVirtualMachines/jdk1.7.0_45.jdk/Contents/Home/jre/lib/libverify.dylib
0x000000010d853000 	/Library/Java/JavaVirtualMachines/jdk1.7.0_45.jdk/Contents/Home/jre/lib/libjava.dylib
0x000000010d88b000 	/Library/Java/JavaVirtualMachines/jdk1.7.0_45.jdk/Contents/Home/jre/lib/libzip.dylib
0x00000001170ff000 	/System/Library/Frameworks/JavaVM.framework/Frameworks/JavaRuntimeSupport.framework/JavaRuntimeSupport
0x0000000117117000 	/System/Library/Frameworks/JavaVM.framework/Versions/A/Frameworks/JavaNativeFoundation.framework/Versions/A/JavaNativeFoundation
0x000000011712b000 	/System/Library/Frameworks/JavaVM.framework/Versions/A/JavaVM
0x00000000013e3000 	/System/Library/Frameworks/Carbon.framework/Versions/A/Carbon
0x0000000117137000 	/System/Library/PrivateFrameworks/JavaLaunching.framework/Versions/A/JavaLaunching
0x00000000013e3000 	/System/Library/Frameworks/Carbon.framework/Versions/A/Frameworks/CommonPanels.framework/Versions/A/CommonPanels
0x00000000013e3000 	/System/Library/Frameworks/Carbon.framework/Versions/A/Frameworks/Help.framework/Versions/A/Help
0x00000000013e3000 	/System/Library/Frameworks/Carbon.framework/Versions/A/Frameworks/ImageCapture.framework/Versions/A/ImageCapture
0x00000000013e3000 	/System/Library/Frameworks/Carbon.framework/Versions/A/Frameworks/OpenScripting.framework/Versions/A/OpenScripting
0x00000000013e3000 	/System/Library/Frameworks/Carbon.framework/Versions/A/Frameworks/Print.framework/Versions/A/Print
0x00000000013e3000 	/System/Library/Frameworks/Carbon.framework/Versions/A/Frameworks/SecurityHI.framework/Versions/A/SecurityHI
0x000000011782e000 	/private/var/folders/rn/7l44jphj0g7gs2jyys0_x7840000gn/T/libgdxPhilo/92bf976d/libgdx.dylib
0x00000001178fb000 	/Library/Java/JavaVirtualMachines/jdk1.7.0_45.jdk/Contents/Home/jre/lib/libawt.dylib
0x00000001179aa000 	/Library/Java/JavaVirtualMachines/jdk1.7.0_45.jdk/Contents/Home/jre/lib/./libmlib_image.dylib
0x0000000117a76000 	/Library/Java/JavaVirtualMachines/jdk1.7.0_45.jdk/Contents/Home/jre/lib/lwawt/liblwawt.dylib
0x0000000117b2a000 	/Library/Java/JavaVirtualMachines/jdk1.7.0_45.jdk/Contents/Home/jre/lib/libosxapp.dylib
0x00000000013e3000 	/System/Library/Frameworks/ExceptionHandling.framework/Versions/A/ExceptionHandling
0x00000000013e3000 	/System/Library/PrivateFrameworks/CoreServicesInternal.framework/Versions/A/CoreServicesInternal
0x00000000013e3000 	/System/Library/PrivateFrameworks/Librarian.framework/Versions/A/Librarian
0x00000000013e3000 	/System/Library/Frameworks/CoreGraphics.framework/Versions/A/Resources/libCGCMS.A.dylib
0x00000000013e3000 	/System/Library/Frameworks/CoreGraphics.framework/Versions/A/Resources/libRIP.A.dylib
0x00000000013e3000 	/System/Library/Frameworks/CoreGraphics.framework/Versions/A/Resources/libCGXType.A.dylib
0x00000000013e3000 	/System/Library/PrivateFrameworks/FamilyControls.framework/Versions/A/FamilyControls
0x00000000013e3000 	/System/Library/PrivateFrameworks/CommerceKit.framework/Versions/A/Frameworks/CommerceCore.framework/Versions/A/CommerceCore
0x00000000013e3000 	/System/Library/PrivateFrameworks/SystemAdministration.framework/Versions/A/SystemAdministration
0x00000000013e3000 	/System/Library/Frameworks/DirectoryService.framework/Versions/A/DirectoryService
0x00000000013e3000 	/System/Library/PrivateFrameworks/DiskImages.framework/Versions/A/DiskImages
0x00000000013e3000 	/System/Library/PrivateFrameworks/LoginUIKit.framework/Versions/A/Frameworks/LoginUICore.framework/Versions/A/LoginUICore
0x00000000013e3000 	/usr/lib/libCoreStorage.dylib
0x00000000013e3000 	/usr/lib/libcsfde.dylib
0x00000000013e3000 	/usr/lib/libodfde.dylib
0x00000000013e3000 	/System/Library/Frameworks/DiscRecording.framework/Versions/A/DiscRecording
0x00000000013e3000 	/usr/lib/libcurl.4.dylib
0x00000000013e3000 	/System/Library/PrivateFrameworks/MediaKit.framework/Versions/A/MediaKit
0x00000000013e3000 	/System/Library/PrivateFrameworks/EFILogin.framework/Versions/A/EFILogin
0x00000000013e3000 	/usr/lib/libutil.dylib
0x00000000013e3000 	/System/Library/PrivateFrameworks/AOSNotification.framework/Versions/A/AOSNotification
0x00000000013e3000 	/System/Library/Frameworks/LDAP.framework/Versions/A/LDAP
0x00000000013e3000 	/usr/lib/libsasl2.2.dylib
0x00000000013e3000 	/usr/lib/libcrypto.0.9.8.dylib
0x00000000013e3000 	/usr/lib/libssl.0.9.8.dylib
0x000000011ba32000 	/Library/Java/JavaVirtualMachines/jdk1.7.0_45.jdk/Contents/Home/jre/lib/libfontmanager.dylib
0x000000011ba96000 	/private/var/folders/rn/7l44jphj0g7gs2jyys0_x7840000gn/T/libgdxPhilo/75260a42/liblwjgl.jnilib
0x0000000119330000 	/Library/Java/JavaVirtualMachines/jdk1.7.0_45.jdk/Contents/Home/jre/lib/libjawt.dylib
0x000000011bb11000 	/var/folders/rn/7l44jphj0g7gs2jyys0_x7840000gn/T/libgdxPhilo/75260a42/openal.dylib
0x000000011bb6d000 	/System/Library/Components/CoreAudio.component/Contents/MacOS/CoreAudio
0x000000011935b000 	/System/Library/Extensions/AppleHDA.kext/Contents/PlugIns/AppleHDAHALPlugIn.bundle/Contents/MacOS/AppleHDAHALPlugIn
0x00000000013e3000 	/System/Library/Frameworks/OpenGL.framework/Versions/A/Resources/GLEngine.bundle/GLEngine
0x00000000013e3000 	/System/Library/Frameworks/OpenGL.framework/Versions/A/Libraries/libGLProgrammability.dylib
0x0000000000000000 	/System/Library/Extensions/GeForceGLDriver.bundle/Contents/MacOS/GeForceGLDriver
0x00000000013e3000 	/System/Library/PrivateFrameworks/IOAccelerator.framework/Versions/A/IOAccelerator
0x00000000013e3000 	/System/Library/PrivateFrameworks/GPUSupport.framework/Versions/A/Libraries/libGPUSupportMercury.dylib
0x00000000013e3000 	/System/Library/Extensions/GeForceGLDriver.bundle/Contents/MacOS/libclh.dylib
0x00000000013e3000 	/System/Library/Frameworks/OpenGL.framework/Versions/A/Resources/GLRendererFloat.bundle/GLRendererFloat
0x00000000013e3000 	/System/Library/Frameworks/OpenCL.framework/Versions/A/Libraries/libcldcpuengine.dylib
0x0000000119f0a000 	/Users/Philo/Downloads/musical-fingers-master 4/Musical-fingers/lib/x64/libLeapJava.dylib
0x000000011de1d000 	/Users/Philo/Downloads/musical-fingers-master 4/Musical-fingers/lib/x64/libLeap.dylib

VM Arguments:
jvm_args: -Djava.library.path=/Users/Philo/Downloads/musical-fingers-master 4/Musical-fingers/lib/x64 -Dfile.encoding=US-ASCII 
java_command: ox.musicalfingers.display.Main
Launcher Type: SUN_STANDARD

Environment Variables:
PATH=/usr/bin:/bin:/usr/sbin:/sbin
SHELL=/bin/bash

Signal Handlers:
SIGSEGV: [libjvm.dylib+0x525415], sa_mask[0]=0xfffefeff, sa_flags=0x00000043
SIGBUS: [libjvm.dylib+0x525415], sa_mask[0]=0xfffefeff, sa_flags=0x00000042
SIGFPE: [libjvm.dylib+0x41891a], sa_mask[0]=0xfffefeff, sa_flags=0x00000042
SIGPIPE: [libjvm.dylib+0x41891a], sa_mask[0]=0xfffefeff, sa_flags=0x00000042
SIGXFSZ: [libjvm.dylib+0x41891a], sa_mask[0]=0xfffefeff, sa_flags=0x00000042
SIGILL: [libjvm.dylib+0x41891a], sa_mask[0]=0xfffefeff, sa_flags=0x00000042
SIGUSR1: SIG_DFL, sa_mask[0]=0x00000000, sa_flags=0x00000002
SIGUSR2: [libjvm.dylib+0x41840c], sa_mask[0]=0x00000004, sa_flags=0x00000042
SIGHUP: [libjvm.dylib+0x41669b], sa_mask[0]=0xfffefeff, sa_flags=0x00000042
SIGINT: [libjvm.dylib+0x41669b], sa_mask[0]=0xfffefeff, sa_flags=0x00000042
SIGTERM: [libjvm.dylib+0x41669b], sa_mask[0]=0xfffefeff, sa_flags=0x00000042
SIGQUIT: [libjvm.dylib+0x41669b], sa_mask[0]=0xfffefeff, sa_flags=0x00000042


---------------  S Y S T E M  ---------------

OS:Bsduname:Darwin 13.1.0 Darwin Kernel Version 13.1.0: Thu Jan 16 19:40:37 PST 2014; root:xnu-2422.90.20~2/RELEASE_X86_64 x86_64
rlimit: STACK 8192k, CORE 0k, NPROC 709, NOFILE 10240, AS infinity
load average:1.75 1.82 1.73

CPU:total 4 (4 cores per cpu, 1 threads per core) family 6 model 58 stepping 9, cmov, cx8, fxsr, mmx, sse, sse2, sse3, ssse3, sse4.1, sse4.2, popcnt, avx, aes, erms, tsc, tscinvbit, tscinv

Memory: 4k page, physical 8388608k(2097152k free)

/proc/meminfo:


vm_info: Java HotSpot(TM) 64-Bit Server VM (24.45-b08) for bsd-amd64 JRE (1.7.0_45-b18), built on Oct  8 2013 05:54:16 by "java_re" with gcc 4.2.1 (Based on Apple Inc. build 5658) (LLVM build 2336.11.00)

time: Tue May  6 18:55:08 2014
elapsed time: 1111 seconds

