#
# A fatal error has been detected by the Java Runtime Environment:
#
#  SIGSEGV (0xb) at pc=0x000000011d3907fc, pid=6372, tid=13059
#
# JRE version: Java(TM) SE Runtime Environment (7.0_45-b18) (build 1.7.0_45-b18)
# Java VM: Java HotSpot(TM) 64-Bit Server VM (24.45-b08 mixed mode bsd-amd64 compressed oops)
# Problematic frame:
# C  [libLeap.dylib+0x287fc]  _ZNK4Leap14InteractionBox8toStringEv+0x4f3c
#
# Failed to write core dump. Core dumps have been disabled. To enable core dumping, try "ulimit -c unlimited" before starting Java again
#
# If you would like to submit a bug report, please visit:
#   http://bugreport.sun.com/bugreport/crash.jsp
# The crash happened outside the Java Virtual Machine in native code.
# See problematic frame for where to report the bug.
#

---------------  T H R E A D  ---------------

Current thread (0x00007fb36080f000):  JavaThread "Finalizer" daemon [_thread_in_native, id=13059, stack(0x0000000115969000,0x0000000115a69000)]

siginfo:si_signo=SIGSEGV: si_errno=0, si_code=1 (SEGV_MAPERR), si_addr=0x0000000100000029

Registers:
RAX=0x0000000100000001, RBX=0x00007fb362240410, RCX=0x0000000000000000, RDX=0x00007fb360496868
RSP=0x0000000115a681b0, RBP=0x0000000115a682c0, RSI=0x0000160000001600, RDI=0x00007fb360490960
R8 =0x0000000000000040, R9 =0x0000000115a68100, R10=0x000000010c26566c, R11=0x000000010bc70297
R12=0x00007fb362240200, R13=0x00007fb360490b80, R14=0x0000000115a68208, R15=0x00007fb360490960
RIP=0x000000011d3907fc, EFLAGS=0x0000000000010212, ERR=0x0000000000000004
  TRAPNO=0x000000000000000e

Top of Stack: (sp=0x0000000115a681b0)
0x0000000115a681b0:   0000000000009b75 0000000115a68290
0x0000000115a681c0:   0000000000000000 00007fb362240408
0x0000000115a681d0:   00009b75e37e7b6a 000000011b5aed35
0x0000000115a681e0:   00007fb36080f1e8 00007fb36080f000
0x0000000115a681f0:   00007fb36070d060 000000011b5ae782
0x0000000115a68200:   00007fb36070d020 0000000000000000
0x0000000115a68210:   00007fb360490960 00007fb360490960
0x0000000115a68220:   00007fb360490960 0000000000000001
0x0000000115a68230:   00007fb3622407c8 000000010ad61401
0x0000000115a68240:   00007fb362240748 00007fff84114101
0x0000000115a68250:   00007fb36080f000 00007fb3604fc080
0x0000000115a68260:   00007fb360490968 000000000000090b
0x0000000115a68270:   0000000000099960 0000000000000010
0x0000000115a68280:   00007fb300000003 0000000100000001
0x0000000115a68290:   00007fb3604909f0 00007fb360490b80
0x0000000115a682a0:   0000000000000000 000000077b6cb8f8
0x0000000115a682b0:   00007fb360496810 00007fb36080f000
0x0000000115a682c0:   0000000115a682e0 000000011d373ea4
0x0000000115a682d0:   000000077b6cb8f8 0000000115a68368
0x0000000115a682e0:   0000000115a68340 000000010c265698
0x0000000115a682f0:   0000000115a683dc 00007fb360490b80
0x0000000115a68300:   0000000115a68300 0000000000000000
0x0000000115a68310:   0000000115a68368 000000077b6cf038
0x0000000115a68320:   0000000000000000 000000077b6cb8f8
0x0000000115a68330:   0000000000000000 0000000115a68360
0x0000000115a68340:   0000000115a683c0 000000010c259058
0x0000000115a68350:   00000007d7618710 000000010c261cd8
0x0000000115a68360:   00007fb360490b80 00000007d7858658
0x0000000115a68370:   000000077b053520 00000007d7858658
0x0000000115a68380:   0000000115a68370 000000077b6b7ee1
0x0000000115a68390:   0000000115a683d0 000000077b6b9708
0x0000000115a683a0:   0000000000000000 000000077b6b7ef8 

Instructions: (pc=0x000000011d3907fc)
0x000000011d3907dc:   d0 2d fe ff 4c 8d b5 48 ff ff ff 4c 8b bd 58 ff
0x000000011d3907ec:   ff ff 66 90 4d 39 f7 74 31 49 8b 7f 20 48 8b 07
0x000000011d3907fc:   48 8b 40 28 4c 89 ee ff d0 eb 0d 48 89 c7 e8 71
0x000000011d39080c:   3a 09 00 e8 7e 3a 09 00 4c 89 ff e8 04 3a 09 00 

Register to memory mapping:

RAX=0x0000000100000001 is an unknown value
RBX=0x00007fb362240410 is an unknown value
RCX=0x0000000000000000 is an unknown value
RDX=0x00007fb360496868 is an unknown value
RSP=0x0000000115a681b0 is pointing into the stack for thread: 0x00007fb36080f000
RBP=0x0000000115a682c0 is pointing into the stack for thread: 0x00007fb36080f000
RSI=0x0000160000001600 is an unknown value
RDI=0x00007fb360490960 is an unknown value
R8 =0x0000000000000040 is an unknown value
R9 =0x0000000115a68100 is pointing into the stack for thread: 0x00007fb36080f000
R10=0x000000010c26566c is at code_begin+620 in an Interpreter codelet
method entry point (kind = native)  [0x000000010c265400, 0x000000010c265c40]  2112 bytes
R11=0x000000010bc70297: throw_unsatisfied_link_error+0 in /Library/Java/JavaVirtualMachines/jdk1.7.0_45.jdk/Contents/Home/jre/lib/server/libjvm.dylib at 0x000000010b800000
R12=0x00007fb362240200 is an unknown value
R13=0x00007fb360490b80 is an unknown value
R14=0x0000000115a68208 is pointing into the stack for thread: 0x00007fb36080f000
R15=0x00007fb360490960 is an unknown value


Stack: [0x0000000115969000,0x0000000115a69000],  sp=0x0000000115a681b0,  free space=1020k
Native frames: (J=compiled Java code, j=interpreted, Vv=VM code, C=native code)
C  [libLeap.dylib+0x287fc]  _ZNK4Leap14InteractionBox8toStringEv+0x4f3c
C  [libLeap.dylib+0xbea4]  _ZN4Leap10ControllerD0Ev+0x34
j  com.leapmotion.leap.LeapJNI.delete_Controller(J)V+0
j  com.leapmotion.leap.Controller.delete()V+25
j  com.leapmotion.leap.Controller.finalize()V+1
v  ~StubRoutines::call_stub
V  [libjvm.dylib+0x2d6d90]
V  [libjvm.dylib+0x2d6b60]
V  [libjvm.dylib+0x30a605]
V  [libjvm.dylib+0x2fe176]
C  [libjava.dylib+0x299c]  Java_java_lang_ref_Finalizer_invokeFinalizeMethod+0x58
j  java.lang.ref.Finalizer.invokeFinalizeMethod(Ljava/lang/Object;)V+0
j  java.lang.ref.Finalizer.runFinalizer()V+45
j  java.lang.ref.Finalizer.access$100(Ljava/lang/ref/Finalizer;)V+1
j  java.lang.ref.Finalizer$FinalizerThread.run()V+24
v  ~StubRoutines::call_stub
V  [libjvm.dylib+0x2d6d90]
V  [libjvm.dylib+0x2d72a7]
V  [libjvm.dylib+0x2d73e4]
V  [libjvm.dylib+0x3263ca]
V  [libjvm.dylib+0x4efb47]
V  [libjvm.dylib+0x4f124f]
V  [libjvm.dylib+0x41b1c6]
C  [libsystem_pthread.dylib+0x1899]  _pthread_body+0x8a
C  [libsystem_pthread.dylib+0x172a]  _pthread_struct_init+0x0
C  [libsystem_pthread.dylib+0x5fc9]  thread_start+0xd

Java frames: (J=compiled Java code, j=interpreted, Vv=VM code)
j  com.leapmotion.leap.LeapJNI.delete_Controller(J)V+0
j  com.leapmotion.leap.Controller.delete()V+25
j  com.leapmotion.leap.Controller.finalize()V+1
v  ~StubRoutines::call_stub
j  java.lang.ref.Finalizer.invokeFinalizeMethod(Ljava/lang/Object;)V+0
j  java.lang.ref.Finalizer.runFinalizer()V+45
j  java.lang.ref.Finalizer.access$100(Ljava/lang/ref/Finalizer;)V+1
j  java.lang.ref.Finalizer$FinalizerThread.run()V+24
v  ~StubRoutines::call_stub

---------------  P R O C E S S  ---------------

Java Threads: ( => current thread )
  0x00007fb3620e3800 JavaThread "AsynchExecutor-Thread" daemon [_thread_blocked, id=66827, stack(0x000000011bd8b000,0x000000011be8b000)]
  0x00007fb36209f800 JavaThread "DestroyJavaVM" [_thread_blocked, id=6915, stack(0x000000010ae59000,0x000000010af59000)]
  0x00007fb36209f000 JavaThread "LWJGL Application" [_thread_blocked, id=64515, stack(0x000000011a87e000,0x000000011a97e000)]
  0x00007fb360890000 JavaThread "AppKit Thread" daemon [_thread_in_native, id=1287, stack(0x00007fff54e3c000,0x00007fff54ebc000)]
  0x00007fb36082c800 JavaThread "Service Thread" daemon [_thread_blocked, id=19459, stack(0x0000000115ebf000,0x0000000115fbf000)]
  0x00007fb36082c000 JavaThread "C2 CompilerThread1" daemon [_thread_blocked, id=18947, stack(0x0000000115dbc000,0x0000000115ebc000)]
  0x00007fb362000000 JavaThread "C2 CompilerThread0" daemon [_thread_blocked, id=18435, stack(0x0000000115cb9000,0x0000000115db9000)]
  0x00007fb360823800 JavaThread "Signal Dispatcher" daemon [_thread_blocked, id=17923, stack(0x0000000115bb6000,0x0000000115cb6000)]
=>0x00007fb36080f000 JavaThread "Finalizer" daemon [_thread_in_native, id=13059, stack(0x0000000115969000,0x0000000115a69000)]
  0x00007fb36080c800 JavaThread "Reference Handler" daemon [_thread_blocked, id=12547, stack(0x0000000115866000,0x0000000115966000)]

Other Threads:
  0x00007fb361851800 VMThread [stack: 0x0000000115763000,0x0000000115863000] [id=12035]
  0x00007fb360824800 WatcherThread [stack: 0x0000000115fc2000,0x00000001160c2000] [id=19971]

VM state:not at safepoint (normal execution)

VM Mutex/Monitor currently owned by a thread: None

Heap
 PSYoungGen      total 38912K, used 4156K [0x00000007d5500000, 0x00000007d8000000, 0x0000000800000000)
  eden space 33792K, 1% used [0x00000007d5500000,0x00000007d55964e8,0x00000007d7600000)
  from space 5120K, 69% used [0x00000007d7600000,0x00000007d7978cc0,0x00000007d7b00000)
  to   space 5120K, 0% used [0x00000007d7b00000,0x00000007d7b00000,0x00000007d8000000)
 ParOldGen       total 87040K, used 445K [0x0000000780000000, 0x0000000785500000, 0x00000007d5500000)
  object space 87040K, 0% used [0x0000000780000000,0x000000078006f690,0x0000000785500000)
 PSPermGen       total 21504K, used 9287K [0x000000077ae00000, 0x000000077c300000, 0x0000000780000000)
  object space 21504K, 43% used [0x000000077ae00000,0x000000077b711fb0,0x000000077c300000)

Card table byte_map: [0x000000010f313000,0x000000010f73d000] byte_map_base: 0x000000010b73c000

Polling page: 0x000000010af98000

Code Cache  [0x000000010c253000, 0x000000010c4c3000, 0x000000010f253000)
 total_blobs=759 nmethods=373 adapters=340 free_code_cache=47794Kb largest_free_block=48887936

Compilation events (10 events):
Event: 174.024 Thread 0x00007fb36082c000 nmethod 367 0x000000010c390490 code [0x000000010c390640, 0x000000010c390838]
Event: 174.024 Thread 0x00007fb36082c000  368             ox.musicalfingers.display.MusicalFingers::draw (11 bytes)
Event: 174.061 Thread 0x00007fb36082c000 nmethod 368 0x000000010c39b410 code [0x000000010c39b940, 0x000000010c39d6c0]
Event: 174.062 Thread 0x00007fb36082c000  369             org.lwjgl.opengl.Display::sync (5 bytes)
Event: 174.062 Thread 0x00007fb36082c000 nmethod 369 0x000000010c393990 code [0x000000010c393ae0, 0x000000010c393b48]
Event: 174.115 Thread 0x00007fb362000000 nmethod 366 0x000000010c3a4c10 code [0x000000010c3a5400, 0x000000010c3a87c0]
Event: 179.120 Thread 0x00007fb36082c000  372             com.badlogic.gdx.backends.openal.OpenALAudio::update (43 bytes)
Event: 179.121 Thread 0x00007fb36082c000 nmethod 372 0x000000010c390dd0 code [0x000000010c390f20, 0x000000010c391018]
Event: 248.775 Thread 0x00007fb362000000  373 % !         com.badlogic.gdx.backends.lwjgl.LwjglApplication::mainLoop @ 94 (820 bytes)
Event: 248.810 Thread 0x00007fb362000000 nmethod 373% 0x000000010c3ae6d0 code [0x000000010c3aeb60, 0x000000010c3b16d8]

GC Heap History (6 events):
Event: 2.063 GC heap before
{Heap before GC invocations=1 (full 0):
 PSYoungGen      total 38912K, used 32835K [0x00000007d5500000, 0x00000007d8000000, 0x0000000800000000)
  eden space 33792K, 97% used [0x00000007d5500000,0x00000007d7510d10,0x00000007d7600000)
  from space 5120K, 0% used [0x00000007d7b00000,0x00000007d7b00000,0x00000007d8000000)
  to   space 5120K, 0% used [0x00000007d7600000,0x00000007d7600000,0x00000007d7b00000)
 ParOldGen       total 87040K, used 0K [0x0000000780000000, 0x0000000785500000, 0x00000007d5500000)
  object space 87040K, 0% used [0x0000000780000000,0x0000000780000000,0x0000000785500000)
 PSPermGen       total 21504K, used 8574K [0x000000077ae00000, 0x000000077c300000, 0x0000000780000000)
  object space 21504K, 39% used [0x000000077ae00000,0x000000077b65f9b8,0x000000077c300000)
Event: 2.070 GC heap after
Heap after GC invocations=1 (full 0):
 PSYoungGen      total 38912K, used 5102K [0x00000007d5500000, 0x00000007d8000000, 0x0000000800000000)
  eden space 33792K, 0% used [0x00000007d5500000,0x00000007d5500000,0x00000007d7600000)
  from space 5120K, 99% used [0x00000007d7600000,0x00000007d7afbb38,0x00000007d7b00000)
  to   space 5120K, 0% used [0x00000007d7b00000,0x00000007d7b00000,0x00000007d8000000)
 ParOldGen       total 87040K, used 437K [0x0000000780000000, 0x0000000785500000, 0x00000007d5500000)
  object space 87040K, 0% used [0x0000000780000000,0x000000078006d690,0x0000000785500000)
 PSPermGen       total 21504K, used 8574K [0x000000077ae00000, 0x000000077c300000, 0x0000000780000000)
  object space 21504K, 39% used [0x000000077ae00000,0x000000077b65f9b8,0x000000077c300000)
}
Event: 2.443 GC heap before
{Heap before GC invocations=2 (full 0):
 PSYoungGen      total 38912K, used 38376K [0x00000007d5500000, 0x00000007d8000000, 0x0000000800000000)
  eden space 33792K, 98% used [0x00000007d5500000,0x00000007d757e5f0,0x00000007d7600000)
  from space 5120K, 99% used [0x00000007d7600000,0x00000007d7afbb38,0x00000007d7b00000)
  to   space 5120K, 0% used [0x00000007d7b00000,0x00000007d7b00000,0x00000007d8000000)
 ParOldGen       total 87040K, used 437K [0x0000000780000000, 0x0000000785500000, 0x00000007d5500000)
  object space 87040K, 0% used [0x0000000780000000,0x000000078006d690,0x0000000785500000)
 PSPermGen       total 21504K, used 8578K [0x000000077ae00000, 0x000000077c300000, 0x0000000780000000)
  object space 21504K, 39% used [0x000000077ae00000,0x000000077b660838,0x000000077c300000)
Event: 2.447 GC heap after
Heap after GC invocations=2 (full 0):
 PSYoungGen      total 38912K, used 2510K [0x00000007d5500000, 0x00000007d8000000, 0x0000000800000000)
  eden space 33792K, 0% used [0x00000007d5500000,0x00000007d5500000,0x00000007d7600000)
  from space 5120K, 49% used [0x00000007d7b00000,0x00000007d7d738a0,0x00000007d8000000)
  to   space 5120K, 0% used [0x00000007d7600000,0x00000007d7600000,0x00000007d7b00000)
 ParOldGen       total 87040K, used 437K [0x0000000780000000, 0x0000000785500000, 0x00000007d5500000)
  object space 87040K, 0% used [0x0000000780000000,0x000000078006d690,0x0000000785500000)
 PSPermGen       total 21504K, used 8578K [0x000000077ae00000, 0x000000077c300000, 0x0000000780000000)
  object space 21504K, 39% used [0x000000077ae00000,0x000000077b660838,0x000000077c300000)
}
Event: 690.251 GC heap before
{Heap before GC invocations=3 (full 0):
 PSYoungGen      total 38912K, used 36302K [0x00000007d5500000, 0x00000007d8000000, 0x0000000800000000)
  eden space 33792K, 100% used [0x00000007d5500000,0x00000007d7600000,0x00000007d7600000)
  from space 5120K, 49% used [0x00000007d7b00000,0x00000007d7d738a0,0x00000007d8000000)
  to   space 5120K, 0% used [0x00000007d7600000,0x00000007d7600000,0x00000007d7b00000)
 ParOldGen       total 87040K, used 437K [0x0000000780000000, 0x0000000785500000, 0x00000007d5500000)
  object space 87040K, 0% used [0x0000000780000000,0x000000078006d690,0x0000000785500000)
 PSPermGen       total 21504K, used 9287K [0x000000077ae00000, 0x000000077c300000, 0x0000000780000000)
  object space 21504K, 43% used [0x000000077ae00000,0x000000077b711fb0,0x000000077c300000)
Event: 690.254 GC heap after
Heap after GC invocations=3 (full 0):
 PSYoungGen      total 38912K, used 3555K [0x00000007d5500000, 0x00000007d8000000, 0x0000000800000000)
  eden space 33792K, 0% used [0x00000007d5500000,0x00000007d5500000,0x00000007d7600000)
  from space 5120K, 69% used [0x00000007d7600000,0x00000007d7978cc0,0x00000007d7b00000)
  to   space 5120K, 0% used [0x00000007d7b00000,0x00000007d7b00000,0x00000007d8000000)
 ParOldGen       total 87040K, used 445K [0x0000000780000000, 0x0000000785500000, 0x00000007d5500000)
  object space 87040K, 0% used [0x0000000780000000,0x000000078006f690,0x0000000785500000)
 PSPermGen       total 21504K, used 9287K [0x000000077ae00000, 0x000000077c300000, 0x0000000780000000)
  object space 21504K, 43% used [0x000000077ae00000,0x000000077b711fb0,0x000000077c300000)
}

Deoptimization events (1 events):
Event: 23.642 Thread 0x00007fb36209f000 Uncommon trap: reason=unreached action=reinterpret pc=0x000000010c31e954 method=com.badlogic.gdx.scenes.scene2d.Group.hit(FFZ)Lcom/badlogic/gdx/scenes/scene2d/Actor; @ 98

Internal exceptions (10 events):
Event: 3.265 Thread 0x00007fb36209f000 Threw 0x00000007d5884738 at /HUDSON/workspace/7u-2-build-macosx-x86_64/jdk7u45/229/hotspot/src/share/vm/prims/jvm.cpp:1244
Event: 3.265 Thread 0x00007fb36209f000 Threw 0x00000007d5889820 at /HUDSON/workspace/7u-2-build-macosx-x86_64/jdk7u45/229/hotspot/src/share/vm/prims/jvm.cpp:1244
Event: 3.266 Thread 0x00007fb36209f000 Threw 0x00000007d588e740 at /HUDSON/workspace/7u-2-build-macosx-x86_64/jdk7u45/229/hotspot/src/share/vm/prims/jvm.cpp:1244
Event: 3.267 Thread 0x00007fb36209f000 Threw 0x00000007d5895238 at /HUDSON/workspace/7u-2-build-macosx-x86_64/jdk7u45/229/hotspot/src/share/vm/prims/jvm.cpp:1244
Event: 3.268 Thread 0x00007fb36209f000 Threw 0x00000007d589be20 at /HUDSON/workspace/7u-2-build-macosx-x86_64/jdk7u45/229/hotspot/src/share/vm/prims/jvm.cpp:1244
Event: 3.270 Thread 0x00007fb36209f000 Threw 0x00000007d58a31b0 at /HUDSON/workspace/7u-2-build-macosx-x86_64/jdk7u45/229/hotspot/src/share/vm/prims/jvm.cpp:1244
Event: 3.271 Thread 0x00007fb36209f000 Threw 0x00000007d58a82e8 at /HUDSON/workspace/7u-2-build-macosx-x86_64/jdk7u45/229/hotspot/src/share/vm/prims/jvm.cpp:1244
Event: 5.563 Thread 0x00007fb36209f000 Threw 0x00000007d58c4d88 at /HUDSON/workspace/7u-2-build-macosx-x86_64/jdk7u45/229/hotspot/src/share/vm/prims/jvm.cpp:1244
Event: 14.613 Thread 0x00007fb36209f000 Threw 0x00000007d5adf640 at /HUDSON/workspace/7u-2-build-macosx-x86_64/jdk7u45/229/hotspot/src/share/vm/prims/jvm.cpp:1244
Event: 14.614 Thread 0x00007fb36209f000 Threw 0x00000007d5ae2470 at /HUDSON/workspace/7u-2-build-macosx-x86_64/jdk7u45/229/hotspot/src/share/vm/prims/jvm.cpp:1244

Events (10 events):
Event: 690.256 Executing VM operation: RevokeBias
Event: 690.256 Executing VM operation: RevokeBias done
Event: 690.256 Executing VM operation: RevokeBias
Event: 690.256 Executing VM operation: RevokeBias done
Event: 690.256 Executing VM operation: RevokeBias
Event: 690.256 Executing VM operation: RevokeBias done
Event: 690.257 Executing VM operation: RevokeBias
Event: 690.257 Executing VM operation: RevokeBias done
Event: 690.257 Executing VM operation: BulkRevokeBias
Event: 690.257 Executing VM operation: BulkRevokeBias done


Dynamic libraries:
0x00000000013e3000 	/System/Library/Frameworks/Cocoa.framework/Versions/A/Cocoa
0x00000000013e3000 	/System/Library/Frameworks/Security.framework/Versions/A/Security
0x00000000013e3000 	/System/Library/Frameworks/ApplicationServices.framework/Versions/A/ApplicationServices
0x00000000013e3000 	/usr/lib/libz.1.dylib
0x00000000013e3000 	/usr/lib/libSystem.B.dylib
0x00000000013e3000 	/usr/lib/libobjc.A.dylib
0x00000000013e3000 	/System/Library/Frameworks/CoreFoundation.framework/Versions/A/CoreFoundation
0x00000000013e3000 	/System/Library/Frameworks/Foundation.framework/Versions/C/Foundation
0x00000000013e3000 	/System/Library/Frameworks/AppKit.framework/Versions/C/AppKit
0x00000000013e3000 	/System/Library/Frameworks/CoreData.framework/Versions/A/CoreData
0x00000000013e3000 	/System/Library/PrivateFrameworks/RemoteViewServices.framework/Versions/A/RemoteViewServices
0x00000000013e3000 	/System/Library/Frameworks/AudioToolbox.framework/Versions/A/AudioToolbox
0x00000000013e3000 	/System/Library/Frameworks/AudioUnit.framework/Versions/A/AudioUnit
0x00000000013e3000 	/System/Library/PrivateFrameworks/DataDetectorsCore.framework/Versions/A/DataDetectorsCore
0x00000000013e3000 	/System/Library/PrivateFrameworks/DesktopServicesPriv.framework/Versions/A/DesktopServicesPriv
0x00000000013e3000 	/System/Library/Frameworks/Carbon.framework/Versions/A/Frameworks/HIToolbox.framework/Versions/A/HIToolbox
0x00000000013e3000 	/System/Library/Frameworks/QuartzCore.framework/Versions/A/QuartzCore
0x00000000013e3000 	/System/Library/Frameworks/Carbon.framework/Versions/A/Frameworks/SpeechRecognition.framework/Versions/A/SpeechRecognition
0x00000000013e3000 	/usr/lib/libauto.dylib
0x00000000013e3000 	/usr/lib/libicucore.A.dylib
0x00000000013e3000 	/usr/lib/libxml2.2.dylib
0x00000000013e3000 	/System/Library/PrivateFrameworks/CoreUI.framework/Versions/A/CoreUI
0x00000000013e3000 	/System/Library/Frameworks/CoreAudio.framework/Versions/A/CoreAudio
0x00000000013e3000 	/System/Library/Frameworks/DiskArbitration.framework/Versions/A/DiskArbitration
0x00000000013e3000 	/usr/lib/liblangid.dylib
0x00000000013e3000 	/System/Library/PrivateFrameworks/MultitouchSupport.framework/Versions/A/MultitouchSupport
0x00000000013e3000 	/System/Library/Frameworks/IOKit.framework/Versions/A/IOKit
0x00000000013e3000 	/usr/lib/libDiagnosticMessagesClient.dylib
0x00000000013e3000 	/System/Library/Frameworks/CoreServices.framework/Versions/A/CoreServices
0x00000000013e3000 	/System/Library/PrivateFrameworks/PerformanceAnalysis.framework/Versions/A/PerformanceAnalysis
0x00000000013e3000 	/System/Library/PrivateFrameworks/GenerationalStorage.framework/Versions/A/GenerationalStorage
0x00000000013e3000 	/System/Library/Frameworks/OpenGL.framework/Versions/A/OpenGL
0x00000000013e3000 	/System/Library/PrivateFrameworks/Sharing.framework/Versions/A/Sharing
0x00000000013e3000 	/System/Library/Frameworks/ImageIO.framework/Versions/A/ImageIO
0x00000000013e3000 	/System/Library/Frameworks/CoreText.framework/Versions/A/CoreText
0x00000000013e3000 	/System/Library/Frameworks/CoreGraphics.framework/Versions/A/CoreGraphics
0x00000000013e3000 	/System/Library/PrivateFrameworks/Backup.framework/Versions/A/Backup
0x00000000013e3000 	/System/Library/Frameworks/CFNetwork.framework/Versions/A/CFNetwork
0x00000000013e3000 	/System/Library/Frameworks/SystemConfiguration.framework/Versions/A/SystemConfiguration
0x00000000013e3000 	/usr/lib/libCRFSuite.dylib
0x00000000013e3000 	/usr/lib/libc++.1.dylib
0x00000000013e3000 	/usr/lib/libc++abi.dylib
0x00000000013e3000 	/usr/lib/system/libcache.dylib
0x00000000013e3000 	/usr/lib/system/libcommonCrypto.dylib
0x00000000013e3000 	/usr/lib/system/libcompiler_rt.dylib
0x00000000013e3000 	/usr/lib/system/libcopyfile.dylib
0x00000000013e3000 	/usr/lib/system/libcorecrypto.dylib
0x00000000013e3000 	/usr/lib/system/libdispatch.dylib
0x00000000013e3000 	/usr/lib/system/libdyld.dylib
0x00000000013e3000 	/usr/lib/system/libkeymgr.dylib
0x00000000013e3000 	/usr/lib/system/liblaunch.dylib
0x00000000013e3000 	/usr/lib/system/libmacho.dylib
0x00000000013e3000 	/usr/lib/system/libquarantine.dylib
0x00000000013e3000 	/usr/lib/system/libremovefile.dylib
0x00000000013e3000 	/usr/lib/system/libsystem_asl.dylib
0x00000000013e3000 	/usr/lib/system/libsystem_blocks.dylib
0x00000000013e3000 	/usr/lib/system/libsystem_c.dylib
0x00000000013e3000 	/usr/lib/system/libsystem_configuration.dylib
0x00000000013e3000 	/usr/lib/system/libsystem_dnssd.dylib
0x00000000013e3000 	/usr/lib/system/libsystem_info.dylib
0x00000000013e3000 	/usr/lib/system/libsystem_kernel.dylib
0x00000000013e3000 	/usr/lib/system/libsystem_m.dylib
0x00000000013e3000 	/usr/lib/system/libsystem_malloc.dylib
0x00000000013e3000 	/usr/lib/system/libsystem_network.dylib
0x00000000013e3000 	/usr/lib/system/libsystem_notify.dylib
0x00000000013e3000 	/usr/lib/system/libsystem_platform.dylib
0x00000000013e3000 	/usr/lib/system/libsystem_pthread.dylib
0x00000000013e3000 	/usr/lib/system/libsystem_sandbox.dylib
0x00000000013e3000 	/usr/lib/system/libsystem_stats.dylib
0x00000000013e3000 	/usr/lib/system/libunc.dylib
0x00000000013e3000 	/usr/lib/system/libunwind.dylib
0x00000000013e3000 	/usr/lib/system/libxpc.dylib
0x00000000013e3000 	/usr/lib/libbsm.0.dylib
0x00000000013e3000 	/usr/lib/libsqlite3.dylib
0x00000000013e3000 	/usr/lib/libxar.1.dylib
0x00000000013e3000 	/usr/lib/libpam.2.dylib
0x00000000013e3000 	/usr/lib/libOpenScriptingUtil.dylib
0x00000000013e3000 	/usr/lib/libbz2.1.0.dylib
0x00000000013e3000 	/System/Library/Frameworks/CoreServices.framework/Versions/A/Frameworks/CarbonCore.framework/Versions/A/CarbonCore
0x00000000013e3000 	/System/Library/Frameworks/CoreServices.framework/Versions/A/Frameworks/Metadata.framework/Versions/A/Metadata
0x00000000013e3000 	/System/Library/Frameworks/CoreServices.framework/Versions/A/Frameworks/OSServices.framework/Versions/A/OSServices
0x00000000013e3000 	/System/Library/Frameworks/CoreServices.framework/Versions/A/Frameworks/SearchKit.framework/Versions/A/SearchKit
0x00000000013e3000 	/System/Library/Frameworks/CoreServices.framework/Versions/A/Frameworks/AE.framework/Versions/A/AE
0x00000000013e3000 	/System/Library/Frameworks/CoreServices.framework/Versions/A/Frameworks/LaunchServices.framework/Versions/A/LaunchServices
0x00000000013e3000 	/System/Library/Frameworks/CoreServices.framework/Versions/A/Frameworks/DictionaryServices.framework/Versions/A/DictionaryServices
0x00000000013e3000 	/System/Library/Frameworks/NetFS.framework/Versions/A/NetFS
0x00000000013e3000 	/usr/lib/system/libkxld.dylib
0x00000000013e3000 	/System/Library/PrivateFrameworks/NetAuth.framework/Versions/A/NetAuth
0x00000000013e3000 	/System/Library/PrivateFrameworks/TCC.framework/Versions/A/TCC
0x00000000013e3000 	/System/Library/Frameworks/OpenDirectory.framework/Versions/A/Frameworks/CFOpenDirectory.framework/Versions/A/CFOpenDirectory
0x00000000013e3000 	/System/Library/Frameworks/ServiceManagement.framework/Versions/A/ServiceManagement
0x00000000013e3000 	/usr/lib/libxslt.1.dylib
0x00000000013e3000 	/System/Library/Frameworks/Carbon.framework/Versions/A/Frameworks/Ink.framework/Versions/A/Ink
0x00000000013e3000 	/System/Library/Frameworks/ApplicationServices.framework/Versions/A/Frameworks/ATS.framework/Versions/A/ATS
0x00000000013e3000 	/System/Library/Frameworks/ApplicationServices.framework/Versions/A/Frameworks/ColorSync.framework/Versions/A/ColorSync
0x00000000013e3000 	/System/Library/Frameworks/ApplicationServices.framework/Versions/A/Frameworks/HIServices.framework/Versions/A/HIServices
0x00000000013e3000 	/System/Library/Frameworks/ApplicationServices.framework/Versions/A/Frameworks/LangAnalysis.framework/Versions/A/LangAnalysis
0x00000000013e3000 	/System/Library/Frameworks/ApplicationServices.framework/Versions/A/Frameworks/PrintCore.framework/Versions/A/PrintCore
0x00000000013e3000 	/System/Library/Frameworks/ApplicationServices.framework/Versions/A/Frameworks/QD.framework/Versions/A/QD
0x00000000013e3000 	/System/Library/Frameworks/ApplicationServices.framework/Versions/A/Frameworks/SpeechSynthesis.framework/Versions/A/SpeechSynthesis
0x00000000013e3000 	/System/Library/Frameworks/IOSurface.framework/Versions/A/IOSurface
0x00000000013e3000 	/System/Library/Frameworks/Accelerate.framework/Versions/A/Accelerate
0x00000000013e3000 	/System/Library/Frameworks/Accelerate.framework/Versions/A/Frameworks/vImage.framework/Versions/A/vImage
0x00000000013e3000 	/System/Library/Frameworks/Accelerate.framework/Versions/A/Frameworks/vecLib.framework/Versions/A/vecLib
0x00000000013e3000 	/System/Library/Frameworks/Accelerate.framework/Versions/A/Frameworks/vecLib.framework/Versions/A/libvDSP.dylib
0x00000000013e3000 	/System/Library/Frameworks/Accelerate.framework/Versions/A/Frameworks/vecLib.framework/Versions/A/libvMisc.dylib
0x00000000013e3000 	/System/Library/Frameworks/Accelerate.framework/Versions/A/Frameworks/vecLib.framework/Versions/A/libLAPACK.dylib
0x00000000013e3000 	/System/Library/Frameworks/Accelerate.framework/Versions/A/Frameworks/vecLib.framework/Versions/A/libBLAS.dylib
0x00000000013e3000 	/System/Library/Frameworks/ApplicationServices.framework/Versions/A/Frameworks/ATS.framework/Versions/A/Resources/libFontParser.dylib
0x00000000013e3000 	/System/Library/Frameworks/ApplicationServices.framework/Versions/A/Frameworks/ATS.framework/Versions/A/Resources/libFontRegistry.dylib
0x00000000013e3000 	/System/Library/Frameworks/ImageIO.framework/Versions/A/Resources/libJPEG.dylib
0x00000000013e3000 	/System/Library/Frameworks/ImageIO.framework/Versions/A/Resources/libTIFF.dylib
0x00000000013e3000 	/System/Library/Frameworks/ImageIO.framework/Versions/A/Resources/libPng.dylib
0x00000000013e3000 	/System/Library/Frameworks/ImageIO.framework/Versions/A/Resources/libGIF.dylib
0x00000000013e3000 	/System/Library/Frameworks/ImageIO.framework/Versions/A/Resources/libJP2.dylib
0x00000000013e3000 	/System/Library/Frameworks/ImageIO.framework/Versions/A/Resources/libRadiance.dylib
0x00000000013e3000 	/usr/lib/libcups.2.dylib
0x00000000013e3000 	/System/Library/Frameworks/Kerberos.framework/Versions/A/Kerberos
0x00000000013e3000 	/System/Library/Frameworks/GSS.framework/Versions/A/GSS
0x00000000013e3000 	/usr/lib/libresolv.9.dylib
0x00000000013e3000 	/usr/lib/libiconv.2.dylib
0x00000000013e3000 	/System/Library/PrivateFrameworks/Heimdal.framework/Versions/A/Heimdal
0x00000000013e3000 	/System/Library/PrivateFrameworks/TrustEvaluationAgent.framework/Versions/A/TrustEvaluationAgent
0x00000000013e3000 	/usr/lib/libheimdal-asn1.dylib
0x00000000013e3000 	/System/Library/Frameworks/OpenDirectory.framework/Versions/A/OpenDirectory
0x00000000013e3000 	/System/Library/PrivateFrameworks/CommonAuth.framework/Versions/A/CommonAuth
0x00000000013e3000 	/System/Library/Frameworks/SecurityFoundation.framework/Versions/A/SecurityFoundation
0x00000000013e3000 	/System/Library/PrivateFrameworks/Bom.framework/Versions/A/Bom
0x00000000013e3000 	/System/Library/Frameworks/CoreVideo.framework/Versions/A/CoreVideo
0x00000000013e3000 	/System/Library/Frameworks/QuartzCore.framework/Versions/A/Frameworks/CoreImage.framework/Versions/A/CoreImage
0x00000000013e3000 	/System/Library/Frameworks/QuartzCore.framework/Versions/A/Frameworks/ScalableUserInterface.framework/Versions/A/ScalableUserInterface
0x00000000013e3000 	/System/Library/Frameworks/OpenGL.framework/Versions/A/Libraries/libGLU.dylib
0x00000000013e3000 	/System/Library/Frameworks/OpenGL.framework/Versions/A/Libraries/libGFXShared.dylib
0x00000000013e3000 	/System/Library/Frameworks/OpenGL.framework/Versions/A/Libraries/libGL.dylib
0x00000000013e3000 	/System/Library/Frameworks/OpenGL.framework/Versions/A/Libraries/libGLImage.dylib
0x00000000013e3000 	/System/Library/Frameworks/OpenGL.framework/Versions/A/Libraries/libCVMSPluginSupport.dylib
0x00000000013e3000 	/System/Library/Frameworks/OpenGL.framework/Versions/A/Libraries/libCoreVMClient.dylib
0x00000000013e3000 	/System/Library/PrivateFrameworks/FaceCore.framework/Versions/A/FaceCore
0x00000000013e3000 	/System/Library/PrivateFrameworks/CrashReporterSupport.framework/Versions/A/CrashReporterSupport
0x00000000013e3000 	/System/Library/Frameworks/OpenCL.framework/Versions/A/OpenCL
0x00000000013e3000 	/System/Library/PrivateFrameworks/AppleFSCompression.framework/Versions/A/AppleFSCompression
0x00000000013e3000 	/System/Library/PrivateFrameworks/Ubiquity.framework/Versions/A/Ubiquity
0x00000000013e3000 	/System/Library/PrivateFrameworks/IconServices.framework/Versions/A/IconServices
0x00000000013e3000 	/System/Library/PrivateFrameworks/ChunkingLibrary.framework/Versions/A/ChunkingLibrary
0x00000000013e3000 	/System/Library/PrivateFrameworks/CoreSymbolication.framework/Versions/A/CoreSymbolication
0x00000000013e3000 	/System/Library/PrivateFrameworks/Symbolication.framework/Versions/A/Symbolication
0x00000000013e3000 	/System/Library/PrivateFrameworks/DebugSymbols.framework/Versions/A/DebugSymbols
0x000000010b800000 	/Library/Java/JavaVirtualMachines/jdk1.7.0_45.jdk/Contents/Home/jre/lib/server/libjvm.dylib
0x00000000013e3000 	/usr/lib/libstdc++.6.dylib
0x000000010af5b000 	/Library/Java/JavaVirtualMachines/jdk1.7.0_45.jdk/Contents/Home/jre/lib/libverify.dylib
0x000000010af68000 	/Library/Java/JavaVirtualMachines/jdk1.7.0_45.jdk/Contents/Home/jre/lib/libjava.dylib
0x000000010afa2000 	/Library/Java/JavaVirtualMachines/jdk1.7.0_45.jdk/Contents/Home/jre/lib/libzip.dylib
0x0000000115a6b000 	/System/Library/Frameworks/JavaVM.framework/Frameworks/JavaRuntimeSupport.framework/JavaRuntimeSupport
0x0000000115a83000 	/System/Library/Frameworks/JavaVM.framework/Versions/A/Frameworks/JavaNativeFoundation.framework/Versions/A/JavaNativeFoundation
0x0000000115a97000 	/System/Library/Frameworks/JavaVM.framework/Versions/A/JavaVM
0x00000000013e3000 	/System/Library/Frameworks/Carbon.framework/Versions/A/Carbon
0x0000000115aa3000 	/System/Library/PrivateFrameworks/JavaLaunching.framework/Versions/A/JavaLaunching
0x00000000013e3000 	/System/Library/Frameworks/Carbon.framework/Versions/A/Frameworks/CommonPanels.framework/Versions/A/CommonPanels
0x00000000013e3000 	/System/Library/Frameworks/Carbon.framework/Versions/A/Frameworks/Help.framework/Versions/A/Help
0x00000000013e3000 	/System/Library/Frameworks/Carbon.framework/Versions/A/Frameworks/ImageCapture.framework/Versions/A/ImageCapture
0x00000000013e3000 	/System/Library/Frameworks/Carbon.framework/Versions/A/Frameworks/OpenScripting.framework/Versions/A/OpenScripting
0x00000000013e3000 	/System/Library/Frameworks/Carbon.framework/Versions/A/Frameworks/Print.framework/Versions/A/Print
0x00000000013e3000 	/System/Library/Frameworks/Carbon.framework/Versions/A/Frameworks/SecurityHI.framework/Versions/A/SecurityHI
0x0000000116118000 	/private/var/folders/rn/7l44jphj0g7gs2jyys0_x7840000gn/T/libgdxPhilo/92bf976d/libgdx.dylib
0x00000001161e5000 	/Library/Java/JavaVirtualMachines/jdk1.7.0_45.jdk/Contents/Home/jre/lib/libawt.dylib
0x0000000116294000 	/Library/Java/JavaVirtualMachines/jdk1.7.0_45.jdk/Contents/Home/jre/lib/./libmlib_image.dylib
0x0000000116360000 	/Library/Java/JavaVirtualMachines/jdk1.7.0_45.jdk/Contents/Home/jre/lib/lwawt/liblwawt.dylib
0x0000000116414000 	/Library/Java/JavaVirtualMachines/jdk1.7.0_45.jdk/Contents/Home/jre/lib/libosxapp.dylib
0x00000000013e3000 	/System/Library/Frameworks/ExceptionHandling.framework/Versions/A/ExceptionHandling
0x00000000013e3000 	/System/Library/PrivateFrameworks/CoreServicesInternal.framework/Versions/A/CoreServicesInternal
0x00000000013e3000 	/System/Library/PrivateFrameworks/Librarian.framework/Versions/A/Librarian
0x00000000013e3000 	/System/Library/Frameworks/CoreGraphics.framework/Versions/A/Resources/libCGCMS.A.dylib
0x00000000013e3000 	/System/Library/Frameworks/CoreGraphics.framework/Versions/A/Resources/libRIP.A.dylib
0x00000000013e3000 	/System/Library/Frameworks/CoreGraphics.framework/Versions/A/Resources/libCGXType.A.dylib
0x00000000013e3000 	/System/Library/PrivateFrameworks/FamilyControls.framework/Versions/A/FamilyControls
0x00000000013e3000 	/System/Library/PrivateFrameworks/CommerceKit.framework/Versions/A/Frameworks/CommerceCore.framework/Versions/A/CommerceCore
0x00000000013e3000 	/System/Library/PrivateFrameworks/SystemAdministration.framework/Versions/A/SystemAdministration
0x00000000013e3000 	/System/Library/Frameworks/DirectoryService.framework/Versions/A/DirectoryService
0x00000000013e3000 	/System/Library/PrivateFrameworks/DiskImages.framework/Versions/A/DiskImages
0x00000000013e3000 	/System/Library/PrivateFrameworks/LoginUIKit.framework/Versions/A/Frameworks/LoginUICore.framework/Versions/A/LoginUICore
0x00000000013e3000 	/usr/lib/libCoreStorage.dylib
0x00000000013e3000 	/usr/lib/libcsfde.dylib
0x00000000013e3000 	/usr/lib/libodfde.dylib
0x00000000013e3000 	/System/Library/Frameworks/DiscRecording.framework/Versions/A/DiscRecording
0x00000000013e3000 	/usr/lib/libcurl.4.dylib
0x00000000013e3000 	/System/Library/PrivateFrameworks/MediaKit.framework/Versions/A/MediaKit
0x00000000013e3000 	/System/Library/PrivateFrameworks/EFILogin.framework/Versions/A/EFILogin
0x00000000013e3000 	/usr/lib/libutil.dylib
0x00000000013e3000 	/System/Library/PrivateFrameworks/AOSNotification.framework/Versions/A/AOSNotification
0x00000000013e3000 	/System/Library/Frameworks/LDAP.framework/Versions/A/LDAP
0x00000000013e3000 	/usr/lib/libsasl2.2.dylib
0x00000000013e3000 	/usr/lib/libcrypto.0.9.8.dylib
0x00000000013e3000 	/usr/lib/libssl.0.9.8.dylib
0x000000011a41f000 	/Library/Java/JavaVirtualMachines/jdk1.7.0_45.jdk/Contents/Home/jre/lib/libfontmanager.dylib
0x000000011a483000 	/private/var/folders/rn/7l44jphj0g7gs2jyys0_x7840000gn/T/libgdxPhilo/75260a42/liblwjgl.jnilib
0x0000000117c1d000 	/Library/Java/JavaVirtualMachines/jdk1.7.0_45.jdk/Contents/Home/jre/lib/libjawt.dylib
0x000000011a4fe000 	/var/folders/rn/7l44jphj0g7gs2jyys0_x7840000gn/T/libgdxPhilo/75260a42/openal.dylib
0x000000011a55a000 	/System/Library/Components/CoreAudio.component/Contents/MacOS/CoreAudio
0x0000000117c48000 	/System/Library/Extensions/AppleHDA.kext/Contents/PlugIns/AppleHDAHALPlugIn.bundle/Contents/MacOS/AppleHDAHALPlugIn
0x00000000013e3000 	/System/Library/Frameworks/OpenGL.framework/Versions/A/Resources/GLEngine.bundle/GLEngine
0x00000000013e3000 	/System/Library/Frameworks/OpenGL.framework/Versions/A/Libraries/libGLProgrammability.dylib
0x0000000000000000 	/System/Library/Extensions/GeForceGLDriver.bundle/Contents/MacOS/GeForceGLDriver
0x00000000013e3000 	/System/Library/PrivateFrameworks/IOAccelerator.framework/Versions/A/IOAccelerator
0x00000000013e3000 	/System/Library/PrivateFrameworks/GPUSupport.framework/Versions/A/Libraries/libGPUSupportMercury.dylib
0x00000000013e3000 	/System/Library/Extensions/GeForceGLDriver.bundle/Contents/MacOS/libclh.dylib
0x00000000013e3000 	/System/Library/Frameworks/OpenGL.framework/Versions/A/Resources/GLRendererFloat.bundle/GLRendererFloat
0x00000000013e3000 	/System/Library/Frameworks/OpenCL.framework/Versions/A/Libraries/libcldcpuengine.dylib
0x000000011b59c000 	/Users/Philo/Downloads/musical-fingers-master 4/Musical-fingers/lib/x64/libLeapJava.dylib
0x000000011d368000 	/Users/Philo/Downloads/musical-fingers-master 4/Musical-fingers/lib/x64/libLeap.dylib

VM Arguments:
jvm_args: -Djava.library.path=/Users/Philo/Downloads/musical-fingers-master 4/Musical-fingers/lib/x64 -Dfile.encoding=US-ASCII 
java_command: ox.musicalfingers.display.Main
Launcher Type: SUN_STANDARD

Environment Variables:
PATH=/usr/bin:/bin:/usr/sbin:/sbin
SHELL=/bin/bash

Signal Handlers:
SIGSEGV: [libjvm.dylib+0x525415], sa_mask[0]=0xfffefeff, sa_flags=0x00000043
SIGBUS: [libjvm.dylib+0x525415], sa_mask[0]=0xfffefeff, sa_flags=0x00000042
SIGFPE: [libjvm.dylib+0x41891a], sa_mask[0]=0xfffefeff, sa_flags=0x00000042
SIGPIPE: [libjvm.dylib+0x41891a], sa_mask[0]=0xfffefeff, sa_flags=0x00000042
SIGXFSZ: [libjvm.dylib+0x41891a], sa_mask[0]=0xfffefeff, sa_flags=0x00000042
SIGILL: [libjvm.dylib+0x41891a], sa_mask[0]=0xfffefeff, sa_flags=0x00000042
SIGUSR1: SIG_DFL, sa_mask[0]=0x00000000, sa_flags=0x00000002
SIGUSR2: [libjvm.dylib+0x41840c], sa_mask[0]=0x00000004, sa_flags=0x00000042
SIGHUP: [libjvm.dylib+0x41669b], sa_mask[0]=0xfffefeff, sa_flags=0x00000042
SIGINT: [libjvm.dylib+0x41669b], sa_mask[0]=0xfffefeff, sa_flags=0x00000042
SIGTERM: [libjvm.dylib+0x41669b], sa_mask[0]=0xfffefeff, sa_flags=0x00000042
SIGQUIT: [libjvm.dylib+0x41669b], sa_mask[0]=0xfffefeff, sa_flags=0x00000042


---------------  S Y S T E M  ---------------

OS:Bsduname:Darwin 13.1.0 Darwin Kernel Version 13.1.0: Thu Jan 16 19:40:37 PST 2014; root:xnu-2422.90.20~2/RELEASE_X86_64 x86_64
rlimit: STACK 8192k, CORE 0k, NPROC 709, NOFILE 10240, AS infinity
load average:2.44 1.98 1.71

CPU:total 4 (4 cores per cpu, 1 threads per core) family 6 model 58 stepping 9, cmov, cx8, fxsr, mmx, sse, sse2, sse3, ssse3, sse4.1, sse4.2, popcnt, avx, aes, erms, tsc, tscinvbit, tscinv

Memory: 4k page, physical 8388608k(2097152k free)

/proc/meminfo:


vm_info: Java HotSpot(TM) 64-Bit Server VM (24.45-b08) for bsd-amd64 JRE (1.7.0_45-b18), built on Oct  8 2013 05:54:16 by "java_re" with gcc 4.2.1 (Based on Apple Inc. build 5658) (LLVM build 2336.11.00)

time: Tue May  6 18:46:16 2014
elapsed time: 690 seconds

