#
# A fatal error has been detected by the Java Runtime Environment:
#
#  SIGSEGV (0xb) at pc=0x000000011e97e7fc, pid=1222, tid=13059
#
# JRE version: Java(TM) SE Runtime Environment (7.0_45-b18) (build 1.7.0_45-b18)
# Java VM: Java HotSpot(TM) 64-Bit Server VM (24.45-b08 mixed mode bsd-amd64 compressed oops)
# Problematic frame:
# C  [libLeap.dylib+0x287fc]  _ZNK4Leap14InteractionBox8toStringEv+0x4f3c
#
# Failed to write core dump. Core dumps have been disabled. To enable core dumping, try "ulimit -c unlimited" before starting Java again
#
# If you would like to submit a bug report, please visit:
#   http://bugreport.sun.com/bugreport/crash.jsp
# The crash happened outside the Java Virtual Machine in native code.
# See problematic frame for where to report the bug.
#

---------------  T H R E A D  ---------------

Current thread (0x00007f8a0300a000):  JavaThread "Finalizer" daemon [_thread_in_native, id=13059, stack(0x00000001176bf000,0x00000001177bf000)]

siginfo:si_signo=SIGSEGV: si_errno=0, si_code=0 (SEGV0), si_addr=0x0000000000000000

Registers:
RAX=0xe000000000000001, RBX=0x00007f8a02a44410, RCX=0x0000000000000000, RDX=0x00007f8a0143efa8
RSP=0x00000001177be1b0, RBP=0x00000001177be2c0, RSI=0x00000e0000000e00, RDI=0x00007f8a014443f0
R8 =0x0000000000000040, R9 =0x00000001177be100, R10=0x000000010df6866c, R11=0x000000010d870297
R12=0x00007f8a02a44200, R13=0x00007f8a0140ac70, R14=0x00000001177be208, R15=0x00007f8a014443f0
RIP=0x000000011e97e7fc, EFLAGS=0x0000000000010216, ERR=0x0000000000000000
  TRAPNO=0x000000000000000d

Top of Stack: (sp=0x00000001177be1b0)
0x00000001177be1b0:   0000000000000000 000000077af3b717
0x00000001177be1c0:   00007f8a0300a001 00007f8a02a44408
0x00000001177be1d0:   000000010caa6800 0000000000000003
0x00000001177be1e0:   00007f8a01443860 00007f8a01443890
0x00000001177be1f0:   00007f8a014452e0 000000010caa6800
0x00000001177be200:   00000001177be2a0 0000000000000000
0x00000001177be210:   00007f8a014443f0 00007f8a014443f0
0x00000001177be220:   00007f8a014443f0 0000000000000001
0x00000001177be230:   00007f8a02a447c8 000000010caa6801
0x00000001177be240:   00007f8a02a44748 000000010df5c201
0x00000001177be250:   000000000004ede0 000000010df5c233
0x00000001177be260:   00000007d7641068 00000001177be268
0x00000001177be270:   000000077af26fa9 00000001177be2f0
0x00000001177be280:   000000077af27f40 0000000000000000
0x00000001177be290:   000000077af27030 00007f8a0140ac70
0x00000001177be2a0:   0000000000000000 000000077b6ec0d8
0x00000001177be2b0:   00007f8a0143ef50 00007f8a0300a000
0x00000001177be2c0:   00000001177be2e0 000000011e961ea4
0x00000001177be2d0:   000000077b6ec0d8 00000001177be368
0x00000001177be2e0:   00000001177be340 000000010df68698
0x00000001177be2f0:   00000007d7641000 00000001177be2f8
0x00000001177be300:   00000001177be300 0000000000000000
0x00000001177be310:   00000001177be368 000000077b6ef818
0x00000001177be320:   0000000000000000 000000077b6ec0d8
0x00000001177be330:   0000000000000000 00000001177be360
0x00000001177be340:   00000001177be3c0 000000010df5c058
0x00000001177be350:   00000007d7618bc0 000000010df64cd8
0x00000001177be360:   00007f8a0140ac70 00000007d783df58
0x00000001177be370:   0000000000000009 00000007d783df58
0x00000001177be380:   00000001177be370 000000077b6d86c1
0x00000001177be390:   00000001177be3d0 000000077b6d9ee8
0x00000001177be3a0:   0000000000000000 000000077b6d86d8 

Instructions: (pc=0x000000011e97e7fc)
0x000000011e97e7dc:   d0 2d fe ff 4c 8d b5 48 ff ff ff 4c 8b bd 58 ff
0x000000011e97e7ec:   ff ff 66 90 4d 39 f7 74 31 49 8b 7f 20 48 8b 07
0x000000011e97e7fc:   48 8b 40 28 4c 89 ee ff d0 eb 0d 48 89 c7 e8 71
0x000000011e97e80c:   3a 09 00 e8 7e 3a 09 00 4c 89 ff e8 04 3a 09 00 

Register to memory mapping:

RAX=0xe000000000000001 is an unknown value
RBX=0x00007f8a02a44410 is an unknown value
RCX=0x0000000000000000 is an unknown value
RDX=0x00007f8a0143efa8 is an unknown value
RSP=0x00000001177be1b0 is pointing into the stack for thread: 0x00007f8a0300a000
RBP=0x00000001177be2c0 is pointing into the stack for thread: 0x00007f8a0300a000
RSI=0x00000e0000000e00 is an unknown value
RDI=0x00007f8a014443f0 is an unknown value
R8 =0x0000000000000040 is an unknown value
R9 =0x00000001177be100 is pointing into the stack for thread: 0x00007f8a0300a000
R10=0x000000010df6866c is at code_begin+620 in an Interpreter codelet
method entry point (kind = native)  [0x000000010df68400, 0x000000010df68c40]  2112 bytes
R11=0x000000010d870297: throw_unsatisfied_link_error+0 in /Library/Java/JavaVirtualMachines/jdk1.7.0_45.jdk/Contents/Home/jre/lib/server/libjvm.dylib at 0x000000010d400000
R12=0x00007f8a02a44200 is an unknown value
R13=0x00007f8a0140ac70 is an unknown value
R14=0x00000001177be208 is pointing into the stack for thread: 0x00007f8a0300a000
R15=0x00007f8a014443f0 is an unknown value


Stack: [0x00000001176bf000,0x00000001177bf000],  sp=0x00000001177be1b0,  free space=1020k
Native frames: (J=compiled Java code, j=interpreted, Vv=VM code, C=native code)
C  [libLeap.dylib+0x287fc]  _ZNK4Leap14InteractionBox8toStringEv+0x4f3c
C  [libLeap.dylib+0xbea4]  _ZN4Leap10ControllerD0Ev+0x34
j  com.leapmotion.leap.LeapJNI.delete_Controller(J)V+0
j  com.leapmotion.leap.Controller.delete()V+25
j  com.leapmotion.leap.Controller.finalize()V+1
v  ~StubRoutines::call_stub
V  [libjvm.dylib+0x2d6d90]
V  [libjvm.dylib+0x2d6b60]
V  [libjvm.dylib+0x30a605]
V  [libjvm.dylib+0x2fe176]
C  [libjava.dylib+0x299c]  Java_java_lang_ref_Finalizer_invokeFinalizeMethod+0x58
j  java.lang.ref.Finalizer.invokeFinalizeMethod(Ljava/lang/Object;)V+0
j  java.lang.ref.Finalizer.runFinalizer()V+45
j  java.lang.ref.Finalizer.access$100(Ljava/lang/ref/Finalizer;)V+1
j  java.lang.ref.Finalizer$FinalizerThread.run()V+24
v  ~StubRoutines::call_stub
V  [libjvm.dylib+0x2d6d90]
V  [libjvm.dylib+0x2d72a7]
V  [libjvm.dylib+0x2d73e4]
V  [libjvm.dylib+0x3263ca]
V  [libjvm.dylib+0x4efb47]
V  [libjvm.dylib+0x4f124f]
V  [libjvm.dylib+0x41b1c6]
C  [libsystem_pthread.dylib+0x1899]  _pthread_body+0x8a
C  [libsystem_pthread.dylib+0x172a]  _pthread_struct_init+0x0
C  [libsystem_pthread.dylib+0x5fc9]  thread_start+0xd

Java frames: (J=compiled Java code, j=interpreted, Vv=VM code)
j  com.leapmotion.leap.LeapJNI.delete_Controller(J)V+0
j  com.leapmotion.leap.Controller.delete()V+25
j  com.leapmotion.leap.Controller.finalize()V+1
v  ~StubRoutines::call_stub
j  java.lang.ref.Finalizer.invokeFinalizeMethod(Ljava/lang/Object;)V+0
j  java.lang.ref.Finalizer.runFinalizer()V+45
j  java.lang.ref.Finalizer.access$100(Ljava/lang/ref/Finalizer;)V+1
j  java.lang.ref.Finalizer$FinalizerThread.run()V+24
v  ~StubRoutines::call_stub

---------------  P R O C E S S  ---------------

Java Threads: ( => current thread )
  0x00007f8a02172800 JavaThread "AsynchExecutor-Thread" daemon [_thread_blocked, id=66827, stack(0x000000011daef000,0x000000011dbef000)]
  0x00007f8a02889800 JavaThread "DestroyJavaVM" [_thread_blocked, id=6915, stack(0x000000010de54000,0x000000010df54000)]
  0x00007f8a020aa000 JavaThread "LWJGL Application" [_thread_blocked, id=64515, stack(0x000000011c5c9000,0x000000011c6c9000)]
  0x00007f8a028db000 JavaThread "AppKit Thread" daemon [_thread_in_native, id=1287, stack(0x00007fff530f8000,0x00007fff53178000)]
  0x00007f8a0301e000 JavaThread "Service Thread" daemon [_thread_blocked, id=19459, stack(0x0000000117c08000,0x0000000117d08000)]
  0x00007f8a03011000 JavaThread "C2 CompilerThread1" daemon [_thread_blocked, id=18947, stack(0x0000000117b05000,0x0000000117c05000)]
  0x00007f8a0300d000 JavaThread "C2 CompilerThread0" daemon [_thread_blocked, id=18435, stack(0x0000000117a02000,0x0000000117b02000)]
  0x00007f8a01807000 JavaThread "Signal Dispatcher" daemon [_thread_blocked, id=17923, stack(0x00000001178ff000,0x00000001179ff000)]
=>0x00007f8a0300a000 JavaThread "Finalizer" daemon [_thread_in_native, id=13059, stack(0x00000001176bf000,0x00000001177bf000)]
  0x00007f8a03007000 JavaThread "Reference Handler" daemon [_thread_blocked, id=12547, stack(0x00000001175bc000,0x00000001176bc000)]

Other Threads:
  0x00007f8a03006800 VMThread [stack: 0x00000001174b9000,0x00000001175b9000] [id=12035]
  0x00007f8a0180f800 WatcherThread [stack: 0x0000000117d0b000,0x0000000117e0b000] [id=19971]

VM state:not at safepoint (normal execution)

VM Mutex/Monitor currently owned by a thread: None

Heap
 PSYoungGen      total 38912K, used 3012K [0x00000007d5500000, 0x00000007d8000000, 0x0000000800000000)
  eden space 33792K, 1% used [0x00000007d5500000,0x00000007d55937e0,0x00000007d7600000)
  from space 5120K, 47% used [0x00000007d7600000,0x00000007d785d840,0x00000007d7b00000)
  to   space 5120K, 0% used [0x00000007d7b00000,0x00000007d7b00000,0x00000007d8000000)
 ParOldGen       total 87040K, used 425K [0x0000000780000000, 0x0000000785500000, 0x00000007d5500000)
  object space 87040K, 0% used [0x0000000780000000,0x000000078006a700,0x0000000785500000)
 PSPermGen       total 21504K, used 9366K [0x000000077ae00000, 0x000000077c300000, 0x0000000780000000)
  object space 21504K, 43% used [0x000000077ae00000,0x000000077b725b58,0x000000077c300000)

Card table byte_map: [0x0000000111016000,0x0000000111440000] byte_map_base: 0x000000010d43f000

Polling page: 0x000000010cbd9000

Code Cache  [0x000000010df56000, 0x000000010e1c6000, 0x0000000110f56000)
 total_blobs=740 nmethods=352 adapters=342 free_code_cache=47786Kb largest_free_block=48889728

Compilation events (10 events):
Event: 169.528 Thread 0x00007f8a0300d000 nmethod 340 0x000000010e087bd0 code [0x000000010e087d80, 0x000000010e088038]
Event: 169.528 Thread 0x00007f8a0300d000  341             ox.musicalfingers.display.MusicalFingers::draw (11 bytes)
Event: 169.569 Thread 0x00007f8a0300d000 nmethod 341 0x000000010e09abd0 code [0x000000010e09b240, 0x000000010e09d7d0]
Event: 169.569 Thread 0x00007f8a0300d000  342             org.lwjgl.opengl.Display::sync (5 bytes)
Event: 169.569 Thread 0x00007f8a0300d000 nmethod 342 0x000000010e08b7d0 code [0x000000010e08b920, 0x000000010e08b988]
Event: 169.631 Thread 0x00007f8a03011000 nmethod 339 0x000000010e0a5f90 code [0x000000010e0a68e0, 0x000000010e0aa6f8]
Event: 174.667 Thread 0x00007f8a0300d000  345             com.badlogic.gdx.backends.openal.OpenALAudio::update (43 bytes)
Event: 174.668 Thread 0x00007f8a0300d000 nmethod 345 0x000000010e0885d0 code [0x000000010e088720, 0x000000010e088818]
Event: 244.306 Thread 0x00007f8a03011000  352 % !         com.badlogic.gdx.backends.lwjgl.LwjglApplication::mainLoop @ 94 (820 bytes)
Event: 244.339 Thread 0x00007f8a03011000 nmethod 352% 0x000000010e0b0ed0 code [0x000000010e0b1380, 0x000000010e0b3f38]

GC Heap History (6 events):
Event: 1.894 GC heap before
{Heap before GC invocations=1 (full 0):
 PSYoungGen      total 38912K, used 32841K [0x00000007d5500000, 0x00000007d8000000, 0x0000000800000000)
  eden space 33792K, 97% used [0x00000007d5500000,0x00000007d75127f0,0x00000007d7600000)
  from space 5120K, 0% used [0x00000007d7b00000,0x00000007d7b00000,0x00000007d8000000)
  to   space 5120K, 0% used [0x00000007d7600000,0x00000007d7600000,0x00000007d7b00000)
 ParOldGen       total 87040K, used 0K [0x0000000780000000, 0x0000000785500000, 0x00000007d5500000)
  object space 87040K, 0% used [0x0000000780000000,0x0000000780000000,0x0000000785500000)
 PSPermGen       total 21504K, used 8584K [0x000000077ae00000, 0x000000077c300000, 0x0000000780000000)
  object space 21504K, 39% used [0x000000077ae00000,0x000000077b662070,0x000000077c300000)
Event: 1.900 GC heap after
Heap after GC invocations=1 (full 0):
 PSYoungGen      total 38912K, used 5114K [0x00000007d5500000, 0x00000007d8000000, 0x0000000800000000)
  eden space 33792K, 0% used [0x00000007d5500000,0x00000007d5500000,0x00000007d7600000)
  from space 5120K, 99% used [0x00000007d7600000,0x00000007d7afeab8,0x00000007d7b00000)
  to   space 5120K, 0% used [0x00000007d7b00000,0x00000007d7b00000,0x00000007d8000000)
 ParOldGen       total 87040K, used 409K [0x0000000780000000, 0x0000000785500000, 0x00000007d5500000)
  object space 87040K, 0% used [0x0000000780000000,0x0000000780066700,0x0000000785500000)
 PSPermGen       total 21504K, used 8584K [0x000000077ae00000, 0x000000077c300000, 0x0000000780000000)
  object space 21504K, 39% used [0x000000077ae00000,0x000000077b662070,0x000000077c300000)
}
Event: 2.258 GC heap before
{Heap before GC invocations=2 (full 0):
 PSYoungGen      total 38912K, used 38388K [0x00000007d5500000, 0x00000007d8000000, 0x0000000800000000)
  eden space 33792K, 98% used [0x00000007d5500000,0x00000007d757e5c0,0x00000007d7600000)
  from space 5120K, 99% used [0x00000007d7600000,0x00000007d7afeab8,0x00000007d7b00000)
  to   space 5120K, 0% used [0x00000007d7b00000,0x00000007d7b00000,0x00000007d8000000)
 ParOldGen       total 87040K, used 409K [0x0000000780000000, 0x0000000785500000, 0x00000007d5500000)
  object space 87040K, 0% used [0x0000000780000000,0x0000000780066700,0x0000000785500000)
 PSPermGen       total 21504K, used 8588K [0x000000077ae00000, 0x000000077c300000, 0x0000000780000000)
  object space 21504K, 39% used [0x000000077ae00000,0x000000077b663188,0x000000077c300000)
Event: 2.261 GC heap after
Heap after GC invocations=2 (full 0):
 PSYoungGen      total 38912K, used 2510K [0x00000007d5500000, 0x00000007d8000000, 0x0000000800000000)
  eden space 33792K, 0% used [0x00000007d5500000,0x00000007d5500000,0x00000007d7600000)
  from space 5120K, 49% used [0x00000007d7b00000,0x00000007d7d738a0,0x00000007d8000000)
  to   space 5120K, 0% used [0x00000007d7600000,0x00000007d7600000,0x00000007d7b00000)
 ParOldGen       total 87040K, used 417K [0x0000000780000000, 0x0000000785500000, 0x00000007d5500000)
  object space 87040K, 0% used [0x0000000780000000,0x0000000780068700,0x0000000785500000)
 PSPermGen       total 21504K, used 8588K [0x000000077ae00000, 0x000000077c300000, 0x0000000780000000)
  object space 21504K, 39% used [0x000000077ae00000,0x000000077b663188,0x000000077c300000)
}
Event: 889.455 GC heap before
{Heap before GC invocations=3 (full 0):
 PSYoungGen      total 38912K, used 36302K [0x00000007d5500000, 0x00000007d8000000, 0x0000000800000000)
  eden space 33792K, 100% used [0x00000007d5500000,0x00000007d7600000,0x00000007d7600000)
  from space 5120K, 49% used [0x00000007d7b00000,0x00000007d7d738a0,0x00000007d8000000)
  to   space 5120K, 0% used [0x00000007d7600000,0x00000007d7600000,0x00000007d7b00000)
 ParOldGen       total 87040K, used 417K [0x0000000780000000, 0x0000000785500000, 0x00000007d5500000)
  object space 87040K, 0% used [0x0000000780000000,0x0000000780068700,0x0000000785500000)
 PSPermGen       total 21504K, used 9366K [0x000000077ae00000, 0x000000077c300000, 0x0000000780000000)
  object space 21504K, 43% used [0x000000077ae00000,0x000000077b725b58,0x000000077c300000)
Event: 889.458 GC heap after
Heap after GC invocations=3 (full 0):
 PSYoungGen      total 38912K, used 2422K [0x00000007d5500000, 0x00000007d8000000, 0x0000000800000000)
  eden space 33792K, 0% used [0x00000007d5500000,0x00000007d5500000,0x00000007d7600000)
  from space 5120K, 47% used [0x00000007d7600000,0x00000007d785d840,0x00000007d7b00000)
  to   space 5120K, 0% used [0x00000007d7b00000,0x00000007d7b00000,0x00000007d8000000)
 ParOldGen       total 87040K, used 425K [0x0000000780000000, 0x0000000785500000, 0x00000007d5500000)
  object space 87040K, 0% used [0x0000000780000000,0x000000078006a700,0x0000000785500000)
 PSPermGen       total 21504K, used 9366K [0x000000077ae00000, 0x000000077c300000, 0x0000000780000000)
  object space 21504K, 43% used [0x000000077ae00000,0x000000077b725b58,0x000000077c300000)
}

Deoptimization events (1 events):
Event: 52.204 Thread 0x00007f8a020aa000 Uncommon trap: reason=unreached action=reinterpret pc=0x000000010e021230 method=com.badlogic.gdx.scenes.scene2d.Stage.act(F)V @ 32

Internal exceptions (10 events):
Event: 3.947 Thread 0x00007f8a020aa000 Threw 0x00000007d5d0d7b0 at /HUDSON/workspace/7u-2-build-macosx-x86_64/jdk7u45/229/hotspot/src/share/vm/prims/jvm.cpp:1244
Event: 3.947 Thread 0x00007f8a020aa000 Threw 0x00000007d5d12898 at /HUDSON/workspace/7u-2-build-macosx-x86_64/jdk7u45/229/hotspot/src/share/vm/prims/jvm.cpp:1244
Event: 3.948 Thread 0x00007f8a020aa000 Threw 0x00000007d5d177b8 at /HUDSON/workspace/7u-2-build-macosx-x86_64/jdk7u45/229/hotspot/src/share/vm/prims/jvm.cpp:1244
Event: 3.949 Thread 0x00007f8a020aa000 Threw 0x00000007d5d1e2a8 at /HUDSON/workspace/7u-2-build-macosx-x86_64/jdk7u45/229/hotspot/src/share/vm/prims/jvm.cpp:1244
Event: 3.951 Thread 0x00007f8a020aa000 Threw 0x00000007d5d25048 at /HUDSON/workspace/7u-2-build-macosx-x86_64/jdk7u45/229/hotspot/src/share/vm/prims/jvm.cpp:1244
Event: 3.952 Thread 0x00007f8a020aa000 Threw 0x00000007d5d2c3d8 at /HUDSON/workspace/7u-2-build-macosx-x86_64/jdk7u45/229/hotspot/src/share/vm/prims/jvm.cpp:1244
Event: 3.954 Thread 0x00007f8a020aa000 Threw 0x00000007d5d314f0 at /HUDSON/workspace/7u-2-build-macosx-x86_64/jdk7u45/229/hotspot/src/share/vm/prims/jvm.cpp:1244
Event: 7.498 Thread 0x00007f8a020aa000 Threw 0x00000007d5d62d60 at /HUDSON/workspace/7u-2-build-macosx-x86_64/jdk7u45/229/hotspot/src/share/vm/prims/jvm.cpp:1244
Event: 15.680 Thread 0x00007f8a020aa000 Threw 0x00000007d5ee9650 at /HUDSON/workspace/7u-2-build-macosx-x86_64/jdk7u45/229/hotspot/src/share/vm/prims/jvm.cpp:1244
Event: 15.680 Thread 0x00007f8a020aa000 Threw 0x00000007d5eec480 at /HUDSON/workspace/7u-2-build-macosx-x86_64/jdk7u45/229/hotspot/src/share/vm/prims/jvm.cpp:1244

Events (10 events):
Event: 889.461 Executing VM operation: RevokeBias
Event: 889.461 Executing VM operation: RevokeBias done
Event: 889.461 Executing VM operation: BulkRevokeBias
Event: 889.461 Executing VM operation: BulkRevokeBias done
Event: 889.461 Executing VM operation: RevokeBias
Event: 889.461 Executing VM operation: RevokeBias done
Event: 889.461 Executing VM operation: RevokeBias
Event: 889.461 Executing VM operation: RevokeBias done
Event: 889.461 Executing VM operation: RevokeBias
Event: 889.461 Executing VM operation: RevokeBias done


Dynamic libraries:
0x000000000ca94000 	/System/Library/Frameworks/Cocoa.framework/Versions/A/Cocoa
0x000000000ca94000 	/System/Library/Frameworks/Security.framework/Versions/A/Security
0x000000000ca94000 	/System/Library/Frameworks/ApplicationServices.framework/Versions/A/ApplicationServices
0x000000000ca94000 	/usr/lib/libz.1.dylib
0x000000000ca94000 	/usr/lib/libSystem.B.dylib
0x000000000ca94000 	/usr/lib/libobjc.A.dylib
0x000000000ca94000 	/System/Library/Frameworks/CoreFoundation.framework/Versions/A/CoreFoundation
0x000000000ca94000 	/System/Library/Frameworks/Foundation.framework/Versions/C/Foundation
0x000000000ca94000 	/System/Library/Frameworks/AppKit.framework/Versions/C/AppKit
0x000000000ca94000 	/System/Library/Frameworks/CoreData.framework/Versions/A/CoreData
0x000000000ca94000 	/System/Library/PrivateFrameworks/RemoteViewServices.framework/Versions/A/RemoteViewServices
0x000000000ca94000 	/System/Library/Frameworks/AudioToolbox.framework/Versions/A/AudioToolbox
0x000000000ca94000 	/System/Library/Frameworks/AudioUnit.framework/Versions/A/AudioUnit
0x000000000ca94000 	/System/Library/PrivateFrameworks/DataDetectorsCore.framework/Versions/A/DataDetectorsCore
0x000000000ca94000 	/System/Library/PrivateFrameworks/DesktopServicesPriv.framework/Versions/A/DesktopServicesPriv
0x000000000ca94000 	/System/Library/Frameworks/Carbon.framework/Versions/A/Frameworks/HIToolbox.framework/Versions/A/HIToolbox
0x000000000ca94000 	/System/Library/Frameworks/QuartzCore.framework/Versions/A/QuartzCore
0x000000000ca94000 	/System/Library/Frameworks/Carbon.framework/Versions/A/Frameworks/SpeechRecognition.framework/Versions/A/SpeechRecognition
0x000000000ca94000 	/usr/lib/libauto.dylib
0x000000000ca94000 	/usr/lib/libicucore.A.dylib
0x000000000ca94000 	/usr/lib/libxml2.2.dylib
0x000000000ca94000 	/System/Library/PrivateFrameworks/CoreUI.framework/Versions/A/CoreUI
0x000000000ca94000 	/System/Library/Frameworks/CoreAudio.framework/Versions/A/CoreAudio
0x000000000ca94000 	/System/Library/Frameworks/DiskArbitration.framework/Versions/A/DiskArbitration
0x000000000ca94000 	/usr/lib/liblangid.dylib
0x000000000ca94000 	/System/Library/PrivateFrameworks/MultitouchSupport.framework/Versions/A/MultitouchSupport
0x000000000ca94000 	/System/Library/Frameworks/IOKit.framework/Versions/A/IOKit
0x000000000ca94000 	/usr/lib/libDiagnosticMessagesClient.dylib
0x000000000ca94000 	/System/Library/Frameworks/CoreServices.framework/Versions/A/CoreServices
0x000000000ca94000 	/System/Library/PrivateFrameworks/PerformanceAnalysis.framework/Versions/A/PerformanceAnalysis
0x000000000ca94000 	/System/Library/PrivateFrameworks/GenerationalStorage.framework/Versions/A/GenerationalStorage
0x000000000ca94000 	/System/Library/Frameworks/OpenGL.framework/Versions/A/OpenGL
0x000000000ca94000 	/System/Library/PrivateFrameworks/Sharing.framework/Versions/A/Sharing
0x000000000ca94000 	/System/Library/Frameworks/ImageIO.framework/Versions/A/ImageIO
0x000000000ca94000 	/System/Library/Frameworks/CoreText.framework/Versions/A/CoreText
0x000000000ca94000 	/System/Library/Frameworks/CoreGraphics.framework/Versions/A/CoreGraphics
0x000000000ca94000 	/System/Library/PrivateFrameworks/Backup.framework/Versions/A/Backup
0x000000000ca94000 	/System/Library/Frameworks/CFNetwork.framework/Versions/A/CFNetwork
0x000000000ca94000 	/System/Library/Frameworks/SystemConfiguration.framework/Versions/A/SystemConfiguration
0x000000000ca94000 	/usr/lib/libCRFSuite.dylib
0x000000000ca94000 	/usr/lib/libc++.1.dylib
0x000000000ca94000 	/usr/lib/libc++abi.dylib
0x000000000ca94000 	/usr/lib/system/libcache.dylib
0x000000000ca94000 	/usr/lib/system/libcommonCrypto.dylib
0x000000000ca94000 	/usr/lib/system/libcompiler_rt.dylib
0x000000000ca94000 	/usr/lib/system/libcopyfile.dylib
0x000000000ca94000 	/usr/lib/system/libcorecrypto.dylib
0x000000000ca94000 	/usr/lib/system/libdispatch.dylib
0x000000000ca94000 	/usr/lib/system/libdyld.dylib
0x000000000ca94000 	/usr/lib/system/libkeymgr.dylib
0x000000000ca94000 	/usr/lib/system/liblaunch.dylib
0x000000000ca94000 	/usr/lib/system/libmacho.dylib
0x000000000ca94000 	/usr/lib/system/libquarantine.dylib
0x000000000ca94000 	/usr/lib/system/libremovefile.dylib
0x000000000ca94000 	/usr/lib/system/libsystem_asl.dylib
0x000000000ca94000 	/usr/lib/system/libsystem_blocks.dylib
0x000000000ca94000 	/usr/lib/system/libsystem_c.dylib
0x000000000ca94000 	/usr/lib/system/libsystem_configuration.dylib
0x000000000ca94000 	/usr/lib/system/libsystem_dnssd.dylib
0x000000000ca94000 	/usr/lib/system/libsystem_info.dylib
0x000000000ca94000 	/usr/lib/system/libsystem_kernel.dylib
0x000000000ca94000 	/usr/lib/system/libsystem_m.dylib
0x000000000ca94000 	/usr/lib/system/libsystem_malloc.dylib
0x000000000ca94000 	/usr/lib/system/libsystem_network.dylib
0x000000000ca94000 	/usr/lib/system/libsystem_notify.dylib
0x000000000ca94000 	/usr/lib/system/libsystem_platform.dylib
0x000000000ca94000 	/usr/lib/system/libsystem_pthread.dylib
0x000000000ca94000 	/usr/lib/system/libsystem_sandbox.dylib
0x000000000ca94000 	/usr/lib/system/libsystem_stats.dylib
0x000000000ca94000 	/usr/lib/system/libunc.dylib
0x000000000ca94000 	/usr/lib/system/libunwind.dylib
0x000000000ca94000 	/usr/lib/system/libxpc.dylib
0x000000000ca94000 	/usr/lib/libbsm.0.dylib
0x000000000ca94000 	/usr/lib/libsqlite3.dylib
0x000000000ca94000 	/usr/lib/libxar.1.dylib
0x000000000ca94000 	/usr/lib/libpam.2.dylib
0x000000000ca94000 	/usr/lib/libOpenScriptingUtil.dylib
0x000000000ca94000 	/usr/lib/libbz2.1.0.dylib
0x000000000ca94000 	/System/Library/Frameworks/CoreServices.framework/Versions/A/Frameworks/CarbonCore.framework/Versions/A/CarbonCore
0x000000000ca94000 	/System/Library/Frameworks/CoreServices.framework/Versions/A/Frameworks/Metadata.framework/Versions/A/Metadata
0x000000000ca94000 	/System/Library/Frameworks/CoreServices.framework/Versions/A/Frameworks/OSServices.framework/Versions/A/OSServices
0x000000000ca94000 	/System/Library/Frameworks/CoreServices.framework/Versions/A/Frameworks/SearchKit.framework/Versions/A/SearchKit
0x000000000ca94000 	/System/Library/Frameworks/CoreServices.framework/Versions/A/Frameworks/AE.framework/Versions/A/AE
0x000000000ca94000 	/System/Library/Frameworks/CoreServices.framework/Versions/A/Frameworks/LaunchServices.framework/Versions/A/LaunchServices
0x000000000ca94000 	/System/Library/Frameworks/CoreServices.framework/Versions/A/Frameworks/DictionaryServices.framework/Versions/A/DictionaryServices
0x000000000ca94000 	/System/Library/Frameworks/NetFS.framework/Versions/A/NetFS
0x000000000ca94000 	/usr/lib/system/libkxld.dylib
0x000000000ca94000 	/System/Library/PrivateFrameworks/NetAuth.framework/Versions/A/NetAuth
0x000000000ca94000 	/System/Library/PrivateFrameworks/TCC.framework/Versions/A/TCC
0x000000000ca94000 	/System/Library/Frameworks/OpenDirectory.framework/Versions/A/Frameworks/CFOpenDirectory.framework/Versions/A/CFOpenDirectory
0x000000000ca94000 	/System/Library/Frameworks/ServiceManagement.framework/Versions/A/ServiceManagement
0x000000000ca94000 	/usr/lib/libxslt.1.dylib
0x000000000ca94000 	/System/Library/Frameworks/Carbon.framework/Versions/A/Frameworks/Ink.framework/Versions/A/Ink
0x000000000ca94000 	/System/Library/Frameworks/ApplicationServices.framework/Versions/A/Frameworks/ATS.framework/Versions/A/ATS
0x000000000ca94000 	/System/Library/Frameworks/ApplicationServices.framework/Versions/A/Frameworks/ColorSync.framework/Versions/A/ColorSync
0x000000000ca94000 	/System/Library/Frameworks/ApplicationServices.framework/Versions/A/Frameworks/HIServices.framework/Versions/A/HIServices
0x000000000ca94000 	/System/Library/Frameworks/ApplicationServices.framework/Versions/A/Frameworks/LangAnalysis.framework/Versions/A/LangAnalysis
0x000000000ca94000 	/System/Library/Frameworks/ApplicationServices.framework/Versions/A/Frameworks/PrintCore.framework/Versions/A/PrintCore
0x000000000ca94000 	/System/Library/Frameworks/ApplicationServices.framework/Versions/A/Frameworks/QD.framework/Versions/A/QD
0x000000000ca94000 	/System/Library/Frameworks/ApplicationServices.framework/Versions/A/Frameworks/SpeechSynthesis.framework/Versions/A/SpeechSynthesis
0x000000000ca94000 	/System/Library/Frameworks/IOSurface.framework/Versions/A/IOSurface
0x000000000ca94000 	/System/Library/Frameworks/Accelerate.framework/Versions/A/Accelerate
0x000000000ca94000 	/System/Library/Frameworks/Accelerate.framework/Versions/A/Frameworks/vImage.framework/Versions/A/vImage
0x000000000ca94000 	/System/Library/Frameworks/Accelerate.framework/Versions/A/Frameworks/vecLib.framework/Versions/A/vecLib
0x000000000ca94000 	/System/Library/Frameworks/Accelerate.framework/Versions/A/Frameworks/vecLib.framework/Versions/A/libvDSP.dylib
0x000000000ca94000 	/System/Library/Frameworks/Accelerate.framework/Versions/A/Frameworks/vecLib.framework/Versions/A/libvMisc.dylib
0x000000000ca94000 	/System/Library/Frameworks/Accelerate.framework/Versions/A/Frameworks/vecLib.framework/Versions/A/libLAPACK.dylib
0x000000000ca94000 	/System/Library/Frameworks/Accelerate.framework/Versions/A/Frameworks/vecLib.framework/Versions/A/libBLAS.dylib
0x000000000ca94000 	/System/Library/Frameworks/ApplicationServices.framework/Versions/A/Frameworks/ATS.framework/Versions/A/Resources/libFontParser.dylib
0x000000000ca94000 	/System/Library/Frameworks/ApplicationServices.framework/Versions/A/Frameworks/ATS.framework/Versions/A/Resources/libFontRegistry.dylib
0x000000000ca94000 	/System/Library/Frameworks/ImageIO.framework/Versions/A/Resources/libJPEG.dylib
0x000000000ca94000 	/System/Library/Frameworks/ImageIO.framework/Versions/A/Resources/libTIFF.dylib
0x000000000ca94000 	/System/Library/Frameworks/ImageIO.framework/Versions/A/Resources/libPng.dylib
0x000000000ca94000 	/System/Library/Frameworks/ImageIO.framework/Versions/A/Resources/libGIF.dylib
0x000000000ca94000 	/System/Library/Frameworks/ImageIO.framework/Versions/A/Resources/libJP2.dylib
0x000000000ca94000 	/System/Library/Frameworks/ImageIO.framework/Versions/A/Resources/libRadiance.dylib
0x000000000ca94000 	/usr/lib/libcups.2.dylib
0x000000000ca94000 	/System/Library/Frameworks/Kerberos.framework/Versions/A/Kerberos
0x000000000ca94000 	/System/Library/Frameworks/GSS.framework/Versions/A/GSS
0x000000000ca94000 	/usr/lib/libresolv.9.dylib
0x000000000ca94000 	/usr/lib/libiconv.2.dylib
0x000000000ca94000 	/System/Library/PrivateFrameworks/Heimdal.framework/Versions/A/Heimdal
0x000000000ca94000 	/System/Library/PrivateFrameworks/TrustEvaluationAgent.framework/Versions/A/TrustEvaluationAgent
0x000000000ca94000 	/usr/lib/libheimdal-asn1.dylib
0x000000000ca94000 	/System/Library/Frameworks/OpenDirectory.framework/Versions/A/OpenDirectory
0x000000000ca94000 	/System/Library/PrivateFrameworks/CommonAuth.framework/Versions/A/CommonAuth
0x000000000ca94000 	/System/Library/Frameworks/SecurityFoundation.framework/Versions/A/SecurityFoundation
0x000000000ca94000 	/System/Library/PrivateFrameworks/Bom.framework/Versions/A/Bom
0x000000000ca94000 	/System/Library/Frameworks/CoreVideo.framework/Versions/A/CoreVideo
0x000000000ca94000 	/System/Library/Frameworks/QuartzCore.framework/Versions/A/Frameworks/CoreImage.framework/Versions/A/CoreImage
0x000000000ca94000 	/System/Library/Frameworks/QuartzCore.framework/Versions/A/Frameworks/ScalableUserInterface.framework/Versions/A/ScalableUserInterface
0x000000000ca94000 	/System/Library/Frameworks/OpenGL.framework/Versions/A/Libraries/libGLU.dylib
0x000000000ca94000 	/System/Library/Frameworks/OpenGL.framework/Versions/A/Libraries/libGFXShared.dylib
0x000000000ca94000 	/System/Library/Frameworks/OpenGL.framework/Versions/A/Libraries/libGL.dylib
0x000000000ca94000 	/System/Library/Frameworks/OpenGL.framework/Versions/A/Libraries/libGLImage.dylib
0x000000000ca94000 	/System/Library/Frameworks/OpenGL.framework/Versions/A/Libraries/libCVMSPluginSupport.dylib
0x000000000ca94000 	/System/Library/Frameworks/OpenGL.framework/Versions/A/Libraries/libCoreVMClient.dylib
0x000000000ca94000 	/System/Library/PrivateFrameworks/FaceCore.framework/Versions/A/FaceCore
0x000000000ca94000 	/System/Library/PrivateFrameworks/CrashReporterSupport.framework/Versions/A/CrashReporterSupport
0x000000000ca94000 	/System/Library/Frameworks/OpenCL.framework/Versions/A/OpenCL
0x000000000ca94000 	/System/Library/PrivateFrameworks/AppleFSCompression.framework/Versions/A/AppleFSCompression
0x000000000ca94000 	/System/Library/PrivateFrameworks/Ubiquity.framework/Versions/A/Ubiquity
0x000000000ca94000 	/System/Library/PrivateFrameworks/IconServices.framework/Versions/A/IconServices
0x000000000ca94000 	/System/Library/PrivateFrameworks/ChunkingLibrary.framework/Versions/A/ChunkingLibrary
0x000000000ca94000 	/System/Library/PrivateFrameworks/CoreSymbolication.framework/Versions/A/CoreSymbolication
0x000000000ca94000 	/System/Library/PrivateFrameworks/Symbolication.framework/Versions/A/Symbolication
0x000000000ca94000 	/System/Library/PrivateFrameworks/DebugSymbols.framework/Versions/A/DebugSymbols
0x000000010d400000 	/Library/Java/JavaVirtualMachines/jdk1.7.0_45.jdk/Contents/Home/jre/lib/server/libjvm.dylib
0x000000000ca94000 	/usr/lib/libstdc++.6.dylib
0x000000010cb9c000 	/Library/Java/JavaVirtualMachines/jdk1.7.0_45.jdk/Contents/Home/jre/lib/libverify.dylib
0x000000010cba9000 	/Library/Java/JavaVirtualMachines/jdk1.7.0_45.jdk/Contents/Home/jre/lib/libjava.dylib
0x000000010cbe3000 	/Library/Java/JavaVirtualMachines/jdk1.7.0_45.jdk/Contents/Home/jre/lib/libzip.dylib
0x00000001177c1000 	/System/Library/Frameworks/JavaVM.framework/Frameworks/JavaRuntimeSupport.framework/JavaRuntimeSupport
0x00000001177d9000 	/System/Library/Frameworks/JavaVM.framework/Versions/A/Frameworks/JavaNativeFoundation.framework/Versions/A/JavaNativeFoundation
0x000000010cbed000 	/System/Library/Frameworks/JavaVM.framework/Versions/A/JavaVM
0x000000000ca94000 	/System/Library/Frameworks/Carbon.framework/Versions/A/Carbon
0x00000001177ed000 	/System/Library/PrivateFrameworks/JavaLaunching.framework/Versions/A/JavaLaunching
0x000000000ca94000 	/System/Library/Frameworks/Carbon.framework/Versions/A/Frameworks/CommonPanels.framework/Versions/A/CommonPanels
0x000000000ca94000 	/System/Library/Frameworks/Carbon.framework/Versions/A/Frameworks/Help.framework/Versions/A/Help
0x000000000ca94000 	/System/Library/Frameworks/Carbon.framework/Versions/A/Frameworks/ImageCapture.framework/Versions/A/ImageCapture
0x000000000ca94000 	/System/Library/Frameworks/Carbon.framework/Versions/A/Frameworks/OpenScripting.framework/Versions/A/OpenScripting
0x000000000ca94000 	/System/Library/Frameworks/Carbon.framework/Versions/A/Frameworks/Print.framework/Versions/A/Print
0x000000000ca94000 	/System/Library/Frameworks/Carbon.framework/Versions/A/Frameworks/SecurityHI.framework/Versions/A/SecurityHI
0x0000000117e5c000 	/private/var/folders/rn/7l44jphj0g7gs2jyys0_x7840000gn/T/libgdxPhilo/92bf976d/libgdx.dylib
0x0000000117f29000 	/Library/Java/JavaVirtualMachines/jdk1.7.0_45.jdk/Contents/Home/jre/lib/libawt.dylib
0x0000000117fd8000 	/Library/Java/JavaVirtualMachines/jdk1.7.0_45.jdk/Contents/Home/jre/lib/./libmlib_image.dylib
0x00000001180a4000 	/Library/Java/JavaVirtualMachines/jdk1.7.0_45.jdk/Contents/Home/jre/lib/lwawt/liblwawt.dylib
0x0000000118158000 	/Library/Java/JavaVirtualMachines/jdk1.7.0_45.jdk/Contents/Home/jre/lib/libosxapp.dylib
0x000000000ca94000 	/System/Library/Frameworks/ExceptionHandling.framework/Versions/A/ExceptionHandling
0x000000000ca94000 	/System/Library/PrivateFrameworks/CoreServicesInternal.framework/Versions/A/CoreServicesInternal
0x000000000ca94000 	/System/Library/PrivateFrameworks/Librarian.framework/Versions/A/Librarian
0x000000000ca94000 	/System/Library/Frameworks/CoreGraphics.framework/Versions/A/Resources/libCGCMS.A.dylib
0x000000000ca94000 	/System/Library/Frameworks/CoreGraphics.framework/Versions/A/Resources/libRIP.A.dylib
0x000000000ca94000 	/System/Library/Frameworks/CoreGraphics.framework/Versions/A/Resources/libCGXType.A.dylib
0x000000000ca94000 	/System/Library/PrivateFrameworks/FamilyControls.framework/Versions/A/FamilyControls
0x000000000ca94000 	/System/Library/PrivateFrameworks/CommerceKit.framework/Versions/A/Frameworks/CommerceCore.framework/Versions/A/CommerceCore
0x000000000ca94000 	/System/Library/PrivateFrameworks/SystemAdministration.framework/Versions/A/SystemAdministration
0x000000000ca94000 	/System/Library/Frameworks/DirectoryService.framework/Versions/A/DirectoryService
0x000000000ca94000 	/System/Library/PrivateFrameworks/DiskImages.framework/Versions/A/DiskImages
0x000000000ca94000 	/System/Library/PrivateFrameworks/LoginUIKit.framework/Versions/A/Frameworks/LoginUICore.framework/Versions/A/LoginUICore
0x000000000ca94000 	/usr/lib/libCoreStorage.dylib
0x000000000ca94000 	/usr/lib/libcsfde.dylib
0x000000000ca94000 	/usr/lib/libodfde.dylib
0x000000000ca94000 	/System/Library/Frameworks/DiscRecording.framework/Versions/A/DiscRecording
0x000000000ca94000 	/usr/lib/libcurl.4.dylib
0x000000000ca94000 	/System/Library/PrivateFrameworks/MediaKit.framework/Versions/A/MediaKit
0x000000000ca94000 	/System/Library/PrivateFrameworks/EFILogin.framework/Versions/A/EFILogin
0x000000000ca94000 	/usr/lib/libutil.dylib
0x000000000ca94000 	/System/Library/PrivateFrameworks/AOSNotification.framework/Versions/A/AOSNotification
0x000000000ca94000 	/System/Library/Frameworks/LDAP.framework/Versions/A/LDAP
0x000000000ca94000 	/usr/lib/libsasl2.2.dylib
0x000000000ca94000 	/usr/lib/libcrypto.0.9.8.dylib
0x000000000ca94000 	/usr/lib/libssl.0.9.8.dylib
0x000000011c126000 	/Library/Java/JavaVirtualMachines/jdk1.7.0_45.jdk/Contents/Home/jre/lib/libfontmanager.dylib
0x000000011c18a000 	/private/var/folders/rn/7l44jphj0g7gs2jyys0_x7840000gn/T/libgdxPhilo/75260a42/liblwjgl.jnilib
0x000000011a749000 	/Library/Java/JavaVirtualMachines/jdk1.7.0_45.jdk/Contents/Home/jre/lib/libjawt.dylib
0x000000011c205000 	/var/folders/rn/7l44jphj0g7gs2jyys0_x7840000gn/T/libgdxPhilo/75260a42/openal.dylib
0x000000011c274000 	/System/Library/Components/CoreAudio.component/Contents/MacOS/CoreAudio
0x000000011c4ef000 	/System/Library/Extensions/AppleHDA.kext/Contents/PlugIns/AppleHDAHALPlugIn.bundle/Contents/MacOS/AppleHDAHALPlugIn
0x000000000ca94000 	/System/Library/Frameworks/OpenGL.framework/Versions/A/Resources/GLEngine.bundle/GLEngine
0x000000000ca94000 	/System/Library/Frameworks/OpenGL.framework/Versions/A/Libraries/libGLProgrammability.dylib
0x0000000000000000 	/System/Library/Extensions/GeForceGLDriver.bundle/Contents/MacOS/GeForceGLDriver
0x000000000ca94000 	/System/Library/PrivateFrameworks/IOAccelerator.framework/Versions/A/IOAccelerator
0x000000000ca94000 	/System/Library/PrivateFrameworks/GPUSupport.framework/Versions/A/Libraries/libGPUSupportMercury.dylib
0x000000000ca94000 	/System/Library/Extensions/GeForceGLDriver.bundle/Contents/MacOS/libclh.dylib
0x000000000ca94000 	/System/Library/Frameworks/OpenGL.framework/Versions/A/Resources/GLRendererFloat.bundle/GLRendererFloat
0x000000000ca94000 	/System/Library/Frameworks/OpenCL.framework/Versions/A/Libraries/libcldcpuengine.dylib
0x000000011d2ad000 	/Users/Philo/Downloads/musical-fingers-master 9/Musical-fingers/lib/x64/libLeapJava.dylib
0x000000011e956000 	/Users/Philo/Downloads/musical-fingers-master 9/Musical-fingers/lib/x64/libLeap.dylib

VM Arguments:
jvm_args: -Djava.library.path=/Users/Philo/Downloads/musical-fingers-master 9/Musical-fingers/lib/x64 -Dfile.encoding=US-ASCII 
java_command: ox.musicalfingers.display.Main
Launcher Type: SUN_STANDARD

Environment Variables:
PATH=/usr/bin:/bin:/usr/sbin:/sbin
SHELL=/bin/bash

Signal Handlers:
SIGSEGV: [libjvm.dylib+0x525415], sa_mask[0]=0xfffefeff, sa_flags=0x00000043
SIGBUS: [libjvm.dylib+0x525415], sa_mask[0]=0xfffefeff, sa_flags=0x00000042
SIGFPE: [libjvm.dylib+0x41891a], sa_mask[0]=0xfffefeff, sa_flags=0x00000042
SIGPIPE: [libjvm.dylib+0x41891a], sa_mask[0]=0xfffefeff, sa_flags=0x00000042
SIGXFSZ: [libjvm.dylib+0x41891a], sa_mask[0]=0xfffefeff, sa_flags=0x00000042
SIGILL: [libjvm.dylib+0x41891a], sa_mask[0]=0xfffefeff, sa_flags=0x00000042
SIGUSR1: SIG_DFL, sa_mask[0]=0x00000000, sa_flags=0x00000002
SIGUSR2: [libjvm.dylib+0x41840c], sa_mask[0]=0x00000004, sa_flags=0x00000042
SIGHUP: [libjvm.dylib+0x41669b], sa_mask[0]=0xfffefeff, sa_flags=0x00000042
SIGINT: [libjvm.dylib+0x41669b], sa_mask[0]=0xfffefeff, sa_flags=0x00000042
SIGTERM: [libjvm.dylib+0x41669b], sa_mask[0]=0xfffefeff, sa_flags=0x00000042
SIGQUIT: [libjvm.dylib+0x41669b], sa_mask[0]=0xfffefeff, sa_flags=0x00000042


---------------  S Y S T E M  ---------------

OS:Bsduname:Darwin 13.1.0 Darwin Kernel Version 13.1.0: Thu Jan 16 19:40:37 PST 2014; root:xnu-2422.90.20~2/RELEASE_X86_64 x86_64
rlimit: STACK 8192k, CORE 0k, NPROC 709, NOFILE 10240, AS infinity
load average:1.36 1.23 1.26

CPU:total 4 (4 cores per cpu, 1 threads per core) family 6 model 58 stepping 9, cmov, cx8, fxsr, mmx, sse, sse2, sse3, ssse3, sse4.1, sse4.2, popcnt, avx, aes, erms, tsc, tscinvbit, tscinv

Memory: 4k page, physical 8388608k(2097152k free)

/proc/meminfo:


vm_info: Java HotSpot(TM) 64-Bit Server VM (24.45-b08) for bsd-amd64 JRE (1.7.0_45-b18), built on Oct  8 2013 05:54:16 by "java_re" with gcc 4.2.1 (Based on Apple Inc. build 5658) (LLVM build 2336.11.00)

time: Sun May 11 01:04:52 2014
elapsed time: 889 seconds

