#
# A fatal error has been detected by the Java Runtime Environment:
#
#  SIGSEGV (0xb) at pc=0x00000001a63cc7fc, pid=1406, tid=13059
#
# JRE version: Java(TM) SE Runtime Environment (7.0_45-b18) (build 1.7.0_45-b18)
# Java VM: Java HotSpot(TM) 64-Bit Server VM (24.45-b08 mixed mode bsd-amd64 compressed oops)
# Problematic frame:
# C  [libLeap.dylib+0x287fc]  _ZNK4Leap14InteractionBox8toStringEv+0x4f3c
#
# Failed to write core dump. Core dumps have been disabled. To enable core dumping, try "ulimit -c unlimited" before starting Java again
#
# If you would like to submit a bug report, please visit:
#   http://bugreport.sun.com/bugreport/crash.jsp
# The crash happened outside the Java Virtual Machine in native code.
# See problematic frame for where to report the bug.
#

---------------  T H R E A D  ---------------

Current thread (0x00007ff5d1059000):  JavaThread "Finalizer" daemon [_thread_in_native, id=13059, stack(0x000000019e5a9000,0x000000019e6a9000)]

siginfo:si_signo=SIGSEGV: si_errno=0, si_code=1 (SEGV_MAPERR), si_addr=0x0000000100000029

Registers:
RAX=0x0000000100000001, RBX=0x00007ff5d2319810, RCX=0x0000000000000000, RDX=0x00007ff5d0e8c5a8
RSP=0x000000019e6a81b0, RBP=0x000000019e6a82c0, RSI=0x00000c0000000c00, RDI=0x00007ff5d0e89540
R8 =0x0000000000000040, R9 =0x000000019e6a8100, R10=0x000000010fbbb66c, R11=0x000000010f470297
R12=0x00007ff5d2319600, R13=0x00007ff5d0e88890, R14=0x000000019e6a8208, R15=0x00007ff5d0e89540
RIP=0x00000001a63cc7fc, EFLAGS=0x0000000000010212, ERR=0x0000000000000004
  TRAPNO=0x000000000000000e

Top of Stack: (sp=0x000000019e6a81b0)
0x000000019e6a81b0:   0000000000009b75 000000019e6a8290
0x000000019e6a81c0:   0000000000000000 00007ff5d2319808
0x000000019e6a81d0:   00009b75e37e7b6a 00000001a589fd35
0x000000019e6a81e0:   00007ff5d10591e8 00007ff5d1059000
0x000000019e6a81f0:   00007ff5d0e6a2b0 00000001a589f782
0x000000019e6a8200:   00007ff5d0e17890 0000000000000000
0x000000019e6a8210:   00007ff5d0e89540 00007ff5d0e89540
0x000000019e6a8220:   00007ff5d0e89540 0000000000000001
0x000000019e6a8230:   00007ff5d2319bc8 000000010e70ba01
0x000000019e6a8240:   00007ff5d2319b48 00007fff8f7c5101
0x000000019e6a8250:   00007ff5d1059000 00007ff5d0efc080
0x000000019e6a8260:   00007ff5d0e89548 00000000000008b9
0x000000019e6a8270:   000000000008bdc0 0000000000000010
0x000000019e6a8280:   00007ff500000003 0000000100000000
0x000000019e6a8290:   00007ff5d0e8b800 00007ff5d0e88890
0x000000019e6a82a0:   0000000000000000 00000001135e2bf8
0x000000019e6a82b0:   00007ff5d0e8c550 00007ff5d1059000
0x000000019e6a82c0:   000000019e6a82e0 00000001a63afea4
0x000000019e6a82d0:   00000001135e2bf8 000000019e6a8368
0x000000019e6a82e0:   000000019e6a8340 000000010fbbb698
0x000000019e6a82f0:   000000019e6a83dc 00007ff5d0c21644
0x000000019e6a8300:   000000019e6a8300 0000000000000000
0x000000019e6a8310:   000000019e6a8368 00000001135e6338
0x000000019e6a8320:   0000000000000000 00000001135e2bf8
0x000000019e6a8330:   0000000000000000 000000019e6a8360
0x000000019e6a8340:   000000019e6a83c0 000000010fbaf058
0x000000019e6a8350:   000000016f518710 000000010fbb7cd8
0x000000019e6a8360:   00007ff5d0e88890 000000016f723b50
0x000000019e6a8370:   0000000112f53520 000000016f723b50
0x000000019e6a8380:   000000019e6a8370 00000001135cf1e1
0x000000019e6a8390:   000000019e6a83d0 00000001135d0a08
0x000000019e6a83a0:   0000000000000000 00000001135cf1f8 

Instructions: (pc=0x00000001a63cc7fc)
0x00000001a63cc7dc:   d0 2d fe ff 4c 8d b5 48 ff ff ff 4c 8b bd 58 ff
0x00000001a63cc7ec:   ff ff 66 90 4d 39 f7 74 31 49 8b 7f 20 48 8b 07
0x00000001a63cc7fc:   48 8b 40 28 4c 89 ee ff d0 eb 0d 48 89 c7 e8 71
0x00000001a63cc80c:   3a 09 00 e8 7e 3a 09 00 4c 89 ff e8 04 3a 09 00 

Register to memory mapping:

RAX=0x0000000100000001 is an unknown value
RBX=0x00007ff5d2319810 is an unknown value
RCX=0x0000000000000000 is an unknown value
RDX=0x00007ff5d0e8c5a8 is an unknown value
RSP=0x000000019e6a81b0 is pointing into the stack for thread: 0x00007ff5d1059000
RBP=0x000000019e6a82c0 is pointing into the stack for thread: 0x00007ff5d1059000
RSI=0x00000c0000000c00 is an unknown value
RDI=0x00007ff5d0e89540 is an unknown value
R8 =0x0000000000000040 is an unknown value
R9 =0x000000019e6a8100 is pointing into the stack for thread: 0x00007ff5d1059000
R10=0x000000010fbbb66c is at code_begin+620 in an Interpreter codelet
method entry point (kind = native)  [0x000000010fbbb400, 0x000000010fbbbc40]  2112 bytes
R11=0x000000010f470297: throw_unsatisfied_link_error+0 in /Library/Java/JavaVirtualMachines/jdk1.7.0_45.jdk/Contents/Home/jre/lib/server/libjvm.dylib at 0x000000010f000000
R12=0x00007ff5d2319600 is an unknown value
R13=0x00007ff5d0e88890 is an unknown value
R14=0x000000019e6a8208 is pointing into the stack for thread: 0x00007ff5d1059000
R15=0x00007ff5d0e89540 is an unknown value


Stack: [0x000000019e5a9000,0x000000019e6a9000],  sp=0x000000019e6a81b0,  free space=1020k
Native frames: (J=compiled Java code, j=interpreted, Vv=VM code, C=native code)
C  [libLeap.dylib+0x287fc]  _ZNK4Leap14InteractionBox8toStringEv+0x4f3c
C  [libLeap.dylib+0xbea4]  _ZN4Leap10ControllerD0Ev+0x34
j  com.leapmotion.leap.LeapJNI.delete_Controller(J)V+0
j  com.leapmotion.leap.Controller.delete()V+25
j  com.leapmotion.leap.Controller.finalize()V+1
v  ~StubRoutines::call_stub
V  [libjvm.dylib+0x2d6d90]
V  [libjvm.dylib+0x2d6b60]
V  [libjvm.dylib+0x30a605]
V  [libjvm.dylib+0x2fe176]
C  [libjava.dylib+0x299c]  Java_java_lang_ref_Finalizer_invokeFinalizeMethod+0x58
j  java.lang.ref.Finalizer.invokeFinalizeMethod(Ljava/lang/Object;)V+0
j  java.lang.ref.Finalizer.runFinalizer()V+45
j  java.lang.ref.Finalizer.access$100(Ljava/lang/ref/Finalizer;)V+1
j  java.lang.ref.Finalizer$FinalizerThread.run()V+24
v  ~StubRoutines::call_stub
V  [libjvm.dylib+0x2d6d90]
V  [libjvm.dylib+0x2d72a7]
V  [libjvm.dylib+0x2d73e4]
V  [libjvm.dylib+0x3263ca]
V  [libjvm.dylib+0x4efb47]
V  [libjvm.dylib+0x4f124f]
V  [libjvm.dylib+0x41b1c6]
C  [libsystem_pthread.dylib+0x1899]  _pthread_body+0x8a
C  [libsystem_pthread.dylib+0x172a]  _pthread_struct_init+0x0
C  [libsystem_pthread.dylib+0x5fc9]  thread_start+0xd

Java frames: (J=compiled Java code, j=interpreted, Vv=VM code)
j  com.leapmotion.leap.LeapJNI.delete_Controller(J)V+0
j  com.leapmotion.leap.Controller.delete()V+25
j  com.leapmotion.leap.Controller.finalize()V+1
v  ~StubRoutines::call_stub
j  java.lang.ref.Finalizer.invokeFinalizeMethod(Ljava/lang/Object;)V+0
j  java.lang.ref.Finalizer.runFinalizer()V+45
j  java.lang.ref.Finalizer.access$100(Ljava/lang/ref/Finalizer;)V+1
j  java.lang.ref.Finalizer$FinalizerThread.run()V+24
v  ~StubRoutines::call_stub

---------------  P R O C E S S  ---------------

Java Threads: ( => current thread )
  0x00007ff5d1146000 JavaThread "AsynchExecutor-Thread" daemon [_thread_blocked, id=66827, stack(0x00000001a4dda000,0x00000001a4eda000)]
  0x00007ff5d2189800 JavaThread "DestroyJavaVM" [_thread_blocked, id=6915, stack(0x000000010fa57000,0x000000010fb57000)]
  0x00007ff5d10d3800 JavaThread "LWJGL Application" [_thread_in_native, id=64515, stack(0x00000001a34b1000,0x00000001a35b1000)]
  0x00007ff5d1832800 JavaThread "AppKit Thread" daemon [_thread_in_native, id=1287, stack(0x00007fff51491000,0x00007fff51511000)]
  0x00007ff5d2029000 JavaThread "Service Thread" daemon [_thread_blocked, id=19459, stack(0x000000019eaea000,0x000000019ebea000)]
  0x00007ff5d2028800 JavaThread "C2 CompilerThread1" daemon [_thread_blocked, id=18947, stack(0x000000019e9e7000,0x000000019eae7000)]
  0x00007ff5d2026800 JavaThread "C2 CompilerThread0" daemon [_thread_blocked, id=18435, stack(0x000000019e8e4000,0x000000019e9e4000)]
  0x00007ff5d201f800 JavaThread "Signal Dispatcher" daemon [_thread_blocked, id=17923, stack(0x000000019e7e1000,0x000000019e8e1000)]
=>0x00007ff5d1059000 JavaThread "Finalizer" daemon [_thread_in_native, id=13059, stack(0x000000019e5a9000,0x000000019e6a9000)]
  0x00007ff5d1056000 JavaThread "Reference Handler" daemon [_thread_blocked, id=12547, stack(0x000000019e4a6000,0x000000019e5a6000)]

Other Threads:
  0x00007ff5d1055800 VMThread [stack: 0x000000019e3a3000,0x000000019e4a3000] [id=12035]
  0x00007ff5d200d000 WatcherThread [stack: 0x000000019ebed000,0x000000019eced000] [id=19971]

VM state:not at safepoint (normal execution)

VM Mutex/Monitor currently owned by a thread: None

Heap
 PSYoungGen      total 38912K, used 5690K [0x000000016d400000, 0x000000016ff00000, 0x0000000197f00000)
  eden space 33792K, 1% used [0x000000016d400000,0x000000016d4904d0,0x000000016f500000)
  from space 5120K, 99% used [0x000000016f500000,0x000000016f9fe6e0,0x000000016fa00000)
  to   space 5120K, 0% used [0x000000016fa00000,0x000000016fa00000,0x000000016ff00000)
 ParOldGen       total 87040K, used 506K [0x0000000117f00000, 0x000000011d400000, 0x000000016d400000)
  object space 87040K, 0% used [0x0000000117f00000,0x0000000117f7eb98,0x000000011d400000)
 PSPermGen       total 21504K, used 9290K [0x0000000112d00000, 0x0000000114200000, 0x0000000117f00000)
  object space 21504K, 43% used [0x0000000112d00000,0x0000000113612b88,0x0000000114200000)

Card table byte_map: [0x0000000197f00000,0x000000019832a000] byte_map_base: 0x0000000197669800

Polling page: 0x000000010fb96000

Code Cache  [0x000000010fba9000, 0x000000010fe19000, 0x0000000112ba9000)
 total_blobs=532 nmethods=145 adapters=342 free_code_cache=48285Kb largest_free_block=49429632

Compilation events (10 events):
Event: 7.385 Thread 0x00007ff5d2028800  141             com.badlogic.gdx.math.Vector3::set (17 bytes)
Event: 7.386 Thread 0x00007ff5d2028800 nmethod 141 0x000000010fc7f250 code [0x000000010fc7f380, 0x000000010fc7f418]
Event: 7.770 Thread 0x00007ff5d2026800  142             com.badlogic.gdx.backends.lwjgl.LwjglGraphics::isGL20Available (13 bytes)
Event: 7.770 Thread 0x00007ff5d2026800 nmethod 142 0x000000010fc839d0 code [0x000000010fc83b00, 0x000000010fc83b78]
Event: 7.970 Thread 0x00007ff5d2028800  143             com.badlogic.gdx.graphics.VertexAttributes::get (7 bytes)
Event: 7.970 Thread 0x00007ff5d2028800 nmethod 143 0x000000010fc83710 code [0x000000010fc83860, 0x000000010fc83918]
Event: 8.620 Thread 0x00007ff5d2026800  144             com.badlogic.gdx.graphics.g2d.BitmapFontCache::addToCache (433 bytes)
Event: 8.630 Thread 0x00007ff5d2026800 nmethod 144 0x000000010fc81ed0 code [0x000000010fc82120, 0x000000010fc82b00]
Event: 8.805 Thread 0x00007ff5d2028800  145             com.badlogic.gdx.graphics.g2d.BitmapFontCache::addGlyph (337 bytes)
Event: 8.811 Thread 0x00007ff5d2028800 nmethod 145 0x000000010fc847d0 code [0x000000010fc849c0, 0x000000010fc850b8]

GC Heap History (6 events):
Event: 1.864 GC heap before
{Heap before GC invocations=1 (full 0):
 PSYoungGen      total 38912K, used 32843K [0x000000016d400000, 0x000000016ff00000, 0x0000000197f00000)
  eden space 33792K, 97% used [0x000000016d400000,0x000000016f412f10,0x000000016f500000)
  from space 5120K, 0% used [0x000000016fa00000,0x000000016fa00000,0x000000016ff00000)
  to   space 5120K, 0% used [0x000000016f500000,0x000000016f500000,0x000000016fa00000)
 ParOldGen       total 87040K, used 0K [0x0000000117f00000, 0x000000011d400000, 0x000000016d400000)
  object space 87040K, 0% used [0x0000000117f00000,0x0000000117f00000,0x000000011d400000)
 PSPermGen       total 21504K, used 8585K [0x0000000112d00000, 0x0000000114200000, 0x0000000117f00000)
  object space 21504K, 39% used [0x0000000112d00000,0x00000001135624d0,0x0000000114200000)
Event: 1.868 GC heap after
Heap after GC invocations=1 (full 0):
 PSYoungGen      total 38912K, used 5102K [0x000000016d400000, 0x000000016ff00000, 0x0000000197f00000)
  eden space 33792K, 0% used [0x000000016d400000,0x000000016d400000,0x000000016f500000)
  from space 5120K, 99% used [0x000000016f500000,0x000000016f9fbb38,0x000000016fa00000)
  to   space 5120K, 0% used [0x000000016fa00000,0x000000016fa00000,0x000000016ff00000)
 ParOldGen       total 87040K, used 437K [0x0000000117f00000, 0x000000011d400000, 0x000000016d400000)
  object space 87040K, 0% used [0x0000000117f00000,0x0000000117f6d690,0x000000011d400000)
 PSPermGen       total 21504K, used 8585K [0x0000000112d00000, 0x0000000114200000, 0x0000000117f00000)
  object space 21504K, 39% used [0x0000000112d00000,0x00000001135624d0,0x0000000114200000)
}
Event: 2.227 GC heap before
{Heap before GC invocations=2 (full 0):
 PSYoungGen      total 38912K, used 38376K [0x000000016d400000, 0x000000016ff00000, 0x0000000197f00000)
  eden space 33792K, 98% used [0x000000016d400000,0x000000016f47e598,0x000000016f500000)
  from space 5120K, 99% used [0x000000016f500000,0x000000016f9fbb38,0x000000016fa00000)
  to   space 5120K, 0% used [0x000000016fa00000,0x000000016fa00000,0x000000016ff00000)
 ParOldGen       total 87040K, used 437K [0x0000000117f00000, 0x000000011d400000, 0x000000016d400000)
  object space 87040K, 0% used [0x0000000117f00000,0x0000000117f6d690,0x000000011d400000)
 PSPermGen       total 21504K, used 8588K [0x0000000112d00000, 0x0000000114200000, 0x0000000117f00000)
  object space 21504K, 39% used [0x0000000112d00000,0x00000001135633f8,0x0000000114200000)
Event: 2.229 GC heap after
Heap after GC invocations=2 (full 0):
 PSYoungGen      total 38912K, used 2558K [0x000000016d400000, 0x000000016ff00000, 0x0000000197f00000)
  eden space 33792K, 0% used [0x000000016d400000,0x000000016d400000,0x000000016f500000)
  from space 5120K, 49% used [0x000000016fa00000,0x000000016fc7f8b0,0x000000016ff00000)
  to   space 5120K, 0% used [0x000000016f500000,0x000000016f500000,0x000000016fa00000)
 ParOldGen       total 87040K, used 437K [0x0000000117f00000, 0x000000011d400000, 0x000000016d400000)
  object space 87040K, 0% used [0x0000000117f00000,0x0000000117f6d690,0x000000011d400000)
 PSPermGen       total 21504K, used 8588K [0x0000000112d00000, 0x0000000114200000, 0x0000000117f00000)
  object space 21504K, 39% used [0x0000000112d00000,0x00000001135633f8,0x0000000114200000)
}
Event: 10.189 GC heap before
{Heap before GC invocations=3 (full 0):
 PSYoungGen      total 38912K, used 36350K [0x000000016d400000, 0x000000016ff00000, 0x0000000197f00000)
  eden space 33792K, 100% used [0x000000016d400000,0x000000016f500000,0x000000016f500000)
  from space 5120K, 49% used [0x000000016fa00000,0x000000016fc7f8b0,0x000000016ff00000)
  to   space 5120K, 0% used [0x000000016f500000,0x000000016f500000,0x000000016fa00000)
 ParOldGen       total 87040K, used 437K [0x0000000117f00000, 0x000000011d400000, 0x000000016d400000)
  object space 87040K, 0% used [0x0000000117f00000,0x0000000117f6d690,0x000000011d400000)
 PSPermGen       total 21504K, used 9290K [0x0000000112d00000, 0x0000000114200000, 0x0000000117f00000)
  object space 21504K, 43% used [0x0000000112d00000,0x0000000113612b88,0x0000000114200000)
Event: 10.193 GC heap after
Heap after GC invocations=3 (full 0):
 PSYoungGen      total 38912K, used 5113K [0x000000016d400000, 0x000000016ff00000, 0x0000000197f00000)
  eden space 33792K, 0% used [0x000000016d400000,0x000000016d400000,0x000000016f500000)
  from space 5120K, 99% used [0x000000016f500000,0x000000016f9fe6e0,0x000000016fa00000)
  to   space 5120K, 0% used [0x000000016fa00000,0x000000016fa00000,0x000000016ff00000)
 ParOldGen       total 87040K, used 506K [0x0000000117f00000, 0x000000011d400000, 0x000000016d400000)
  object space 87040K, 0% used [0x0000000117f00000,0x0000000117f7eb98,0x000000011d400000)
 PSPermGen       total 21504K, used 9290K [0x0000000112d00000, 0x0000000114200000, 0x0000000117f00000)
  object space 21504K, 43% used [0x0000000112d00000,0x0000000113612b88,0x0000000114200000)
}

Deoptimization events (0 events):
No events

Internal exceptions (10 events):
Event: 3.231 Thread 0x00007ff5d10d3800 Threw 0x000000016db02268 at /HUDSON/workspace/7u-2-build-macosx-x86_64/jdk7u45/229/hotspot/src/share/vm/prims/jvm.cpp:1244
Event: 3.231 Thread 0x00007ff5d10d3800 Threw 0x000000016db06978 at /HUDSON/workspace/7u-2-build-macosx-x86_64/jdk7u45/229/hotspot/src/share/vm/prims/jvm.cpp:1244
Event: 3.231 Thread 0x00007ff5d10d3800 Threw 0x000000016db0ae70 at /HUDSON/workspace/7u-2-build-macosx-x86_64/jdk7u45/229/hotspot/src/share/vm/prims/jvm.cpp:1244
Event: 3.232 Thread 0x00007ff5d10d3800 Threw 0x000000016db104e0 at /HUDSON/workspace/7u-2-build-macosx-x86_64/jdk7u45/229/hotspot/src/share/vm/prims/jvm.cpp:1244
Event: 3.232 Thread 0x00007ff5d10d3800 Threw 0x000000016db15400 at /HUDSON/workspace/7u-2-build-macosx-x86_64/jdk7u45/229/hotspot/src/share/vm/prims/jvm.cpp:1244
Event: 3.233 Thread 0x00007ff5d10d3800 Threw 0x000000016db1bef0 at /HUDSON/workspace/7u-2-build-macosx-x86_64/jdk7u45/229/hotspot/src/share/vm/prims/jvm.cpp:1244
Event: 3.235 Thread 0x00007ff5d10d3800 Threw 0x000000016db22c90 at /HUDSON/workspace/7u-2-build-macosx-x86_64/jdk7u45/229/hotspot/src/share/vm/prims/jvm.cpp:1244
Event: 3.236 Thread 0x00007ff5d10d3800 Threw 0x000000016db2a020 at /HUDSON/workspace/7u-2-build-macosx-x86_64/jdk7u45/229/hotspot/src/share/vm/prims/jvm.cpp:1244
Event: 3.238 Thread 0x00007ff5d10d3800 Threw 0x000000016db2f138 at /HUDSON/workspace/7u-2-build-macosx-x86_64/jdk7u45/229/hotspot/src/share/vm/prims/jvm.cpp:1244
Event: 9.672 Thread 0x00007ff5d10d3800 Threw 0x000000016f40f130 at /HUDSON/workspace/7u-2-build-macosx-x86_64/jdk7u45/229/hotspot/src/share/vm/prims/jvm.cpp:1244

Events (10 events):
Event: 10.196 Executing VM operation: RevokeBias
Event: 10.196 Executing VM operation: RevokeBias done
Event: 10.196 Executing VM operation: RevokeBias
Event: 10.196 Executing VM operation: RevokeBias done
Event: 10.196 Executing VM operation: RevokeBias
Event: 10.196 Executing VM operation: RevokeBias done
Event: 10.196 Executing VM operation: RevokeBias
Event: 10.196 Executing VM operation: RevokeBias done
Event: 10.196 Executing VM operation: BulkRevokeBias
Event: 10.196 Executing VM operation: BulkRevokeBias done


Dynamic libraries:
0x000000000ca94000 	/System/Library/Frameworks/Cocoa.framework/Versions/A/Cocoa
0x000000000ca94000 	/System/Library/Frameworks/Security.framework/Versions/A/Security
0x000000000ca94000 	/System/Library/Frameworks/ApplicationServices.framework/Versions/A/ApplicationServices
0x000000000ca94000 	/usr/lib/libz.1.dylib
0x000000000ca94000 	/usr/lib/libSystem.B.dylib
0x000000000ca94000 	/usr/lib/libobjc.A.dylib
0x000000000ca94000 	/System/Library/Frameworks/CoreFoundation.framework/Versions/A/CoreFoundation
0x000000000ca94000 	/System/Library/Frameworks/Foundation.framework/Versions/C/Foundation
0x000000000ca94000 	/System/Library/Frameworks/AppKit.framework/Versions/C/AppKit
0x000000000ca94000 	/System/Library/Frameworks/CoreData.framework/Versions/A/CoreData
0x000000000ca94000 	/System/Library/PrivateFrameworks/RemoteViewServices.framework/Versions/A/RemoteViewServices
0x000000000ca94000 	/System/Library/Frameworks/AudioToolbox.framework/Versions/A/AudioToolbox
0x000000000ca94000 	/System/Library/Frameworks/AudioUnit.framework/Versions/A/AudioUnit
0x000000000ca94000 	/System/Library/PrivateFrameworks/DataDetectorsCore.framework/Versions/A/DataDetectorsCore
0x000000000ca94000 	/System/Library/PrivateFrameworks/DesktopServicesPriv.framework/Versions/A/DesktopServicesPriv
0x000000000ca94000 	/System/Library/Frameworks/Carbon.framework/Versions/A/Frameworks/HIToolbox.framework/Versions/A/HIToolbox
0x000000000ca94000 	/System/Library/Frameworks/QuartzCore.framework/Versions/A/QuartzCore
0x000000000ca94000 	/System/Library/Frameworks/Carbon.framework/Versions/A/Frameworks/SpeechRecognition.framework/Versions/A/SpeechRecognition
0x000000000ca94000 	/usr/lib/libauto.dylib
0x000000000ca94000 	/usr/lib/libicucore.A.dylib
0x000000000ca94000 	/usr/lib/libxml2.2.dylib
0x000000000ca94000 	/System/Library/PrivateFrameworks/CoreUI.framework/Versions/A/CoreUI
0x000000000ca94000 	/System/Library/Frameworks/CoreAudio.framework/Versions/A/CoreAudio
0x000000000ca94000 	/System/Library/Frameworks/DiskArbitration.framework/Versions/A/DiskArbitration
0x000000000ca94000 	/usr/lib/liblangid.dylib
0x000000000ca94000 	/System/Library/PrivateFrameworks/MultitouchSupport.framework/Versions/A/MultitouchSupport
0x000000000ca94000 	/System/Library/Frameworks/IOKit.framework/Versions/A/IOKit
0x000000000ca94000 	/usr/lib/libDiagnosticMessagesClient.dylib
0x000000000ca94000 	/System/Library/Frameworks/CoreServices.framework/Versions/A/CoreServices
0x000000000ca94000 	/System/Library/PrivateFrameworks/PerformanceAnalysis.framework/Versions/A/PerformanceAnalysis
0x000000000ca94000 	/System/Library/PrivateFrameworks/GenerationalStorage.framework/Versions/A/GenerationalStorage
0x000000000ca94000 	/System/Library/Frameworks/OpenGL.framework/Versions/A/OpenGL
0x000000000ca94000 	/System/Library/PrivateFrameworks/Sharing.framework/Versions/A/Sharing
0x000000000ca94000 	/System/Library/Frameworks/ImageIO.framework/Versions/A/ImageIO
0x000000000ca94000 	/System/Library/Frameworks/CoreText.framework/Versions/A/CoreText
0x000000000ca94000 	/System/Library/Frameworks/CoreGraphics.framework/Versions/A/CoreGraphics
0x000000000ca94000 	/System/Library/PrivateFrameworks/Backup.framework/Versions/A/Backup
0x000000000ca94000 	/System/Library/Frameworks/CFNetwork.framework/Versions/A/CFNetwork
0x000000000ca94000 	/System/Library/Frameworks/SystemConfiguration.framework/Versions/A/SystemConfiguration
0x000000000ca94000 	/usr/lib/libCRFSuite.dylib
0x000000000ca94000 	/usr/lib/libc++.1.dylib
0x000000000ca94000 	/usr/lib/libc++abi.dylib
0x000000000ca94000 	/usr/lib/system/libcache.dylib
0x000000000ca94000 	/usr/lib/system/libcommonCrypto.dylib
0x000000000ca94000 	/usr/lib/system/libcompiler_rt.dylib
0x000000000ca94000 	/usr/lib/system/libcopyfile.dylib
0x000000000ca94000 	/usr/lib/system/libcorecrypto.dylib
0x000000000ca94000 	/usr/lib/system/libdispatch.dylib
0x000000000ca94000 	/usr/lib/system/libdyld.dylib
0x000000000ca94000 	/usr/lib/system/libkeymgr.dylib
0x000000000ca94000 	/usr/lib/system/liblaunch.dylib
0x000000000ca94000 	/usr/lib/system/libmacho.dylib
0x000000000ca94000 	/usr/lib/system/libquarantine.dylib
0x000000000ca94000 	/usr/lib/system/libremovefile.dylib
0x000000000ca94000 	/usr/lib/system/libsystem_asl.dylib
0x000000000ca94000 	/usr/lib/system/libsystem_blocks.dylib
0x000000000ca94000 	/usr/lib/system/libsystem_c.dylib
0x000000000ca94000 	/usr/lib/system/libsystem_configuration.dylib
0x000000000ca94000 	/usr/lib/system/libsystem_dnssd.dylib
0x000000000ca94000 	/usr/lib/system/libsystem_info.dylib
0x000000000ca94000 	/usr/lib/system/libsystem_kernel.dylib
0x000000000ca94000 	/usr/lib/system/libsystem_m.dylib
0x000000000ca94000 	/usr/lib/system/libsystem_malloc.dylib
0x000000000ca94000 	/usr/lib/system/libsystem_network.dylib
0x000000000ca94000 	/usr/lib/system/libsystem_notify.dylib
0x000000000ca94000 	/usr/lib/system/libsystem_platform.dylib
0x000000000ca94000 	/usr/lib/system/libsystem_pthread.dylib
0x000000000ca94000 	/usr/lib/system/libsystem_sandbox.dylib
0x000000000ca94000 	/usr/lib/system/libsystem_stats.dylib
0x000000000ca94000 	/usr/lib/system/libunc.dylib
0x000000000ca94000 	/usr/lib/system/libunwind.dylib
0x000000000ca94000 	/usr/lib/system/libxpc.dylib
0x000000000ca94000 	/usr/lib/libbsm.0.dylib
0x000000000ca94000 	/usr/lib/libsqlite3.dylib
0x000000000ca94000 	/usr/lib/libxar.1.dylib
0x000000000ca94000 	/usr/lib/libpam.2.dylib
0x000000000ca94000 	/usr/lib/libOpenScriptingUtil.dylib
0x000000000ca94000 	/usr/lib/libbz2.1.0.dylib
0x000000000ca94000 	/System/Library/Frameworks/CoreServices.framework/Versions/A/Frameworks/CarbonCore.framework/Versions/A/CarbonCore
0x000000000ca94000 	/System/Library/Frameworks/CoreServices.framework/Versions/A/Frameworks/Metadata.framework/Versions/A/Metadata
0x000000000ca94000 	/System/Library/Frameworks/CoreServices.framework/Versions/A/Frameworks/OSServices.framework/Versions/A/OSServices
0x000000000ca94000 	/System/Library/Frameworks/CoreServices.framework/Versions/A/Frameworks/SearchKit.framework/Versions/A/SearchKit
0x000000000ca94000 	/System/Library/Frameworks/CoreServices.framework/Versions/A/Frameworks/AE.framework/Versions/A/AE
0x000000000ca94000 	/System/Library/Frameworks/CoreServices.framework/Versions/A/Frameworks/LaunchServices.framework/Versions/A/LaunchServices
0x000000000ca94000 	/System/Library/Frameworks/CoreServices.framework/Versions/A/Frameworks/DictionaryServices.framework/Versions/A/DictionaryServices
0x000000000ca94000 	/System/Library/Frameworks/NetFS.framework/Versions/A/NetFS
0x000000000ca94000 	/usr/lib/system/libkxld.dylib
0x000000000ca94000 	/System/Library/PrivateFrameworks/NetAuth.framework/Versions/A/NetAuth
0x000000000ca94000 	/System/Library/PrivateFrameworks/TCC.framework/Versions/A/TCC
0x000000000ca94000 	/System/Library/Frameworks/OpenDirectory.framework/Versions/A/Frameworks/CFOpenDirectory.framework/Versions/A/CFOpenDirectory
0x000000000ca94000 	/System/Library/Frameworks/ServiceManagement.framework/Versions/A/ServiceManagement
0x000000000ca94000 	/usr/lib/libxslt.1.dylib
0x000000000ca94000 	/System/Library/Frameworks/Carbon.framework/Versions/A/Frameworks/Ink.framework/Versions/A/Ink
0x000000000ca94000 	/System/Library/Frameworks/ApplicationServices.framework/Versions/A/Frameworks/ATS.framework/Versions/A/ATS
0x000000000ca94000 	/System/Library/Frameworks/ApplicationServices.framework/Versions/A/Frameworks/ColorSync.framework/Versions/A/ColorSync
0x000000000ca94000 	/System/Library/Frameworks/ApplicationServices.framework/Versions/A/Frameworks/HIServices.framework/Versions/A/HIServices
0x000000000ca94000 	/System/Library/Frameworks/ApplicationServices.framework/Versions/A/Frameworks/LangAnalysis.framework/Versions/A/LangAnalysis
0x000000000ca94000 	/System/Library/Frameworks/ApplicationServices.framework/Versions/A/Frameworks/PrintCore.framework/Versions/A/PrintCore
0x000000000ca94000 	/System/Library/Frameworks/ApplicationServices.framework/Versions/A/Frameworks/QD.framework/Versions/A/QD
0x000000000ca94000 	/System/Library/Frameworks/ApplicationServices.framework/Versions/A/Frameworks/SpeechSynthesis.framework/Versions/A/SpeechSynthesis
0x000000000ca94000 	/System/Library/Frameworks/IOSurface.framework/Versions/A/IOSurface
0x000000000ca94000 	/System/Library/Frameworks/Accelerate.framework/Versions/A/Accelerate
0x000000000ca94000 	/System/Library/Frameworks/Accelerate.framework/Versions/A/Frameworks/vImage.framework/Versions/A/vImage
0x000000000ca94000 	/System/Library/Frameworks/Accelerate.framework/Versions/A/Frameworks/vecLib.framework/Versions/A/vecLib
0x000000000ca94000 	/System/Library/Frameworks/Accelerate.framework/Versions/A/Frameworks/vecLib.framework/Versions/A/libvDSP.dylib
0x000000000ca94000 	/System/Library/Frameworks/Accelerate.framework/Versions/A/Frameworks/vecLib.framework/Versions/A/libvMisc.dylib
0x000000000ca94000 	/System/Library/Frameworks/Accelerate.framework/Versions/A/Frameworks/vecLib.framework/Versions/A/libLAPACK.dylib
0x000000000ca94000 	/System/Library/Frameworks/Accelerate.framework/Versions/A/Frameworks/vecLib.framework/Versions/A/libBLAS.dylib
0x000000000ca94000 	/System/Library/Frameworks/ApplicationServices.framework/Versions/A/Frameworks/ATS.framework/Versions/A/Resources/libFontParser.dylib
0x000000000ca94000 	/System/Library/Frameworks/ApplicationServices.framework/Versions/A/Frameworks/ATS.framework/Versions/A/Resources/libFontRegistry.dylib
0x000000000ca94000 	/System/Library/Frameworks/ImageIO.framework/Versions/A/Resources/libJPEG.dylib
0x000000000ca94000 	/System/Library/Frameworks/ImageIO.framework/Versions/A/Resources/libTIFF.dylib
0x000000000ca94000 	/System/Library/Frameworks/ImageIO.framework/Versions/A/Resources/libPng.dylib
0x000000000ca94000 	/System/Library/Frameworks/ImageIO.framework/Versions/A/Resources/libGIF.dylib
0x000000000ca94000 	/System/Library/Frameworks/ImageIO.framework/Versions/A/Resources/libJP2.dylib
0x000000000ca94000 	/System/Library/Frameworks/ImageIO.framework/Versions/A/Resources/libRadiance.dylib
0x000000000ca94000 	/usr/lib/libcups.2.dylib
0x000000000ca94000 	/System/Library/Frameworks/Kerberos.framework/Versions/A/Kerberos
0x000000000ca94000 	/System/Library/Frameworks/GSS.framework/Versions/A/GSS
0x000000000ca94000 	/usr/lib/libresolv.9.dylib
0x000000000ca94000 	/usr/lib/libiconv.2.dylib
0x000000000ca94000 	/System/Library/PrivateFrameworks/Heimdal.framework/Versions/A/Heimdal
0x000000000ca94000 	/System/Library/PrivateFrameworks/TrustEvaluationAgent.framework/Versions/A/TrustEvaluationAgent
0x000000000ca94000 	/usr/lib/libheimdal-asn1.dylib
0x000000000ca94000 	/System/Library/Frameworks/OpenDirectory.framework/Versions/A/OpenDirectory
0x000000000ca94000 	/System/Library/PrivateFrameworks/CommonAuth.framework/Versions/A/CommonAuth
0x000000000ca94000 	/System/Library/Frameworks/SecurityFoundation.framework/Versions/A/SecurityFoundation
0x000000000ca94000 	/System/Library/PrivateFrameworks/Bom.framework/Versions/A/Bom
0x000000000ca94000 	/System/Library/Frameworks/CoreVideo.framework/Versions/A/CoreVideo
0x000000000ca94000 	/System/Library/Frameworks/QuartzCore.framework/Versions/A/Frameworks/CoreImage.framework/Versions/A/CoreImage
0x000000000ca94000 	/System/Library/Frameworks/QuartzCore.framework/Versions/A/Frameworks/ScalableUserInterface.framework/Versions/A/ScalableUserInterface
0x000000000ca94000 	/System/Library/Frameworks/OpenGL.framework/Versions/A/Libraries/libGLU.dylib
0x000000000ca94000 	/System/Library/Frameworks/OpenGL.framework/Versions/A/Libraries/libGFXShared.dylib
0x000000000ca94000 	/System/Library/Frameworks/OpenGL.framework/Versions/A/Libraries/libGL.dylib
0x000000000ca94000 	/System/Library/Frameworks/OpenGL.framework/Versions/A/Libraries/libGLImage.dylib
0x000000000ca94000 	/System/Library/Frameworks/OpenGL.framework/Versions/A/Libraries/libCVMSPluginSupport.dylib
0x000000000ca94000 	/System/Library/Frameworks/OpenGL.framework/Versions/A/Libraries/libCoreVMClient.dylib
0x000000000ca94000 	/System/Library/PrivateFrameworks/FaceCore.framework/Versions/A/FaceCore
0x000000000ca94000 	/System/Library/PrivateFrameworks/CrashReporterSupport.framework/Versions/A/CrashReporterSupport
0x000000000ca94000 	/System/Library/Frameworks/OpenCL.framework/Versions/A/OpenCL
0x000000000ca94000 	/System/Library/PrivateFrameworks/AppleFSCompression.framework/Versions/A/AppleFSCompression
0x000000000ca94000 	/System/Library/PrivateFrameworks/Ubiquity.framework/Versions/A/Ubiquity
0x000000000ca94000 	/System/Library/PrivateFrameworks/IconServices.framework/Versions/A/IconServices
0x000000000ca94000 	/System/Library/PrivateFrameworks/ChunkingLibrary.framework/Versions/A/ChunkingLibrary
0x000000000ca94000 	/System/Library/PrivateFrameworks/CoreSymbolication.framework/Versions/A/CoreSymbolication
0x000000000ca94000 	/System/Library/PrivateFrameworks/Symbolication.framework/Versions/A/Symbolication
0x000000000ca94000 	/System/Library/PrivateFrameworks/DebugSymbols.framework/Versions/A/DebugSymbols
0x000000010f000000 	/Library/Java/JavaVirtualMachines/jdk1.7.0_45.jdk/Contents/Home/jre/lib/server/libjvm.dylib
0x000000000ca94000 	/usr/lib/libstdc++.6.dylib
0x000000010fb59000 	/Library/Java/JavaVirtualMachines/jdk1.7.0_45.jdk/Contents/Home/jre/lib/libverify.dylib
0x000000010fb66000 	/Library/Java/JavaVirtualMachines/jdk1.7.0_45.jdk/Contents/Home/jre/lib/libjava.dylib
0x000000010fba0000 	/Library/Java/JavaVirtualMachines/jdk1.7.0_45.jdk/Contents/Home/jre/lib/libzip.dylib
0x000000019e6ab000 	/System/Library/Frameworks/JavaVM.framework/Frameworks/JavaRuntimeSupport.framework/JavaRuntimeSupport
0x0000000112c6a000 	/System/Library/Frameworks/JavaVM.framework/Versions/A/Frameworks/JavaNativeFoundation.framework/Versions/A/JavaNativeFoundation
0x000000019e6c3000 	/System/Library/Frameworks/JavaVM.framework/Versions/A/JavaVM
0x000000000ca94000 	/System/Library/Frameworks/Carbon.framework/Versions/A/Carbon
0x000000019e6cf000 	/System/Library/PrivateFrameworks/JavaLaunching.framework/Versions/A/JavaLaunching
0x000000000ca94000 	/System/Library/Frameworks/Carbon.framework/Versions/A/Frameworks/CommonPanels.framework/Versions/A/CommonPanels
0x000000000ca94000 	/System/Library/Frameworks/Carbon.framework/Versions/A/Frameworks/Help.framework/Versions/A/Help
0x000000000ca94000 	/System/Library/Frameworks/Carbon.framework/Versions/A/Frameworks/ImageCapture.framework/Versions/A/ImageCapture
0x000000000ca94000 	/System/Library/Frameworks/Carbon.framework/Versions/A/Frameworks/OpenScripting.framework/Versions/A/OpenScripting
0x000000000ca94000 	/System/Library/Frameworks/Carbon.framework/Versions/A/Frameworks/Print.framework/Versions/A/Print
0x000000000ca94000 	/System/Library/Frameworks/Carbon.framework/Versions/A/Frameworks/SecurityHI.framework/Versions/A/SecurityHI
0x000000019ed43000 	/private/var/folders/rn/7l44jphj0g7gs2jyys0_x7840000gn/T/libgdxPhilo/92bf976d/libgdx.dylib
0x000000019ee10000 	/Library/Java/JavaVirtualMachines/jdk1.7.0_45.jdk/Contents/Home/jre/lib/libawt.dylib
0x000000019eebf000 	/Library/Java/JavaVirtualMachines/jdk1.7.0_45.jdk/Contents/Home/jre/lib/./libmlib_image.dylib
0x000000019ef8b000 	/Library/Java/JavaVirtualMachines/jdk1.7.0_45.jdk/Contents/Home/jre/lib/lwawt/liblwawt.dylib
0x000000019f03f000 	/Library/Java/JavaVirtualMachines/jdk1.7.0_45.jdk/Contents/Home/jre/lib/libosxapp.dylib
0x000000000ca94000 	/System/Library/Frameworks/ExceptionHandling.framework/Versions/A/ExceptionHandling
0x000000000ca94000 	/System/Library/PrivateFrameworks/CoreServicesInternal.framework/Versions/A/CoreServicesInternal
0x000000000ca94000 	/System/Library/PrivateFrameworks/Librarian.framework/Versions/A/Librarian
0x000000000ca94000 	/System/Library/Frameworks/CoreGraphics.framework/Versions/A/Resources/libCGCMS.A.dylib
0x000000000ca94000 	/System/Library/Frameworks/CoreGraphics.framework/Versions/A/Resources/libRIP.A.dylib
0x000000000ca94000 	/System/Library/Frameworks/CoreGraphics.framework/Versions/A/Resources/libCGXType.A.dylib
0x000000000ca94000 	/System/Library/PrivateFrameworks/FamilyControls.framework/Versions/A/FamilyControls
0x000000000ca94000 	/System/Library/PrivateFrameworks/CommerceKit.framework/Versions/A/Frameworks/CommerceCore.framework/Versions/A/CommerceCore
0x000000000ca94000 	/System/Library/PrivateFrameworks/SystemAdministration.framework/Versions/A/SystemAdministration
0x000000000ca94000 	/System/Library/Frameworks/DirectoryService.framework/Versions/A/DirectoryService
0x000000000ca94000 	/System/Library/PrivateFrameworks/DiskImages.framework/Versions/A/DiskImages
0x000000000ca94000 	/System/Library/PrivateFrameworks/LoginUIKit.framework/Versions/A/Frameworks/LoginUICore.framework/Versions/A/LoginUICore
0x000000000ca94000 	/usr/lib/libCoreStorage.dylib
0x000000000ca94000 	/usr/lib/libcsfde.dylib
0x000000000ca94000 	/usr/lib/libodfde.dylib
0x000000000ca94000 	/System/Library/Frameworks/DiscRecording.framework/Versions/A/DiscRecording
0x000000000ca94000 	/usr/lib/libcurl.4.dylib
0x000000000ca94000 	/System/Library/PrivateFrameworks/MediaKit.framework/Versions/A/MediaKit
0x000000000ca94000 	/System/Library/PrivateFrameworks/EFILogin.framework/Versions/A/EFILogin
0x000000000ca94000 	/usr/lib/libutil.dylib
0x000000000ca94000 	/System/Library/PrivateFrameworks/AOSNotification.framework/Versions/A/AOSNotification
0x000000000ca94000 	/System/Library/Frameworks/LDAP.framework/Versions/A/LDAP
0x000000000ca94000 	/usr/lib/libsasl2.2.dylib
0x000000000ca94000 	/usr/lib/libcrypto.0.9.8.dylib
0x000000000ca94000 	/usr/lib/libssl.0.9.8.dylib
0x00000001a3017000 	/Library/Java/JavaVirtualMachines/jdk1.7.0_45.jdk/Contents/Home/jre/lib/libfontmanager.dylib
0x00000001a307b000 	/private/var/folders/rn/7l44jphj0g7gs2jyys0_x7840000gn/T/libgdxPhilo/75260a42/liblwjgl.jnilib
0x00000001a1729000 	/Library/Java/JavaVirtualMachines/jdk1.7.0_45.jdk/Contents/Home/jre/lib/libjawt.dylib
0x00000001a30f6000 	/var/folders/rn/7l44jphj0g7gs2jyys0_x7840000gn/T/libgdxPhilo/75260a42/openal.dylib
0x00000001a3165000 	/System/Library/Components/CoreAudio.component/Contents/MacOS/CoreAudio
0x00000001a1741000 	/System/Library/Extensions/AppleHDA.kext/Contents/PlugIns/AppleHDAHALPlugIn.bundle/Contents/MacOS/AppleHDAHALPlugIn
0x000000000ca94000 	/System/Library/Frameworks/OpenGL.framework/Versions/A/Resources/GLEngine.bundle/GLEngine
0x000000000ca94000 	/System/Library/Frameworks/OpenGL.framework/Versions/A/Libraries/libGLProgrammability.dylib
0x0000000000000000 	/System/Library/Extensions/GeForceGLDriver.bundle/Contents/MacOS/GeForceGLDriver
0x000000000ca94000 	/System/Library/PrivateFrameworks/IOAccelerator.framework/Versions/A/IOAccelerator
0x000000000ca94000 	/System/Library/PrivateFrameworks/GPUSupport.framework/Versions/A/Libraries/libGPUSupportMercury.dylib
0x000000000ca94000 	/System/Library/Extensions/GeForceGLDriver.bundle/Contents/MacOS/libclh.dylib
0x000000000ca94000 	/System/Library/Frameworks/OpenGL.framework/Versions/A/Resources/GLRendererFloat.bundle/GLRendererFloat
0x000000000ca94000 	/System/Library/Frameworks/OpenCL.framework/Versions/A/Libraries/libcldcpuengine.dylib
0x00000001a588d000 	/Users/Philo/Downloads/musical-fingers-master 9/Musical-fingers/lib/x64/libLeapJava.dylib
0x00000001a63a4000 	/Users/Philo/Downloads/musical-fingers-master 9/Musical-fingers/lib/x64/libLeap.dylib

VM Arguments:
jvm_args: -Djava.library.path=/Users/Philo/Downloads/musical-fingers-master 9/Musical-fingers/lib/x64 -Dfile.encoding=US-ASCII 
java_command: ox.musicalfingers.display.Main
Launcher Type: SUN_STANDARD

Environment Variables:
PATH=/usr/bin:/bin:/usr/sbin:/sbin
SHELL=/bin/bash

Signal Handlers:
SIGSEGV: [libjvm.dylib+0x525415], sa_mask[0]=0xfffefeff, sa_flags=0x00000043
SIGBUS: [libjvm.dylib+0x525415], sa_mask[0]=0xfffefeff, sa_flags=0x00000042
SIGFPE: [libjvm.dylib+0x41891a], sa_mask[0]=0xfffefeff, sa_flags=0x00000042
SIGPIPE: [libjvm.dylib+0x41891a], sa_mask[0]=0xfffefeff, sa_flags=0x00000042
SIGXFSZ: [libjvm.dylib+0x41891a], sa_mask[0]=0xfffefeff, sa_flags=0x00000042
SIGILL: [libjvm.dylib+0x41891a], sa_mask[0]=0xfffefeff, sa_flags=0x00000042
SIGUSR1: SIG_DFL, sa_mask[0]=0x00000000, sa_flags=0x00000002
SIGUSR2: [libjvm.dylib+0x41840c], sa_mask[0]=0x00000004, sa_flags=0x00000042
SIGHUP: [libjvm.dylib+0x41669b], sa_mask[0]=0xfffefeff, sa_flags=0x00000042
SIGINT: [libjvm.dylib+0x41669b], sa_mask[0]=0xfffefeff, sa_flags=0x00000042
SIGTERM: [libjvm.dylib+0x41669b], sa_mask[0]=0xfffefeff, sa_flags=0x00000042
SIGQUIT: [libjvm.dylib+0x41669b], sa_mask[0]=0xfffefeff, sa_flags=0x00000042


---------------  S Y S T E M  ---------------

OS:Bsduname:Darwin 13.1.0 Darwin Kernel Version 13.1.0: Thu Jan 16 19:40:37 PST 2014; root:xnu-2422.90.20~2/RELEASE_X86_64 x86_64
rlimit: STACK 8192k, CORE 0k, NPROC 709, NOFILE 10240, AS infinity
load average:1.48 1.42 1.50

CPU:total 4 (4 cores per cpu, 1 threads per core) family 6 model 58 stepping 9, cmov, cx8, fxsr, mmx, sse, sse2, sse3, ssse3, sse4.1, sse4.2, popcnt, avx, aes, erms, tsc, tscinvbit, tscinv

Memory: 4k page, physical 8388608k(2097152k free)

/proc/meminfo:


vm_info: Java HotSpot(TM) 64-Bit Server VM (24.45-b08) for bsd-amd64 JRE (1.7.0_45-b18), built on Oct  8 2013 05:54:16 by "java_re" with gcc 4.2.1 (Based on Apple Inc. build 5658) (LLVM build 2336.11.00)

time: Sun May 11 01:52:00 2014
elapsed time: 10 seconds

